2020-11-11 14:58:04: select * from `users` where `id` = 1 limit 1

2020-11-11 14:58:05: select * from `users` where `id` = 1 limit 1

2020-11-11 14:58:05: select * from `users` where `id` = 1 limit 1

2020-11-11 14:58:05: select * from `users` where `id` = 1 limit 1

2020-11-11 14:58:05: select `roles`.*, `user_link_role`.`user_id` as `pivot_user_id`, `user_link_role`.`role_id` as `pivot_role_id` from `roles` inner join `user_link_role` on `roles`.`id` = `user_link_role`.`role_id` where `user_link_role`.`user_id` in (1)

2020-11-11 14:58:05: select * from `roles` where `id` = 1 limit 1

2020-11-11 14:58:06: select `hooks`.*, `role_link_hook`.`role_id` as `pivot_role_id`, `role_link_hook`.`hook_id` as `pivot_hook_id` from `hooks` inner join `role_link_hook` on `hooks`.`id` = `role_link_hook`.`hook_id` where `role_link_hook`.`role_id` in (1)

2020-11-11 14:58:06: select * from `users` where `id` = 1 limit 1

2020-11-11 14:58:06: select * from `users` where `id` = 1 limit 1

2020-11-11 14:58:06: select * from `users` where `id` = 1 limit 1

2020-11-11 14:58:06: select * from `users` where `id` = 1 limit 1

2020-11-11 14:58:06: select * from `users` where `id` = 1 limit 1

2020-11-11 14:58:06: select `roles`.*, `user_link_role`.`user_id` as `pivot_user_id`, `user_link_role`.`role_id` as `pivot_role_id` from `roles` inner join `user_link_role` on `roles`.`id` = `user_link_role`.`role_id` where `user_link_role`.`user_id` in (1)

2020-11-11 14:58:06: select * from `users` where `id` = 1 limit 1

2020-11-11 14:58:06: select * from `roles` where `id` = 1 limit 1

2020-11-11 14:58:06: select `roles`.*, `user_link_role`.`user_id` as `pivot_user_id`, `user_link_role`.`role_id` as `pivot_role_id` from `roles` inner join `user_link_role` on `roles`.`id` = `user_link_role`.`role_id` where `user_link_role`.`user_id` in (1)

2020-11-11 14:58:06: select `hooks`.*, `role_link_hook`.`role_id` as `pivot_role_id`, `role_link_hook`.`hook_id` as `pivot_hook_id` from `hooks` inner join `role_link_hook` on `hooks`.`id` = `role_link_hook`.`hook_id` where `role_link_hook`.`role_id` in (1)

2020-11-11 14:58:06: select * from `roles` where `id` = 1 limit 1

2020-11-11 14:58:07: select * from `users` where `users`.`id` = 1 limit 1

2020-11-11 14:58:07: select `hooks`.*, `role_link_hook`.`role_id` as `pivot_role_id`, `role_link_hook`.`hook_id` as `pivot_hook_id` from `hooks` inner join `role_link_hook` on `hooks`.`id` = `role_link_hook`.`hook_id` where `role_link_hook`.`role_id` in (1)

2020-11-11 14:58:07: select `roles`.*, `user_link_role`.`user_id` as `pivot_user_id`, `user_link_role`.`role_id` as `pivot_role_id` from `roles` inner join `user_link_role` on `roles`.`id` = `user_link_role`.`role_id` where `user_link_role`.`user_id` = 1

2020-11-11 14:58:07: select sum(`total_price`) as aggregate from `orders`

2020-11-11 14:58:07: select * from `roles` where `id` in (1)

2020-11-11 14:58:07: select sum(`total_price`) as aggregate from `orders` where `pay_time` > 1605024000 and `pay_time` < 1605110399

2020-11-11 14:58:07: select `menus`.*, `role_link_menu`.`role_id` as `pivot_role_id`, `role_link_menu`.`menu_id` as `pivot_menu_id`, `role_link_menu`.`commands` as `pivot_commands` from `menus` inner join `role_link_menu` on `menus`.`id` = `role_link_menu`.`menu_id` where `role_link_menu`.`role_id` = 1

2020-11-11 14:58:07: select * from `menus` where `id` in (7, 8, 10, 18, 19, 20, 21, 22, 23, 33, 36, 37, 38, 39, 40, 46, 47, 48, 49, 52, 53, 54, 56, 58, 60, 63, 72, 73, 28, 29, 6, 12, 13) and `is_type` = 0 order by `is_sort` asc

2020-11-11 14:58:07: select count(*) as aggregate from `orders` where (`pay_status` = 0 and `order_status` < 2 and `refund_status` = 0)

2020-11-11 14:58:07: select count(*) as aggregate from `orders` where (`pay_status` = 1 and `delivery_status` = 0 and `refund_status` = 0)

2020-11-11 14:58:07: select * from `menus` where `id` in (7, 8, 10, 18, 19, 20, 21, 22, 23, 33, 36, 37, 38, 39, 40, 46, 47, 48, 49, 52, 53, 54, 56, 58, 60, 63, 72, 73, 28, 29, 6, 12, 13) and `is_type` = 0 and `id` in (7, 8, 10, 18, 19, 20, 21, 22, 23, 33, 36, 37, 38, 39, 40, 46, 47, 48, 49, 52, 53, 54, 56, 58, 60, 63, 72, 73, 28, 29, 6, 12, 13) order by `is_sort` asc

2020-11-11 14:58:07: select count(*) as aggregate from `orders` where (`pay_status` = 1 and `delivery_status` = 1 and `comment_status` = 1 and `order_status` = 1 and `refund_status` = 0)

2020-11-11 14:58:07: select `users`, `format_time` from `crontab_day` where `format_time` in ('2020-11-08', '2020-11-09', '2020-11-10', '2020-11-11', '2020-11-12', '2020-11-13', '2020-11-14') group by `format_time` order by `id` asc

2020-11-11 14:58:07: select `users`, `format_time` from `crontab_day` where `format_time` in ('2020-11-02', '2020-11-03', '2020-11-04', '2020-11-05', '2020-11-06', '2020-11-07', '2020-11-08') group by `format_time` order by `id` asc

2020-11-11 14:58:08: select `price`, `format_time` from `crontab_month` where `format_time` in ('2020-01-01', '2020-02-01', '2020-03-01', '2020-04-01', '2020-05-01', '2020-06-01', '2020-07-01', '2020-08-01', '2020-09-01', '2020-10-01', '2020-11-01', '2020-12-01') group by `format_time` order by `id` asc

2020-11-11 14:58:08: select (select sum(price) from crontab_day as B where B.user_id = crontab_day.user_id) as sum_total,crontab_day.user_id from `crontab_day` group by `user_id` order by `sum_total` desc limit 6

2020-11-11 14:58:08: select * from `store` where `user_id` = 1 limit 1

2020-11-11 14:58:12: select * from `users` where `id` = 1 limit 1

2020-11-11 14:58:13: select * from `users` where `id` = 1 limit 1

2020-11-11 14:58:13: select * from `users` where `id` = 1 limit 1

2020-11-11 14:58:13: select `roles`.*, `user_link_role`.`user_id` as `pivot_user_id`, `user_link_role`.`role_id` as `pivot_role_id` from `roles` inner join `user_link_role` on `roles`.`id` = `user_link_role`.`role_id` where `user_link_role`.`user_id` in (1)

2020-11-11 14:58:13: select * from `roles` where `id` = 1 limit 1

2020-11-11 14:58:13: select `hooks`.*, `role_link_hook`.`role_id` as `pivot_role_id`, `role_link_hook`.`hook_id` as `pivot_hook_id` from `hooks` inner join `role_link_hook` on `hooks`.`id` = `role_link_hook`.`hook_id` where `role_link_hook`.`role_id` in (1)

2020-11-11 14:58:13: select * from `goods_class` order by `is_sort` asc

2020-11-11 14:58:15: select * from `users` where `id` = 1 limit 1

2020-11-11 14:58:15: select * from `users` where `id` = 1 limit 1

2020-11-11 14:58:15: select * from `users` where `id` = 1 limit 1

2020-11-11 14:58:16: select `roles`.*, `user_link_role`.`user_id` as `pivot_user_id`, `user_link_role`.`role_id` as `pivot_role_id` from `roles` inner join `user_link_role` on `roles`.`id` = `user_link_role`.`role_id` where `user_link_role`.`user_id` in (1)

2020-11-11 14:58:16: select * from `roles` where `id` = 1 limit 1

2020-11-11 14:58:16: select `hooks`.*, `role_link_hook`.`role_id` as `pivot_role_id`, `role_link_hook`.`hook_id` as `pivot_hook_id` from `hooks` inner join `role_link_hook` on `hooks`.`id` = `role_link_hook`.`hook_id` where `role_link_hook`.`role_id` in (1)

2020-11-11 14:58:16: select * from `menus` where `url` = '/Admin/goods_class/index' limit 1

2020-11-11 14:58:16: select * from `menus` where `id` = 18 limit 1

2020-11-11 14:58:24: select * from `users` where `id` = 1 limit 1

2020-11-11 14:58:24: select * from `users` where `id` = 1 limit 1

2020-11-11 14:58:24: select * from `users` where `id` = 1 limit 1

2020-11-11 14:58:24: select * from `users` where `id` = 1 limit 1

2020-11-11 14:58:24: select `roles`.*, `user_link_role`.`user_id` as `pivot_user_id`, `user_link_role`.`role_id` as `pivot_role_id` from `roles` inner join `user_link_role` on `roles`.`id` = `user_link_role`.`role_id` where `user_link_role`.`user_id` in (1)

2020-11-11 14:58:24: select * from `roles` where `id` = 1 limit 1

2020-11-11 14:58:24: select * from `users` where `id` = 1 limit 1

2020-11-11 14:58:24: select * from `users` where `id` = 1 limit 1

2020-11-11 14:58:24: select `roles`.*, `user_link_role`.`user_id` as `pivot_user_id`, `user_link_role`.`role_id` as `pivot_role_id` from `roles` inner join `user_link_role` on `roles`.`id` = `user_link_role`.`role_id` where `user_link_role`.`user_id` in (1)

2020-11-11 14:58:24: select * from `roles` where `id` = 1 limit 1

2020-11-11 14:58:25: select `hooks`.*, `role_link_hook`.`role_id` as `pivot_role_id`, `role_link_hook`.`hook_id` as `pivot_hook_id` from `hooks` inner join `role_link_hook` on `hooks`.`id` = `role_link_hook`.`hook_id` where `role_link_hook`.`role_id` in (1)

2020-11-11 14:58:25: select * from `menus` where `url` = '/Admin/goods/index' limit 1

2020-11-11 14:58:25: select * from `menus` where `id` = 18 limit 1

2020-11-11 14:58:25: select `hooks`.*, `role_link_hook`.`role_id` as `pivot_role_id`, `role_link_hook`.`hook_id` as `pivot_hook_id` from `hooks` inner join `role_link_hook` on `hooks`.`id` = `role_link_hook`.`hook_id` where `role_link_hook`.`role_id` in (1)

2020-11-11 14:58:26: select count(*) as aggregate from `goods`

2020-11-11 14:58:26: select * from `goods` order by `id` desc limit 20 offset 0

2020-11-11 14:58:26: select * from `goods_spec` where `goods_spec`.`goods_id` in (77, 78, 83, 85, 86, 88, 89, 90, 91, 92)

2020-11-11 14:58:27: select * from `users` where `id` = 1 limit 1

2020-11-11 14:58:27: select * from `users` where `id` = 1 limit 1

2020-11-11 14:58:27: select * from `users` where `id` = 1 limit 1

2020-11-11 14:58:27: select `roles`.*, `user_link_role`.`user_id` as `pivot_user_id`, `user_link_role`.`role_id` as `pivot_role_id` from `roles` inner join `user_link_role` on `roles`.`id` = `user_link_role`.`role_id` where `user_link_role`.`user_id` in (1)

2020-11-11 14:58:27: select * from `roles` where `id` = 1 limit 1

2020-11-11 14:58:27: select `hooks`.*, `role_link_hook`.`role_id` as `pivot_role_id`, `role_link_hook`.`hook_id` as `pivot_hook_id` from `hooks` inner join `role_link_hook` on `hooks`.`id` = `role_link_hook`.`hook_id` where `role_link_hook`.`role_id` in (1)

2020-11-11 14:58:27: select count(*) as aggregate from `goods` where `goods_verify` = 2

2020-11-11 14:58:28: select * from `users` where `id` = 1 limit 1

2020-11-11 14:58:28: select * from `users` where `id` = 1 limit 1

2020-11-11 14:58:28: select * from `users` where `id` = 1 limit 1

2020-11-11 14:58:29: select `roles`.*, `user_link_role`.`user_id` as `pivot_user_id`, `user_link_role`.`role_id` as `pivot_role_id` from `roles` inner join `user_link_role` on `roles`.`id` = `user_link_role`.`role_id` where `user_link_role`.`user_id` in (1)

2020-11-11 14:58:29: select * from `users` where `id` = 1 limit 1

2020-11-11 14:58:29: select * from `roles` where `id` = 1 limit 1

2020-11-11 14:58:29: select * from `users` where `id` = 1 limit 1

2020-11-11 14:58:29: select * from `users` where `id` = 1 limit 1

2020-11-11 14:58:29: select `hooks`.*, `role_link_hook`.`role_id` as `pivot_role_id`, `role_link_hook`.`hook_id` as `pivot_hook_id` from `hooks` inner join `role_link_hook` on `hooks`.`id` = `role_link_hook`.`hook_id` where `role_link_hook`.`role_id` in (1)

2020-11-11 14:58:29: select `roles`.*, `user_link_role`.`user_id` as `pivot_user_id`, `user_link_role`.`role_id` as `pivot_role_id` from `roles` inner join `user_link_role` on `roles`.`id` = `user_link_role`.`role_id` where `user_link_role`.`user_id` in (1)

2020-11-11 14:58:29: select * from `menus` where `url` = '/Admin/goods_class/index' limit 1

2020-11-11 14:58:29: select * from `roles` where `id` = 1 limit 1

2020-11-11 14:58:29: select * from `menus` where `id` = 18 limit 1

2020-11-11 14:58:29: select `hooks`.*, `role_link_hook`.`role_id` as `pivot_role_id`, `role_link_hook`.`hook_id` as `pivot_hook_id` from `hooks` inner join `role_link_hook` on `hooks`.`id` = `role_link_hook`.`hook_id` where `role_link_hook`.`role_id` in (1)

2020-11-11 14:58:30: select * from `goods_class` order by `is_sort` asc

2020-11-11 14:58:32: select * from `users` where `id` = 1 limit 1

2020-11-11 14:58:32: select * from `users` where `id` = 1 limit 1

2020-11-11 14:58:32: select * from `users` where `id` = 1 limit 1

2020-11-11 14:58:33: select `roles`.*, `user_link_role`.`user_id` as `pivot_user_id`, `user_link_role`.`role_id` as `pivot_role_id` from `roles` inner join `user_link_role` on `roles`.`id` = `user_link_role`.`role_id` where `user_link_role`.`user_id` in (1)

2020-11-11 14:58:33: select * from `users` where `id` = 1 limit 1

2020-11-11 14:58:33: select * from `roles` where `id` = 1 limit 1

2020-11-11 14:58:33: select * from `users` where `id` = 1 limit 1

2020-11-11 14:58:33: select * from `users` where `id` = 1 limit 1

2020-11-11 14:58:33: select `hooks`.*, `role_link_hook`.`role_id` as `pivot_role_id`, `role_link_hook`.`hook_id` as `pivot_hook_id` from `hooks` inner join `role_link_hook` on `hooks`.`id` = `role_link_hook`.`hook_id` where `role_link_hook`.`role_id` in (1)

2020-11-11 14:58:33: select `roles`.*, `user_link_role`.`user_id` as `pivot_user_id`, `user_link_role`.`role_id` as `pivot_role_id` from `roles` inner join `user_link_role` on `roles`.`id` = `user_link_role`.`role_id` where `user_link_role`.`user_id` in (1)

2020-11-11 14:58:33: select * from `menus` where `url` = '/Admin/config/web_config' limit 1

2020-11-11 14:58:33: select * from `roles` where `id` = 1 limit 1

2020-11-11 14:58:33: select * from `menus` where `id` = 6 limit 1

2020-11-11 14:58:33: select `hooks`.*, `role_link_hook`.`role_id` as `pivot_role_id`, `role_link_hook`.`hook_id` as `pivot_hook_id` from `hooks` inner join `role_link_hook` on `hooks`.`id` = `role_link_hook`.`hook_id` where `role_link_hook`.`role_id` in (1)

2020-11-11 14:58:33: select * from `config`

2020-11-11 14:58:34: select * from `users` where `id` = 1 limit 1

2020-11-11 14:58:34: select * from `users` where `id` = 1 limit 1

2020-11-11 14:58:34: select * from `users` where `id` = 1 limit 1

2020-11-11 14:58:34: select `roles`.*, `user_link_role`.`user_id` as `pivot_user_id`, `user_link_role`.`role_id` as `pivot_role_id` from `roles` inner join `user_link_role` on `roles`.`id` = `user_link_role`.`role_id` where `user_link_role`.`user_id` in (1)

2020-11-11 14:58:34: select * from `roles` where `id` = 1 limit 1

2020-11-11 14:58:34: select `hooks`.*, `role_link_hook`.`role_id` as `pivot_role_id`, `role_link_hook`.`hook_id` as `pivot_hook_id` from `hooks` inner join `role_link_hook` on `hooks`.`id` = `role_link_hook`.`hook_id` where `role_link_hook`.`role_id` in (1)

2020-11-11 14:58:34: select * from `users` where `id` = 1 limit 1

2020-11-11 14:58:34: select * from `config`

2020-11-11 14:58:34: select * from `users` where `id` = 1 limit 1

2020-11-11 14:58:34: select * from `users` where `id` = 1 limit 1

2020-11-11 14:58:35: select `roles`.*, `user_link_role`.`user_id` as `pivot_user_id`, `user_link_role`.`role_id` as `pivot_role_id` from `roles` inner join `user_link_role` on `roles`.`id` = `user_link_role`.`role_id` where `user_link_role`.`user_id` in (1)

2020-11-11 14:58:35: select * from `roles` where `id` = 1 limit 1

2020-11-11 14:58:35: select `hooks`.*, `role_link_hook`.`role_id` as `pivot_role_id`, `role_link_hook`.`hook_id` as `pivot_hook_id` from `hooks` inner join `role_link_hook` on `hooks`.`id` = `role_link_hook`.`hook_id` where `role_link_hook`.`role_id` in (1)

2020-11-11 14:58:35: select * from `menus` where `url` = '/Admin/config/upload_config' limit 1

2020-11-11 14:58:35: select * from `menus` where `id` = 6 limit 1

2020-11-11 14:58:42: select * from `users` where `id` = 1 limit 1

2020-11-11 14:58:42: select * from `users` where `id` = 1 limit 1

2020-11-11 14:58:42: select * from `users` where `id` = 1 limit 1

2020-11-11 14:58:42: select `roles`.*, `user_link_role`.`user_id` as `pivot_user_id`, `user_link_role`.`role_id` as `pivot_role_id` from `roles` inner join `user_link_role` on `roles`.`id` = `user_link_role`.`role_id` where `user_link_role`.`user_id` in (1)

2020-11-11 14:58:42: select * from `users` where `id` = 1 limit 1

2020-11-11 14:58:42: select * from `roles` where `id` = 1 limit 1

2020-11-11 14:58:42: select * from `users` where `id` = 1 limit 1

2020-11-11 14:58:43: select `hooks`.*, `role_link_hook`.`role_id` as `pivot_role_id`, `role_link_hook`.`hook_id` as `pivot_hook_id` from `hooks` inner join `role_link_hook` on `hooks`.`id` = `role_link_hook`.`hook_id` where `role_link_hook`.`role_id` in (1)

2020-11-11 14:58:43: select * from `users` where `id` = 1 limit 1

2020-11-11 14:58:43: select * from `menus` where `url` = '/Admin/adv_position/index' limit 1

2020-11-11 14:58:43: select `roles`.*, `user_link_role`.`user_id` as `pivot_user_id`, `user_link_role`.`role_id` as `pivot_role_id` from `roles` inner join `user_link_role` on `roles`.`id` = `user_link_role`.`role_id` where `user_link_role`.`user_id` in (1)

2020-11-11 14:58:43: select * from `menus` where `id` = 36 limit 1

2020-11-11 14:58:43: select * from `roles` where `id` = 1 limit 1

2020-11-11 14:58:43: select `hooks`.*, `role_link_hook`.`role_id` as `pivot_role_id`, `role_link_hook`.`hook_id` as `pivot_hook_id` from `hooks` inner join `role_link_hook` on `hooks`.`id` = `role_link_hook`.`hook_id` where `role_link_hook`.`role_id` in (1)

2020-11-11 14:58:43: select count(*) as aggregate from `adv_position`

2020-11-11 14:58:43: select * from `adv_position` limit 20 offset 0

2020-11-11 14:58:45: select * from `users` where `id` = 1 limit 1

2020-11-11 14:58:45: select * from `users` where `id` = 1 limit 1

2020-11-11 14:58:45: select * from `users` where `id` = 1 limit 1

2020-11-11 14:58:45: select * from `users` where `id` = 1 limit 1

2020-11-11 14:58:45: select `roles`.*, `user_link_role`.`user_id` as `pivot_user_id`, `user_link_role`.`role_id` as `pivot_role_id` from `roles` inner join `user_link_role` on `roles`.`id` = `user_link_role`.`role_id` where `user_link_role`.`user_id` in (1)

2020-11-11 14:58:46: select * from `users` where `id` = 1 limit 1

2020-11-11 14:58:46: select * from `roles` where `id` = 1 limit 1

2020-11-11 14:58:46: select * from `users` where `id` = 1 limit 1

2020-11-11 14:58:46: select `hooks`.*, `role_link_hook`.`role_id` as `pivot_role_id`, `role_link_hook`.`hook_id` as `pivot_hook_id` from `hooks` inner join `role_link_hook` on `hooks`.`id` = `role_link_hook`.`hook_id` where `role_link_hook`.`role_id` in (1)

2020-11-11 14:58:46: select `roles`.*, `user_link_role`.`user_id` as `pivot_user_id`, `user_link_role`.`role_id` as `pivot_role_id` from `roles` inner join `user_link_role` on `roles`.`id` = `user_link_role`.`role_id` where `user_link_role`.`user_id` in (1)

2020-11-11 14:58:46: select * from `menus` where `url` = '/Admin/adv/index' limit 1

2020-11-11 14:58:46: select * from `roles` where `id` = 1 limit 1

2020-11-11 14:58:46: select * from `menus` where `id` = 36 limit 1

2020-11-11 14:58:46: select `hooks`.*, `role_link_hook`.`role_id` as `pivot_role_id`, `role_link_hook`.`hook_id` as `pivot_hook_id` from `hooks` inner join `role_link_hook` on `hooks`.`id` = `role_link_hook`.`hook_id` where `role_link_hook`.`role_id` in (1)

2020-11-11 14:58:46: select count(*) as aggregate from `adv`

2020-11-11 14:58:46: select * from `adv` order by `adv_sort` asc limit 20 offset 0

2020-11-11 14:58:55: select * from `users` where `id` = 1 limit 1

2020-11-11 14:58:55: select * from `users` where `id` = 1 limit 1

2020-11-11 14:58:55: select * from `users` where `id` = 1 limit 1

2020-11-11 14:58:55: select `roles`.*, `user_link_role`.`user_id` as `pivot_user_id`, `user_link_role`.`role_id` as `pivot_role_id` from `roles` inner join `user_link_role` on `roles`.`id` = `user_link_role`.`role_id` where `user_link_role`.`user_id` in (1)

2020-11-11 14:58:55: select * from `users` where `id` = 1 limit 1

2020-11-11 14:58:55: select * from `roles` where `id` = 1 limit 1

2020-11-11 14:58:55: select * from `users` where `id` = 1 limit 1

2020-11-11 14:58:55: select `hooks`.*, `role_link_hook`.`role_id` as `pivot_role_id`, `role_link_hook`.`hook_id` as `pivot_hook_id` from `hooks` inner join `role_link_hook` on `hooks`.`id` = `role_link_hook`.`hook_id` where `role_link_hook`.`role_id` in (1)

2020-11-11 14:58:55: select * from `users` where `id` = 1 limit 1

2020-11-11 14:58:56: select * from `menus` where `url` = '/Admin/users/index' limit 1

2020-11-11 14:58:56: select `roles`.*, `user_link_role`.`user_id` as `pivot_user_id`, `user_link_role`.`role_id` as `pivot_role_id` from `roles` inner join `user_link_role` on `roles`.`id` = `user_link_role`.`role_id` where `user_link_role`.`user_id` in (1)

2020-11-11 14:58:56: select * from `menus` where `id` = 7 limit 1

2020-11-11 14:58:56: select * from `roles` where `id` = 1 limit 1

2020-11-11 14:58:56: select `hooks`.*, `role_link_hook`.`role_id` as `pivot_role_id`, `role_link_hook`.`hook_id` as `pivot_hook_id` from `hooks` inner join `role_link_hook` on `hooks`.`id` = `role_link_hook`.`hook_id` where `role_link_hook`.`role_id` in (1)

2020-11-11 14:58:56: select count(*) as aggregate from `users`

2020-11-11 14:58:56: select * from `users` order by `id` desc limit 20 offset 0

2020-11-11 14:58:56: select `roles`.*, `user_link_role`.`user_id` as `pivot_user_id`, `user_link_role`.`role_id` as `pivot_role_id` from `roles` inner join `user_link_role` on `roles`.`id` = `user_link_role`.`role_id` where `user_link_role`.`user_id` in (70, 71, 73, 74, 75, 76, 80, 84, 85, 86, 87, 90, 91, 92, 93, 94, 95, 96, 97, 98)

2020-11-11 14:59:00: select * from `users` where `id` = 1 limit 1

2020-11-11 14:59:00: select * from `users` where `id` = 1 limit 1

2020-11-11 14:59:00: select * from `users` where `id` = 1 limit 1

2020-11-11 14:59:00: select `roles`.*, `user_link_role`.`user_id` as `pivot_user_id`, `user_link_role`.`role_id` as `pivot_role_id` from `roles` inner join `user_link_role` on `roles`.`id` = `user_link_role`.`role_id` where `user_link_role`.`user_id` in (1)

2020-11-11 14:59:00: select * from `users` where `id` = 1 limit 1

2020-11-11 14:59:00: select * from `roles` where `id` = 1 limit 1

2020-11-11 14:59:00: select * from `users` where `id` = 1 limit 1

2020-11-11 14:59:00: select * from `users` where `id` = 1 limit 1

2020-11-11 14:59:00: select `hooks`.*, `role_link_hook`.`role_id` as `pivot_role_id`, `role_link_hook`.`hook_id` as `pivot_hook_id` from `hooks` inner join `role_link_hook` on `hooks`.`id` = `role_link_hook`.`hook_id` where `role_link_hook`.`role_id` in (1)

2020-11-11 14:59:00: select * from `menus` where `url` = '/Admin/roles/index' limit 1

2020-11-11 14:59:00: select `roles`.*, `user_link_role`.`user_id` as `pivot_user_id`, `user_link_role`.`role_id` as `pivot_role_id` from `roles` inner join `user_link_role` on `roles`.`id` = `user_link_role`.`role_id` where `user_link_role`.`user_id` in (1)

2020-11-11 14:59:00: select * from `menus` where `id` = 7 limit 1

2020-11-11 14:59:00: select * from `roles` where `id` = 1 limit 1

2020-11-11 14:59:01: select `hooks`.*, `role_link_hook`.`role_id` as `pivot_role_id`, `role_link_hook`.`hook_id` as `pivot_hook_id` from `hooks` inner join `role_link_hook` on `hooks`.`id` = `role_link_hook`.`hook_id` where `role_link_hook`.`role_id` in (1)

2020-11-11 14:59:01: select count(*) as aggregate from `roles`

2020-11-11 14:59:01: select * from `roles` order by `id` desc limit 20 offset 0

2020-11-11 14:59:12: select * from `users` where `id` = 1 limit 1

2020-11-11 14:59:12: select * from `users` where `id` = 1 limit 1

2020-11-11 14:59:12: select * from `users` where `id` = 1 limit 1

2020-11-11 14:59:12: select * from `users` where `id` = 1 limit 1

2020-11-11 14:59:12: select `roles`.*, `user_link_role`.`user_id` as `pivot_user_id`, `user_link_role`.`role_id` as `pivot_role_id` from `roles` inner join `user_link_role` on `roles`.`id` = `user_link_role`.`role_id` where `user_link_role`.`user_id` in (1)

2020-11-11 14:59:12: select * from `users` where `id` = 1 limit 1

2020-11-11 14:59:12: select * from `users` where `id` = 1 limit 1

2020-11-11 14:59:12: select * from `roles` where `id` = 1 limit 1

2020-11-11 14:59:12: select `roles`.*, `user_link_role`.`user_id` as `pivot_user_id`, `user_link_role`.`role_id` as `pivot_role_id` from `roles` inner join `user_link_role` on `roles`.`id` = `user_link_role`.`role_id` where `user_link_role`.`user_id` in (1)

2020-11-11 14:59:12: select * from `roles` where `id` = 1 limit 1

2020-11-11 14:59:12: select `hooks`.*, `role_link_hook`.`role_id` as `pivot_role_id`, `role_link_hook`.`hook_id` as `pivot_hook_id` from `hooks` inner join `role_link_hook` on `hooks`.`id` = `role_link_hook`.`hook_id` where `role_link_hook`.`role_id` in (1)

2020-11-11 14:59:12: select * from `menus` where `url` = '/Admin/config/web_config' limit 1

2020-11-11 14:59:12: select `hooks`.*, `role_link_hook`.`role_id` as `pivot_role_id`, `role_link_hook`.`hook_id` as `pivot_hook_id` from `hooks` inner join `role_link_hook` on `hooks`.`id` = `role_link_hook`.`hook_id` where `role_link_hook`.`role_id` in (1)

2020-11-11 14:59:13: select * from `menus` where `id` = 6 limit 1

2020-11-11 14:59:13: select * from `config`

2020-11-11 14:59:14: select * from `users` where `id` = 1 limit 1

2020-11-11 14:59:14: select * from `users` where `id` = 1 limit 1

2020-11-11 14:59:14: select * from `users` where `id` = 1 limit 1

2020-11-11 14:59:14: select `roles`.*, `user_link_role`.`user_id` as `pivot_user_id`, `user_link_role`.`role_id` as `pivot_role_id` from `roles` inner join `user_link_role` on `roles`.`id` = `user_link_role`.`role_id` where `user_link_role`.`user_id` in (1)

2020-11-11 14:59:14: select * from `users` where `id` = 1 limit 1

2020-11-11 14:59:14: select * from `roles` where `id` = 1 limit 1

2020-11-11 14:59:14: select * from `users` where `id` = 1 limit 1

2020-11-11 14:59:14: select * from `users` where `id` = 1 limit 1

2020-11-11 14:59:14: select `hooks`.*, `role_link_hook`.`role_id` as `pivot_role_id`, `role_link_hook`.`hook_id` as `pivot_hook_id` from `hooks` inner join `role_link_hook` on `hooks`.`id` = `role_link_hook`.`hook_id` where `role_link_hook`.`role_id` in (1)

2020-11-11 14:59:14: select `roles`.*, `user_link_role`.`user_id` as `pivot_user_id`, `user_link_role`.`role_id` as `pivot_role_id` from `roles` inner join `user_link_role` on `roles`.`id` = `user_link_role`.`role_id` where `user_link_role`.`user_id` in (1)

2020-11-11 14:59:14: select * from `menus` where `url` = '/Admin/config/upload_config' limit 1

2020-11-11 14:59:14: select * from `menus` where `id` = 6 limit 1

2020-11-11 14:59:15: select `hooks`.*, `role_link_hook`.`role_id` as `pivot_role_id`, `role_link_hook`.`hook_id` as `pivot_hook_id` from `hooks` inner join `role_link_hook` on `hooks`.`id` = `role_link_hook`.`hook_id` where `role_link_hook`.`role_id` in (1)

2020-11-11 14:59:15: select * from `config`

2020-11-11 14:59:18: select * from `users` where `id` = 1 limit 1

2020-11-11 14:59:18: select * from `users` where `id` = 1 limit 1

2020-11-11 14:59:18: select * from `users` where `id` = 1 limit 1

2020-11-11 14:59:18: select * from `users` where `id` = 1 limit 1

2020-11-11 14:59:19: select * from `users` where `id` = 1 limit 1

2020-11-11 14:59:19: select * from `users` where `id` = 1 limit 1

2020-11-11 14:59:19: select `roles`.*, `user_link_role`.`user_id` as `pivot_user_id`, `user_link_role`.`role_id` as `pivot_role_id` from `roles` inner join `user_link_role` on `roles`.`id` = `user_link_role`.`role_id` where `user_link_role`.`user_id` in (1)

2020-11-11 14:59:19: select `roles`.*, `user_link_role`.`user_id` as `pivot_user_id`, `user_link_role`.`role_id` as `pivot_role_id` from `roles` inner join `user_link_role` on `roles`.`id` = `user_link_role`.`role_id` where `user_link_role`.`user_id` in (1)

2020-11-11 14:59:19: select * from `roles` where `id` = 1 limit 1

2020-11-11 14:59:19: select * from `roles` where `id` = 1 limit 1

2020-11-11 14:59:19: select `hooks`.*, `role_link_hook`.`role_id` as `pivot_role_id`, `role_link_hook`.`hook_id` as `pivot_hook_id` from `hooks` inner join `role_link_hook` on `hooks`.`id` = `role_link_hook`.`hook_id` where `role_link_hook`.`role_id` in (1)

2020-11-11 14:59:19: select `hooks`.*, `role_link_hook`.`role_id` as `pivot_role_id`, `role_link_hook`.`hook_id` as `pivot_hook_id` from `hooks` inner join `role_link_hook` on `hooks`.`id` = `role_link_hook`.`hook_id` where `role_link_hook`.`role_id` in (1)

2020-11-11 14:59:19: select count(*) as aggregate from `seckill`

2020-11-11 14:59:19: select * from `menus` where `url` = '/Admin/seckill/index' limit 1

2020-11-11 14:59:19: select * from `seckill` order by `start_time` desc limit 20 offset 0

2020-11-11 14:59:19: select * from `menus` where `id` = 73 limit 1

2020-11-11 14:59:25: select * from `users` where `id` = 1 limit 1

2020-11-11 14:59:25: select * from `users` where `id` = 1 limit 1

2020-11-11 14:59:25: select * from `users` where `id` = 1 limit 1

2020-11-11 14:59:26: select `roles`.*, `user_link_role`.`user_id` as `pivot_user_id`, `user_link_role`.`role_id` as `pivot_role_id` from `roles` inner join `user_link_role` on `roles`.`id` = `user_link_role`.`role_id` where `user_link_role`.`user_id` in (1)

2020-11-11 14:59:26: select * from `users` where `id` = 1 limit 1

2020-11-11 14:59:26: select * from `roles` where `id` = 1 limit 1

2020-11-11 14:59:26: select * from `users` where `id` = 1 limit 1

2020-11-11 14:59:26: select `hooks`.*, `role_link_hook`.`role_id` as `pivot_role_id`, `role_link_hook`.`hook_id` as `pivot_hook_id` from `hooks` inner join `role_link_hook` on `hooks`.`id` = `role_link_hook`.`hook_id` where `role_link_hook`.`role_id` in (1)

2020-11-11 14:59:26: select * from `users` where `id` = 1 limit 1

2020-11-11 14:59:26: select * from `menus` where `url` = '/Admin/seckill/seckill_goods/14' limit 1

2020-11-11 14:59:26: select `roles`.*, `user_link_role`.`user_id` as `pivot_user_id`, `user_link_role`.`role_id` as `pivot_role_id` from `roles` inner join `user_link_role` on `roles`.`id` = `user_link_role`.`role_id` where `user_link_role`.`user_id` in (1)

2020-11-11 14:59:26: select * from `roles` where `id` = 1 limit 1

2020-11-11 14:59:26: select `hooks`.*, `role_link_hook`.`role_id` as `pivot_role_id`, `role_link_hook`.`hook_id` as `pivot_hook_id` from `hooks` inner join `role_link_hook` on `hooks`.`id` = `role_link_hook`.`hook_id` where `role_link_hook`.`role_id` in (1)

2020-11-11 14:59:26: select count(*) as aggregate from `seckill_goods` where exists (select * from `goods` where `seckill_goods`.`goods_id` = `goods`.`id`) and `sid` = '14'

2020-11-11 14:59:33: select * from `users` where `id` = 1 limit 1

2020-11-11 14:59:34: select * from `users` where `id` = 1 limit 1

2020-11-11 14:59:34: select * from `users` where `id` = 1 limit 1

2020-11-11 14:59:34: select * from `users` where `id` = 1 limit 1

2020-11-11 14:59:34: select * from `users` where `id` = 1 limit 1

2020-11-11 14:59:34: select `roles`.*, `user_link_role`.`user_id` as `pivot_user_id`, `user_link_role`.`role_id` as `pivot_role_id` from `roles` inner join `user_link_role` on `roles`.`id` = `user_link_role`.`role_id` where `user_link_role`.`user_id` in (1)

2020-11-11 14:59:34: select `roles`.*, `user_link_role`.`user_id` as `pivot_user_id`, `user_link_role`.`role_id` as `pivot_role_id` from `roles` inner join `user_link_role` on `roles`.`id` = `user_link_role`.`role_id` where `user_link_role`.`user_id` in (1)

2020-11-11 14:59:34: select * from `roles` where `id` = 1 limit 1

2020-11-11 14:59:34: select * from `roles` where `id` = 1 limit 1

2020-11-11 14:59:34: select `hooks`.*, `role_link_hook`.`role_id` as `pivot_role_id`, `role_link_hook`.`hook_id` as `pivot_hook_id` from `hooks` inner join `role_link_hook` on `hooks`.`id` = `role_link_hook`.`hook_id` where `role_link_hook`.`role_id` in (1)

2020-11-11 14:59:34: select `hooks`.*, `role_link_hook`.`role_id` as `pivot_role_id`, `role_link_hook`.`hook_id` as `pivot_hook_id` from `hooks` inner join `role_link_hook` on `hooks`.`id` = `role_link_hook`.`hook_id` where `role_link_hook`.`role_id` in (1)

2020-11-11 14:59:34: select count(*) as aggregate from `seckill`

2020-11-11 14:59:34: select * from `menus` where `url` = '/Admin/seckill/index' limit 1

2020-11-11 14:59:34: select * from `seckill` order by `start_time` desc limit 20 offset 0

2020-11-11 14:59:35: select * from `menus` where `id` = 73 limit 1

2020-11-11 14:59:37: select * from `users` where `id` = 1 limit 1

2020-11-11 14:59:37: select * from `users` where `id` = 1 limit 1

2020-11-11 14:59:37: select * from `users` where `id` = 1 limit 1

2020-11-11 14:59:37: select `roles`.*, `user_link_role`.`user_id` as `pivot_user_id`, `user_link_role`.`role_id` as `pivot_role_id` from `roles` inner join `user_link_role` on `roles`.`id` = `user_link_role`.`role_id` where `user_link_role`.`user_id` in (1)

2020-11-11 14:59:37: select * from `roles` where `id` = 1 limit 1

2020-11-11 14:59:37: select `hooks`.*, `role_link_hook`.`role_id` as `pivot_role_id`, `role_link_hook`.`hook_id` as `pivot_hook_id` from `hooks` inner join `role_link_hook` on `hooks`.`id` = `role_link_hook`.`hook_id` where `role_link_hook`.`role_id` in (1)

2020-11-11 14:59:37: select * from `menus` where `url` = '/Admin/store/index' limit 1

2020-11-11 14:59:37: select * from `menus` where `id` = 22 limit 1

2020-11-11 14:59:40: select * from `users` where `id` = 1 limit 1

2020-11-11 14:59:40: select * from `users` where `id` = 1 limit 1

2020-11-11 14:59:40: select * from `users` where `id` = 1 limit 1

2020-11-11 14:59:40: select `roles`.*, `user_link_role`.`user_id` as `pivot_user_id`, `user_link_role`.`role_id` as `pivot_role_id` from `roles` inner join `user_link_role` on `roles`.`id` = `user_link_role`.`role_id` where `user_link_role`.`user_id` in (1)

2020-11-11 14:59:40: select * from `roles` where `id` = 1 limit 1

2020-11-11 14:59:41: select `hooks`.*, `role_link_hook`.`role_id` as `pivot_role_id`, `role_link_hook`.`hook_id` as `pivot_hook_id` from `hooks` inner join `role_link_hook` on `hooks`.`id` = `role_link_hook`.`hook_id` where `role_link_hook`.`role_id` in (1)

2020-11-11 14:59:41: select count(*) as aggregate from `store` where (`store_verify` = 1)

2020-11-11 14:59:41: select * from `store` where (`store_verify` = 1) order by `id` desc limit 20 offset 0

2020-11-11 14:59:46: select * from `users` where `id` = 1 limit 1

2020-11-11 14:59:46: select * from `users` where `id` = 1 limit 1

2020-11-11 14:59:46: select * from `users` where `id` = 1 limit 1

2020-11-11 14:59:46: select `roles`.*, `user_link_role`.`user_id` as `pivot_user_id`, `user_link_role`.`role_id` as `pivot_role_id` from `roles` inner join `user_link_role` on `roles`.`id` = `user_link_role`.`role_id` where `user_link_role`.`user_id` in (1)

2020-11-11 14:59:46: select * from `users` where `id` = 1 limit 1

2020-11-11 14:59:46: select * from `roles` where `id` = 1 limit 1

2020-11-11 14:59:46: select * from `users` where `id` = 1 limit 1

2020-11-11 14:59:46: select * from `users` where `id` = 1 limit 1

2020-11-11 14:59:46: select `hooks`.*, `role_link_hook`.`role_id` as `pivot_role_id`, `role_link_hook`.`hook_id` as `pivot_hook_id` from `hooks` inner join `role_link_hook` on `hooks`.`id` = `role_link_hook`.`hook_id` where `role_link_hook`.`role_id` in (1)

2020-11-11 14:59:46: select * from `menus` where `url` = '/Admin/goods_class/index' limit 1

2020-11-11 14:59:46: select * from `menus` where `id` = 18 limit 1

2020-11-11 14:59:46: select `roles`.*, `user_link_role`.`user_id` as `pivot_user_id`, `user_link_role`.`role_id` as `pivot_role_id` from `roles` inner join `user_link_role` on `roles`.`id` = `user_link_role`.`role_id` where `user_link_role`.`user_id` in (1)

2020-11-11 14:59:47: select * from `roles` where `id` = 1 limit 1

2020-11-11 14:59:47: select `hooks`.*, `role_link_hook`.`role_id` as `pivot_role_id`, `role_link_hook`.`hook_id` as `pivot_hook_id` from `hooks` inner join `role_link_hook` on `hooks`.`id` = `role_link_hook`.`hook_id` where `role_link_hook`.`role_id` in (1)

2020-11-11 14:59:47: select * from `goods_class` order by `is_sort` asc

2020-11-11 14:59:49: select * from `users` where `id` = 1 limit 1

2020-11-11 14:59:49: select * from `users` where `id` = 1 limit 1

2020-11-11 14:59:49: select * from `users` where `id` = 1 limit 1

2020-11-11 14:59:49: select * from `users` where `id` = 1 limit 1

2020-11-11 14:59:49: select * from `users` where `id` = 1 limit 1

2020-11-11 14:59:49: select * from `users` where `id` = 1 limit 1

2020-11-11 14:59:49: select `roles`.*, `user_link_role`.`user_id` as `pivot_user_id`, `user_link_role`.`role_id` as `pivot_role_id` from `roles` inner join `user_link_role` on `roles`.`id` = `user_link_role`.`role_id` where `user_link_role`.`user_id` in (1)

2020-11-11 14:59:49: select `roles`.*, `user_link_role`.`user_id` as `pivot_user_id`, `user_link_role`.`role_id` as `pivot_role_id` from `roles` inner join `user_link_role` on `roles`.`id` = `user_link_role`.`role_id` where `user_link_role`.`user_id` in (1)

2020-11-11 14:59:49: select * from `roles` where `id` = 1 limit 1

2020-11-11 14:59:49: select * from `roles` where `id` = 1 limit 1

2020-11-11 14:59:49: select `hooks`.*, `role_link_hook`.`role_id` as `pivot_role_id`, `role_link_hook`.`hook_id` as `pivot_hook_id` from `hooks` inner join `role_link_hook` on `hooks`.`id` = `role_link_hook`.`hook_id` where `role_link_hook`.`role_id` in (1)

2020-11-11 14:59:49: select `hooks`.*, `role_link_hook`.`role_id` as `pivot_role_id`, `role_link_hook`.`hook_id` as `pivot_hook_id` from `hooks` inner join `role_link_hook` on `hooks`.`id` = `role_link_hook`.`hook_id` where `role_link_hook`.`role_id` in (1)

2020-11-11 14:59:49: select * from `menus` where `url` = '/Admin/goods/index' limit 1

2020-11-11 14:59:49: select count(*) as aggregate from `goods`

2020-11-11 14:59:49: select * from `menus` where `id` = 18 limit 1

2020-11-11 14:59:49: select * from `goods` order by `id` desc limit 20 offset 0

2020-11-11 14:59:50: select * from `goods_spec` where `goods_spec`.`goods_id` in (77, 78, 83, 85, 86, 88, 89, 90, 91, 92)

2020-11-11 14:59:57: select * from `users` where `id` = 1 limit 1

2020-11-11 14:59:57: select * from `users` where `id` = 1 limit 1

2020-11-11 14:59:57: select * from `users` where `id` = 1 limit 1

2020-11-11 14:59:57: select `roles`.*, `user_link_role`.`user_id` as `pivot_user_id`, `user_link_role`.`role_id` as `pivot_role_id` from `roles` inner join `user_link_role` on `roles`.`id` = `user_link_role`.`role_id` where `user_link_role`.`user_id` in (1)

2020-11-11 14:59:57: select * from `roles` where `id` = 1 limit 1

2020-11-11 14:59:58: select `hooks`.*, `role_link_hook`.`role_id` as `pivot_role_id`, `role_link_hook`.`hook_id` as `pivot_hook_id` from `hooks` inner join `role_link_hook` on `hooks`.`id` = `role_link_hook`.`hook_id` where `role_link_hook`.`role_id` in (1)

2020-11-11 14:59:58: select count(*) as aggregate from `goods` where `goods_verify` = 2

2020-11-11 15:08:07: select * from `users` where `id` = 1 limit 1

2020-11-11 15:08:07: select * from `users` where `id` = 1 limit 1

2020-11-11 15:08:07: select * from `users` where `id` = 1 limit 1

2020-11-11 15:08:07: select `roles`.*, `user_link_role`.`user_id` as `pivot_user_id`, `user_link_role`.`role_id` as `pivot_role_id` from `roles` inner join `user_link_role` on `roles`.`id` = `user_link_role`.`role_id` where `user_link_role`.`user_id` in (1)

2020-11-11 15:08:08: select * from `roles` where `id` = 1 limit 1

2020-11-11 15:08:08: select `hooks`.*, `role_link_hook`.`role_id` as `pivot_role_id`, `role_link_hook`.`hook_id` as `pivot_hook_id` from `hooks` inner join `role_link_hook` on `hooks`.`id` = `role_link_hook`.`hook_id` where `role_link_hook`.`role_id` in (1)

2020-11-11 15:08:08: select * from `menus` where `url` = '/Admin/goods_class/index' limit 1

2020-11-11 15:08:08: select * from `menus` where `id` = 18 limit 1

2020-11-11 15:08:08: select * from `users` where `id` = 1 limit 1

2020-11-11 15:08:08: select * from `users` where `id` = 1 limit 1

2020-11-11 15:08:09: select * from `users` where `id` = 1 limit 1

2020-11-11 15:08:09: select `roles`.*, `user_link_role`.`user_id` as `pivot_user_id`, `user_link_role`.`role_id` as `pivot_role_id` from `roles` inner join `user_link_role` on `roles`.`id` = `user_link_role`.`role_id` where `user_link_role`.`user_id` in (1)

2020-11-11 15:08:09: select * from `roles` where `id` = 1 limit 1

2020-11-11 15:08:09: select `hooks`.*, `role_link_hook`.`role_id` as `pivot_role_id`, `role_link_hook`.`hook_id` as `pivot_hook_id` from `hooks` inner join `role_link_hook` on `hooks`.`id` = `role_link_hook`.`hook_id` where `role_link_hook`.`role_id` in (1)

2020-11-11 15:08:09: select * from `goods_class` order by `is_sort` asc

2020-11-11 15:08:12: select * from `users` where `id` = 1 limit 1

2020-11-11 15:08:12: select * from `users` where `id` = 1 limit 1

2020-11-11 15:08:13: select * from `users` where `id` = 1 limit 1

2020-11-11 15:08:13: select * from `users` where `id` = 1 limit 1

2020-11-11 15:08:13: select `roles`.*, `user_link_role`.`user_id` as `pivot_user_id`, `user_link_role`.`role_id` as `pivot_role_id` from `roles` inner join `user_link_role` on `roles`.`id` = `user_link_role`.`role_id` where `user_link_role`.`user_id` in (1)

2020-11-11 15:08:13: select * from `users` where `id` = 1 limit 1

2020-11-11 15:08:13: select * from `roles` where `id` = 1 limit 1

2020-11-11 15:08:13: select * from `users` where `id` = 1 limit 1

2020-11-11 15:08:13: select `roles`.*, `user_link_role`.`user_id` as `pivot_user_id`, `user_link_role`.`role_id` as `pivot_role_id` from `roles` inner join `user_link_role` on `roles`.`id` = `user_link_role`.`role_id` where `user_link_role`.`user_id` in (1)

2020-11-11 15:08:13: select * from `roles` where `id` = 1 limit 1

2020-11-11 15:08:13: select `hooks`.*, `role_link_hook`.`role_id` as `pivot_role_id`, `role_link_hook`.`hook_id` as `pivot_hook_id` from `hooks` inner join `role_link_hook` on `hooks`.`id` = `role_link_hook`.`hook_id` where `role_link_hook`.`role_id` in (1)

2020-11-11 15:08:13: select * from `menus` where `url` = '/Admin/goods/index' limit 1

2020-11-11 15:08:13: select `hooks`.*, `role_link_hook`.`role_id` as `pivot_role_id`, `role_link_hook`.`hook_id` as `pivot_hook_id` from `hooks` inner join `role_link_hook` on `hooks`.`id` = `role_link_hook`.`hook_id` where `role_link_hook`.`role_id` in (1)

2020-11-11 15:08:13: select * from `menus` where `id` = 18 limit 1

2020-11-11 15:08:13: select count(*) as aggregate from `goods`

2020-11-11 15:08:13: select * from `goods` order by `id` desc limit 20 offset 0

2020-11-11 15:08:14: select * from `goods_spec` where `goods_spec`.`goods_id` in (77, 78, 83, 85, 86, 88, 89, 90, 91, 92)

2020-11-11 15:08:14: select * from `users` where `id` = 1 limit 1

2020-11-11 15:08:14: select * from `users` where `id` = 1 limit 1

2020-11-11 15:08:14: select * from `users` where `id` = 1 limit 1

2020-11-11 15:08:14: select `roles`.*, `user_link_role`.`user_id` as `pivot_user_id`, `user_link_role`.`role_id` as `pivot_role_id` from `roles` inner join `user_link_role` on `roles`.`id` = `user_link_role`.`role_id` where `user_link_role`.`user_id` in (1)

2020-11-11 15:08:15: select * from `roles` where `id` = 1 limit 1

2020-11-11 15:08:15: select `hooks`.*, `role_link_hook`.`role_id` as `pivot_role_id`, `role_link_hook`.`hook_id` as `pivot_hook_id` from `hooks` inner join `role_link_hook` on `hooks`.`id` = `role_link_hook`.`hook_id` where `role_link_hook`.`role_id` in (1)

2020-11-11 15:08:15: select count(*) as aggregate from `goods` where `goods_verify` = 2

2020-11-11 15:16:40: select * from `users` where `id` = 1 limit 1

2020-11-11 15:16:41: select * from `users` where `id` = 1 limit 1

2020-11-11 15:16:41: select * from `users` where `id` = 1 limit 1

2020-11-11 15:16:41: select * from `users` where `id` = 1 limit 1

2020-11-11 15:16:41: select `roles`.*, `user_link_role`.`user_id` as `pivot_user_id`, `user_link_role`.`role_id` as `pivot_role_id` from `roles` inner join `user_link_role` on `roles`.`id` = `user_link_role`.`role_id` where `user_link_role`.`user_id` in (1)

2020-11-11 15:16:41: select * from `roles` where `id` = 1 limit 1

2020-11-11 15:16:41: select `hooks`.*, `role_link_hook`.`role_id` as `pivot_role_id`, `role_link_hook`.`hook_id` as `pivot_hook_id` from `hooks` inner join `role_link_hook` on `hooks`.`id` = `role_link_hook`.`hook_id` where `role_link_hook`.`role_id` in (1)

2020-11-11 15:16:41: select * from `users` where `users`.`id` = 1 limit 1

2020-11-11 15:16:41: select `roles`.*, `user_link_role`.`user_id` as `pivot_user_id`, `user_link_role`.`role_id` as `pivot_role_id` from `roles` inner join `user_link_role` on `roles`.`id` = `user_link_role`.`role_id` where `user_link_role`.`user_id` = 1

2020-11-11 15:16:41: select * from `roles` where `id` in (1)

2020-11-11 15:16:42: select `menus`.*, `role_link_menu`.`role_id` as `pivot_role_id`, `role_link_menu`.`menu_id` as `pivot_menu_id`, `role_link_menu`.`commands` as `pivot_commands` from `menus` inner join `role_link_menu` on `menus`.`id` = `role_link_menu`.`menu_id` where `role_link_menu`.`role_id` = 1

2020-11-11 15:16:42: select * from `menus` where `id` in (7, 8, 10, 18, 19, 20, 21, 22, 23, 33, 36, 37, 38, 39, 40, 46, 47, 48, 49, 52, 53, 54, 56, 58, 60, 63, 72, 73, 28, 29, 6, 12, 13) and `is_type` = 0 order by `is_sort` asc

2020-11-11 15:16:42: select * from `users` where `id` = 1 limit 1

2020-11-11 15:16:42: select * from `menus` where `id` in (7, 8, 10, 18, 19, 20, 21, 22, 23, 33, 36, 37, 38, 39, 40, 46, 47, 48, 49, 52, 53, 54, 56, 58, 60, 63, 72, 73, 28, 29, 6, 12, 13) and `is_type` = 0 and `id` in (7, 8, 10, 18, 19, 20, 21, 22, 23, 33, 36, 37, 38, 39, 40, 46, 47, 48, 49, 52, 53, 54, 56, 58, 60, 63, 72, 73, 28, 29, 6, 12, 13) order by `is_sort` asc

2020-11-11 15:16:42: select * from `users` where `id` = 1 limit 1

2020-11-11 15:16:42: select * from `users` where `id` = 1 limit 1

2020-11-11 15:16:42: select * from `users` where `id` = 1 limit 1

2020-11-11 15:16:42: select * from `users` where `id` = 1 limit 1

2020-11-11 15:16:42: select * from `users` where `id` = 1 limit 1

2020-11-11 15:16:42: select `roles`.*, `user_link_role`.`user_id` as `pivot_user_id`, `user_link_role`.`role_id` as `pivot_role_id` from `roles` inner join `user_link_role` on `roles`.`id` = `user_link_role`.`role_id` where `user_link_role`.`user_id` in (1)

2020-11-11 15:16:42: select `roles`.*, `user_link_role`.`user_id` as `pivot_user_id`, `user_link_role`.`role_id` as `pivot_role_id` from `roles` inner join `user_link_role` on `roles`.`id` = `user_link_role`.`role_id` where `user_link_role`.`user_id` in (1)

2020-11-11 15:16:42: select * from `roles` where `id` = 1 limit 1

2020-11-11 15:16:42: select * from `roles` where `id` = 1 limit 1

2020-11-11 15:16:42: select `hooks`.*, `role_link_hook`.`role_id` as `pivot_role_id`, `role_link_hook`.`hook_id` as `pivot_hook_id` from `hooks` inner join `role_link_hook` on `hooks`.`id` = `role_link_hook`.`hook_id` where `role_link_hook`.`role_id` in (1)

2020-11-11 15:16:42: select `hooks`.*, `role_link_hook`.`role_id` as `pivot_role_id`, `role_link_hook`.`hook_id` as `pivot_hook_id` from `hooks` inner join `role_link_hook` on `hooks`.`id` = `role_link_hook`.`hook_id` where `role_link_hook`.`role_id` in (1)

2020-11-11 15:16:42: select sum(`total_price`) as aggregate from `orders`

2020-11-11 15:16:42: select sum(`total_price`) as aggregate from `orders` where `pay_time` > 1605024000 and `pay_time` < 1605110399

2020-11-11 15:16:42: select count(*) as aggregate from `orders` where (`pay_status` = 0 and `order_status` < 2 and `refund_status` = 0)

2020-11-11 15:16:42: select count(*) as aggregate from `orders` where (`pay_status` = 1 and `delivery_status` = 0 and `refund_status` = 0)

2020-11-11 15:16:43: select count(*) as aggregate from `orders` where (`pay_status` = 1 and `delivery_status` = 1 and `comment_status` = 1 and `order_status` = 1 and `refund_status` = 0)

2020-11-11 15:16:43: select `users`, `format_time` from `crontab_day` where `format_time` in ('2020-11-08', '2020-11-09', '2020-11-10', '2020-11-11', '2020-11-12', '2020-11-13', '2020-11-14') group by `format_time` order by `id` asc

2020-11-11 15:16:43: select `users`, `format_time` from `crontab_day` where `format_time` in ('2020-11-02', '2020-11-03', '2020-11-04', '2020-11-05', '2020-11-06', '2020-11-07', '2020-11-08') group by `format_time` order by `id` asc

2020-11-11 15:16:43: select `price`, `format_time` from `crontab_month` where `format_time` in ('2020-01-01', '2020-02-01', '2020-03-01', '2020-04-01', '2020-05-01', '2020-06-01', '2020-07-01', '2020-08-01', '2020-09-01', '2020-10-01', '2020-11-01', '2020-12-01') group by `format_time` order by `id` asc

2020-11-11 15:16:43: select (select sum(price) from crontab_day as B where B.user_id = crontab_day.user_id) as sum_total,crontab_day.user_id from `crontab_day` group by `user_id` order by `sum_total` desc limit 6

2020-11-11 15:16:43: select * from `store` where `user_id` = 1 limit 1

2020-11-11 15:16:53: select * from `users` where `id` = 1 limit 1

2020-11-11 15:16:53: select * from `users` where `id` = 1 limit 1

2020-11-11 15:16:54: select * from `users` where `id` = 1 limit 1

2020-11-11 15:16:54: select * from `users` where `id` = 1 limit 1

2020-11-11 15:16:54: select `roles`.*, `user_link_role`.`user_id` as `pivot_user_id`, `user_link_role`.`role_id` as `pivot_role_id` from `roles` inner join `user_link_role` on `roles`.`id` = `user_link_role`.`role_id` where `user_link_role`.`user_id` in (1)

2020-11-11 15:16:54: select * from `roles` where `id` = 1 limit 1

2020-11-11 15:16:54: select `hooks`.*, `role_link_hook`.`role_id` as `pivot_role_id`, `role_link_hook`.`hook_id` as `pivot_hook_id` from `hooks` inner join `role_link_hook` on `hooks`.`id` = `role_link_hook`.`hook_id` where `role_link_hook`.`role_id` in (1)

2020-11-11 15:16:54: select * from `users` where `users`.`id` = 1 limit 1

2020-11-11 15:16:54: select `roles`.*, `user_link_role`.`user_id` as `pivot_user_id`, `user_link_role`.`role_id` as `pivot_role_id` from `roles` inner join `user_link_role` on `roles`.`id` = `user_link_role`.`role_id` where `user_link_role`.`user_id` = 1

2020-11-11 15:16:54: select * from `roles` where `id` in (1)

2020-11-11 15:16:54: select `menus`.*, `role_link_menu`.`role_id` as `pivot_role_id`, `role_link_menu`.`menu_id` as `pivot_menu_id`, `role_link_menu`.`commands` as `pivot_commands` from `menus` inner join `role_link_menu` on `menus`.`id` = `role_link_menu`.`menu_id` where `role_link_menu`.`role_id` = 1

2020-11-11 15:16:54: select * from `menus` where `id` in (7, 8, 10, 18, 19, 20, 21, 22, 23, 33, 36, 37, 38, 39, 40, 46, 47, 48, 49, 52, 53, 54, 56, 58, 60, 63, 72, 73, 28, 29, 6, 12, 13) and `is_type` = 0 order by `is_sort` asc

2020-11-11 15:16:54: select * from `menus` where `id` in (7, 8, 10, 18, 19, 20, 21, 22, 23, 33, 36, 37, 38, 39, 40, 46, 47, 48, 49, 52, 53, 54, 56, 58, 60, 63, 72, 73, 28, 29, 6, 12, 13) and `is_type` = 0 and `id` in (7, 8, 10, 18, 19, 20, 21, 22, 23, 33, 36, 37, 38, 39, 40, 46, 47, 48, 49, 52, 53, 54, 56, 58, 60, 63, 72, 73, 28, 29, 6, 12, 13) order by `is_sort` asc

2020-11-11 15:16:54: select * from `users` where `id` = 1 limit 1

2020-11-11 15:16:55: select * from `users` where `id` = 1 limit 1

2020-11-11 15:16:55: select * from `users` where `id` = 1 limit 1

2020-11-11 15:16:55: select `roles`.*, `user_link_role`.`user_id` as `pivot_user_id`, `user_link_role`.`role_id` as `pivot_role_id` from `roles` inner join `user_link_role` on `roles`.`id` = `user_link_role`.`role_id` where `user_link_role`.`user_id` in (1)

2020-11-11 15:16:55: select * from `users` where `id` = 1 limit 1

2020-11-11 15:16:55: select * from `roles` where `id` = 1 limit 1

2020-11-11 15:16:55: select * from `users` where `id` = 1 limit 1

2020-11-11 15:16:55: select * from `users` where `id` = 1 limit 1

2020-11-11 15:16:55: select `hooks`.*, `role_link_hook`.`role_id` as `pivot_role_id`, `role_link_hook`.`hook_id` as `pivot_hook_id` from `hooks` inner join `role_link_hook` on `hooks`.`id` = `role_link_hook`.`hook_id` where `role_link_hook`.`role_id` in (1)

2020-11-11 15:16:55: select `roles`.*, `user_link_role`.`user_id` as `pivot_user_id`, `user_link_role`.`role_id` as `pivot_role_id` from `roles` inner join `user_link_role` on `roles`.`id` = `user_link_role`.`role_id` where `user_link_role`.`user_id` in (1)

2020-11-11 15:16:55: select * from `roles` where `id` = 1 limit 1

2020-11-11 15:16:55: select `hooks`.*, `role_link_hook`.`role_id` as `pivot_role_id`, `role_link_hook`.`hook_id` as `pivot_hook_id` from `hooks` inner join `role_link_hook` on `hooks`.`id` = `role_link_hook`.`hook_id` where `role_link_hook`.`role_id` in (1)

2020-11-11 15:16:55: select sum(`total_price`) as aggregate from `orders`

2020-11-11 15:16:55: select sum(`total_price`) as aggregate from `orders` where `pay_time` > 1605024000 and `pay_time` < 1605110399

2020-11-11 15:16:55: select count(*) as aggregate from `orders` where (`pay_status` = 0 and `order_status` < 2 and `refund_status` = 0)

2020-11-11 15:16:56: select count(*) as aggregate from `orders` where (`pay_status` = 1 and `delivery_status` = 0 and `refund_status` = 0)

2020-11-11 15:16:56: select count(*) as aggregate from `orders` where (`pay_status` = 1 and `delivery_status` = 1 and `comment_status` = 1 and `order_status` = 1 and `refund_status` = 0)

2020-11-11 15:16:56: select `users`, `format_time` from `crontab_day` where `format_time` in ('2020-11-08', '2020-11-09', '2020-11-10', '2020-11-11', '2020-11-12', '2020-11-13', '2020-11-14') group by `format_time` order by `id` asc

2020-11-11 15:16:56: select `users`, `format_time` from `crontab_day` where `format_time` in ('2020-11-02', '2020-11-03', '2020-11-04', '2020-11-05', '2020-11-06', '2020-11-07', '2020-11-08') group by `format_time` order by `id` asc

2020-11-11 15:16:56: select `price`, `format_time` from `crontab_month` where `format_time` in ('2020-01-01', '2020-02-01', '2020-03-01', '2020-04-01', '2020-05-01', '2020-06-01', '2020-07-01', '2020-08-01', '2020-09-01', '2020-10-01', '2020-11-01', '2020-12-01') group by `format_time` order by `id` asc

2020-11-11 15:16:56: select (select sum(price) from crontab_day as B where B.user_id = crontab_day.user_id) as sum_total,crontab_day.user_id from `crontab_day` group by `user_id` order by `sum_total` desc limit 6

2020-11-11 15:16:56: select * from `store` where `user_id` = 1 limit 1

2020-11-11 16:28:11: select * from `users` where `id` = 1 limit 1

2020-11-11 16:28:11: select * from `users` where `id` = 1 limit 1

2020-11-11 16:28:11: select * from `users` where `id` = 1 limit 1

2020-11-11 16:28:12: select * from `users` where `id` = 1 limit 1

2020-11-11 16:28:12: select `roles`.*, `user_link_role`.`user_id` as `pivot_user_id`, `user_link_role`.`role_id` as `pivot_role_id` from `roles` inner join `user_link_role` on `roles`.`id` = `user_link_role`.`role_id` where `user_link_role`.`user_id` in (1)

2020-11-11 16:28:12: select * from `roles` where `id` = 1 limit 1

2020-11-11 16:28:12: select `hooks`.*, `role_link_hook`.`role_id` as `pivot_role_id`, `role_link_hook`.`hook_id` as `pivot_hook_id` from `hooks` inner join `role_link_hook` on `hooks`.`id` = `role_link_hook`.`hook_id` where `role_link_hook`.`role_id` in (1)

2020-11-11 16:28:12: select * from `users` where `users`.`id` = 1 limit 1

2020-11-11 16:28:12: select `roles`.*, `user_link_role`.`user_id` as `pivot_user_id`, `user_link_role`.`role_id` as `pivot_role_id` from `roles` inner join `user_link_role` on `roles`.`id` = `user_link_role`.`role_id` where `user_link_role`.`user_id` = 1

2020-11-11 16:28:12: select * from `roles` where `id` in (1)

2020-11-11 16:28:12: select `menus`.*, `role_link_menu`.`role_id` as `pivot_role_id`, `role_link_menu`.`menu_id` as `pivot_menu_id`, `role_link_menu`.`commands` as `pivot_commands` from `menus` inner join `role_link_menu` on `menus`.`id` = `role_link_menu`.`menu_id` where `role_link_menu`.`role_id` = 1

2020-11-11 16:28:12: select * from `menus` where `id` in (7, 8, 10, 18, 19, 20, 21, 22, 23, 33, 36, 37, 38, 39, 40, 46, 47, 48, 49, 52, 53, 54, 56, 58, 60, 63, 72, 73, 28, 29, 6, 12, 13) and `is_type` = 0 order by `is_sort` asc

2020-11-11 16:28:12: select * from `menus` where `id` in (7, 8, 10, 18, 19, 20, 21, 22, 23, 33, 36, 37, 38, 39, 40, 46, 47, 48, 49, 52, 53, 54, 56, 58, 60, 63, 72, 73, 28, 29, 6, 12, 13) and `is_type` = 0 and `id` in (7, 8, 10, 18, 19, 20, 21, 22, 23, 33, 36, 37, 38, 39, 40, 46, 47, 48, 49, 52, 53, 54, 56, 58, 60, 63, 72, 73, 28, 29, 6, 12, 13) order by `is_sort` asc

2020-11-11 16:28:12: select * from `users` where `id` = 1 limit 1

2020-11-11 16:28:12: select * from `users` where `id` = 1 limit 1

2020-11-11 16:28:12: select * from `users` where `id` = 1 limit 1

2020-11-11 16:28:13: select * from `users` where `id` = 1 limit 1

2020-11-11 16:28:13: select * from `users` where `id` = 1 limit 1

2020-11-11 16:28:13: select * from `users` where `id` = 1 limit 1

2020-11-11 16:28:13: select `roles`.*, `user_link_role`.`user_id` as `pivot_user_id`, `user_link_role`.`role_id` as `pivot_role_id` from `roles` inner join `user_link_role` on `roles`.`id` = `user_link_role`.`role_id` where `user_link_role`.`user_id` in (1)

2020-11-11 16:28:13: select `roles`.*, `user_link_role`.`user_id` as `pivot_user_id`, `user_link_role`.`role_id` as `pivot_role_id` from `roles` inner join `user_link_role` on `roles`.`id` = `user_link_role`.`role_id` where `user_link_role`.`user_id` in (1)

2020-11-11 16:28:13: select * from `roles` where `id` = 1 limit 1

2020-11-11 16:28:13: select * from `roles` where `id` = 1 limit 1

2020-11-11 16:28:13: select `hooks`.*, `role_link_hook`.`role_id` as `pivot_role_id`, `role_link_hook`.`hook_id` as `pivot_hook_id` from `hooks` inner join `role_link_hook` on `hooks`.`id` = `role_link_hook`.`hook_id` where `role_link_hook`.`role_id` in (1)

2020-11-11 16:28:13: select `hooks`.*, `role_link_hook`.`role_id` as `pivot_role_id`, `role_link_hook`.`hook_id` as `pivot_hook_id` from `hooks` inner join `role_link_hook` on `hooks`.`id` = `role_link_hook`.`hook_id` where `role_link_hook`.`role_id` in (1)

2020-11-11 16:28:13: select sum(`total_price`) as aggregate from `orders`

2020-11-11 16:28:13: select sum(`total_price`) as aggregate from `orders` where `pay_time` > 1605024000 and `pay_time` < 1605110399

2020-11-11 16:28:13: select count(*) as aggregate from `orders` where (`pay_status` = 0 and `order_status` < 2 and `refund_status` = 0)

2020-11-11 16:28:13: select count(*) as aggregate from `orders` where (`pay_status` = 1 and `delivery_status` = 0 and `refund_status` = 0)

2020-11-11 16:28:14: select count(*) as aggregate from `orders` where (`pay_status` = 1 and `delivery_status` = 1 and `comment_status` = 1 and `order_status` = 1 and `refund_status` = 0)

2020-11-11 16:28:14: select `users`, `format_time` from `crontab_day` where `format_time` in ('2020-11-08', '2020-11-09', '2020-11-10', '2020-11-11', '2020-11-12', '2020-11-13', '2020-11-14') group by `format_time` order by `id` asc

2020-11-11 16:28:14: select `users`, `format_time` from `crontab_day` where `format_time` in ('2020-11-02', '2020-11-03', '2020-11-04', '2020-11-05', '2020-11-06', '2020-11-07', '2020-11-08') group by `format_time` order by `id` asc

2020-11-11 16:28:14: select `price`, `format_time` from `crontab_month` where `format_time` in ('2020-01-01', '2020-02-01', '2020-03-01', '2020-04-01', '2020-05-01', '2020-06-01', '2020-07-01', '2020-08-01', '2020-09-01', '2020-10-01', '2020-11-01', '2020-12-01') group by `format_time` order by `id` asc

2020-11-11 16:28:14: select (select sum(price) from crontab_day as B where B.user_id = crontab_day.user_id) as sum_total,crontab_day.user_id from `crontab_day` group by `user_id` order by `sum_total` desc limit 6

2020-11-11 16:28:14: select * from `store` where `user_id` = 1 limit 1

2020-11-11 16:28:54: select * from `users` where `id` = 1 limit 1

2020-11-11 16:28:54: select * from `users` where `id` = 1 limit 1

2020-11-11 16:28:54: select * from `users` where `id` = 1 limit 1

2020-11-11 16:28:54: select * from `users` where `id` = 1 limit 1

2020-11-11 16:28:54: select `roles`.*, `user_link_role`.`user_id` as `pivot_user_id`, `user_link_role`.`role_id` as `pivot_role_id` from `roles` inner join `user_link_role` on `roles`.`id` = `user_link_role`.`role_id` where `user_link_role`.`user_id` in (1)

2020-11-11 16:28:55: select * from `roles` where `id` = 1 limit 1

2020-11-11 16:28:55: select `hooks`.*, `role_link_hook`.`role_id` as `pivot_role_id`, `role_link_hook`.`hook_id` as `pivot_hook_id` from `hooks` inner join `role_link_hook` on `hooks`.`id` = `role_link_hook`.`hook_id` where `role_link_hook`.`role_id` in (1)

2020-11-11 16:28:55: select * from `users` where `users`.`id` = 1 limit 1

2020-11-11 16:28:55: select `roles`.*, `user_link_role`.`user_id` as `pivot_user_id`, `user_link_role`.`role_id` as `pivot_role_id` from `roles` inner join `user_link_role` on `roles`.`id` = `user_link_role`.`role_id` where `user_link_role`.`user_id` = 1

2020-11-11 16:28:55: select * from `users` where `id` = 1 limit 1

2020-11-11 16:28:55: select * from `roles` where `id` in (1)

2020-11-11 16:28:55: select * from `users` where `id` = 1 limit 1

2020-11-11 16:28:55: select * from `users` where `id` = 1 limit 1

2020-11-11 16:28:55: select `menus`.*, `role_link_menu`.`role_id` as `pivot_role_id`, `role_link_menu`.`menu_id` as `pivot_menu_id`, `role_link_menu`.`commands` as `pivot_commands` from `menus` inner join `role_link_menu` on `menus`.`id` = `role_link_menu`.`menu_id` where `role_link_menu`.`role_id` = 1

2020-11-11 16:28:55: select * from `users` where `id` = 1 limit 1

2020-11-11 16:28:55: select * from `users` where `id` = 1 limit 1

2020-11-11 16:28:55: select * from `menus` where `id` in (7, 8, 10, 18, 19, 20, 21, 22, 23, 33, 36, 37, 38, 39, 40, 46, 47, 48, 49, 52, 53, 54, 56, 58, 60, 63, 72, 73, 28, 29, 6, 12, 13) and `is_type` = 0 order by `is_sort` asc

2020-11-11 16:28:55: select `roles`.*, `user_link_role`.`user_id` as `pivot_user_id`, `user_link_role`.`role_id` as `pivot_role_id` from `roles` inner join `user_link_role` on `roles`.`id` = `user_link_role`.`role_id` where `user_link_role`.`user_id` in (1)

2020-11-11 16:28:55: select * from `menus` where `id` in (7, 8, 10, 18, 19, 20, 21, 22, 23, 33, 36, 37, 38, 39, 40, 46, 47, 48, 49, 52, 53, 54, 56, 58, 60, 63, 72, 73, 28, 29, 6, 12, 13) and `is_type` = 0 and `id` in (7, 8, 10, 18, 19, 20, 21, 22, 23, 33, 36, 37, 38, 39, 40, 46, 47, 48, 49, 52, 53, 54, 56, 58, 60, 63, 72, 73, 28, 29, 6, 12, 13) order by `is_sort` asc

2020-11-11 16:28:55: select * from `users` where `id` = 1 limit 1

2020-11-11 16:28:56: select * from `roles` where `id` = 1 limit 1

2020-11-11 16:28:56: select `roles`.*, `user_link_role`.`user_id` as `pivot_user_id`, `user_link_role`.`role_id` as `pivot_role_id` from `roles` inner join `user_link_role` on `roles`.`id` = `user_link_role`.`role_id` where `user_link_role`.`user_id` in (1)

2020-11-11 16:28:56: select * from `roles` where `id` = 1 limit 1

2020-11-11 16:28:56: select `hooks`.*, `role_link_hook`.`role_id` as `pivot_role_id`, `role_link_hook`.`hook_id` as `pivot_hook_id` from `hooks` inner join `role_link_hook` on `hooks`.`id` = `role_link_hook`.`hook_id` where `role_link_hook`.`role_id` in (1)

2020-11-11 16:28:56: select `hooks`.*, `role_link_hook`.`role_id` as `pivot_role_id`, `role_link_hook`.`hook_id` as `pivot_hook_id` from `hooks` inner join `role_link_hook` on `hooks`.`id` = `role_link_hook`.`hook_id` where `role_link_hook`.`role_id` in (1)

2020-11-11 16:28:56: select sum(`total_price`) as aggregate from `orders`

2020-11-11 16:28:56: select sum(`total_price`) as aggregate from `orders` where `pay_time` > 1605024000 and `pay_time` < 1605110399

2020-11-11 16:28:56: select count(*) as aggregate from `orders` where (`pay_status` = 0 and `order_status` < 2 and `refund_status` = 0)

2020-11-11 16:28:56: select count(*) as aggregate from `orders` where (`pay_status` = 1 and `delivery_status` = 0 and `refund_status` = 0)

2020-11-11 16:28:56: select count(*) as aggregate from `orders` where (`pay_status` = 1 and `delivery_status` = 1 and `comment_status` = 1 and `order_status` = 1 and `refund_status` = 0)

2020-11-11 16:28:56: select `users`, `format_time` from `crontab_day` where `format_time` in ('2020-11-08', '2020-11-09', '2020-11-10', '2020-11-11', '2020-11-12', '2020-11-13', '2020-11-14') group by `format_time` order by `id` asc

2020-11-11 16:28:56: select `users`, `format_time` from `crontab_day` where `format_time` in ('2020-11-02', '2020-11-03', '2020-11-04', '2020-11-05', '2020-11-06', '2020-11-07', '2020-11-08') group by `format_time` order by `id` asc

2020-11-11 16:28:57: select `price`, `format_time` from `crontab_month` where `format_time` in ('2020-01-01', '2020-02-01', '2020-03-01', '2020-04-01', '2020-05-01', '2020-06-01', '2020-07-01', '2020-08-01', '2020-09-01', '2020-10-01', '2020-11-01', '2020-12-01') group by `format_time` order by `id` asc

2020-11-11 16:28:57: select (select sum(price) from crontab_day as B where B.user_id = crontab_day.user_id) as sum_total,crontab_day.user_id from `crontab_day` group by `user_id` order by `sum_total` desc limit 6

2020-11-11 16:28:57: select * from `store` where `user_id` = 1 limit 1

2020-11-11 16:32:06: select * from `users` where `id` = 1 limit 1

2020-11-11 16:32:06: select * from `users` where `id` = 1 limit 1

2020-11-11 16:32:06: select * from `users` where `id` = 1 limit 1

2020-11-11 16:32:06: select `roles`.*, `user_link_role`.`user_id` as `pivot_user_id`, `user_link_role`.`role_id` as `pivot_role_id` from `roles` inner join `user_link_role` on `roles`.`id` = `user_link_role`.`role_id` where `user_link_role`.`user_id` in (1)

2020-11-11 16:32:06: select * from `roles` where `id` = 1 limit 1

2020-11-11 16:32:06: select `hooks`.*, `role_link_hook`.`role_id` as `pivot_role_id`, `role_link_hook`.`hook_id` as `pivot_hook_id` from `hooks` inner join `role_link_hook` on `hooks`.`id` = `role_link_hook`.`hook_id` where `role_link_hook`.`role_id` in (1)

2020-11-11 16:32:07: select * from `users` where `users`.`id` = 1 limit 1

2020-11-11 16:32:07: select `roles`.*, `user_link_role`.`user_id` as `pivot_user_id`, `user_link_role`.`role_id` as `pivot_role_id` from `roles` inner join `user_link_role` on `roles`.`id` = `user_link_role`.`role_id` where `user_link_role`.`user_id` = 1

2020-11-11 16:32:07: select * from `roles` where `id` in (1)

2020-11-11 16:32:07: select `menus`.*, `role_link_menu`.`role_id` as `pivot_role_id`, `role_link_menu`.`menu_id` as `pivot_menu_id`, `role_link_menu`.`commands` as `pivot_commands` from `menus` inner join `role_link_menu` on `menus`.`id` = `role_link_menu`.`menu_id` where `role_link_menu`.`role_id` = 1

2020-11-11 16:32:07: select * from `menus` where `id` in (7, 8, 10, 18, 19, 20, 21, 22, 23, 33, 36, 37, 38, 39, 40, 46, 47, 48, 49, 52, 53, 54, 56, 58, 60, 63, 72, 73, 28, 29, 6, 12, 13) and `is_type` = 0 order by `is_sort` asc

2020-11-11 16:32:07: select * from `menus` where `id` in (7, 8, 10, 18, 19, 20, 21, 22, 23, 33, 36, 37, 38, 39, 40, 46, 47, 48, 49, 52, 53, 54, 56, 58, 60, 63, 72, 73, 28, 29, 6, 12, 13) and `is_type` = 0 and `id` in (7, 8, 10, 18, 19, 20, 21, 22, 23, 33, 36, 37, 38, 39, 40, 46, 47, 48, 49, 52, 53, 54, 56, 58, 60, 63, 72, 73, 28, 29, 6, 12, 13) order by `is_sort` asc

2020-11-11 16:32:07: select * from `users` where `id` = 1 limit 1

2020-11-11 16:32:07: select * from `users` where `id` = 1 limit 1

2020-11-11 16:32:07: select * from `users` where `id` = 1 limit 1

2020-11-11 16:32:07: select * from `users` where `id` = 1 limit 1

2020-11-11 16:32:07: select * from `users` where `id` = 1 limit 1

2020-11-11 16:32:07: select `roles`.*, `user_link_role`.`user_id` as `pivot_user_id`, `user_link_role`.`role_id` as `pivot_role_id` from `roles` inner join `user_link_role` on `roles`.`id` = `user_link_role`.`role_id` where `user_link_role`.`user_id` in (1)

2020-11-11 16:32:07: select * from `users` where `id` = 1 limit 1

2020-11-11 16:32:07: select * from `roles` where `id` = 1 limit 1

2020-11-11 16:32:07: select `roles`.*, `user_link_role`.`user_id` as `pivot_user_id`, `user_link_role`.`role_id` as `pivot_role_id` from `roles` inner join `user_link_role` on `roles`.`id` = `user_link_role`.`role_id` where `user_link_role`.`user_id` in (1)

2020-11-11 16:32:08: select `hooks`.*, `role_link_hook`.`role_id` as `pivot_role_id`, `role_link_hook`.`hook_id` as `pivot_hook_id` from `hooks` inner join `role_link_hook` on `hooks`.`id` = `role_link_hook`.`hook_id` where `role_link_hook`.`role_id` in (1)

2020-11-11 16:32:08: select * from `roles` where `id` = 1 limit 1

2020-11-11 16:32:08: select sum(`total_price`) as aggregate from `orders`

2020-11-11 16:32:08: select sum(`total_price`) as aggregate from `orders` where `pay_time` > 1605024000 and `pay_time` < 1605110399

2020-11-11 16:32:08: select `hooks`.*, `role_link_hook`.`role_id` as `pivot_role_id`, `role_link_hook`.`hook_id` as `pivot_hook_id` from `hooks` inner join `role_link_hook` on `hooks`.`id` = `role_link_hook`.`hook_id` where `role_link_hook`.`role_id` in (1)

2020-11-11 16:32:08: select count(*) as aggregate from `orders` where (`pay_status` = 0 and `order_status` < 2 and `refund_status` = 0)

2020-11-11 16:32:08: select count(*) as aggregate from `orders` where (`pay_status` = 1 and `delivery_status` = 0 and `refund_status` = 0)

2020-11-11 16:32:08: select count(*) as aggregate from `orders` where (`pay_status` = 1 and `delivery_status` = 1 and `comment_status` = 1 and `order_status` = 1 and `refund_status` = 0)

2020-11-11 16:32:08: select `users`, `format_time` from `crontab_day` where `format_time` in ('2020-11-08', '2020-11-09', '2020-11-10', '2020-11-11', '2020-11-12', '2020-11-13', '2020-11-14') group by `format_time` order by `id` asc

2020-11-11 16:32:08: select `users`, `format_time` from `crontab_day` where `format_time` in ('2020-11-02', '2020-11-03', '2020-11-04', '2020-11-05', '2020-11-06', '2020-11-07', '2020-11-08') group by `format_time` order by `id` asc

2020-11-11 16:32:08: select `price`, `format_time` from `crontab_month` where `format_time` in ('2020-01-01', '2020-02-01', '2020-03-01', '2020-04-01', '2020-05-01', '2020-06-01', '2020-07-01', '2020-08-01', '2020-09-01', '2020-10-01', '2020-11-01', '2020-12-01') group by `format_time` order by `id` asc

2020-11-11 16:32:08: select (select sum(price) from crontab_day as B where B.user_id = crontab_day.user_id) as sum_total,crontab_day.user_id from `crontab_day` group by `user_id` order by `sum_total` desc limit 6

2020-11-11 16:32:08: select * from `store` where `user_id` = 1 limit 1

2020-11-11 16:32:11: select * from `users` where `id` = 1 limit 1

2020-11-11 16:32:11: select * from `users` where `id` = 1 limit 1

2020-11-11 16:32:11: select * from `users` where `id` = 1 limit 1

2020-11-11 16:32:11: select * from `goods_class` order by `is_sort` asc

2020-11-11 16:32:11: select * from `users` where `id` = 1 limit 1

2020-11-11 16:32:11: select * from `adv_position` where `ap_isuse` = 1 and `ap_name` = 'PC_' limit 1

2020-11-11 16:32:11: select * from `goods_brand` limit 12

2020-11-11 16:32:11: select count(*) as aggregate from `cart` where `user_id` = 1

2020-11-11 16:32:11: select * from `adv_position` where `ap_isuse` = 1 and `ap_name` = 'PC_' limit 1

2020-11-11 16:32:11: select * from `adv_position` where `ap_isuse` = 1 and `ap_name` = 'PC_' limit 1

2020-11-11 16:32:11: select * from `config` where `name` in ('web_name', 'web_url', 'logo', 'mobile')

2020-11-11 16:32:12: select * from `seckill` where `enable` = 1 limit 1

2020-11-11 16:32:12: select * from `seckill_goods` where `status` = 1 and `sid` = 11 limit 4

2020-11-11 16:32:12: select * from `goods` where `goods`.`id` in (77)

2020-11-11 16:32:12: select * from `goods_spec` where `goods_spec`.`goods_id` in (77)

2020-11-11 16:32:12: select * from `goods_class` where `pid` = 0

2020-11-11 16:32:12: select `id`, `pid` from `goods_class` where `id` in (1)

2020-11-11 16:32:12: select `id`, `pid` from `goods_class` where `pid` in (1)

2020-11-11 16:32:12: select * from `users` where `id` = 1 limit 1

2020-11-11 16:32:12: select `id`, `pid` from `goods_class` where 0 = 1

2020-11-11 16:32:12: select * from `adv_position` where `ap_isuse` = 1 and `ap_name` = 'PC_' limit 1

2020-11-11 16:32:12: select * from `goods` where (`is_index` = 1) and (`goods_status` = 1 and `goods_verify` = 1) and 0 = 1 limit 8

2020-11-11 16:32:12: select * from `config`

2020-11-11 16:32:12: select `id`, `pid` from `goods_class` where `id` in (2)

2020-11-11 16:32:12: select `id`, `pid` from `goods_class` where `pid` in (2)

2020-11-11 16:32:12: select `id`, `pid` from `goods_class` where 0 = 1

2020-11-11 16:32:13: select * from `goods` where (`is_index` = 1) and (`goods_status` = 1 and `goods_verify` = 1) and 0 = 1 limit 8

2020-11-11 16:32:13: select `id`, `pid` from `goods_class` where `id` in (3)

2020-11-11 16:32:13: select `id`, `pid` from `goods_class` where `pid` in (3)

2020-11-11 16:32:13: select `id`, `pid` from `goods_class` where 0 = 1

2020-11-11 16:32:13: select * from `goods` where (`is_index` = 1) and (`goods_status` = 1 and `goods_verify` = 1) and 0 = 1 limit 8

2020-11-11 16:32:13: select `id`, `pid` from `goods_class` where `id` in (4)

2020-11-11 16:32:13: select `id`, `pid` from `goods_class` where `pid` in (4)

2020-11-11 16:32:13: select `id`, `pid` from `goods_class` where 0 = 1

2020-11-11 16:32:13: select * from `goods` where (`is_index` = 1) and (`goods_status` = 1 and `goods_verify` = 1) and 0 = 1 limit 8

2020-11-11 16:32:13: select `id`, `pid` from `goods_class` where `id` in (5)

2020-11-11 16:32:13: select `id`, `pid` from `goods_class` where `pid` in (5)

2020-11-11 16:32:14: select `id`, `pid` from `goods_class` where 0 = 1

2020-11-11 16:32:14: select * from `goods` where (`is_index` = 1) and (`goods_status` = 1 and `goods_verify` = 1) and 0 = 1 limit 8

2020-11-11 16:32:14: select `id`, `pid` from `goods_class` where `id` in (6)

2020-11-11 16:32:14: select `id`, `pid` from `goods_class` where `pid` in (6)

2020-11-11 16:32:14: select `id`, `pid` from `goods_class` where 0 = 1

2020-11-11 16:32:14: select * from `goods` where (`is_index` = 1) and (`goods_status` = 1 and `goods_verify` = 1) and 0 = 1 limit 8

2020-11-11 16:32:14: select * from `adv_position` where `ap_isuse` = 1 and `ap_name` = 'PC_' limit 1

2020-11-11 16:32:14: select * from `adv_position` where `ap_isuse` = 1 and `ap_name` = 'PC_' limit 1

2020-11-11 17:55:40: select * from `users` where `id` = 1 limit 1

2020-11-11 17:55:40: select * from `users` where `id` = 1 limit 1

2020-11-11 17:55:40: select * from `users` where `id` = 1 limit 1

2020-11-11 17:55:40: select * from `goods_class` order by `is_sort` asc

2020-11-11 17:55:40: select * from `users` where `id` = 1 limit 1

2020-11-11 17:55:40: select * from `adv_position` where `ap_isuse` = 1 and `ap_name` = 'PC_' limit 1

2020-11-11 17:55:40: select * from `goods_brand` limit 12

2020-11-11 17:55:40: select count(*) as aggregate from `cart` where `user_id` = 1

2020-11-11 17:55:40: select * from `adv_position` where `ap_isuse` = 1 and `ap_name` = 'PC_' limit 1

2020-11-11 17:55:40: select * from `config`

2020-11-11 17:55:40: select * from `adv_position` where `ap_isuse` = 1 and `ap_name` = 'PC_' limit 1

2020-11-11 17:55:40: select * from `config` where `name` in ('web_name', 'web_url', 'logo', 'mobile')

2020-11-11 17:55:40: select * from `seckill` where `enable` = 1 limit 1

2020-11-11 17:55:41: select * from `seckill_goods` where `status` = 1 and `sid` = 11 limit 4

2020-11-11 17:55:41: select * from `goods` where `goods`.`id` in (77)

2020-11-11 17:55:41: select * from `goods_spec` where `goods_spec`.`goods_id` in (77)

2020-11-11 17:55:41: select * from `goods_class` where `pid` = 0

2020-11-11 17:55:41: select `id`, `pid` from `goods_class` where `id` in (1)

2020-11-11 17:55:41: select `id`, `pid` from `goods_class` where `pid` in (1)

2020-11-11 17:55:41: select `id`, `pid` from `goods_class` where 0 = 1

2020-11-11 17:55:41: select * from `goods` where (`is_index` = 1) and (`goods_status` = 1 and `goods_verify` = 1) and 0 = 1 limit 8

2020-11-11 17:55:41: select `id`, `pid` from `goods_class` where `id` in (2)

2020-11-11 17:55:41: select `id`, `pid` from `goods_class` where `pid` in (2)

2020-11-11 17:55:41: select `id`, `pid` from `goods_class` where 0 = 1

2020-11-11 17:55:41: select * from `goods` where (`is_index` = 1) and (`goods_status` = 1 and `goods_verify` = 1) and 0 = 1 limit 8

2020-11-11 17:55:41: select `id`, `pid` from `goods_class` where `id` in (3)

2020-11-11 17:55:42: select `id`, `pid` from `goods_class` where `pid` in (3)

2020-11-11 17:55:42: select `id`, `pid` from `goods_class` where 0 = 1

2020-11-11 17:55:42: select * from `goods` where (`is_index` = 1) and (`goods_status` = 1 and `goods_verify` = 1) and 0 = 1 limit 8

2020-11-11 17:55:42: select `id`, `pid` from `goods_class` where `id` in (4)

2020-11-11 17:55:42: select `id`, `pid` from `goods_class` where `pid` in (4)

2020-11-11 17:55:42: select `id`, `pid` from `goods_class` where 0 = 1

2020-11-11 17:55:42: select * from `goods` where (`is_index` = 1) and (`goods_status` = 1 and `goods_verify` = 1) and 0 = 1 limit 8

2020-11-11 17:55:42: select `id`, `pid` from `goods_class` where `id` in (5)

2020-11-11 17:55:42: select `id`, `pid` from `goods_class` where `pid` in (5)

2020-11-11 17:55:42: select `id`, `pid` from `goods_class` where 0 = 1

2020-11-11 17:55:42: select * from `goods` where (`is_index` = 1) and (`goods_status` = 1 and `goods_verify` = 1) and 0 = 1 limit 8

2020-11-11 17:55:42: select `id`, `pid` from `goods_class` where `id` in (6)

2020-11-11 17:55:43: select `id`, `pid` from `goods_class` where `pid` in (6)

2020-11-11 17:55:43: select `id`, `pid` from `goods_class` where 0 = 1

2020-11-11 17:55:43: select * from `goods` where (`is_index` = 1) and (`goods_status` = 1 and `goods_verify` = 1) and 0 = 1 limit 8

2020-11-11 17:55:43: select * from `adv_position` where `ap_isuse` = 1 and `ap_name` = 'PC_' limit 1

2020-11-11 17:55:43: select * from `adv_position` where `ap_isuse` = 1 and `ap_name` = 'PC_' limit 1

2020-11-11 17:57:21: select * from `users` where `id` = 1 limit 1

2020-11-11 17:57:21: select * from `users` where `id` = 1 limit 1

2020-11-11 17:57:21: select * from `users` where `id` = 1 limit 1

2020-11-11 17:57:21: select * from `users` where `id` = 1 limit 1

2020-11-11 17:57:21: select * from `users` where `id` = 1 limit 1

2020-11-11 17:57:22: select * from `goods_class` order by `is_sort` asc

2020-11-11 17:57:22: select * from `adv_position` where `ap_isuse` = 1 and `ap_name` = 'PC_' limit 1

2020-11-11 17:57:22: select count(*) as aggregate from `cart` where `user_id` = 1

2020-11-11 17:57:22: select * from `adv_position` where `ap_isuse` = 1 and `ap_name` = 'PC_' limit 1

2020-11-11 17:57:22: select * from `goods_brand` limit 12

2020-11-11 17:57:22: select * from `adv_position` where `ap_isuse` = 1 and `ap_name` = 'PC_' limit 1

2020-11-11 17:57:22: select * from `config`

2020-11-11 17:57:22: select * from `adv_position` where `ap_isuse` = 1 and `ap_name` = 'PC_' limit 1

2020-11-11 17:57:22: select * from `config` where `name` in ('web_name', 'web_url', 'logo', 'mobile')

2020-11-11 17:57:22: select * from `seckill` where `enable` = 1 limit 1

2020-11-11 17:57:22: select * from `seckill_goods` where `status` = 1 and `sid` = 11 limit 4

2020-11-11 17:57:22: select * from `goods` where `goods`.`id` in (77)

2020-11-11 17:57:22: select * from `goods_spec` where `goods_spec`.`goods_id` in (77)

2020-11-11 17:57:22: select * from `goods_class` where `pid` = 0

2020-11-11 17:57:22: select `id`, `pid` from `goods_class` where `id` in (1)

2020-11-11 17:57:22: select `id`, `pid` from `goods_class` where `pid` in (1)

2020-11-11 17:57:22: select `id`, `pid` from `goods_class` where 0 = 1

2020-11-11 17:57:22: select * from `goods` where (`is_index` = 1) and (`goods_status` = 1 and `goods_verify` = 1) and 0 = 1 limit 8

2020-11-11 17:57:22: select `id`, `pid` from `goods_class` where `id` in (2)

2020-11-11 17:57:23: select `id`, `pid` from `goods_class` where `pid` in (2)

2020-11-11 17:57:23: select `id`, `pid` from `goods_class` where 0 = 1

2020-11-11 17:57:23: select * from `goods` where (`is_index` = 1) and (`goods_status` = 1 and `goods_verify` = 1) and 0 = 1 limit 8

2020-11-11 17:57:23: select `id`, `pid` from `goods_class` where `id` in (3)

2020-11-11 17:57:23: select `id`, `pid` from `goods_class` where `pid` in (3)

2020-11-11 17:57:23: select `id`, `pid` from `goods_class` where 0 = 1

2020-11-11 17:57:23: select * from `goods` where (`is_index` = 1) and (`goods_status` = 1 and `goods_verify` = 1) and 0 = 1 limit 8

2020-11-11 17:57:23: select `id`, `pid` from `goods_class` where `id` in (4)

2020-11-11 17:57:23: select `id`, `pid` from `goods_class` where `pid` in (4)

2020-11-11 17:57:23: select `id`, `pid` from `goods_class` where 0 = 1

2020-11-11 17:57:23: select * from `goods` where (`is_index` = 1) and (`goods_status` = 1 and `goods_verify` = 1) and 0 = 1 limit 8

2020-11-11 17:57:23: select `id`, `pid` from `goods_class` where `id` in (5)

2020-11-11 17:57:24: select `id`, `pid` from `goods_class` where `pid` in (5)

2020-11-11 17:57:24: select `id`, `pid` from `goods_class` where 0 = 1

2020-11-11 17:57:24: select * from `goods` where (`is_index` = 1) and (`goods_status` = 1 and `goods_verify` = 1) and 0 = 1 limit 8

2020-11-11 17:57:24: select `id`, `pid` from `goods_class` where `id` in (6)

2020-11-11 17:57:24: select `id`, `pid` from `goods_class` where `pid` in (6)

2020-11-11 17:57:24: select `id`, `pid` from `goods_class` where 0 = 1

2020-11-11 17:57:24: select * from `goods` where (`is_index` = 1) and (`goods_status` = 1 and `goods_verify` = 1) and 0 = 1 limit 8

2020-11-11 17:57:24: select * from `adv_position` where `ap_isuse` = 1 and `ap_name` = 'PC_' limit 1

2020-11-11 17:57:24: select * from `adv_position` where `ap_isuse` = 1 and `ap_name` = 'PC_' limit 1

