2020-12-10 09:14:06: select * from `users` where `id` = 1 limit 1

2020-12-10 09:14:07: select * from `users` where `id` = 1 limit 1

2020-12-10 09:14:07: select * from `adv_position` where `ap_isuse` = 1 and `ap_name` = 'PC_积分商城首页' limit 1

2020-12-10 09:14:07: select * from `integral_goods` where (`goods_status` = 1) order by `live_status` desc, `is_hot` desc, `id` desc limit 5

2020-12-10 09:14:07: select * from `integral_class`

2020-12-10 09:14:07: select * from `integral_goods` where (`cid` = 2 and `goods_status` = 1)

2020-12-10 09:14:19: select * from `users` where `id` = 1 limit 1

2020-12-10 09:14:20: select * from `users` where `id` = 1 limit 1

2020-12-10 09:14:20: select * from `users` where `id` = 1 limit 1

2020-12-10 09:14:20: select * from `users` where `id` = 1 limit 1

2020-12-10 09:14:20: select `roles`.*, `user_link_role`.`user_id` as `pivot_user_id`, `user_link_role`.`role_id` as `pivot_role_id` from `roles` inner join `user_link_role` on `roles`.`id` = `user_link_role`.`role_id` where `user_link_role`.`user_id` in (1)

2020-12-10 09:14:20: select * from `roles` where `id` = 1 limit 1

2020-12-10 09:14:20: select `hooks`.*, `role_link_hook`.`role_id` as `pivot_role_id`, `role_link_hook`.`hook_id` as `pivot_hook_id` from `hooks` inner join `role_link_hook` on `hooks`.`id` = `role_link_hook`.`hook_id` where `role_link_hook`.`role_id` in (1)

2020-12-10 09:14:21: select * from `users` where `users`.`id` = 1 limit 1

2020-12-10 09:14:21: select `roles`.*, `user_link_role`.`user_id` as `pivot_user_id`, `user_link_role`.`role_id` as `pivot_role_id` from `roles` inner join `user_link_role` on `roles`.`id` = `user_link_role`.`role_id` where `user_link_role`.`user_id` = 1

2020-12-10 09:14:21: select * from `roles` where `id` in (1)

2020-12-10 09:14:21: select `menus`.*, `role_link_menu`.`role_id` as `pivot_role_id`, `role_link_menu`.`menu_id` as `pivot_menu_id`, `role_link_menu`.`commands` as `pivot_commands` from `menus` inner join `role_link_menu` on `menus`.`id` = `role_link_menu`.`menu_id` where `role_link_menu`.`role_id` = 1

2020-12-10 09:14:21: select * from `users` where `id` = 1 limit 1

2020-12-10 09:14:21: select * from `users` where `id` = 1 limit 1

2020-12-10 09:14:21: select * from `users` where `id` = 1 limit 1

2020-12-10 09:14:21: select * from `menus` where `id` in (7, 8, 10, 18, 19, 20, 21, 22, 23, 33, 36, 37, 38, 39, 40, 46, 47, 48, 49, 52, 53, 54, 56, 58, 60, 63, 72, 73, 28, 29, 6, 12, 13, 16, 71, 70, 89, 90) and `is_type` = 0 order by `is_sort` asc

2020-12-10 09:14:21: select * from `users` where `id` = 1 limit 1

2020-12-10 09:14:21: select * from `users` where `id` = 1 limit 1

2020-12-10 09:14:21: select * from `menus` where `id` in (7, 8, 10, 18, 19, 20, 21, 22, 23, 33, 36, 37, 38, 39, 40, 46, 47, 48, 49, 52, 53, 54, 56, 58, 60, 63, 72, 73, 28, 29, 6, 12, 13, 16, 71, 70, 89, 90) and `is_type` = 0 and `id` in (7, 8, 10, 18, 19, 20, 21, 22, 23, 33, 36, 37, 38, 39, 40, 46, 47, 48, 49, 52, 53, 54, 56, 58, 60, 63, 72, 73, 28, 29, 6, 12, 13, 16, 71, 70, 89, 90) order by `is_sort` asc

2020-12-10 09:14:21: select * from `users` where `id` = 1 limit 1

2020-12-10 09:14:21: select `roles`.*, `user_link_role`.`user_id` as `pivot_user_id`, `user_link_role`.`role_id` as `pivot_role_id` from `roles` inner join `user_link_role` on `roles`.`id` = `user_link_role`.`role_id` where `user_link_role`.`user_id` in (1)

2020-12-10 09:14:21: select `roles`.*, `user_link_role`.`user_id` as `pivot_user_id`, `user_link_role`.`role_id` as `pivot_role_id` from `roles` inner join `user_link_role` on `roles`.`id` = `user_link_role`.`role_id` where `user_link_role`.`user_id` in (1)

2020-12-10 09:14:21: select * from `roles` where `id` = 1 limit 1

2020-12-10 09:14:21: select * from `roles` where `id` = 1 limit 1

2020-12-10 09:14:21: select `hooks`.*, `role_link_hook`.`role_id` as `pivot_role_id`, `role_link_hook`.`hook_id` as `pivot_hook_id` from `hooks` inner join `role_link_hook` on `hooks`.`id` = `role_link_hook`.`hook_id` where `role_link_hook`.`role_id` in (1)

2020-12-10 09:14:21: select `hooks`.*, `role_link_hook`.`role_id` as `pivot_role_id`, `role_link_hook`.`hook_id` as `pivot_hook_id` from `hooks` inner join `role_link_hook` on `hooks`.`id` = `role_link_hook`.`hook_id` where `role_link_hook`.`role_id` in (1)

2020-12-10 09:14:21: select sum(`total_price`) as aggregate from `orders`

2020-12-10 09:14:21: select sum(`total_price`) as aggregate from `orders` where `pay_time` > 1607529600 and `pay_time` < 1607615999

2020-12-10 09:14:21: select count(*) as aggregate from `orders` where (`pay_status` = 0 and `order_status` < 2 and `refund_status` = 0)

2020-12-10 09:14:22: select count(*) as aggregate from `orders` where (`pay_status` = 1 and `delivery_status` = 0 and `refund_status` = 0)

2020-12-10 09:14:22: select count(*) as aggregate from `orders` where (`pay_status` = 1 and `delivery_status` = 1 and `comment_status` = 1 and `order_status` = 1 and `refund_status` = 0)

2020-12-10 09:14:22: select `users`, `format_time` from `crontab_day` where `format_time` in ('2020-12-06', '2020-12-07', '2020-12-08', '2020-12-09', '2020-12-10', '2020-12-11', '2020-12-12') group by `format_time` order by `id` asc

2020-12-10 09:14:22: select `users`, `format_time` from `crontab_day` where `format_time` in ('2020-11-30', '2020-12-01', '2020-12-02', '2020-12-03', '2020-12-04', '2020-12-05', '2020-12-06') group by `format_time` order by `id` asc

2020-12-10 09:14:22: select `price`, `format_time` from `crontab_month` where `format_time` in ('2020-01-01', '2020-02-01', '2020-03-01', '2020-04-01', '2020-05-01', '2020-06-01', '2020-07-01', '2020-08-01', '2020-09-01', '2020-10-01', '2020-11-01', '2020-12-01') group by `format_time` order by `id` asc

2020-12-10 09:14:22: select (select sum(price) from crontab_day as B where B.user_id = crontab_day.user_id) as sum_total,crontab_day.user_id from `crontab_day` group by `user_id` order by `sum_total` desc limit 6

2020-12-10 09:14:22: select * from `store` where `user_id` = 1 limit 1

2020-12-10 09:14:33: select * from `users` where `id` = 1 limit 1

2020-12-10 09:14:33: select * from `users` where `id` = 1 limit 1

2020-12-10 09:14:33: select * from `users` where `id` = 1 limit 1

2020-12-10 09:14:34: select `roles`.*, `user_link_role`.`user_id` as `pivot_user_id`, `user_link_role`.`role_id` as `pivot_role_id` from `roles` inner join `user_link_role` on `roles`.`id` = `user_link_role`.`role_id` where `user_link_role`.`user_id` in (1)

2020-12-10 09:14:34: select * from `roles` where `id` = 1 limit 1

2020-12-10 09:14:34: select `hooks`.*, `role_link_hook`.`role_id` as `pivot_role_id`, `role_link_hook`.`hook_id` as `pivot_hook_id` from `hooks` inner join `role_link_hook` on `hooks`.`id` = `role_link_hook`.`hook_id` where `role_link_hook`.`role_id` in (1)

2020-12-10 09:14:34: select * from `menus` where `url` = '/Admin/goods/uploadings' limit 1

2020-12-10 09:14:34: select * from `menus` where `id` = 18 limit 1

2020-12-10 09:14:34: select * from `users` where `id` = 1 limit 1

2020-12-10 09:14:34: select * from `users` where `id` = 1 limit 1

2020-12-10 09:14:34: select * from `users` where `id` = 1 limit 1

2020-12-10 09:14:35: select `roles`.*, `user_link_role`.`user_id` as `pivot_user_id`, `user_link_role`.`role_id` as `pivot_role_id` from `roles` inner join `user_link_role` on `roles`.`id` = `user_link_role`.`role_id` where `user_link_role`.`user_id` in (1)

2020-12-10 09:14:35: select * from `roles` where `id` = 1 limit 1

2020-12-10 09:14:35: select `hooks`.*, `role_link_hook`.`role_id` as `pivot_role_id`, `role_link_hook`.`hook_id` as `pivot_hook_id` from `hooks` inner join `role_link_hook` on `hooks`.`id` = `role_link_hook`.`hook_id` where `role_link_hook`.`role_id` in (1)

2020-12-10 09:14:40: select * from `users` where `id` = 1 limit 1

2020-12-10 09:14:40: select * from `users` where `id` = 1 limit 1

2020-12-10 09:14:40: select * from `users` where `id` = 1 limit 1

2020-12-10 09:14:40: select * from `users` where `id` = 1 limit 1

2020-12-10 09:14:40: select `roles`.*, `user_link_role`.`user_id` as `pivot_user_id`, `user_link_role`.`role_id` as `pivot_role_id` from `roles` inner join `user_link_role` on `roles`.`id` = `user_link_role`.`role_id` where `user_link_role`.`user_id` in (1)

2020-12-10 09:14:40: select * from `users` where `id` = 1 limit 1

2020-12-10 09:14:40: select * from `roles` where `id` = 1 limit 1

2020-12-10 09:14:40: select * from `users` where `id` = 1 limit 1

2020-12-10 09:14:40: select `roles`.*, `user_link_role`.`user_id` as `pivot_user_id`, `user_link_role`.`role_id` as `pivot_role_id` from `roles` inner join `user_link_role` on `roles`.`id` = `user_link_role`.`role_id` where `user_link_role`.`user_id` in (1)

2020-12-10 09:14:40: select `hooks`.*, `role_link_hook`.`role_id` as `pivot_role_id`, `role_link_hook`.`hook_id` as `pivot_hook_id` from `hooks` inner join `role_link_hook` on `hooks`.`id` = `role_link_hook`.`hook_id` where `role_link_hook`.`role_id` in (1)

2020-12-10 09:14:40: select * from `roles` where `id` = 1 limit 1

2020-12-10 09:14:40: select * from `menus` where `url` = '/Admin/goods_class/index' limit 1

2020-12-10 09:14:40: select * from `menus` where `id` = 18 limit 1

2020-12-10 09:14:40: select `hooks`.*, `role_link_hook`.`role_id` as `pivot_role_id`, `role_link_hook`.`hook_id` as `pivot_hook_id` from `hooks` inner join `role_link_hook` on `hooks`.`id` = `role_link_hook`.`hook_id` where `role_link_hook`.`role_id` in (1)

2020-12-10 09:14:41: select * from `goods_class` order by `is_sort` asc

2020-12-10 09:14:41: select * from `users` where `id` = 1 limit 1

2020-12-10 09:14:41: select * from `users` where `id` = 1 limit 1

2020-12-10 09:14:42: select * from `users` where `id` = 1 limit 1

2020-12-10 09:14:42: select `roles`.*, `user_link_role`.`user_id` as `pivot_user_id`, `user_link_role`.`role_id` as `pivot_role_id` from `roles` inner join `user_link_role` on `roles`.`id` = `user_link_role`.`role_id` where `user_link_role`.`user_id` in (1)

2020-12-10 09:14:42: select * from `users` where `id` = 1 limit 1

2020-12-10 09:14:42: select * from `roles` where `id` = 1 limit 1

2020-12-10 09:14:42: select * from `users` where `id` = 1 limit 1

2020-12-10 09:14:42: select `hooks`.*, `role_link_hook`.`role_id` as `pivot_role_id`, `role_link_hook`.`hook_id` as `pivot_hook_id` from `hooks` inner join `role_link_hook` on `hooks`.`id` = `role_link_hook`.`hook_id` where `role_link_hook`.`role_id` in (1)

2020-12-10 09:14:42: select * from `users` where `id` = 1 limit 1

2020-12-10 09:14:42: select * from `menus` where `url` = '/Admin/goods/index' limit 1

2020-12-10 09:14:42: select `roles`.*, `user_link_role`.`user_id` as `pivot_user_id`, `user_link_role`.`role_id` as `pivot_role_id` from `roles` inner join `user_link_role` on `roles`.`id` = `user_link_role`.`role_id` where `user_link_role`.`user_id` in (1)

2020-12-10 09:14:42: select * from `menus` where `id` = 18 limit 1

2020-12-10 09:14:42: select * from `roles` where `id` = 1 limit 1

2020-12-10 09:14:42: select `hooks`.*, `role_link_hook`.`role_id` as `pivot_role_id`, `role_link_hook`.`hook_id` as `pivot_hook_id` from `hooks` inner join `role_link_hook` on `hooks`.`id` = `role_link_hook`.`hook_id` where `role_link_hook`.`role_id` in (1)

2020-12-10 09:14:42: select count(*) as aggregate from `goods`

2020-12-10 09:14:42: select * from `goods` order by `id` desc limit 20 offset 0

2020-12-10 09:14:42: select * from `goods_spec` where `goods_spec`.`goods_id` in (1090, 1091, 1092, 1093, 1094, 1095, 1096, 1097, 1098, 1099, 1100, 1101, 1102, 1103, 1104, 1105, 1106, 1107, 1108, 1109)

2020-12-10 09:14:43: select * from `users` where `id` = 1 limit 1

2020-12-10 09:14:43: select * from `users` where `id` = 1 limit 1

2020-12-10 09:14:43: select * from `users` where `id` = 1 limit 1

2020-12-10 09:14:43: select `roles`.*, `user_link_role`.`user_id` as `pivot_user_id`, `user_link_role`.`role_id` as `pivot_role_id` from `roles` inner join `user_link_role` on `roles`.`id` = `user_link_role`.`role_id` where `user_link_role`.`user_id` in (1)

2020-12-10 09:14:43: select * from `roles` where `id` = 1 limit 1

2020-12-10 09:14:43: select `hooks`.*, `role_link_hook`.`role_id` as `pivot_role_id`, `role_link_hook`.`hook_id` as `pivot_hook_id` from `hooks` inner join `role_link_hook` on `hooks`.`id` = `role_link_hook`.`hook_id` where `role_link_hook`.`role_id` in (1)

2020-12-10 09:14:44: select count(*) as aggregate from `goods` where `goods_verify` = 2

2020-12-10 09:14:51: select * from `users` where `id` = 1 limit 1

2020-12-10 09:14:51: select * from `users` where `id` = 1 limit 1

2020-12-10 09:14:51: select * from `users` where `id` = 1 limit 1

2020-12-10 09:14:51: select `roles`.*, `user_link_role`.`user_id` as `pivot_user_id`, `user_link_role`.`role_id` as `pivot_role_id` from `roles` inner join `user_link_role` on `roles`.`id` = `user_link_role`.`role_id` where `user_link_role`.`user_id` in (1)

2020-12-10 09:14:51: select * from `users` where `id` = 1 limit 1

2020-12-10 09:14:51: select * from `roles` where `id` = 1 limit 1

2020-12-10 09:14:51: select * from `users` where `id` = 1 limit 1

2020-12-10 09:14:51: select `hooks`.*, `role_link_hook`.`role_id` as `pivot_role_id`, `role_link_hook`.`hook_id` as `pivot_hook_id` from `hooks` inner join `role_link_hook` on `hooks`.`id` = `role_link_hook`.`hook_id` where `role_link_hook`.`role_id` in (1)

2020-12-10 09:14:51: select * from `users` where `id` = 1 limit 1

2020-12-10 09:14:51: select * from `menus` where `url` = '/Admin/attr_spec/index' limit 1

2020-12-10 09:14:51: select `roles`.*, `user_link_role`.`user_id` as `pivot_user_id`, `user_link_role`.`role_id` as `pivot_role_id` from `roles` inner join `user_link_role` on `roles`.`id` = `user_link_role`.`role_id` where `user_link_role`.`user_id` in (1)

2020-12-10 09:14:51: select * from `menus` where `id` = 18 limit 1

2020-12-10 09:14:51: select * from `roles` where `id` = 1 limit 1

2020-12-10 09:14:51: select `hooks`.*, `role_link_hook`.`role_id` as `pivot_role_id`, `role_link_hook`.`hook_id` as `pivot_hook_id` from `hooks` inner join `role_link_hook` on `hooks`.`id` = `role_link_hook`.`hook_id` where `role_link_hook`.`role_id` in (1)

2020-12-10 09:14:51: select count(*) as aggregate from `attr_spec` where `user_id` = 1

2020-12-10 09:14:51: select * from `attr_spec` where `user_id` = 1 order by `is_hot` desc, `id` desc limit 20 offset 0

2020-12-10 09:14:52: select * from `users` where `id` = 1 limit 1

2020-12-10 09:14:52: select * from `users` where `id` = 1 limit 1

2020-12-10 09:14:52: select * from `users` where `id` = 1 limit 1

2020-12-10 09:14:52: select * from `users` where `id` = 1 limit 1

2020-12-10 09:14:52: select * from `users` where `id` = 1 limit 1

2020-12-10 09:14:52: select `roles`.*, `user_link_role`.`user_id` as `pivot_user_id`, `user_link_role`.`role_id` as `pivot_role_id` from `roles` inner join `user_link_role` on `roles`.`id` = `user_link_role`.`role_id` where `user_link_role`.`user_id` in (1)

2020-12-10 09:14:52: select * from `users` where `id` = 1 limit 1

2020-12-10 09:14:52: select * from `users` where `id` = 1 limit 1

2020-12-10 09:14:53: select `roles`.*, `user_link_role`.`user_id` as `pivot_user_id`, `user_link_role`.`role_id` as `pivot_role_id` from `roles` inner join `user_link_role` on `roles`.`id` = `user_link_role`.`role_id` where `user_link_role`.`user_id` in (1)

2020-12-10 09:14:53: select * from `roles` where `id` = 1 limit 1

2020-12-10 09:14:53: select * from `users` where `id` = 1 limit 1

2020-12-10 09:14:53: select * from `roles` where `id` = 1 limit 1

2020-12-10 09:14:53: select * from `users` where `id` = 1 limit 1

2020-12-10 09:14:53: select `hooks`.*, `role_link_hook`.`role_id` as `pivot_role_id`, `role_link_hook`.`hook_id` as `pivot_hook_id` from `hooks` inner join `role_link_hook` on `hooks`.`id` = `role_link_hook`.`hook_id` where `role_link_hook`.`role_id` in (1)

2020-12-10 09:14:53: select `roles`.*, `user_link_role`.`user_id` as `pivot_user_id`, `user_link_role`.`role_id` as `pivot_role_id` from `roles` inner join `user_link_role` on `roles`.`id` = `user_link_role`.`role_id` where `user_link_role`.`user_id` in (1)

2020-12-10 09:14:53: select `hooks`.*, `role_link_hook`.`role_id` as `pivot_role_id`, `role_link_hook`.`hook_id` as `pivot_hook_id` from `hooks` inner join `role_link_hook` on `hooks`.`id` = `role_link_hook`.`hook_id` where `role_link_hook`.`role_id` in (1)

2020-12-10 09:14:53: select * from `users` where `id` = 1 limit 1

2020-12-10 09:14:53: select * from `menus` where `url` = '/Admin/goods_class/index' limit 1

2020-12-10 09:14:53: select * from `roles` where `id` = 1 limit 1

2020-12-10 09:14:53: select * from `goods_class` order by `is_sort` asc

2020-12-10 09:14:53: select * from `users` where `id` = 1 limit 1

2020-12-10 09:14:53: select * from `menus` where `id` = 18 limit 1

2020-12-10 09:14:53: select `hooks`.*, `role_link_hook`.`role_id` as `pivot_role_id`, `role_link_hook`.`hook_id` as `pivot_hook_id` from `hooks` inner join `role_link_hook` on `hooks`.`id` = `role_link_hook`.`hook_id` where `role_link_hook`.`role_id` in (1)

2020-12-10 09:14:53: select * from `users` where `id` = 1 limit 1

2020-12-10 09:14:53: select * from `menus` where `url` = '/Admin/goods/uploadings' limit 1

2020-12-10 09:14:53: select `roles`.*, `user_link_role`.`user_id` as `pivot_user_id`, `user_link_role`.`role_id` as `pivot_role_id` from `roles` inner join `user_link_role` on `roles`.`id` = `user_link_role`.`role_id` where `user_link_role`.`user_id` in (1)

2020-12-10 09:14:53: select * from `menus` where `id` = 18 limit 1

2020-12-10 09:14:53: select * from `roles` where `id` = 1 limit 1

2020-12-10 09:14:53: select `hooks`.*, `role_link_hook`.`role_id` as `pivot_role_id`, `role_link_hook`.`hook_id` as `pivot_hook_id` from `hooks` inner join `role_link_hook` on `hooks`.`id` = `role_link_hook`.`hook_id` where `role_link_hook`.`role_id` in (1)

2020-12-10 09:14:56: select * from `users` where `id` = 1 limit 1

2020-12-10 09:14:56: select * from `users` where `id` = 1 limit 1

2020-12-10 09:14:56: select * from `users` where `id` = 1 limit 1

2020-12-10 09:14:56: select `roles`.*, `user_link_role`.`user_id` as `pivot_user_id`, `user_link_role`.`role_id` as `pivot_role_id` from `roles` inner join `user_link_role` on `roles`.`id` = `user_link_role`.`role_id` where `user_link_role`.`user_id` in (1)

2020-12-10 09:14:56: select * from `roles` where `id` = 1 limit 1

2020-12-10 09:14:56: select * from `users` where `id` = 1 limit 1

2020-12-10 09:14:56: select * from `users` where `id` = 1 limit 1

2020-12-10 09:14:56: select `hooks`.*, `role_link_hook`.`role_id` as `pivot_role_id`, `role_link_hook`.`hook_id` as `pivot_hook_id` from `hooks` inner join `role_link_hook` on `hooks`.`id` = `role_link_hook`.`hook_id` where `role_link_hook`.`role_id` in (1)

2020-12-10 09:14:56: select * from `menus` where `url` = '/Admin/goods_brand/index' limit 1

2020-12-10 09:14:56: select * from `users` where `id` = 1 limit 1

2020-12-10 09:14:56: select * from `menus` where `id` = 72 limit 1

2020-12-10 09:14:56: select `roles`.*, `user_link_role`.`user_id` as `pivot_user_id`, `user_link_role`.`role_id` as `pivot_role_id` from `roles` inner join `user_link_role` on `roles`.`id` = `user_link_role`.`role_id` where `user_link_role`.`user_id` in (1)

2020-12-10 09:14:56: select * from `roles` where `id` = 1 limit 1

2020-12-10 09:14:57: select `hooks`.*, `role_link_hook`.`role_id` as `pivot_role_id`, `role_link_hook`.`hook_id` as `pivot_hook_id` from `hooks` inner join `role_link_hook` on `hooks`.`id` = `role_link_hook`.`hook_id` where `role_link_hook`.`role_id` in (1)

2020-12-10 09:14:57: select count(*) as aggregate from `goods_brand`

2020-12-10 09:14:57: select * from `goods_brand` order by `is_sort` desc limit 20 offset 0

2020-12-10 09:15:10: select * from `users` where `id` = 1 limit 1

2020-12-10 09:15:11: select * from `users` where `id` = 1 limit 1

2020-12-10 09:15:11: select * from `adv_position` where `ap_isuse` = 1 and `ap_name` = 'PC_积分商城首页' limit 1

2020-12-10 09:15:11: select * from `integral_goods` where (`goods_status` = 1) order by `live_status` desc, `is_hot` desc, `id` desc limit 5

2020-12-10 09:15:12: select * from `integral_class`

2020-12-10 09:15:12: select * from `integral_goods` where (`cid` = 2 and `goods_status` = 1)

2020-12-10 09:15:13: select * from `users` where `id` = 1 limit 1

2020-12-10 09:15:13: select * from `seckill` where `enable` = 1 order by `is_index` desc, `id` desc limit 1

2020-12-10 09:15:13: select count(*) as aggregate from `seckill_goods` where `sid` = 67 and exists (select * from `store` where `seckill_goods`.`goods_id` = `store`.`id`)

2020-12-10 09:15:13: select * from `goods_brand` where `id` in ('') order by `is_sort` desc

2020-12-10 09:15:18: select * from `users` where `id` = 1 limit 1

2020-12-10 09:15:19: select * from `users` where `id` = 1 limit 1

2020-12-10 09:15:19: select * from `adv_position` where `ap_isuse` = 1 and `ap_name` = 'PC_积分商城首页' limit 1

2020-12-10 09:15:19: select * from `integral_goods` where (`goods_status` = 1) order by `live_status` desc, `is_hot` desc, `id` desc limit 5

2020-12-10 09:15:19: select * from `integral_class`

2020-12-10 09:15:19: select * from `integral_goods` where (`cid` = 2 and `goods_status` = 1)

2020-12-10 09:15:22: select * from `users` where `id` = 1 limit 1

2020-12-10 09:15:22: select * from `seckill` where `enable` = 1 order by `is_index` desc, `id` desc limit 1

2020-12-10 09:15:22: select count(*) as aggregate from `seckill_goods` where `sid` = 67 and exists (select * from `store` where `seckill_goods`.`goods_id` = `store`.`id`)

2020-12-10 09:15:22: select * from `goods_brand` where `id` in ('') order by `is_sort` desc

2020-12-10 09:15:23: select * from `users` where `id` = 1 limit 1

2020-12-10 09:15:23: select count(*) as aggregate from `integral_goods`

2020-12-10 09:15:23: select * from `integral_goods` order by `live_status` desc, `is_hot` desc, `id` desc limit 40 offset 0

2020-12-10 09:15:23: select * from `users` where `id` = 1 limit 1

2020-12-10 09:15:24: select count(*) as aggregate from `seckill` where `enable` = 1

2020-12-10 09:15:24: select * from `seckill` where `enable` = 1 order by `is_index` desc, `id` desc limit 30 offset 0

2020-12-10 09:15:24: select * from `users` where `id` = 1 limit 1

2020-12-10 09:15:24: select * from `seckill` where `enable` = 1 order by `is_index` desc, `id` desc limit 1

2020-12-10 09:15:24: select count(*) as aggregate from `seckill_goods` where `sid` = 67 and exists (select * from `store` where `seckill_goods`.`goods_id` = `store`.`id`)

2020-12-10 09:15:24: select * from `goods_brand` where `id` in ('') order by `is_sort` desc

2020-12-10 09:15:24: select * from `users` where `id` = 1 limit 1

2020-12-10 09:15:25: select * from `users` where `id` = 1 limit 1

2020-12-10 09:15:25: select count(*) as aggregate from `seckill` where `enable` = 1

2020-12-10 09:15:25: select * from `seckill` where `enable` = 1 order by `is_index` desc, `id` desc limit 30 offset 0

2020-12-10 09:15:25: select * from `users` where `id` = 1 limit 1

2020-12-10 09:15:25: select * from `adv_position` where `ap_isuse` = 1 and `ap_name` = 'PC_积分商城首页' limit 1

2020-12-10 09:15:26: select * from `integral_goods` where (`goods_status` = 1) order by `live_status` desc, `is_hot` desc, `id` desc limit 5

2020-12-10 09:15:26: select * from `integral_class`

2020-12-10 09:15:26: select * from `integral_goods` where (`cid` = 2 and `goods_status` = 1)

2020-12-10 09:15:35: select * from `users` where `id` = 1 limit 1

2020-12-10 09:15:35: select * from `users` where `id` = 1 limit 1

2020-12-10 09:15:35: select * from `users` where `id` = 1 limit 1

2020-12-10 09:15:35: select `roles`.*, `user_link_role`.`user_id` as `pivot_user_id`, `user_link_role`.`role_id` as `pivot_role_id` from `roles` inner join `user_link_role` on `roles`.`id` = `user_link_role`.`role_id` where `user_link_role`.`user_id` in (1)

2020-12-10 09:15:35: select * from `roles` where `id` = 1 limit 1

2020-12-10 09:15:35: select `hooks`.*, `role_link_hook`.`role_id` as `pivot_role_id`, `role_link_hook`.`hook_id` as `pivot_hook_id` from `hooks` inner join `role_link_hook` on `hooks`.`id` = `role_link_hook`.`hook_id` where `role_link_hook`.`role_id` in (1)

2020-12-10 09:15:35: select * from `menus` where `url` = '/Admin/goods/uploadings' limit 1

2020-12-10 09:15:35: select * from `menus` where `id` = 18 limit 1

2020-12-10 09:15:36: select * from `users` where `id` = 1 limit 1

2020-12-10 09:15:36: select * from `users` where `id` = 1 limit 1

2020-12-10 09:15:36: select * from `users` where `id` = 1 limit 1

2020-12-10 09:15:36: select `roles`.*, `user_link_role`.`user_id` as `pivot_user_id`, `user_link_role`.`role_id` as `pivot_role_id` from `roles` inner join `user_link_role` on `roles`.`id` = `user_link_role`.`role_id` where `user_link_role`.`user_id` in (1)

2020-12-10 09:15:36: select * from `roles` where `id` = 1 limit 1

2020-12-10 09:15:36: select `hooks`.*, `role_link_hook`.`role_id` as `pivot_role_id`, `role_link_hook`.`hook_id` as `pivot_hook_id` from `hooks` inner join `role_link_hook` on `hooks`.`id` = `role_link_hook`.`hook_id` where `role_link_hook`.`role_id` in (1)

2020-12-10 09:17:26: select * from `users` where `id` = 1 limit 1

2020-12-10 09:17:26: select * from `users` where `id` = 1 limit 1

2020-12-10 09:17:26: select * from `users` where `id` = 1 limit 1

2020-12-10 09:17:26: select `roles`.*, `user_link_role`.`user_id` as `pivot_user_id`, `user_link_role`.`role_id` as `pivot_role_id` from `roles` inner join `user_link_role` on `roles`.`id` = `user_link_role`.`role_id` where `user_link_role`.`user_id` in (1)

2020-12-10 09:17:26: select * from `roles` where `id` = 1 limit 1

2020-12-10 09:17:27: select `hooks`.*, `role_link_hook`.`role_id` as `pivot_role_id`, `role_link_hook`.`hook_id` as `pivot_hook_id` from `hooks` inner join `role_link_hook` on `hooks`.`id` = `role_link_hook`.`hook_id` where `role_link_hook`.`role_id` in (1)

2020-12-10 09:17:27: select * from `config`

2020-12-10 09:17:35: select * from `users` where `id` = 1 limit 1

2020-12-10 09:17:35: select * from `users` where `id` = 1 limit 1

2020-12-10 09:17:35: select * from `users` where `id` = 1 limit 1

2020-12-10 09:17:35: select `roles`.*, `user_link_role`.`user_id` as `pivot_user_id`, `user_link_role`.`role_id` as `pivot_role_id` from `roles` inner join `user_link_role` on `roles`.`id` = `user_link_role`.`role_id` where `user_link_role`.`user_id` in (1)

2020-12-10 09:17:35: select * from `roles` where `id` = 1 limit 1

2020-12-10 09:17:35: select `hooks`.*, `role_link_hook`.`role_id` as `pivot_role_id`, `role_link_hook`.`hook_id` as `pivot_hook_id` from `hooks` inner join `role_link_hook` on `hooks`.`id` = `role_link_hook`.`hook_id` where `role_link_hook`.`role_id` in (1)

2020-12-10 09:17:57: select * from `users` where `id` = 1 limit 1

2020-12-10 09:17:57: select * from `users` where `id` = 1 limit 1

2020-12-10 09:17:57: select * from `users` where `id` = 1 limit 1

2020-12-10 09:17:57: select * from `users` where `id` = 1 limit 1

2020-12-10 09:17:57: select * from `users` where `id` = 1 limit 1

2020-12-10 09:17:57: select * from `users` where `id` = 1 limit 1

2020-12-10 09:17:57: select * from `users` where `id` = 1 limit 1

2020-12-10 09:17:57: select * from `users` where `id` = 1 limit 1

`pivot_user_id`, `user_link_role`.`role_id` as `pivot_role_id` from `roles` inner join `user_link_role` on `roles`.`id` = `user_link_role`.`role_id` where `user_link_role`.`user_id` in (1)

2020-12-10 09:17:57: select * from `users` where `id` = 1 limit 1

2020-12-10 09:17:57: select * from `roles` where `id` = 1 limit 1

2020-12-10 09:17:57: select `roles`.*, `user_link_role`.`user_id` as `pivot_user_id`, `user_link_role`.`role_id` as `pivot_role_id` from `roles` inner join `user_link_role` on `roles`.`id` = `user_link_role`.`role_id` where `user_link_role`.`user_id` in (1)

2020-12-10 09:17:57: select * from `roles` where `id` = 1 limit 1

`pivot_user_id`, `user_link_role`.`role_id` as `pivot_role_id` from `roles` inner join `user_link_role` on `roles`.`id` = `user_link_role`.`role_id` where `user_link_role`.`user_id` in (1)

2020-12-10 09:17:57: select `hooks`.*, `role_link_hook`.`role_id` as `pivot_role_id`, `role_link_hook`.`hook_id` as `pivot_hook_id` from `hooks` inner join `role_link_hook` on `hooks`.`id` = `role_link_hook`.`hook_id` where `role_link_hook`.`role_id` in (1)

2020-12-10 09:17:58: select * from `roles` where `id` = 1 limit 1

2020-12-10 09:17:58: select * from `users` where `users`.`id` = 1 limit 1

2020-12-10 09:17:58: select `hooks`.*, `role_link_hook`.`role_id` as `pivot_role_id`, `role_link_hook`.`hook_id` as `pivot_hook_id` from `hooks` inner join `role_link_hook` on `hooks`.`id` = `role_link_hook`.`hook_id` where `role_link_hook`.`role_id` in (1)

2020-12-10 09:17:58: select `roles`.*, `user_link_role`.`user_id` as `pivot_user_id`, `user_link_role`.`role_id` as `pivot_role_id` from `roles` inner join `user_link_role` on `roles`.`id` = `user_link_role`.`role_id` where `user_link_role`.`user_id` = 1

2020-12-10 09:17:58: select `hooks`.*, `role_link_hook`.`role_id` as `pivot_role_id`, `role_link_hook`.`hook_id` as `pivot_hook_id` from `hooks` inner join `role_link_hook` on `hooks`.`id` = `role_link_hook`.`hook_id` where `role_link_hook`.`role_id` in (1)

2020-12-10 09:17:58: select * from `roles` where `id` in (1)

2020-12-10 09:17:58: select `menus`.*, `role_link_menu`.`role_id` as `pivot_role_id`, `role_link_menu`.`menu_id` as `pivot_menu_id`, `role_link_menu`.`commands` as `pivot_commands` from `menus` inner join `role_link_menu` on `menus`.`id` = `role_link_menu`.`menu_id` where `role_link_menu`.`role_id` = 1

2020-12-10 09:17:58: select * from `menus` where `id` in (7, 8, 10, 18, 19, 20, 21, 22, 23, 33, 36, 37, 38, 39, 40, 46, 47, 48, 49, 52, 53, 54, 56, 58, 60, 63, 72, 73, 28, 29, 6, 12, 13, 16, 71, 70, 89, 90) and `is_type` = 0 order by `is_sort` asc

2020-12-10 09:17:58: select * from `menus` where `id` in (7, 8, 10, 18, 19, 20, 21, 22, 23, 33, 36, 37, 38, 39, 40, 46, 47, 48, 49, 52, 53, 54, 56, 58, 60, 63, 72, 73, 28, 29, 6, 12, 13, 16, 71, 70, 89, 90) and `is_type` = 0 and `id` in (7, 8, 10, 18, 19, 20, 21, 22, 23, 33, 36, 37, 38, 39, 40, 46, 47, 48, 49, 52, 53, 54, 56, 58, 60, 63, 72, 73, 28, 29, 6, 12, 13, 16, 71, 70, 89, 90) order by `is_sort` asc

2020-12-10 09:18:03: select * from `users` where `id` = 1 limit 1

2020-12-10 09:18:03: select * from `users` where `id` = 1 limit 1

2020-12-10 09:18:03: select * from `users` where `id` = 1 limit 1

2020-12-10 09:18:04: select `roles`.*, `user_link_role`.`user_id` as `pivot_user_id`, `user_link_role`.`role_id` as `pivot_role_id` from `roles` inner join `user_link_role` on `roles`.`id` = `user_link_role`.`role_id` where `user_link_role`.`user_id` in (1)

2020-12-10 09:18:04: select * from `roles` where `id` = 1 limit 1

2020-12-10 09:18:04: select `hooks`.*, `role_link_hook`.`role_id` as `pivot_role_id`, `role_link_hook`.`hook_id` as `pivot_hook_id` from `hooks` inner join `role_link_hook` on `hooks`.`id` = `role_link_hook`.`hook_id` where `role_link_hook`.`role_id` in (1)

2020-12-10 09:18:04: select * from `config`

2020-12-10 09:18:06: select * from `users` where `id` = 1 limit 1

2020-12-10 09:18:06: select * from `users` where `id` = 1 limit 1

2020-12-10 09:18:06: select * from `users` where `id` = 1 limit 1

2020-12-10 09:18:06: select `roles`.*, `user_link_role`.`user_id` as `pivot_user_id`, `user_link_role`.`role_id` as `pivot_role_id` from `roles` inner join `user_link_role` on `roles`.`id` = `user_link_role`.`role_id` where `user_link_role`.`user_id` in (1)

2020-12-10 09:18:06: select * from `roles` where `id` = 1 limit 1

2020-12-10 09:18:06: select `hooks`.*, `role_link_hook`.`role_id` as `pivot_role_id`, `role_link_hook`.`hook_id` as `pivot_hook_id` from `hooks` inner join `role_link_hook` on `hooks`.`id` = `role_link_hook`.`hook_id` where `role_link_hook`.`role_id` in (1)

2020-12-10 09:25:32: select * from `users` where `id` = 1 limit 1

2020-12-10 09:25:32: select * from `users` where `id` = 1 limit 1

2020-12-10 09:25:32: select * from `users` where `id` = 1 limit 1

2020-12-10 09:25:32: select * from `users` where `id` = 1 limit 1

2020-12-10 09:25:32: select * from `users` where `id` = 1 limit 1

2020-12-10 09:25:32: select * from `users` where `id` = 1 limit 1

2020-12-10 09:25:32: select * from `users` where `id` = 1 limit 1

2020-12-10 09:25:33: select `roles`.*, `user_link_role`.`user_id` as `pivot_user_id`, `user_link_role`.`role_id` as `pivot_role_id` from `roles` inner join `user_link_role` on `roles`.`id` = `user_link_role`.`role_id` where `user_link_role`.`user_id` in (1)

2020-12-10 09:25:33: select * from `users` where `id` = 1 limit 1

2020-12-10 09:25:33: select * from `users` where `id` = 1 limit 1

2020-12-10 09:25:33: select * from `roles` where `id` = 1 limit 1

2020-12-10 09:25:33: select `roles`.*, `user_link_role`.`user_id` as `pivot_user_id`, `user_link_role`.`role_id` as `pivot_role_id` from `roles` inner join `user_link_role` on `roles`.`id` = `user_link_role`.`role_id` where `user_link_role`.`user_id` in (1)

2020-12-10 09:25:33: select `roles`.*, `user_link_role`.`user_id` as `pivot_user_id`, `user_link_role`.`role_id` as `pivot_role_id` from `roles` inner join `user_link_role` on `roles`.`id` = `user_link_role`.`role_id` where `user_link_role`.`user_id` in (1)

2020-12-10 09:25:33: select * from `roles` where `id` = 1 limit 1

2020-12-10 09:25:33: select * from `roles` where `id` = 1 limit 1

2020-12-10 09:25:33: select `hooks`.*, `role_link_hook`.`role_id` as `pivot_role_id`, `role_link_hook`.`hook_id` as `pivot_hook_id` from `hooks` inner join `role_link_hook` on `hooks`.`id` = `role_link_hook`.`hook_id` where `role_link_hook`.`role_id` in (1)

2020-12-10 09:25:33: select * from `users` where `users`.`id` = 1 limit 1

2020-12-10 09:25:33: select `hooks`.*, `role_link_hook`.`role_id` as `pivot_role_id`, `role_link_hook`.`hook_id` as `pivot_hook_id` from `hooks` inner join `role_link_hook` on `hooks`.`id` = `role_link_hook`.`hook_id` where `role_link_hook`.`role_id` in (1)

2020-12-10 09:25:33: select `hooks`.*, `role_link_hook`.`role_id` as `pivot_role_id`, `role_link_hook`.`hook_id` as `pivot_hook_id` from `hooks` inner join `role_link_hook` on `hooks`.`id` = `role_link_hook`.`hook_id` where `role_link_hook`.`role_id` in (1)

2020-12-10 09:25:33: select `roles`.*, `user_link_role`.`user_id` as `pivot_user_id`, `user_link_role`.`role_id` as `pivot_role_id` from `roles` inner join `user_link_role` on `roles`.`id` = `user_link_role`.`role_id` where `user_link_role`.`user_id` = 1

2020-12-10 09:25:33: select * from `roles` where `id` in (1)

2020-12-10 09:25:33: select `menus`.*, `role_link_menu`.`role_id` as `pivot_role_id`, `role_link_menu`.`menu_id` as `pivot_menu_id`, `role_link_menu`.`commands` as `pivot_commands` from `menus` inner join `role_link_menu` on `menus`.`id` = `role_link_menu`.`menu_id` where `role_link_menu`.`role_id` = 1

2020-12-10 09:25:33: select * from `menus` where `id` in (7, 8, 10, 18, 19, 20, 21, 22, 23, 33, 36, 37, 38, 39, 40, 46, 47, 48, 49, 52, 53, 54, 56, 58, 60, 63, 72, 73, 28, 29, 6, 12, 13, 16, 71, 70, 89, 90) and `is_type` = 0 order by `is_sort` asc

2020-12-10 09:25:33: select * from `menus` where `id` in (7, 8, 10, 18, 19, 20, 21, 22, 23, 33, 36, 37, 38, 39, 40, 46, 47, 48, 49, 52, 53, 54, 56, 58, 60, 63, 72, 73, 28, 29, 6, 12, 13, 16, 71, 70, 89, 90) and `is_type` = 0 and `id` in (7, 8, 10, 18, 19, 20, 21, 22, 23, 33, 36, 37, 38, 39, 40, 46, 47, 48, 49, 52, 53, 54, 56, 58, 60, 63, 72, 73, 28, 29, 6, 12, 13, 16, 71, 70, 89, 90) order by `is_sort` asc

2020-12-10 09:25:40: select * from `users` where `id` = 1 limit 1

2020-12-10 09:25:40: select * from `users` where `id` = 1 limit 1

2020-12-10 09:25:40: select * from `users` where `id` = 1 limit 1

2020-12-10 09:25:41: select `roles`.*, `user_link_role`.`user_id` as `pivot_user_id`, `user_link_role`.`role_id` as `pivot_role_id` from `roles` inner join `user_link_role` on `roles`.`id` = `user_link_role`.`role_id` where `user_link_role`.`user_id` in (1)

2020-12-10 09:25:41: select * from `roles` where `id` = 1 limit 1

2020-12-10 09:25:41: select `hooks`.*, `role_link_hook`.`role_id` as `pivot_role_id`, `role_link_hook`.`hook_id` as `pivot_hook_id` from `hooks` inner join `role_link_hook` on `hooks`.`id` = `role_link_hook`.`hook_id` where `role_link_hook`.`role_id` in (1)

2020-12-10 09:25:41: select * from `config`

2020-12-10 09:25:43: select * from `users` where `id` = 1 limit 1

2020-12-10 09:25:43: select * from `users` where `id` = 1 limit 1

2020-12-10 09:25:43: select * from `users` where `id` = 1 limit 1

2020-12-10 09:25:43: select `roles`.*, `user_link_role`.`user_id` as `pivot_user_id`, `user_link_role`.`role_id` as `pivot_role_id` from `roles` inner join `user_link_role` on `roles`.`id` = `user_link_role`.`role_id` where `user_link_role`.`user_id` in (1)

2020-12-10 09:25:43: select * from `roles` where `id` = 1 limit 1

2020-12-10 09:25:43: select `hooks`.*, `role_link_hook`.`role_id` as `pivot_role_id`, `role_link_hook`.`hook_id` as `pivot_hook_id` from `hooks` inner join `role_link_hook` on `hooks`.`id` = `role_link_hook`.`hook_id` where `role_link_hook`.`role_id` in (1)

2020-12-10 09:28:25: select * from `users` where `id` = 1 limit 1

2020-12-10 09:28:25: select * from `users` where `id` = 1 limit 1

2020-12-10 09:28:25: select * from `users` where `id` = 1 limit 1

2020-12-10 09:28:25: select * from `users` where `id` = 1 limit 1

2020-12-10 09:28:25: select * from `users` where `id` = 1 limit 1

2020-12-10 09:28:25: select * from `users` where `id` = 1 limit 1

2020-12-10 09:28:25: select * from `users` where `id` = 1 limit 1

2020-12-10 09:28:25: select * from `users` where `id` = 1 limit 1

2020-12-10 09:28:25: select * from `users` where `id` = 1 limit 1

2020-12-10 09:28:25: select `roles`.*, `user_link_role`.`user_id` as `pivot_user_id`, `user_link_role`.`role_id` as `pivot_role_id` from `roles` inner join `user_link_role` on `roles`.`id` = `user_link_role`.`role_id` where `user_link_role`.`user_id` in (1)

2020-12-10 09:28:25: select `roles`.*, `user_link_role`.`user_id` as `pivot_user_id`, `user_link_role`.`role_id` as `pivot_role_id` from `roles` inner join `user_link_role` on `roles`.`id` = `user_link_role`.`role_id` where `user_link_role`.`user_id` in (1)

2020-12-10 09:28:25: select `roles`.*, `user_link_role`.`user_id` as `pivot_user_id`, `user_link_role`.`role_id` as `pivot_role_id` from `roles` inner join `user_link_role` on `roles`.`id` = `user_link_role`.`role_id` where `user_link_role`.`user_id` in (1)

2020-12-10 09:28:25: select * from `roles` where `id` = 1 limit 1

2020-12-10 09:28:25: select * from `roles` where `id` = 1 limit 1

2020-12-10 09:28:25: select * from `roles` where `id` = 1 limit 1

2020-12-10 09:28:25: select `hooks`.*, `role_link_hook`.`role_id` as `pivot_role_id`, `role_link_hook`.`hook_id` as `pivot_hook_id` from `hooks` inner join `role_link_hook` on `hooks`.`id` = `role_link_hook`.`hook_id` where `role_link_hook`.`role_id` in (1)

2020-12-10 09:28:25: select `hooks`.*, `role_link_hook`.`role_id` as `pivot_role_id`, `role_link_hook`.`hook_id` as `pivot_hook_id` from `hooks` inner join `role_link_hook` on `hooks`.`id` = `role_link_hook`.`hook_id` where `role_link_hook`.`role_id` in (1)

2020-12-10 09:28:25: select `hooks`.*, `role_link_hook`.`role_id` as `pivot_role_id`, `role_link_hook`.`hook_id` as `pivot_hook_id` from `hooks` inner join `role_link_hook` on `hooks`.`id` = `role_link_hook`.`hook_id` where `role_link_hook`.`role_id` in (1)

2020-12-10 09:28:26: select * from `users` where `users`.`id` = 1 limit 1

2020-12-10 09:28:26: select `roles`.*, `user_link_role`.`user_id` as `pivot_user_id`, `user_link_role`.`role_id` as `pivot_role_id` from `roles` inner join `user_link_role` on `roles`.`id` = `user_link_role`.`role_id` where `user_link_role`.`user_id` = 1

2020-12-10 09:28:26: select * from `roles` where `id` in (1)

2020-12-10 09:28:26: select `menus`.*, `role_link_menu`.`role_id` as `pivot_role_id`, `role_link_menu`.`menu_id` as `pivot_menu_id`, `role_link_menu`.`commands` as `pivot_commands` from `menus` inner join `role_link_menu` on `menus`.`id` = `role_link_menu`.`menu_id` where `role_link_menu`.`role_id` = 1

2020-12-10 09:28:26: select * from `menus` where `id` in (7, 8, 10, 18, 19, 20, 21, 22, 23, 33, 36, 37, 38, 39, 40, 46, 47, 48, 49, 52, 53, 54, 56, 58, 60, 63, 72, 73, 28, 29, 6, 12, 13, 16, 71, 70, 89, 90) and `is_type` = 0 order by `is_sort` asc

2020-12-10 09:28:26: select * from `menus` where `id` in (7, 8, 10, 18, 19, 20, 21, 22, 23, 33, 36, 37, 38, 39, 40, 46, 47, 48, 49, 52, 53, 54, 56, 58, 60, 63, 72, 73, 28, 29, 6, 12, 13, 16, 71, 70, 89, 90) and `is_type` = 0 and `id` in (7, 8, 10, 18, 19, 20, 21, 22, 23, 33, 36, 37, 38, 39, 40, 46, 47, 48, 49, 52, 53, 54, 56, 58, 60, 63, 72, 73, 28, 29, 6, 12, 13, 16, 71, 70, 89, 90) order by `is_sort` asc

2020-12-10 09:28:30: select * from `users` where `id` = 1 limit 1

2020-12-10 09:28:30: select * from `users` where `id` = 1 limit 1

2020-12-10 09:28:30: select * from `users` where `id` = 1 limit 1

2020-12-10 09:28:30: select `roles`.*, `user_link_role`.`user_id` as `pivot_user_id`, `user_link_role`.`role_id` as `pivot_role_id` from `roles` inner join `user_link_role` on `roles`.`id` = `user_link_role`.`role_id` where `user_link_role`.`user_id` in (1)

2020-12-10 09:28:30: select * from `roles` where `id` = 1 limit 1

2020-12-10 09:28:30: select `hooks`.*, `role_link_hook`.`role_id` as `pivot_role_id`, `role_link_hook`.`hook_id` as `pivot_hook_id` from `hooks` inner join `role_link_hook` on `hooks`.`id` = `role_link_hook`.`hook_id` where `role_link_hook`.`role_id` in (1)

2020-12-10 09:28:30: select * from `config`

2020-12-10 09:28:34: select * from `users` where `id` = 1 limit 1

2020-12-10 09:28:34: select * from `users` where `id` = 1 limit 1

2020-12-10 09:28:34: select * from `users` where `id` = 1 limit 1

2020-12-10 09:28:34: select `roles`.*, `user_link_role`.`user_id` as `pivot_user_id`, `user_link_role`.`role_id` as `pivot_role_id` from `roles` inner join `user_link_role` on `roles`.`id` = `user_link_role`.`role_id` where `user_link_role`.`user_id` in (1)

2020-12-10 09:28:34: select * from `roles` where `id` = 1 limit 1

2020-12-10 09:28:34: select `hooks`.*, `role_link_hook`.`role_id` as `pivot_role_id`, `role_link_hook`.`hook_id` as `pivot_hook_id` from `hooks` inner join `role_link_hook` on `hooks`.`id` = `role_link_hook`.`hook_id` where `role_link_hook`.`role_id` in (1)

2020-12-10 15:13:48: select * from `users` where `id` = 1 limit 1

2020-12-10 15:13:49: select * from `users` where `id` = 1 limit 1

2020-12-10 15:13:49: select * from `adv_position` where `ap_isuse` = 1 and `ap_name` = 'PC_积分商城首页' limit 1

2020-12-10 15:13:49: select * from `integral_goods` where (`goods_status` = 1) order by `live_status` desc, `is_hot` desc, `id` desc limit 5

2020-12-10 15:13:49: select * from `integral_class`

2020-12-10 15:13:49: select * from `integral_goods` where (`cid` = 2 and `goods_status` = 1)

2020-12-10 15:14:36: select * from `users` where `id` = 1 limit 1

2020-12-10 15:14:36: select * from `seckill` where `enable` = 1 order by `is_index` desc, `id` desc limit 1

2020-12-10 15:14:36: select count(*) as aggregate from `seckill_goods` where `sid` = 67 and exists (select * from `store` where `seckill_goods`.`goods_id` = `store`.`id`)

2020-12-10 15:14:36: select * from `goods_brand` where `id` in ('') order by `is_sort` desc

