2020-11-06 08:53:31: select * from `users` where `id` = 1 limit 1

2020-11-06 08:53:32: select * from `users` where `id` = 1 limit 1

2020-11-06 08:53:32: select * from `users` where `id` = 1 limit 1

2020-11-06 08:53:33: select * from `users` where `id` = 1 limit 1

2020-11-06 08:53:33: select * from `users` where `id` = 1 limit 1

2020-11-06 08:53:33: select * from `users` where `id` = 1 limit 1

2020-11-06 08:53:33: select * from `users` where `id` = 1 limit 1

2020-11-06 08:53:33: select * from `users` where `id` = 1 limit 1

2020-11-06 08:53:33: select * from `users` where `id` = 1 limit 1

2020-11-06 08:53:33: select `roles`.*, `user_link_role`.`user_id` as `pivot_user_id`, `user_link_role`.`role_id` as `pivot_role_id` from `roles` inner join `user_link_role` on `roles`.`id` = `user_link_role`.`role_id` where `user_link_role`.`user_id` in (1)

2020-11-06 08:53:33: select * from `users` where `id` = 1 limit 1

2020-11-06 08:53:34: select `roles`.*, `user_link_role`.`user_id` as `pivot_user_id`, `user_link_role`.`role_id` as `pivot_role_id` from `roles` inner join `user_link_role` on `roles`.`id` = `user_link_role`.`role_id` where `user_link_role`.`user_id` in (1)

2020-11-06 08:53:34: select `roles`.*, `user_link_role`.`user_id` as `pivot_user_id`, `user_link_role`.`role_id` as `pivot_role_id` from `roles` inner join `user_link_role` on `roles`.`id` = `user_link_role`.`role_id` where `user_link_role`.`user_id` in (1)

2020-11-06 08:53:34: select * from `roles` where `id` = 1 limit 1

2020-11-06 08:53:34: select * from `roles` where `id` = 1 limit 1

2020-11-06 08:53:34: select * from `roles` where `id` = 1 limit 1

2020-11-06 08:53:35: select `hooks`.*, `role_link_hook`.`role_id` as `pivot_role_id`, `role_link_hook`.`hook_id` as `pivot_hook_id` from `hooks` inner join `role_link_hook` on `hooks`.`id` = `role_link_hook`.`hook_id` where `role_link_hook`.`role_id` in (1)

2020-11-06 08:53:35: select `hooks`.*, `role_link_hook`.`role_id` as `pivot_role_id`, `role_link_hook`.`hook_id` as `pivot_hook_id` from `hooks` inner join `role_link_hook` on `hooks`.`id` = `role_link_hook`.`hook_id` where `role_link_hook`.`role_id` in (1)

2020-11-06 08:53:35: select * from `users` where `users`.`id` = 1 limit 1

2020-11-06 08:53:35: select sum(`total_price`) as aggregate from `orders`

2020-11-06 08:53:35: select `roles`.*, `user_link_role`.`user_id` as `pivot_user_id`, `user_link_role`.`role_id` as `pivot_role_id` from `roles` inner join `user_link_role` on `roles`.`id` = `user_link_role`.`role_id` where `user_link_role`.`user_id` = 1

2020-11-06 08:53:36: select sum(`total_price`) as aggregate from `orders` where `pay_time` > 1604592000 and `pay_time` < 1604678399

2020-11-06 08:53:38: select * from `roles` where `id` in (1)

2020-11-06 08:53:38: select `menus`.*, `role_link_menu`.`role_id` as `pivot_role_id`, `role_link_menu`.`menu_id` as `pivot_menu_id`, `role_link_menu`.`commands` as `pivot_commands` from `menus` inner join `role_link_menu` on `menus`.`id` = `role_link_menu`.`menu_id` where `role_link_menu`.`role_id` = 1

2020-11-06 08:53:38: select * from `users` where `id` = 1 limit 1

2020-11-06 08:53:38: select * from `menus` where `id` in (7, 8, 10, 18, 19, 20, 21, 22, 23, 33, 36, 37, 38, 39, 40, 46, 47, 48, 49, 52, 53, 54, 56, 58, 60, 63, 72, 73, 28, 29, 6, 12, 13) and `is_type` = 0 order by `is_sort` asc

2020-11-06 08:53:38: select * from `users` where `id` = 1 limit 1

2020-11-06 08:53:38: select * from `users` where `id` = 1 limit 1

2020-11-06 08:53:38: select `roles`.*, `user_link_role`.`user_id` as `pivot_user_id`, `user_link_role`.`role_id` as `pivot_role_id` from `roles` inner join `user_link_role` on `roles`.`id` = `user_link_role`.`role_id` where `user_link_role`.`user_id` in (1)

2020-11-06 08:53:38: select * from `roles` where `id` = 1 limit 1

2020-11-06 08:53:39: select `hooks`.*, `role_link_hook`.`role_id` as `pivot_role_id`, `role_link_hook`.`hook_id` as `pivot_hook_id` from `hooks` inner join `role_link_hook` on `hooks`.`id` = `role_link_hook`.`hook_id` where `role_link_hook`.`role_id` in (1)

2020-11-06 08:53:39: select * from `menus` where `id` in (7, 8, 10, 18, 19, 20, 21, 22, 23, 33, 36, 37, 38, 39, 40, 46, 47, 48, 49, 52, 53, 54, 56, 58, 60, 63, 72, 73, 28, 29, 6, 12, 13) and `is_type` = 0 and `id` in (7, 8, 10, 18, 19, 20, 21, 22, 23, 33, 36, 37, 38, 39, 40, 46, 47, 48, 49, 52, 53, 54, 56, 58, 60, 63, 72, 73, 28, 29, 6, 12, 13) order by `is_sort` asc

2020-11-06 08:53:40: select * from `users` where `id` = 1 limit 1

2020-11-06 08:53:40: select * from `users` where `id` = 1 limit 1

2020-11-06 08:53:41: select * from `users` where `id` = 1 limit 1

2020-11-06 08:53:41: select `roles`.*, `user_link_role`.`user_id` as `pivot_user_id`, `user_link_role`.`role_id` as `pivot_role_id` from `roles` inner join `user_link_role` on `roles`.`id` = `user_link_role`.`role_id` where `user_link_role`.`user_id` in (1)

2020-11-06 08:53:41: select * from `roles` where `id` = 1 limit 1

2020-11-06 08:53:42: select * from `users` where `id` = 1 limit 1

2020-11-06 08:53:42: select `hooks`.*, `role_link_hook`.`role_id` as `pivot_role_id`, `role_link_hook`.`hook_id` as `pivot_hook_id` from `hooks` inner join `role_link_hook` on `hooks`.`id` = `role_link_hook`.`hook_id` where `role_link_hook`.`role_id` in (1)

2020-11-06 08:53:42: select * from `users` where `id` = 1 limit 1

2020-11-06 08:53:42: select `hooks`.*, `role_link_hook`.`role_id` as `pivot_role_id`, `role_link_hook`.`hook_id` as `pivot_hook_id` from `hooks` inner join `role_link_hook` on `hooks`.`id` = `role_link_hook`.`hook_id` where `role_link_hook`.`role_id` in (1)

2020-11-06 08:53:43: select * from `users` where `users`.`id` = 1 limit 1

2020-11-06 08:53:43: select `roles`.*, `user_link_role`.`user_id` as `pivot_user_id`, `user_link_role`.`role_id` as `pivot_role_id` from `roles` inner join `user_link_role` on `roles`.`id` = `user_link_role`.`role_id` where `user_link_role`.`user_id` = 1

2020-11-06 08:53:43: select * from `users` where `id` = 1 limit 1

2020-11-06 08:53:43: select `roles`.*, `user_link_role`.`user_id` as `pivot_user_id`, `user_link_role`.`role_id` as `pivot_role_id` from `roles` inner join `user_link_role` on `roles`.`id` = `user_link_role`.`role_id` where `user_link_role`.`user_id` in (1)

2020-11-06 08:53:43: select * from `roles` where `id` = 1 limit 1

2020-11-06 08:53:43: select * from `roles` where `id` in (1)

2020-11-06 08:53:44: select `hooks`.*, `role_link_hook`.`role_id` as `pivot_role_id`, `role_link_hook`.`hook_id` as `pivot_hook_id` from `hooks` inner join `role_link_hook` on `hooks`.`id` = `role_link_hook`.`hook_id` where `role_link_hook`.`role_id` in (1)

2020-11-06 08:53:44: select `menus`.*, `role_link_menu`.`role_id` as `pivot_role_id`, `role_link_menu`.`menu_id` as `pivot_menu_id`, `role_link_menu`.`commands` as `pivot_commands` from `menus` inner join `role_link_menu` on `menus`.`id` = `role_link_menu`.`menu_id` where `role_link_menu`.`role_id` = 1

2020-11-06 08:53:44: select sum(`total_price`) as aggregate from `orders`

2020-11-06 08:53:44: select * from `menus` where `id` in (7, 8, 10, 18, 19, 20, 21, 22, 23, 33, 36, 37, 38, 39, 40, 46, 47, 48, 49, 52, 53, 54, 56, 58, 60, 63, 72, 73, 28, 29, 6, 12, 13) and `is_type` = 0 order by `is_sort` asc

2020-11-06 08:53:44: select sum(`total_price`) as aggregate from `orders` where `pay_time` > 1604592000 and `pay_time` < 1604678399

2020-11-06 08:53:44: select count(*) as aggregate from `orders` where (`pay_status` = 0 and `order_status` < 2 and `refund_status` = 0)

2020-11-06 08:53:44: select * from `menus` where `id` in (7, 8, 10, 18, 19, 20, 21, 22, 23, 33, 36, 37, 38, 39, 40, 46, 47, 48, 49, 52, 53, 54, 56, 58, 60, 63, 72, 73, 28, 29, 6, 12, 13) and `is_type` = 0 and `id` in (7, 8, 10, 18, 19, 20, 21, 22, 23, 33, 36, 37, 38, 39, 40, 46, 47, 48, 49, 52, 53, 54, 56, 58, 60, 63, 72, 73, 28, 29, 6, 12, 13) order by `is_sort` asc

2020-11-06 08:53:44: select count(*) as aggregate from `orders` where (`pay_status` = 1 and `delivery_status` = 0 and `refund_status` = 0)

2020-11-06 08:53:44: select count(*) as aggregate from `orders` where (`pay_status` = 1 and `delivery_status` = 1 and `comment_status` = 1 and `order_status` = 1 and `refund_status` = 0)

2020-11-06 08:53:44: select `users`, `format_time` from `crontab_day` where `format_time` in ('2020-11-01', '2020-11-02', '2020-11-03', '2020-11-04', '2020-11-05', '2020-11-06', '2020-11-07') group by `format_time` order by `id` asc

2020-11-06 08:53:44: select `users`, `format_time` from `crontab_day` where `format_time` in ('2020-10-26', '2020-10-27', '2020-10-28', '2020-10-29', '2020-10-30', '2020-10-31', '2020-11-01') group by `format_time` order by `id` asc

2020-11-06 08:53:45: select `price`, `format_time` from `crontab_month` where `format_time` in ('2020-01-01', '2020-02-01', '2020-03-01', '2020-04-01', '2020-05-01', '2020-06-01', '2020-07-01', '2020-08-01', '2020-09-01', '2020-10-01', '2020-11-01', '2020-12-01') group by `format_time` order by `id` asc

2020-11-06 08:53:45: select (select sum(price) from crontab_day as B where B.user_id = crontab_day.user_id) as sum_total,crontab_day.user_id from `crontab_day` group by `user_id` order by `sum_total` desc limit 6

2020-11-06 08:53:45: select * from `store` where `user_id` = 1 limit 1

2020-11-06 08:54:02: select count(*) as aggregate from `orders` where (`pay_status` = 0 and `order_status` < 2 and `refund_status` = 0)

2020-11-06 08:54:02: select count(*) as aggregate from `orders` where (`pay_status` = 1 and `delivery_status` = 0 and `refund_status` = 0)

2020-11-06 08:54:02: select count(*) as aggregate from `orders` where (`pay_status` = 1 and `delivery_status` = 1 and `comment_status` = 1 and `order_status` = 1 and `refund_status` = 0)

2020-11-06 08:54:03: select `users`, `format_time` from `crontab_day` where `format_time` in ('2020-11-01', '2020-11-02', '2020-11-03', '2020-11-04', '2020-11-05', '2020-11-06', '2020-11-07') group by `format_time` order by `id` asc

2020-11-06 08:54:03: select `users`, `format_time` from `crontab_day` where `format_time` in ('2020-10-26', '2020-10-27', '2020-10-28', '2020-10-29', '2020-10-30', '2020-10-31', '2020-11-01') group by `format_time` order by `id` asc

2020-11-06 08:54:03: select `price`, `format_time` from `crontab_month` where `format_time` in ('2020-01-01', '2020-02-01', '2020-03-01', '2020-04-01', '2020-05-01', '2020-06-01', '2020-07-01', '2020-08-01', '2020-09-01', '2020-10-01', '2020-11-01', '2020-12-01') group by `format_time` order by `id` asc

2020-11-06 08:54:03: select (select sum(price) from crontab_day as B where B.user_id = crontab_day.user_id) as sum_total,crontab_day.user_id from `crontab_day` group by `user_id` order by `sum_total` desc limit 6

2020-11-06 08:54:04: select * from `store` where `user_id` = 1 limit 1

2020-11-06 09:06:47: select * from `users` where `id` = 1 limit 1

2020-11-06 09:06:48: select * from `users` where `id` = 1 limit 1

2020-11-06 09:06:48: select * from `users` where `id` = 1 limit 1

2020-11-06 09:06:49: select `roles`.*, `user_link_role`.`user_id` as `pivot_user_id`, `user_link_role`.`role_id` as `pivot_role_id` from `roles` inner join `user_link_role` on `roles`.`id` = `user_link_role`.`role_id` where `user_link_role`.`user_id` in (1)

2020-11-06 09:06:49: select * from `roles` where `id` = 1 limit 1

2020-11-06 09:06:49: select `hooks`.*, `role_link_hook`.`role_id` as `pivot_role_id`, `role_link_hook`.`hook_id` as `pivot_hook_id` from `hooks` inner join `role_link_hook` on `hooks`.`id` = `role_link_hook`.`hook_id` where `role_link_hook`.`role_id` in (1)

2020-11-06 09:06:49: select * from `menus` where `url` = '/Admin/config/web_config' limit 1

2020-11-06 09:06:50: select * from `menus` where `id` = 6 limit 1

2020-11-06 09:06:50: select * from `users` where `id` = 1 limit 1

2020-11-06 09:06:50: select * from `users` where `id` = 1 limit 1

2020-11-06 09:06:51: select * from `users` where `id` = 1 limit 1

2020-11-06 09:06:51: select `roles`.*, `user_link_role`.`user_id` as `pivot_user_id`, `user_link_role`.`role_id` as `pivot_role_id` from `roles` inner join `user_link_role` on `roles`.`id` = `user_link_role`.`role_id` where `user_link_role`.`user_id` in (1)

2020-11-06 09:06:51: select * from `roles` where `id` = 1 limit 1

2020-11-06 09:06:52: select `hooks`.*, `role_link_hook`.`role_id` as `pivot_role_id`, `role_link_hook`.`hook_id` as `pivot_hook_id` from `hooks` inner join `role_link_hook` on `hooks`.`id` = `role_link_hook`.`hook_id` where `role_link_hook`.`role_id` in (1)

2020-11-06 09:06:52: select * from `config`

2020-11-06 09:06:57: select * from `users` where `id` = 1 limit 1

2020-11-06 09:06:57: select * from `users` where `id` = 1 limit 1

2020-11-06 09:06:57: select * from `users` where `id` = 1 limit 1

2020-11-06 09:06:57: select `roles`.*, `user_link_role`.`user_id` as `pivot_user_id`, `user_link_role`.`role_id` as `pivot_role_id` from `roles` inner join `user_link_role` on `roles`.`id` = `user_link_role`.`role_id` where `user_link_role`.`user_id` in (1)

2020-11-06 09:06:58: select * from `roles` where `id` = 1 limit 1

2020-11-06 09:06:58: select * from `users` where `id` = 1 limit 1

2020-11-06 09:06:58: select * from `users` where `id` = 1 limit 1

2020-11-06 09:06:58: select * from `users` where `id` = 1 limit 1

2020-11-06 09:06:58: select * from `users` where `id` = 1 limit 1

2020-11-06 09:06:58: select `roles`.*, `user_link_role`.`user_id` as `pivot_user_id`, `user_link_role`.`role_id` as `pivot_role_id` from `roles` inner join `user_link_role` on `roles`.`id` = `user_link_role`.`role_id` where `user_link_role`.`user_id` in (1)

2020-11-06 09:06:58: select * from `roles` where `id` = 1 limit 1

2020-11-06 09:06:59: select * from `users` where `id` = 1 limit 1

2020-11-06 09:06:59: select `hooks`.*, `role_link_hook`.`role_id` as `pivot_role_id`, `role_link_hook`.`hook_id` as `pivot_hook_id` from `hooks` inner join `role_link_hook` on `hooks`.`id` = `role_link_hook`.`hook_id` where `role_link_hook`.`role_id` in (1)

2020-11-06 09:06:59: select * from `users` where `id` = 1 limit 1

2020-11-06 09:06:59: select * from `users` where `users`.`id` = 1 limit 1

2020-11-06 09:06:59: select `roles`.*, `user_link_role`.`user_id` as `pivot_user_id`, `user_link_role`.`role_id` as `pivot_role_id` from `roles` inner join `user_link_role` on `roles`.`id` = `user_link_role`.`role_id` where `user_link_role`.`user_id` in (1)

2020-11-06 09:06:59: select `roles`.*, `user_link_role`.`user_id` as `pivot_user_id`, `user_link_role`.`role_id` as `pivot_role_id` from `roles` inner join `user_link_role` on `roles`.`id` = `user_link_role`.`role_id` where `user_link_role`.`user_id` = 1

2020-11-06 09:06:59: select * from `roles` where `id` = 1 limit 1

2020-11-06 09:06:59: select * from `roles` where `id` in (1)

2020-11-06 09:06:59: select `hooks`.*, `role_link_hook`.`role_id` as `pivot_role_id`, `role_link_hook`.`hook_id` as `pivot_hook_id` from `hooks` inner join `role_link_hook` on `hooks`.`id` = `role_link_hook`.`hook_id` where `role_link_hook`.`role_id` in (1)

2020-11-06 09:07:00: select count(*) as aggregate from `sms_log`

2020-11-06 09:07:00: select `menus`.*, `role_link_menu`.`role_id` as `pivot_role_id`, `role_link_menu`.`menu_id` as `pivot_menu_id`, `role_link_menu`.`commands` as `pivot_commands` from `menus` inner join `role_link_menu` on `menus`.`id` = `role_link_menu`.`menu_id` where `role_link_menu`.`role_id` = 1

2020-11-06 09:07:00: select * from `sms_log` order by `id` desc limit 20 offset 0

2020-11-06 09:07:01: select * from `menus` where `id` in (7, 8, 10, 18, 19, 20, 21, 22, 23, 33, 36, 37, 38, 39, 40, 46, 47, 48, 49, 52, 53, 54, 56, 58, 60, 63, 72, 73, 28, 29, 6, 12, 13) and `is_type` = 0 order by `is_sort` asc

2020-11-06 09:07:02: select * from `menus` where `id` in (7, 8, 10, 18, 19, 20, 21, 22, 23, 33, 36, 37, 38, 39, 40, 46, 47, 48, 49, 52, 53, 54, 56, 58, 60, 63, 72, 73, 28, 29, 6, 12, 13) and `is_type` = 0 and `id` in (7, 8, 10, 18, 19, 20, 21, 22, 23, 33, 36, 37, 38, 39, 40, 46, 47, 48, 49, 52, 53, 54, 56, 58, 60, 63, 72, 73, 28, 29, 6, 12, 13) order by `is_sort` asc

2020-11-06 09:07:04: select `hooks`.*, `role_link_hook`.`role_id` as `pivot_role_id`, `role_link_hook`.`hook_id` as `pivot_hook_id` from `hooks` inner join `role_link_hook` on `hooks`.`id` = `role_link_hook`.`hook_id` where `role_link_hook`.`role_id` in (1)

2020-11-06 09:20:41: select * from `users` where `id` = 1 limit 1

2020-11-06 09:20:41: select * from `users` where `id` = 1 limit 1

2020-11-06 09:20:41: select * from `users` where `id` = 1 limit 1

2020-11-06 09:20:42: select `roles`.*, `user_link_role`.`user_id` as `pivot_user_id`, `user_link_role`.`role_id` as `pivot_role_id` from `roles` inner join `user_link_role` on `roles`.`id` = `user_link_role`.`role_id` where `user_link_role`.`user_id` in (1)

2020-11-06 09:20:42: select * from `roles` where `id` = 1 limit 1

2020-11-06 09:20:42: select `hooks`.*, `role_link_hook`.`role_id` as `pivot_role_id`, `role_link_hook`.`hook_id` as `pivot_hook_id` from `hooks` inner join `role_link_hook` on `hooks`.`id` = `role_link_hook`.`hook_id` where `role_link_hook`.`role_id` in (1)

2020-11-06 09:20:42: select * from `users` where `users`.`id` = 1 limit 1

2020-11-06 09:20:42: select `roles`.*, `user_link_role`.`user_id` as `pivot_user_id`, `user_link_role`.`role_id` as `pivot_role_id` from `roles` inner join `user_link_role` on `roles`.`id` = `user_link_role`.`role_id` where `user_link_role`.`user_id` = 1

2020-11-06 09:20:42: select * from `roles` where `id` in (1)

2020-11-06 09:20:43: select `menus`.*, `role_link_menu`.`role_id` as `pivot_role_id`, `role_link_menu`.`menu_id` as `pivot_menu_id`, `role_link_menu`.`commands` as `pivot_commands` from `menus` inner join `role_link_menu` on `menus`.`id` = `role_link_menu`.`menu_id` where `role_link_menu`.`role_id` = 1

2020-11-06 09:20:43: select * from `users` where `id` = 1 limit 1

2020-11-06 09:20:43: select * from `menus` where `id` in (7, 8, 10, 18, 19, 20, 21, 22, 23, 33, 36, 37, 38, 39, 40, 46, 47, 48, 49, 52, 53, 54, 56, 58, 60, 63, 72, 73, 28, 29, 6, 12, 13) and `is_type` = 0 order by `is_sort` asc

2020-11-06 09:20:43: select * from `menus` where `id` in (7, 8, 10, 18, 19, 20, 21, 22, 23, 33, 36, 37, 38, 39, 40, 46, 47, 48, 49, 52, 53, 54, 56, 58, 60, 63, 72, 73, 28, 29, 6, 12, 13) and `is_type` = 0 and `id` in (7, 8, 10, 18, 19, 20, 21, 22, 23, 33, 36, 37, 38, 39, 40, 46, 47, 48, 49, 52, 53, 54, 56, 58, 60, 63, 72, 73, 28, 29, 6, 12, 13) order by `is_sort` asc

2020-11-06 09:20:44: select * from `users` where `id` = 1 limit 1

2020-11-06 09:20:44: select * from `users` where `id` = 1 limit 1

2020-11-06 09:20:44: select `roles`.*, `user_link_role`.`user_id` as `pivot_user_id`, `user_link_role`.`role_id` as `pivot_role_id` from `roles` inner join `user_link_role` on `roles`.`id` = `user_link_role`.`role_id` where `user_link_role`.`user_id` in (1)

2020-11-06 09:20:44: select * from `roles` where `id` = 1 limit 1

2020-11-06 09:20:45: select `hooks`.*, `role_link_hook`.`role_id` as `pivot_role_id`, `role_link_hook`.`hook_id` as `pivot_hook_id` from `hooks` inner join `role_link_hook` on `hooks`.`id` = `role_link_hook`.`hook_id` where `role_link_hook`.`role_id` in (1)

2020-11-06 09:20:45: select count(*) as aggregate from `sms_log`

2020-11-06 09:20:45: select * from `sms_log` order by `id` desc limit 20 offset 0

2020-11-06 09:20:47: select * from `users` where `id` = 1 limit 1

2020-11-06 09:20:47: select * from `users` where `id` = 1 limit 1

2020-11-06 09:20:47: select * from `users` where `id` = 1 limit 1

2020-11-06 09:20:47: select `roles`.*, `user_link_role`.`user_id` as `pivot_user_id`, `user_link_role`.`role_id` as `pivot_role_id` from `roles` inner join `user_link_role` on `roles`.`id` = `user_link_role`.`role_id` where `user_link_role`.`user_id` in (1)

2020-11-06 09:20:48: select * from `roles` where `id` = 1 limit 1

2020-11-06 09:20:49: select `hooks`.*, `role_link_hook`.`role_id` as `pivot_role_id`, `role_link_hook`.`hook_id` as `pivot_hook_id` from `hooks` inner join `role_link_hook` on `hooks`.`id` = `role_link_hook`.`hook_id` where `role_link_hook`.`role_id` in (1)

2020-11-06 09:20:52: select * from `users` where `id` = 1 limit 1

2020-11-06 09:20:52: select * from `users` where `id` = 1 limit 1

2020-11-06 09:20:52: select * from `users` where `id` = 1 limit 1

2020-11-06 09:20:53: select `roles`.*, `user_link_role`.`user_id` as `pivot_user_id`, `user_link_role`.`role_id` as `pivot_role_id` from `roles` inner join `user_link_role` on `roles`.`id` = `user_link_role`.`role_id` where `user_link_role`.`user_id` in (1)

2020-11-06 09:20:53: select * from `roles` where `id` = 1 limit 1

2020-11-06 09:20:54: select `hooks`.*, `role_link_hook`.`role_id` as `pivot_role_id`, `role_link_hook`.`hook_id` as `pivot_hook_id` from `hooks` inner join `role_link_hook` on `hooks`.`id` = `role_link_hook`.`hook_id` where `role_link_hook`.`role_id` in (1)

2020-11-06 09:20:54: select * from `goods_class` order by `is_sort` asc

2020-11-06 09:20:55: select * from `users` where `id` = 1 limit 1

2020-11-06 09:20:55: select * from `users` where `id` = 1 limit 1

2020-11-06 09:20:56: select * from `users` where `id` = 1 limit 1

2020-11-06 09:20:56: select `roles`.*, `user_link_role`.`user_id` as `pivot_user_id`, `user_link_role`.`role_id` as `pivot_role_id` from `roles` inner join `user_link_role` on `roles`.`id` = `user_link_role`.`role_id` where `user_link_role`.`user_id` in (1)

2020-11-06 09:20:56: select * from `roles` where `id` = 1 limit 1

2020-11-06 09:20:56: select `hooks`.*, `role_link_hook`.`role_id` as `pivot_role_id`, `role_link_hook`.`hook_id` as `pivot_hook_id` from `hooks` inner join `role_link_hook` on `hooks`.`id` = `role_link_hook`.`hook_id` where `role_link_hook`.`role_id` in (1)

2020-11-06 09:20:58: select * from `menus` where `url` = '/Admin/goods_class/index' limit 1

2020-11-06 09:21:01: select * from `users` where `id` = 1 limit 1

2020-11-06 09:21:01: select * from `users` where `id` = 1 limit 1

2020-11-06 09:21:01: select * from `users` where `id` = 1 limit 1

2020-11-06 09:21:02: select * from `users` where `id` = 1 limit 1

2020-11-06 09:21:02: select * from `users` where `id` = 1 limit 1

2020-11-06 09:21:02: select `roles`.*, `user_link_role`.`user_id` as `pivot_user_id`, `user_link_role`.`role_id` as `pivot_role_id` from `roles` inner join `user_link_role` on `roles`.`id` = `user_link_role`.`role_id` where `user_link_role`.`user_id` in (1)

2020-11-06 09:21:02: select * from `users` where `id` = 1 limit 1

2020-11-06 09:21:02: select * from `roles` where `id` = 1 limit 1

2020-11-06 09:21:02: select `roles`.*, `user_link_role`.`user_id` as `pivot_user_id`, `user_link_role`.`role_id` as `pivot_role_id` from `roles` inner join `user_link_role` on `roles`.`id` = `user_link_role`.`role_id` where `user_link_role`.`user_id` in (1)

2020-11-06 09:21:03: select * from `roles` where `id` = 1 limit 1

2020-11-06 09:21:03: select `hooks`.*, `role_link_hook`.`role_id` as `pivot_role_id`, `role_link_hook`.`hook_id` as `pivot_hook_id` from `hooks` inner join `role_link_hook` on `hooks`.`id` = `role_link_hook`.`hook_id` where `role_link_hook`.`role_id` in (1)

2020-11-06 09:21:03: select * from `menus` where `url` = '/Admin/goods/index' limit 1

2020-11-06 09:21:03: select * from `menus` where `id` = 18 limit 1

2020-11-06 09:21:04: select `hooks`.*, `role_link_hook`.`role_id` as `pivot_role_id`, `role_link_hook`.`hook_id` as `pivot_hook_id` from `hooks` inner join `role_link_hook` on `hooks`.`id` = `role_link_hook`.`hook_id` where `role_link_hook`.`role_id` in (1)

2020-11-06 09:21:04: select count(*) as aggregate from `goods`

2020-11-06 09:21:06: select * from `users` where `id` = 1 limit 1

2020-11-06 09:21:07: select * from `users` where `id` = 1 limit 1

2020-11-06 09:21:07: select * from `users` where `id` = 1 limit 1

2020-11-06 09:21:07: select `roles`.*, `user_link_role`.`user_id` as `pivot_user_id`, `user_link_role`.`role_id` as `pivot_role_id` from `roles` inner join `user_link_role` on `roles`.`id` = `user_link_role`.`role_id` where `user_link_role`.`user_id` in (1)

2020-11-06 09:21:07: select * from `users` where `id` = 1 limit 1

2020-11-06 09:21:07: select * from `roles` where `id` = 1 limit 1

2020-11-06 09:21:08: select * from `users` where `id` = 1 limit 1

2020-11-06 09:21:08: select `hooks`.*, `role_link_hook`.`role_id` as `pivot_role_id`, `role_link_hook`.`hook_id` as `pivot_hook_id` from `hooks` inner join `role_link_hook` on `hooks`.`id` = `role_link_hook`.`hook_id` where `role_link_hook`.`role_id` in (1)

2020-11-06 09:21:08: select * from `users` where `id` = 1 limit 1

2020-11-06 09:21:08: select * from `goods` order by `id` desc limit 20 offset 0

2020-11-06 09:21:08: select `roles`.*, `user_link_role`.`user_id` as `pivot_user_id`, `user_link_role`.`role_id` as `pivot_role_id` from `roles` inner join `user_link_role` on `roles`.`id` = `user_link_role`.`role_id` where `user_link_role`.`user_id` in (1)

2020-11-06 09:21:08: select count(*) as aggregate from `goods`

2020-11-06 09:21:08: select * from `roles` where `id` = 1 limit 1

2020-11-06 09:21:08: select * from `goods` order by `id` desc limit 20 offset 0

2020-11-06 09:21:08: select * from `goods_spec` where `goods_spec`.`goods_id` in (77, 78, 83, 85, 86, 88)

2020-11-06 09:21:08: select * from `users` where `id` = 1 limit 1

2020-11-06 09:21:08: select * from `goods_spec` where `goods_spec`.`goods_id` in (77, 78, 83, 85, 86, 88)

2020-11-06 09:21:08: select * from `users` where `id` = 1 limit 1

2020-11-06 09:21:08: select * from `users` where `id` = 1 limit 1

2020-11-06 09:21:09: select `hooks`.*, `role_link_hook`.`role_id` as `pivot_role_id`, `role_link_hook`.`hook_id` as `pivot_hook_id` from `hooks` inner join `role_link_hook` on `hooks`.`id` = `role_link_hook`.`hook_id` where `role_link_hook`.`role_id` in (1)

2020-11-06 09:21:09: select * from `users` where `users`.`id` = 1 limit 1

2020-11-06 09:21:09: select `roles`.*, `user_link_role`.`user_id` as `pivot_user_id`, `user_link_role`.`role_id` as `pivot_role_id` from `roles` inner join `user_link_role` on `roles`.`id` = `user_link_role`.`role_id` where `user_link_role`.`user_id` = 1

2020-11-06 09:21:09: select * from `roles` where `id` in (1)

2020-11-06 09:21:09: select * from `users` where `id` = 1 limit 1

2020-11-06 09:21:10: select * from `users` where `id` = 1 limit 1

2020-11-06 09:21:10: select `roles`.*, `user_link_role`.`user_id` as `pivot_user_id`, `user_link_role`.`role_id` as `pivot_role_id` from `roles` inner join `user_link_role` on `roles`.`id` = `user_link_role`.`role_id` where `user_link_role`.`user_id` in (1)

2020-11-06 09:21:10: select * from `users` where `id` = 1 limit 1

2020-11-06 09:21:11: select `roles`.*, `user_link_role`.`user_id` as `pivot_user_id`, `user_link_role`.`role_id` as `pivot_role_id` from `roles` inner join `user_link_role` on `roles`.`id` = `user_link_role`.`role_id` where `user_link_role`.`user_id` in (1)

2020-11-06 09:21:12: select * from `roles` where `id` = 1 limit 1

2020-11-06 09:21:12: select `menus`.*, `role_link_menu`.`role_id` as `pivot_role_id`, `role_link_menu`.`menu_id` as `pivot_menu_id`, `role_link_menu`.`commands` as `pivot_commands` from `menus` inner join `role_link_menu` on `menus`.`id` = `role_link_menu`.`menu_id` where `role_link_menu`.`role_id` = 1

2020-11-06 09:21:12: select * from `menus` where `id` in (7, 8, 10, 18, 19, 20, 21, 22, 23, 33, 36, 37, 38, 39, 40, 46, 47, 48, 49, 52, 53, 54, 56, 58, 60, 63, 72, 73, 28, 29, 6, 12, 13) and `is_type` = 0 order by `is_sort` asc

2020-11-06 09:21:12: select `hooks`.*, `role_link_hook`.`role_id` as `pivot_role_id`, `role_link_hook`.`hook_id` as `pivot_hook_id` from `hooks` inner join `role_link_hook` on `hooks`.`id` = `role_link_hook`.`hook_id` where `role_link_hook`.`role_id` in (1)

2020-11-06 09:21:12: select * from `menus` where `id` in (7, 8, 10, 18, 19, 20, 21, 22, 23, 33, 36, 37, 38, 39, 40, 46, 47, 48, 49, 52, 53, 54, 56, 58, 60, 63, 72, 73, 28, 29, 6, 12, 13) and `is_type` = 0 and `id` in (7, 8, 10, 18, 19, 20, 21, 22, 23, 33, 36, 37, 38, 39, 40, 46, 47, 48, 49, 52, 53, 54, 56, 58, 60, 63, 72, 73, 28, 29, 6, 12, 13) order by `is_sort` asc

2020-11-06 09:21:12: select count(*) as aggregate from `goods` where `goods_verify` = 2

2020-11-06 09:21:12: select * from `menus` where `id` = 18 limit 1

2020-11-06 09:21:49: select * from `roles` where `id` = 1 limit 1

2020-11-06 09:21:50: select `hooks`.*, `role_link_hook`.`role_id` as `pivot_role_id`, `role_link_hook`.`hook_id` as `pivot_hook_id` from `hooks` inner join `role_link_hook` on `hooks`.`id` = `role_link_hook`.`hook_id` where `role_link_hook`.`role_id` in (1)

2020-11-06 09:21:58: select * from `users` where `id` = 1 limit 1

2020-11-06 09:21:58: select * from `users` where `id` = 1 limit 1

2020-11-06 09:21:58: select * from `users` where `id` = 1 limit 1

2020-11-06 09:21:58: select `roles`.*, `user_link_role`.`user_id` as `pivot_user_id`, `user_link_role`.`role_id` as `pivot_role_id` from `roles` inner join `user_link_role` on `roles`.`id` = `user_link_role`.`role_id` where `user_link_role`.`user_id` in (1)

2020-11-06 09:21:59: select * from `users` where `id` = 1 limit 1

2020-11-06 09:21:59: select * from `roles` where `id` = 1 limit 1

2020-11-06 09:21:59: select * from `users` where `id` = 1 limit 1

2020-11-06 09:21:59: select `hooks`.*, `role_link_hook`.`role_id` as `pivot_role_id`, `role_link_hook`.`hook_id` as `pivot_hook_id` from `hooks` inner join `role_link_hook` on `hooks`.`id` = `role_link_hook`.`hook_id` where `role_link_hook`.`role_id` in (1)

2020-11-06 09:22:00: select * from `menus` where `url` = '/Admin/goods_class/index' limit 1

2020-11-06 09:22:00: select * from `menus` where `id` = 18 limit 1

2020-11-06 09:22:00: select * from `users` where `id` = 1 limit 1

2020-11-06 09:22:00: select `roles`.*, `user_link_role`.`user_id` as `pivot_user_id`, `user_link_role`.`role_id` as `pivot_role_id` from `roles` inner join `user_link_role` on `roles`.`id` = `user_link_role`.`role_id` where `user_link_role`.`user_id` in (1)

2020-11-06 09:22:00: select * from `roles` where `id` = 1 limit 1

2020-11-06 09:22:01: select `hooks`.*, `role_link_hook`.`role_id` as `pivot_role_id`, `role_link_hook`.`hook_id` as `pivot_hook_id` from `hooks` inner join `role_link_hook` on `hooks`.`id` = `role_link_hook`.`hook_id` where `role_link_hook`.`role_id` in (1)

2020-11-06 09:22:05: select * from `goods_class` order by `is_sort` asc

2020-11-06 11:31:17: select * from `users` where `id` = 1 limit 1

2020-11-06 11:31:20: select * from `users` where `id` = 1 limit 1

2020-11-06 11:31:22: select * from `users` where `id` = 1 limit 1

2020-11-06 11:31:22: select * from `users` where `id` = 1 limit 1

2020-11-06 11:31:23: select `roles`.*, `user_link_role`.`user_id` as `pivot_user_id`, `user_link_role`.`role_id` as `pivot_role_id` from `roles` inner join `user_link_role` on `roles`.`id` = `user_link_role`.`role_id` where `user_link_role`.`user_id` in (1)

2020-11-06 11:31:23: select * from `users` where `id` = 1 limit 1

2020-11-06 11:31:23: select * from `users` where `id` = 1 limit 1

2020-11-06 11:31:24: select * from `users` where `id` = 1 limit 1

2020-11-06 11:31:25: select * from `roles` where `id` = 1 limit 1

2020-11-06 11:31:25: select * from `users` where `id` = 1 limit 1

2020-11-06 11:31:25: select * from `users` where `id` = 1 limit 1

2020-11-06 11:31:26: select `roles`.*, `user_link_role`.`user_id` as `pivot_user_id`, `user_link_role`.`role_id` as `pivot_role_id` from `roles` inner join `user_link_role` on `roles`.`id` = `user_link_role`.`role_id` where `user_link_role`.`user_id` in (1)

2020-11-06 11:31:27: select * from `roles` where `id` = 1 limit 1

2020-11-06 11:31:28: select `roles`.*, `user_link_role`.`user_id` as `pivot_user_id`, `user_link_role`.`role_id` as `pivot_role_id` from `roles` inner join `user_link_role` on `roles`.`id` = `user_link_role`.`role_id` where `user_link_role`.`user_id` in (1)

2020-11-06 11:31:29: select * from `roles` where `id` = 1 limit 1

2020-11-06 11:31:32: select `hooks`.*, `role_link_hook`.`role_id` as `pivot_role_id`, `role_link_hook`.`hook_id` as `pivot_hook_id` from `hooks` inner join `role_link_hook` on `hooks`.`id` = `role_link_hook`.`hook_id` where `role_link_hook`.`role_id` in (1)

2020-11-06 11:31:32: select `hooks`.*, `role_link_hook`.`role_id` as `pivot_role_id`, `role_link_hook`.`hook_id` as `pivot_hook_id` from `hooks` inner join `role_link_hook` on `hooks`.`id` = `role_link_hook`.`hook_id` where `role_link_hook`.`role_id` in (1)

2020-11-06 11:31:32: select `hooks`.*, `role_link_hook`.`role_id` as `pivot_role_id`, `role_link_hook`.`hook_id` as `pivot_hook_id` from `hooks` inner join `role_link_hook` on `hooks`.`id` = `role_link_hook`.`hook_id` where `role_link_hook`.`role_id` in (1)

2020-11-06 11:31:34: select * from `goods_class` order by `is_sort` asc

2020-11-06 11:31:35: select * from `users` where `users`.`id` = 1 limit 1

2020-11-06 11:31:37: select `roles`.*, `user_link_role`.`user_id` as `pivot_user_id`, `user_link_role`.`role_id` as `pivot_role_id` from `roles` inner join `user_link_role` on `roles`.`id` = `user_link_role`.`role_id` where `user_link_role`.`user_id` = 1

2020-11-06 11:31:38: select * from `roles` where `id` in (1)

2020-11-06 11:31:39: select `menus`.*, `role_link_menu`.`role_id` as `pivot_role_id`, `role_link_menu`.`menu_id` as `pivot_menu_id`, `role_link_menu`.`commands` as `pivot_commands` from `menus` inner join `role_link_menu` on `menus`.`id` = `role_link_menu`.`menu_id` where `role_link_menu`.`role_id` = 1

2020-11-06 11:31:42: select * from `menus` where `id` in (7, 8, 10, 18, 19, 20, 21, 22, 23, 33, 36, 37, 38, 39, 40, 46, 47, 48, 49, 52, 53, 54, 56, 58, 60, 63, 72, 73, 28, 29, 6, 12, 13) and `is_type` = 0 order by `is_sort` asc

2020-11-06 11:31:43: select * from `menus` where `id` in (7, 8, 10, 18, 19, 20, 21, 22, 23, 33, 36, 37, 38, 39, 40, 46, 47, 48, 49, 52, 53, 54, 56, 58, 60, 63, 72, 73, 28, 29, 6, 12, 13) and `is_type` = 0 and `id` in (7, 8, 10, 18, 19, 20, 21, 22, 23, 33, 36, 37, 38, 39, 40, 46, 47, 48, 49, 52, 53, 54, 56, 58, 60, 63, 72, 73, 28, 29, 6, 12, 13) order by `is_sort` asc

2020-11-06 14:13:07: select * from `users` where `id` = 1 limit 1

2020-11-06 14:13:08: select * from `users` where `id` = 1 limit 1

2020-11-06 14:13:09: select * from `users` where `id` = 1 limit 1

2020-11-06 14:13:09: select * from `users` where `id` = 1 limit 1

2020-11-06 14:13:09: select `roles`.*, `user_link_role`.`user_id` as `pivot_user_id`, `user_link_role`.`role_id` as `pivot_role_id` from `roles` inner join `user_link_role` on `roles`.`id` = `user_link_role`.`role_id` where `user_link_role`.`user_id` in (1)

2020-11-06 14:13:09: select * from `roles` where `id` = 1 limit 1

2020-11-06 14:13:09: select * from `users` where `id` = 1 limit 1

2020-11-06 14:13:09: select * from `users` where `id` = 1 limit 1

2020-11-06 14:13:09: select * from `users` where `id` = 1 limit 1

2020-11-06 14:13:09: select * from `users` where `id` = 1 limit 1

2020-11-06 14:13:09: select `hooks`.*, `role_link_hook`.`role_id` as `pivot_role_id`, `role_link_hook`.`hook_id` as `pivot_hook_id` from `hooks` inner join `role_link_hook` on `hooks`.`id` = `role_link_hook`.`hook_id` where `role_link_hook`.`role_id` in (1)

2020-11-06 14:13:09: select `roles`.*, `user_link_role`.`user_id` as `pivot_user_id`, `user_link_role`.`role_id` as `pivot_role_id` from `roles` inner join `user_link_role` on `roles`.`id` = `user_link_role`.`role_id` where `user_link_role`.`user_id` in (1)

2020-11-06 14:13:09: select * from `users` where `users`.`id` = 1 limit 1

2020-11-06 14:13:10: select * from `users` where `id` = 1 limit 1

2020-11-06 14:13:10: select * from `users` where `id` = 1 limit 1

2020-11-06 14:13:10: select `roles`.*, `user_link_role`.`user_id` as `pivot_user_id`, `user_link_role`.`role_id` as `pivot_role_id` from `roles` inner join `user_link_role` on `roles`.`id` = `user_link_role`.`role_id` where `user_link_role`.`user_id` in (1)

2020-11-06 14:13:10: select `roles`.*, `user_link_role`.`user_id` as `pivot_user_id`, `user_link_role`.`role_id` as `pivot_role_id` from `roles` inner join `user_link_role` on `roles`.`id` = `user_link_role`.`role_id` where `user_link_role`.`user_id` = 1

2020-11-06 14:13:10: select * from `roles` where `id` = 1 limit 1

2020-11-06 14:13:10: select * from `roles` where `id` in (1)

2020-11-06 14:13:10: select `menus`.*, `role_link_menu`.`role_id` as `pivot_role_id`, `role_link_menu`.`menu_id` as `pivot_menu_id`, `role_link_menu`.`commands` as `pivot_commands` from `menus` inner join `role_link_menu` on `menus`.`id` = `role_link_menu`.`menu_id` where `role_link_menu`.`role_id` = 1

2020-11-06 14:13:10: select * from `roles` where `id` = 1 limit 1

2020-11-06 14:13:10: select * from `menus` where `id` in (7, 8, 10, 18, 19, 20, 21, 22, 23, 33, 36, 37, 38, 39, 40, 46, 47, 48, 49, 52, 53, 54, 56, 58, 60, 63, 72, 73, 28, 29, 6, 12, 13) and `is_type` = 0 order by `is_sort` asc

2020-11-06 14:13:10: select `hooks`.*, `role_link_hook`.`role_id` as `pivot_role_id`, `role_link_hook`.`hook_id` as `pivot_hook_id` from `hooks` inner join `role_link_hook` on `hooks`.`id` = `role_link_hook`.`hook_id` where `role_link_hook`.`role_id` in (1)

2020-11-06 14:13:10: select * from `menus` where `id` in (7, 8, 10, 18, 19, 20, 21, 22, 23, 33, 36, 37, 38, 39, 40, 46, 47, 48, 49, 52, 53, 54, 56, 58, 60, 63, 72, 73, 28, 29, 6, 12, 13) and `is_type` = 0 and `id` in (7, 8, 10, 18, 19, 20, 21, 22, 23, 33, 36, 37, 38, 39, 40, 46, 47, 48, 49, 52, 53, 54, 56, 58, 60, 63, 72, 73, 28, 29, 6, 12, 13) order by `is_sort` asc

2020-11-06 14:13:11: select `hooks`.*, `role_link_hook`.`role_id` as `pivot_role_id`, `role_link_hook`.`hook_id` as `pivot_hook_id` from `hooks` inner join `role_link_hook` on `hooks`.`id` = `role_link_hook`.`hook_id` where `role_link_hook`.`role_id` in (1)

2020-11-06 14:13:11: select sum(`total_price`) as aggregate from `orders`

2020-11-06 14:13:12: select sum(`total_price`) as aggregate from `orders` where `pay_time` > 1604592000 and `pay_time` < 1604678399

2020-11-06 14:13:15: select count(*) as aggregate from `orders` where (`pay_status` = 0 and `order_status` < 2 and `refund_status` = 0)

2020-11-06 14:13:15: select count(*) as aggregate from `orders` where (`pay_status` = 1 and `delivery_status` = 0 and `refund_status` = 0)

2020-11-06 14:13:15: select count(*) as aggregate from `orders` where (`pay_status` = 1 and `delivery_status` = 1 and `comment_status` = 1 and `order_status` = 1 and `refund_status` = 0)

2020-11-06 14:13:15: select `users`, `format_time` from `crontab_day` where `format_time` in ('2020-11-01', '2020-11-02', '2020-11-03', '2020-11-04', '2020-11-05', '2020-11-06', '2020-11-07') group by `format_time` order by `id` asc

2020-11-06 14:13:17: select `users`, `format_time` from `crontab_day` where `format_time` in ('2020-10-26', '2020-10-27', '2020-10-28', '2020-10-29', '2020-10-30', '2020-10-31', '2020-11-01') group by `format_time` order by `id` asc

2020-11-06 14:13:17: select `price`, `format_time` from `crontab_month` where `format_time` in ('2020-01-01', '2020-02-01', '2020-03-01', '2020-04-01', '2020-05-01', '2020-06-01', '2020-07-01', '2020-08-01', '2020-09-01', '2020-10-01', '2020-11-01', '2020-12-01') group by `format_time` order by `id` asc

2020-11-06 14:13:17: select (select sum(price) from crontab_day as B where B.user_id = crontab_day.user_id) as sum_total,crontab_day.user_id from `crontab_day` group by `user_id` order by `sum_total` desc limit 6

2020-11-06 14:13:18: select * from `store` where `user_id` = 1 limit 1

2020-11-06 14:17:46: select * from `users` where `id` = 1 limit 1

2020-11-06 14:17:46: select * from `users` where `id` = 1 limit 1

2020-11-06 14:17:46: select * from `users` where `id` = 1 limit 1

2020-11-06 14:17:46: select `roles`.*, `user_link_role`.`user_id` as `pivot_user_id`, `user_link_role`.`role_id` as `pivot_role_id` from `roles` inner join `user_link_role` on `roles`.`id` = `user_link_role`.`role_id` where `user_link_role`.`user_id` in (1)

2020-11-06 14:17:46: select * from `roles` where `id` = 1 limit 1

2020-11-06 14:17:47: select `hooks`.*, `role_link_hook`.`role_id` as `pivot_role_id`, `role_link_hook`.`hook_id` as `pivot_hook_id` from `hooks` inner join `role_link_hook` on `hooks`.`id` = `role_link_hook`.`hook_id` where `role_link_hook`.`role_id` in (1)

2020-11-06 14:17:47: select * from `users` where `id` = 1 limit 1

2020-11-06 14:17:47: select * from `users` where `id` = 1 limit 1

2020-11-06 14:17:47: select * from `users` where `id` = 1 limit 1

2020-11-06 14:17:47: select * from `menus` where `url` = '/Admin/goods_class/index' limit 1

2020-11-06 14:17:48: select `roles`.*, `user_link_role`.`user_id` as `pivot_user_id`, `user_link_role`.`role_id` as `pivot_role_id` from `roles` inner join `user_link_role` on `roles`.`id` = `user_link_role`.`role_id` where `user_link_role`.`user_id` in (1)

2020-11-06 14:17:48: select * from `roles` where `id` = 1 limit 1

2020-11-06 14:17:48: select * from `menus` where `id` = 18 limit 1

2020-11-06 14:17:48: select `hooks`.*, `role_link_hook`.`role_id` as `pivot_role_id`, `role_link_hook`.`hook_id` as `pivot_hook_id` from `hooks` inner join `role_link_hook` on `hooks`.`id` = `role_link_hook`.`hook_id` where `role_link_hook`.`role_id` in (1)

2020-11-06 14:17:48: select * from `goods_class` order by `is_sort` asc

2020-11-06 14:17:57: select * from `users` where `id` = 1 limit 1

2020-11-06 14:17:58: select * from `users` where `id` = 1 limit 1

2020-11-06 14:17:58: select * from `users` where `id` = 1 limit 1

2020-11-06 14:17:58: select `roles`.*, `user_link_role`.`user_id` as `pivot_user_id`, `user_link_role`.`role_id` as `pivot_role_id` from `roles` inner join `user_link_role` on `roles`.`id` = `user_link_role`.`role_id` where `user_link_role`.`user_id` in (1)

2020-11-06 14:17:58: select * from `roles` where `id` = 1 limit 1

2020-11-06 14:17:58: select * from `users` where `id` = 1 limit 1

2020-11-06 14:17:58: select * from `users` where `id` = 1 limit 1

2020-11-06 14:17:59: select * from `users` where `id` = 1 limit 1

2020-11-06 14:17:59: select `roles`.*, `user_link_role`.`user_id` as `pivot_user_id`, `user_link_role`.`role_id` as `pivot_role_id` from `roles` inner join `user_link_role` on `roles`.`id` = `user_link_role`.`role_id` where `user_link_role`.`user_id` in (1)

2020-11-06 14:17:59: select `hooks`.*, `role_link_hook`.`role_id` as `pivot_role_id`, `role_link_hook`.`hook_id` as `pivot_hook_id` from `hooks` inner join `role_link_hook` on `hooks`.`id` = `role_link_hook`.`hook_id` where `role_link_hook`.`role_id` in (1)

2020-11-06 14:17:59: select * from `menus` where `url` = '/Admin/goods/index' limit 1

2020-11-06 14:17:59: select * from `roles` where `id` = 1 limit 1

2020-11-06 14:17:59: select * from `menus` where `id` = 18 limit 1

2020-11-06 14:17:59: select `hooks`.*, `role_link_hook`.`role_id` as `pivot_role_id`, `role_link_hook`.`hook_id` as `pivot_hook_id` from `hooks` inner join `role_link_hook` on `hooks`.`id` = `role_link_hook`.`hook_id` where `role_link_hook`.`role_id` in (1)

2020-11-06 14:18:00: select count(*) as aggregate from `goods`

2020-11-06 14:18:00: select * from `goods` order by `id` desc limit 20 offset 0

2020-11-06 14:18:00: select * from `goods_spec` where `goods_spec`.`goods_id` in (77, 78, 83, 85, 86, 88)

2020-11-06 14:18:01: select * from `users` where `id` = 1 limit 1

2020-11-06 14:18:02: select * from `users` where `id` = 1 limit 1

2020-11-06 14:18:02: select * from `users` where `id` = 1 limit 1

2020-11-06 14:18:02: select `roles`.*, `user_link_role`.`user_id` as `pivot_user_id`, `user_link_role`.`role_id` as `pivot_role_id` from `roles` inner join `user_link_role` on `roles`.`id` = `user_link_role`.`role_id` where `user_link_role`.`user_id` in (1)

2020-11-06 14:18:02: select * from `roles` where `id` = 1 limit 1

2020-11-06 14:18:02: select `hooks`.*, `role_link_hook`.`role_id` as `pivot_role_id`, `role_link_hook`.`hook_id` as `pivot_hook_id` from `hooks` inner join `role_link_hook` on `hooks`.`id` = `role_link_hook`.`hook_id` where `role_link_hook`.`role_id` in (1)

2020-11-06 14:18:03: select count(*) as aggregate from `goods` where `goods_verify` = 2

2020-11-06 14:18:09: select * from `users` where `id` = 1 limit 1

2020-11-06 14:18:09: select * from `users` where `id` = 1 limit 1

2020-11-06 14:18:10: select * from `users` where `id` = 1 limit 1

2020-11-06 14:18:10: select `roles`.*, `user_link_role`.`user_id` as `pivot_user_id`, `user_link_role`.`role_id` as `pivot_role_id` from `roles` inner join `user_link_role` on `roles`.`id` = `user_link_role`.`role_id` where `user_link_role`.`user_id` in (1)

2020-11-06 14:18:10: select * from `roles` where `id` = 1 limit 1

2020-11-06 14:18:11: select `hooks`.*, `role_link_hook`.`role_id` as `pivot_role_id`, `role_link_hook`.`hook_id` as `pivot_hook_id` from `hooks` inner join `role_link_hook` on `hooks`.`id` = `role_link_hook`.`hook_id` where `role_link_hook`.`role_id` in (1)

2020-11-06 14:18:11: select * from `users` where `id` = 1 limit 1

2020-11-06 14:18:11: select * from `goods` where `goods`.`id` = '88' limit 1

2020-11-06 14:18:11: select * from `users` where `id` = 1 limit 1

2020-11-06 14:18:11: select * from `users` where `id` = 1 limit 1

2020-11-06 14:18:11: update `goods` set `is_index` = 1 where `id` = '88'

2020-11-06 14:18:11: select * from `users` where `id` = 1 limit 1

2020-11-06 14:18:11: select * from `users` where `id` = 1 limit 1

2020-11-06 14:18:12: select * from `users` where `id` = 1 limit 1

2020-11-06 14:18:12: select `roles`.*, `user_link_role`.`user_id` as `pivot_user_id`, `user_link_role`.`role_id` as `pivot_role_id` from `roles` inner join `user_link_role` on `roles`.`id` = `user_link_role`.`role_id` where `user_link_role`.`user_id` in (1)

2020-11-06 14:18:12: select `roles`.*, `user_link_role`.`user_id` as `pivot_user_id`, `user_link_role`.`role_id` as `pivot_role_id` from `roles` inner join `user_link_role` on `roles`.`id` = `user_link_role`.`role_id` where `user_link_role`.`user_id` in (1)

2020-11-06 14:18:12: select * from `roles` where `id` = 1 limit 1

2020-11-06 14:18:12: select * from `roles` where `id` = 1 limit 1

2020-11-06 14:18:12: select `hooks`.*, `role_link_hook`.`role_id` as `pivot_role_id`, `role_link_hook`.`hook_id` as `pivot_hook_id` from `hooks` inner join `role_link_hook` on `hooks`.`id` = `role_link_hook`.`hook_id` where `role_link_hook`.`role_id` in (1)

2020-11-06 14:18:13: select * from `goods` where `goods`.`id` = '88' limit 1

2020-11-06 14:18:13: select * from `users` where `id` = 1 limit 1

2020-11-06 14:18:13: update `goods` set `is_index` = 0 where `id` = '88'

2020-11-06 14:18:13: select * from `users` where `id` = 1 limit 1

2020-11-06 14:18:13: select * from `users` where `id` = 1 limit 1

2020-11-06 14:18:14: select `hooks`.*, `role_link_hook`.`role_id` as `pivot_role_id`, `role_link_hook`.`hook_id` as `pivot_hook_id` from `hooks` inner join `role_link_hook` on `hooks`.`id` = `role_link_hook`.`hook_id` where `role_link_hook`.`role_id` in (1)

2020-11-06 14:18:14: select * from `users` where `id` = 1 limit 1

2020-11-06 14:18:14: select * from `goods` where `goods`.`id` = '88' limit 1

2020-11-06 14:18:14: select * from `users` where `id` = 1 limit 1

2020-11-06 14:18:14: select * from `users` where `id` = 1 limit 1

2020-11-06 14:18:14: update `goods` set `is_index` = 1 where `id` = '88'

2020-11-06 14:18:14: select `roles`.*, `user_link_role`.`user_id` as `pivot_user_id`, `user_link_role`.`role_id` as `pivot_role_id` from `roles` inner join `user_link_role` on `roles`.`id` = `user_link_role`.`role_id` where `user_link_role`.`user_id` in (1)

2020-11-06 14:18:14: select `roles`.*, `user_link_role`.`user_id` as `pivot_user_id`, `user_link_role`.`role_id` as `pivot_role_id` from `roles` inner join `user_link_role` on `roles`.`id` = `user_link_role`.`role_id` where `user_link_role`.`user_id` in (1)

2020-11-06 14:18:14: select * from `roles` where `id` = 1 limit 1

2020-11-06 14:18:14: select * from `roles` where `id` = 1 limit 1

2020-11-06 14:18:14: select `hooks`.*, `role_link_hook`.`role_id` as `pivot_role_id`, `role_link_hook`.`hook_id` as `pivot_hook_id` from `hooks` inner join `role_link_hook` on `hooks`.`id` = `role_link_hook`.`hook_id` where `role_link_hook`.`role_id` in (1)

2020-11-06 14:18:14: select * from `users` where `id` = 1 limit 1

2020-11-06 14:18:14: select * from `users` where `id` = 1 limit 1

2020-11-06 14:18:14: select * from `users` where `id` = 1 limit 1

2020-11-06 14:18:14: select count(*) as aggregate from `goods`

2020-11-06 14:18:14: select `roles`.*, `user_link_role`.`user_id` as `pivot_user_id`, `user_link_role`.`role_id` as `pivot_role_id` from `roles` inner join `user_link_role` on `roles`.`id` = `user_link_role`.`role_id` where `user_link_role`.`user_id` in (1)

2020-11-06 14:18:14: select * from `goods` order by `id` desc limit 20 offset 0

2020-11-06 14:18:14: select * from `roles` where `id` = 1 limit 1

2020-11-06 14:18:14: select * from `users` where `id` = 1 limit 1

2020-11-06 14:18:15: select * from `goods_spec` where `goods_spec`.`goods_id` in (77, 78, 83, 85, 86, 88)

2020-11-06 14:18:15: select `hooks`.*, `role_link_hook`.`role_id` as `pivot_role_id`, `role_link_hook`.`hook_id` as `pivot_hook_id` from `hooks` inner join `role_link_hook` on `hooks`.`id` = `role_link_hook`.`hook_id` where `role_link_hook`.`role_id` in (1)

2020-11-06 14:18:15: select * from `users` where `id` = 1 limit 1

2020-11-06 14:18:15: select `hooks`.*, `role_link_hook`.`role_id` as `pivot_role_id`, `role_link_hook`.`hook_id` as `pivot_hook_id` from `hooks` inner join `role_link_hook` on `hooks`.`id` = `role_link_hook`.`hook_id` where `role_link_hook`.`role_id` in (1)

2020-11-06 14:18:15: select * from `users` where `id` = 1 limit 1

2020-11-06 14:18:15: select count(*) as aggregate from `goods`

2020-11-06 14:18:15: select * from `users` where `id` = 1 limit 1

2020-11-06 14:18:15: select * from `goods` where `goods`.`id` = '88' limit 1

2020-11-06 14:18:15: select * from `users` where `id` = 1 limit 1

2020-11-06 14:18:15: select `roles`.*, `user_link_role`.`user_id` as `pivot_user_id`, `user_link_role`.`role_id` as `pivot_role_id` from `roles` inner join `user_link_role` on `roles`.`id` = `user_link_role`.`role_id` where `user_link_role`.`user_id` in (1)

2020-11-06 14:18:15: select * from `users` where `id` = 1 limit 1

2020-11-06 14:18:15: select * from `goods` order by `id` desc limit 20 offset 0

2020-11-06 14:18:15: select * from `roles` where `id` = 1 limit 1

2020-11-06 14:18:15: select `roles`.*, `user_link_role`.`user_id` as `pivot_user_id`, `user_link_role`.`role_id` as `pivot_role_id` from `roles` inner join `user_link_role` on `roles`.`id` = `user_link_role`.`role_id` where `user_link_role`.`user_id` in (1)

2020-11-06 14:18:15: select * from `goods_spec` where `goods_spec`.`goods_id` in (77, 78, 83, 85, 86, 88)

2020-11-06 14:18:15: select * from `roles` where `id` = 1 limit 1

2020-11-06 14:18:15: update `goods` set `is_index` = 0 where `id` = '88'

2020-11-06 14:18:16: select `hooks`.*, `role_link_hook`.`role_id` as `pivot_role_id`, `role_link_hook`.`hook_id` as `pivot_hook_id` from `hooks` inner join `role_link_hook` on `hooks`.`id` = `role_link_hook`.`hook_id` where `role_link_hook`.`role_id` in (1)

2020-11-06 14:18:16: select `hooks`.*, `role_link_hook`.`role_id` as `pivot_role_id`, `role_link_hook`.`hook_id` as `pivot_hook_id` from `hooks` inner join `role_link_hook` on `hooks`.`id` = `role_link_hook`.`hook_id` where `role_link_hook`.`role_id` in (1)

2020-11-06 14:18:16: select * from `goods` where `goods`.`id` = '88' limit 1

2020-11-06 14:18:16: update `goods` set `is_index` = 1 where `id` = '88'

2020-11-06 14:18:16: select count(*) as aggregate from `goods`

2020-11-06 14:18:16: select * from `goods` order by `id` desc limit 20 offset 0

2020-11-06 14:18:17: select * from `goods_spec` where `goods_spec`.`goods_id` in (77, 78, 83, 85, 86, 88)

2020-11-06 14:18:18: select * from `users` where `id` = 1 limit 1

2020-11-06 14:18:18: select * from `users` where `id` = 1 limit 1

2020-11-06 14:18:18: select * from `users` where `id` = 1 limit 1

2020-11-06 14:18:18: select * from `users` where `id` = 1 limit 1

2020-11-06 14:18:18: select * from `users` where `id` = 1 limit 1

2020-11-06 14:18:18: select `roles`.*, `user_link_role`.`user_id` as `pivot_user_id`, `user_link_role`.`role_id` as `pivot_role_id` from `roles` inner join `user_link_role` on `roles`.`id` = `user_link_role`.`role_id` where `user_link_role`.`user_id` in (1)

2020-11-06 14:18:18: select * from `users` where `id` = 1 limit 1

2020-11-06 14:18:19: select * from `roles` where `id` = 1 limit 1

2020-11-06 14:18:19: select `roles`.*, `user_link_role`.`user_id` as `pivot_user_id`, `user_link_role`.`role_id` as `pivot_role_id` from `roles` inner join `user_link_role` on `roles`.`id` = `user_link_role`.`role_id` where `user_link_role`.`user_id` in (1)

2020-11-06 14:18:19: select * from `users` where `id` = 1 limit 1

2020-11-06 14:18:19: select * from `roles` where `id` = 1 limit 1

2020-11-06 14:18:19: select * from `users` where `id` = 1 limit 1

2020-11-06 14:18:19: select `hooks`.*, `role_link_hook`.`role_id` as `pivot_role_id`, `role_link_hook`.`hook_id` as `pivot_hook_id` from `hooks` inner join `role_link_hook` on `hooks`.`id` = `role_link_hook`.`hook_id` where `role_link_hook`.`role_id` in (1)

2020-11-06 14:18:19: select * from `users` where `id` = 1 limit 1

2020-11-06 14:18:19: select * from `users` where `id` = 1 limit 1

`goods_verify` = 2

2020-11-06 14:18:19: select `roles`.*, `user_link_role`.`user_id` as `pivot_user_id`, `user_link_role`.`role_id` as `pivot_role_id` from `roles` inner join `user_link_role` on `roles`.`id` = `user_link_role`.`role_id` where `user_link_role`.`user_id` in (1)

2020-11-06 14:18:19: select `hooks`.*, `role_link_hook`.`role_id` as `pivot_role_id`, `role_link_hook`.`hook_id` as `pivot_hook_id` from `hooks` inner join `role_link_hook` on `hooks`.`id` = `role_link_hook`.`hook_id` where `role_link_hook`.`role_id` in (1)

2020-11-06 14:18:20: select count(*) as aggregate from `goods`

2020-11-06 14:18:20: select * from `goods` order by `id` desc limit 20 offset 0

2020-11-06 14:18:20: select * from `goods_spec` where `goods_spec`.`goods_id` in (77, 78, 83, 85, 86, 88)

2020-11-06 14:18:20: select * from `users` where `id` = 1 limit 1

2020-11-06 14:18:20: select * from `roles` where `id` = 1 limit 1

2020-11-06 14:18:20: select * from `users` where `id` = 1 limit 1

2020-11-06 14:18:20: select * from `users` where `id` = 1 limit 1

2020-11-06 14:18:20: select `roles`.*, `user_link_role`.`user_id` as `pivot_user_id`, `user_link_role`.`role_id` as `pivot_role_id` from `roles` inner join `user_link_role` on `roles`.`id` = `user_link_role`.`role_id` where `user_link_role`.`user_id` in (1)

2020-11-06 14:18:21: select * from `users` where `id` = 1 limit 1

2020-11-06 14:18:21: select * from `users` where `id` = 1 limit 1

2020-11-06 14:18:21: select `hooks`.*, `role_link_hook`.`role_id` as `pivot_role_id`, `role_link_hook`.`hook_id` as `pivot_hook_id` from `hooks` inner join `role_link_hook` on `hooks`.`id` = `role_link_hook`.`hook_id` where `role_link_hook`.`role_id` in (1)

2020-11-06 14:18:21: select count(*) as aggregate from `goods` where `goods_verify` = 2

2020-11-06 14:18:21: select * from `roles` where `id` = 1 limit 1

2020-11-06 14:18:21: select * from `users` where `id` = 1 limit 1

2020-11-06 14:18:21: select `hooks`.*, `role_link_hook`.`role_id` as `pivot_role_id`, `role_link_hook`.`hook_id` as `pivot_hook_id` from `hooks` inner join `role_link_hook` on `hooks`.`id` = `role_link_hook`.`hook_id` where `role_link_hook`.`role_id` in (1)

2020-11-06 14:18:21: select * from `users` where `id` = 1 limit 1

2020-11-06 14:18:21: select count(*) as aggregate from `goods`

2020-11-06 14:18:22: select `roles`.*, `user_link_role`.`user_id` as `pivot_user_id`, `user_link_role`.`role_id` as `pivot_role_id` from `roles` inner join `user_link_role` on `roles`.`id` = `user_link_role`.`role_id` where `user_link_role`.`user_id` in (1)

2020-11-06 14:18:22: select * from `roles` where `id` = 1 limit 1

2020-11-06 14:18:22: select * from `goods` order by `id` desc limit 20 offset 0

2020-11-06 14:18:22: select `hooks`.*, `role_link_hook`.`role_id` as `pivot_role_id`, `role_link_hook`.`hook_id` as `pivot_hook_id` from `hooks` inner join `role_link_hook` on `hooks`.`id` = `role_link_hook`.`hook_id` where `role_link_hook`.`role_id` in (1)

2020-11-06 14:18:22: select count(*) as aggregate from `goods` where `goods_verify` = 2

2020-11-06 14:18:22: select * from `goods_spec` where `goods_spec`.`goods_id` in (77, 78, 83, 85, 86, 88)

2020-11-06 14:18:22: select * from `users` where `id` = 1 limit 1

2020-11-06 14:18:23: select `roles`.*, `user_link_role`.`user_id` as `pivot_user_id`, `user_link_role`.`role_id` as `pivot_role_id` from `roles` inner join `user_link_role` on `roles`.`id` = `user_link_role`.`role_id` where `user_link_role`.`user_id` in (1)

2020-11-06 14:18:23: select * from `roles` where `id` = 1 limit 1

2020-11-06 14:18:23: select `hooks`.*, `role_link_hook`.`role_id` as `pivot_role_id`, `role_link_hook`.`hook_id` as `pivot_hook_id` from `hooks` inner join `role_link_hook` on `hooks`.`id` = `role_link_hook`.`hook_id` where `role_link_hook`.`role_id` in (1)

2020-11-06 14:18:23: select count(*) as aggregate from `goods` where `goods_verify` = 2

2020-11-06 14:18:23: select * from `users` where `id` = 1 limit 1

2020-11-06 14:18:24: select * from `users` where `id` = 1 limit 1

2020-11-06 14:18:24: select * from `users` where `id` = 1 limit 1

2020-11-06 14:18:25: select `roles`.*, `user_link_role`.`user_id` as `pivot_user_id`, `user_link_role`.`role_id` as `pivot_role_id` from `roles` inner join `user_link_role` on `roles`.`id` = `user_link_role`.`role_id` where `user_link_role`.`user_id` in (1)

2020-11-06 14:18:25: select * from `roles` where `id` = 1 limit 1

2020-11-06 14:18:26: select `hooks`.*, `role_link_hook`.`role_id` as `pivot_role_id`, `role_link_hook`.`hook_id` as `pivot_hook_id` from `hooks` inner join `role_link_hook` on `hooks`.`id` = `role_link_hook`.`hook_id` where `role_link_hook`.`role_id` in (1)

2020-11-06 14:18:26: select count(*) as aggregate from `goods` where `goods_verify` = 2

2020-11-06 14:18:30: select * from `users` where `id` = 1 limit 1

2020-11-06 14:18:31: select * from `users` where `id` = 1 limit 1

2020-11-06 14:18:31: select * from `users` where `id` = 1 limit 1

2020-11-06 14:18:31: select `roles`.*, `user_link_role`.`user_id` as `pivot_user_id`, `user_link_role`.`role_id` as `pivot_role_id` from `roles` inner join `user_link_role` on `roles`.`id` = `user_link_role`.`role_id` where `user_link_role`.`user_id` in (1)

2020-11-06 14:18:32: select * from `roles` where `id` = 1 limit 1

2020-11-06 14:18:33: select `hooks`.*, `role_link_hook`.`role_id` as `pivot_role_id`, `role_link_hook`.`hook_id` as `pivot_hook_id` from `hooks` inner join `role_link_hook` on `hooks`.`id` = `role_link_hook`.`hook_id` where `role_link_hook`.`role_id` in (1)

2020-11-06 14:18:33: select * from `goods` where `goods`.`id` = '88' limit 1

2020-11-06 14:18:34: update `goods` set `is_index` = 0 where `id` = '88'

2020-11-06 14:18:35: select * from `users` where `id` = 1 limit 1

2020-11-06 14:18:35: select * from `users` where `id` = 1 limit 1

2020-11-06 14:18:36: select * from `users` where `id` = 1 limit 1

2020-11-06 14:18:36: select `roles`.*, `user_link_role`.`user_id` as `pivot_user_id`, `user_link_role`.`role_id` as `pivot_role_id` from `roles` inner join `user_link_role` on `roles`.`id` = `user_link_role`.`role_id` where `user_link_role`.`user_id` in (1)

2020-11-06 14:18:37: select * from `roles` where `id` = 1 limit 1

2020-11-06 14:18:41: select `hooks`.*, `role_link_hook`.`role_id` as `pivot_role_id`, `role_link_hook`.`hook_id` as `pivot_hook_id` from `hooks` inner join `role_link_hook` on `hooks`.`id` = `role_link_hook`.`hook_id` where `role_link_hook`.`role_id` in (1)

2020-11-06 14:18:42: select count(*) as aggregate from `goods`

2020-11-06 14:18:42: select * from `goods` order by `id` desc limit 20 offset 0

2020-11-06 14:18:42: select * from `goods_spec` where `goods_spec`.`goods_id` in (77, 78, 83, 85, 86, 88)

2020-11-06 14:18:43: select * from `users` where `id` = 1 limit 1

2020-11-06 14:18:43: select * from `users` where `id` = 1 limit 1

2020-11-06 14:18:43: select * from `users` where `id` = 1 limit 1

2020-11-06 14:18:44: select `roles`.*, `user_link_role`.`user_id` as `pivot_user_id`, `user_link_role`.`role_id` as `pivot_role_id` from `roles` inner join `user_link_role` on `roles`.`id` = `user_link_role`.`role_id` where `user_link_role`.`user_id` in (1)

2020-11-06 14:18:44: select * from `roles` where `id` = 1 limit 1

2020-11-06 14:18:44: select `hooks`.*, `role_link_hook`.`role_id` as `pivot_role_id`, `role_link_hook`.`hook_id` as `pivot_hook_id` from `hooks` inner join `role_link_hook` on `hooks`.`id` = `role_link_hook`.`hook_id` where `role_link_hook`.`role_id` in (1)

2020-11-06 14:18:44: select count(*) as aggregate from `goods` where `goods_verify` = 2

