2020-12-11 10:26:58: select * from `users` where `id` = 1 limit 1

2020-12-11 10:26:58: select * from `adv_position` where `ap_isuse` = 1 and `ap_name` = 'PC_积分商城首页' limit 1

2020-12-11 10:26:59: select * from `integral_goods` where (`goods_status` = 1) order by `live_status` desc, `is_hot` desc, `id` desc limit 5

2020-12-11 10:26:59: select * from `integral_class`

2020-12-11 10:26:59: select * from `integral_goods` where (`cid` = 2 and `goods_status` = 1)

2020-12-11 10:26:59: select * from `users` where `id` = 1 limit 1

2020-12-11 10:27:13: select * from `users` where `id` = 1 limit 1

2020-12-11 10:27:14: select * from `users` where `id` = 1 limit 1

2020-12-11 10:27:14: select * from `users` where `id` = 1 limit 1

2020-12-11 10:27:14: select * from `users` where `id` = 1 limit 1

2020-12-11 10:27:14: select `roles`.*, `user_link_role`.`user_id` as `pivot_user_id`, `user_link_role`.`role_id` as `pivot_role_id` from `roles` inner join `user_link_role` on `roles`.`id` = `user_link_role`.`role_id` where `user_link_role`.`user_id` in (1)

2020-12-11 10:27:14: select * from `roles` where `id` = 1 limit 1

2020-12-11 10:27:14: select `hooks`.*, `role_link_hook`.`role_id` as `pivot_role_id`, `role_link_hook`.`hook_id` as `pivot_hook_id` from `hooks` inner join `role_link_hook` on `hooks`.`id` = `role_link_hook`.`hook_id` where `role_link_hook`.`role_id` in (1)

2020-12-11 10:27:14: select * from `users` where `users`.`id` = 1 limit 1

2020-12-11 10:27:14: select `roles`.*, `user_link_role`.`user_id` as `pivot_user_id`, `user_link_role`.`role_id` as `pivot_role_id` from `roles` inner join `user_link_role` on `roles`.`id` = `user_link_role`.`role_id` where `user_link_role`.`user_id` = 1

2020-12-11 10:27:14: select * from `roles` where `id` in (1)

2020-12-11 10:27:14: select `menus`.*, `role_link_menu`.`role_id` as `pivot_role_id`, `role_link_menu`.`menu_id` as `pivot_menu_id`, `role_link_menu`.`commands` as `pivot_commands` from `menus` inner join `role_link_menu` on `menus`.`id` = `role_link_menu`.`menu_id` where `role_link_menu`.`role_id` = 1

2020-12-11 10:27:14: select * from `menus` where `id` in (7, 8, 10, 18, 19, 20, 21, 22, 23, 33, 36, 37, 38, 39, 40, 46, 47, 48, 49, 52, 53, 54, 56, 58, 60, 63, 72, 73, 28, 29, 6, 12, 13, 16, 71, 70, 89, 90) and `is_type` = 0 order by `is_sort` asc

2020-12-11 10:27:14: select * from `menus` where `id` in (7, 8, 10, 18, 19, 20, 21, 22, 23, 33, 36, 37, 38, 39, 40, 46, 47, 48, 49, 52, 53, 54, 56, 58, 60, 63, 72, 73, 28, 29, 6, 12, 13, 16, 71, 70, 89, 90) and `is_type` = 0 and `id` in (7, 8, 10, 18, 19, 20, 21, 22, 23, 33, 36, 37, 38, 39, 40, 46, 47, 48, 49, 52, 53, 54, 56, 58, 60, 63, 72, 73, 28, 29, 6, 12, 13, 16, 71, 70, 89, 90) order by `is_sort` asc

2020-12-11 10:27:15: select * from `users` where `id` = 1 limit 1

2020-12-11 10:27:15: select * from `users` where `id` = 1 limit 1

2020-12-11 10:27:15: select * from `users` where `id` = 1 limit 1

2020-12-11 10:27:15: select * from `users` where `id` = 1 limit 1

2020-12-11 10:27:15: select * from `users` where `id` = 1 limit 1

2020-12-11 10:27:15: select `roles`.*, `user_link_role`.`user_id` as `pivot_user_id`, `user_link_role`.`role_id` as `pivot_role_id` from `roles` inner join `user_link_role` on `roles`.`id` = `user_link_role`.`role_id` where `user_link_role`.`user_id` in (1)

2020-12-11 10:27:15: select * from `users` where `id` = 1 limit 1

2020-12-11 10:27:15: select * from `roles` where `id` = 1 limit 1

2020-12-11 10:27:15: select `roles`.*, `user_link_role`.`user_id` as `pivot_user_id`, `user_link_role`.`role_id` as `pivot_role_id` from `roles` inner join `user_link_role` on `roles`.`id` = `user_link_role`.`role_id` where `user_link_role`.`user_id` in (1)

2020-12-11 10:27:15: select `hooks`.*, `role_link_hook`.`role_id` as `pivot_role_id`, `role_link_hook`.`hook_id` as `pivot_hook_id` from `hooks` inner join `role_link_hook` on `hooks`.`id` = `role_link_hook`.`hook_id` where `role_link_hook`.`role_id` in (1)

2020-12-11 10:27:15: select * from `roles` where `id` = 1 limit 1

2020-12-11 10:27:15: select `hooks`.*, `role_link_hook`.`role_id` as `pivot_role_id`, `role_link_hook`.`hook_id` as `pivot_hook_id` from `hooks` inner join `role_link_hook` on `hooks`.`id` = `role_link_hook`.`hook_id` where `role_link_hook`.`role_id` in (1)

2020-12-11 10:27:15: select sum(`total_price`) as aggregate from `orders`

2020-12-11 10:27:15: select sum(`total_price`) as aggregate from `orders` where `pay_time` > 1607616000 and `pay_time` < 1607702399

2020-12-11 10:27:15: select count(*) as aggregate from `orders` where (`pay_status` = 0 and `order_status` < 2 and `refund_status` = 0)

2020-12-11 10:27:15: select count(*) as aggregate from `orders` where (`pay_status` = 1 and `delivery_status` = 0 and `refund_status` = 0)

2020-12-11 10:27:16: select count(*) as aggregate from `orders` where (`pay_status` = 1 and `delivery_status` = 1 and `comment_status` = 1 and `order_status` = 1 and `refund_status` = 0)

2020-12-11 10:27:16: select `users`, `format_time` from `crontab_day` where `format_time` in ('2020-12-06', '2020-12-07', '2020-12-08', '2020-12-09', '2020-12-10', '2020-12-11', '2020-12-12') group by `format_time` order by `id` asc

2020-12-11 10:27:16: select `users`, `format_time` from `crontab_day` where `format_time` in ('2020-11-30', '2020-12-01', '2020-12-02', '2020-12-03', '2020-12-04', '2020-12-05', '2020-12-06') group by `format_time` order by `id` asc

2020-12-11 10:27:16: select `price`, `format_time` from `crontab_month` where `format_time` in ('2020-01-01', '2020-02-01', '2020-03-01', '2020-04-01', '2020-05-01', '2020-06-01', '2020-07-01', '2020-08-01', '2020-09-01', '2020-10-01', '2020-11-01', '2020-12-01') group by `format_time` order by `id` asc

2020-12-11 10:27:16: select (select sum(price) from crontab_day as B where B.user_id = crontab_day.user_id) as sum_total,crontab_day.user_id from `crontab_day` group by `user_id` order by `sum_total` desc limit 6

2020-12-11 10:27:16: select * from `store` where `user_id` = 1 limit 1

2020-12-11 10:27:59: select * from `users` where `id` = 1 limit 1

2020-12-11 10:27:59: select * from `users` where `id` = 1 limit 1

2020-12-11 10:28:00: select * from `users` where `id` = 1 limit 1

2020-12-11 10:28:00: select `roles`.*, `user_link_role`.`user_id` as `pivot_user_id`, `user_link_role`.`role_id` as `pivot_role_id` from `roles` inner join `user_link_role` on `roles`.`id` = `user_link_role`.`role_id` where `user_link_role`.`user_id` in (1)

2020-12-11 10:28:00: select * from `roles` where `id` = 1 limit 1

2020-12-11 10:28:00: select `hooks`.*, `role_link_hook`.`role_id` as `pivot_role_id`, `role_link_hook`.`hook_id` as `pivot_hook_id` from `hooks` inner join `role_link_hook` on `hooks`.`id` = `role_link_hook`.`hook_id` where `role_link_hook`.`role_id` in (1)

2020-12-11 10:28:00: select * from `menus` where `url` = '/Admin/goods/uploadings' limit 1

2020-12-11 10:28:00: select * from `menus` where `id` = 18 limit 1

2020-12-11 10:28:01: select * from `users` where `id` = 1 limit 1

2020-12-11 10:28:01: select * from `users` where `id` = 1 limit 1

2020-12-11 10:28:01: select * from `users` where `id` = 1 limit 1

2020-12-11 10:28:01: select `roles`.*, `user_link_role`.`user_id` as `pivot_user_id`, `user_link_role`.`role_id` as `pivot_role_id` from `roles` inner join `user_link_role` on `roles`.`id` = `user_link_role`.`role_id` where `user_link_role`.`user_id` in (1)

2020-12-11 10:28:01: select * from `roles` where `id` = 1 limit 1

2020-12-11 10:28:01: select `hooks`.*, `role_link_hook`.`role_id` as `pivot_role_id`, `role_link_hook`.`hook_id` as `pivot_hook_id` from `hooks` inner join `role_link_hook` on `hooks`.`id` = `role_link_hook`.`hook_id` where `role_link_hook`.`role_id` in (1)

2020-12-11 10:29:59: select * from `users` where `id` = 1 limit 1

2020-12-11 10:30:00: select * from `users` where `id` = 1 limit 1

2020-12-11 10:30:00: select * from `users` where `id` = 1 limit 1

2020-12-11 10:30:00: select `roles`.*, `user_link_role`.`user_id` as `pivot_user_id`, `user_link_role`.`role_id` as `pivot_role_id` from `roles` inner join `user_link_role` on `roles`.`id` = `user_link_role`.`role_id` where `user_link_role`.`user_id` in (1)

2020-12-11 10:30:00: select * from `roles` where `id` = 1 limit 1

2020-12-11 10:30:00: select `hooks`.*, `role_link_hook`.`role_id` as `pivot_role_id`, `role_link_hook`.`hook_id` as `pivot_hook_id` from `hooks` inner join `role_link_hook` on `hooks`.`id` = `role_link_hook`.`hook_id` where `role_link_hook`.`role_id` in (1)

2020-12-11 10:30:00: select * from `config`

2020-12-11 10:30:04: select * from `users` where `id` = 1 limit 1

2020-12-11 10:30:04: select * from `users` where `id` = 1 limit 1

2020-12-11 10:30:04: select * from `users` where `id` = 1 limit 1

2020-12-11 10:30:04: select `roles`.*, `user_link_role`.`user_id` as `pivot_user_id`, `user_link_role`.`role_id` as `pivot_role_id` from `roles` inner join `user_link_role` on `roles`.`id` = `user_link_role`.`role_id` where `user_link_role`.`user_id` in (1)

2020-12-11 10:30:04: select * from `roles` where `id` = 1 limit 1

2020-12-11 10:30:04: select `hooks`.*, `role_link_hook`.`role_id` as `pivot_role_id`, `role_link_hook`.`hook_id` as `pivot_hook_id` from `hooks` inner join `role_link_hook` on `hooks`.`id` = `role_link_hook`.`hook_id` where `role_link_hook`.`role_id` in (1)

2020-12-11 10:30:08: select * from `users` where `id` = 1 limit 1

2020-12-11 10:30:08: select * from `users` where `id` = 1 limit 1

2020-12-11 10:30:08: select * from `users` where `id` = 1 limit 1

2020-12-11 10:30:08: select `roles`.*, `user_link_role`.`user_id` as `pivot_user_id`, `user_link_role`.`role_id` as `pivot_role_id` from `roles` inner join `user_link_role` on `roles`.`id` = `user_link_role`.`role_id` where `user_link_role`.`user_id` in (1)

2020-12-11 10:30:08: select * from `roles` where `id` = 1 limit 1

2020-12-11 10:30:08: select `hooks`.*, `role_link_hook`.`role_id` as `pivot_role_id`, `role_link_hook`.`hook_id` as `pivot_hook_id` from `hooks` inner join `role_link_hook` on `hooks`.`id` = `role_link_hook`.`hook_id` where `role_link_hook`.`role_id` in (1)

2020-12-11 10:36:27: select * from `users` where `id` = 1 limit 1

2020-12-11 10:36:28: select * from `users` where `id` = 1 limit 1

2020-12-11 10:36:28: select * from `users` where `id` = 1 limit 1

2020-12-11 10:36:28: select * from `users` where `id` = 1 limit 1

2020-12-11 10:36:28: select * from `users` where `id` = 1 limit 1

2020-12-11 10:36:28: select * from `users` where `id` = 1 limit 1

2020-12-11 10:36:28: select `roles`.*, `user_link_role`.`user_id` as `pivot_user_id`, `user_link_role`.`role_id` as `pivot_role_id` from `roles` inner join `user_link_role` on `roles`.`id` = `user_link_role`.`role_id` where `user_link_role`.`user_id` in (1)

2020-12-11 10:36:28: select * from `users` where `id` = 1 limit 1

2020-12-11 10:36:28: select * from `users` where `id` = 1 limit 1

2020-12-11 10:36:28: select * from `roles` where `id` = 1 limit 1

2020-12-11 10:36:28: select `roles`.*, `user_link_role`.`user_id` as `pivot_user_id`, `user_link_role`.`role_id` as `pivot_role_id` from `roles` inner join `user_link_role` on `roles`.`id` = `user_link_role`.`role_id` where `user_link_role`.`user_id` in (1)

2020-12-11 10:36:28: select `roles`.*, `user_link_role`.`user_id` as `pivot_user_id`, `user_link_role`.`role_id` as `pivot_role_id` from `roles` inner join `user_link_role` on `roles`.`id` = `user_link_role`.`role_id` where `user_link_role`.`user_id` in (1)

2020-12-11 10:36:29: select * from `roles` where `id` = 1 limit 1

2020-12-11 10:36:29: select `hooks`.*, `role_link_hook`.`role_id` as `pivot_role_id`, `role_link_hook`.`hook_id` as `pivot_hook_id` from `hooks` inner join `role_link_hook` on `hooks`.`id` = `role_link_hook`.`hook_id` where `role_link_hook`.`role_id` in (1)

2020-12-11 10:36:29: select * from `users` where `users`.`id` = 1 limit 1

2020-12-11 10:36:29: select `hooks`.*, `role_link_hook`.`role_id` as `pivot_role_id`, `role_link_hook`.`hook_id` as `pivot_hook_id` from `hooks` inner join `role_link_hook` on `hooks`.`id` = `role_link_hook`.`hook_id` where `role_link_hook`.`role_id` in (1)

2020-12-11 10:36:29: select `roles`.*, `user_link_role`.`user_id` as `pivot_user_id`, `user_link_role`.`role_id` as `pivot_role_id` from `roles` inner join `user_link_role` on `roles`.`id` = `user_link_role`.`role_id` where `user_link_role`.`user_id` = 1

2020-12-11 10:36:29: select * from `roles` where `id` in (1)

2020-12-11 10:36:29: select `menus`.*, `role_link_menu`.`role_id` as `pivot_role_id`, `role_link_menu`.`menu_id` as `pivot_menu_id`, `role_link_menu`.`commands` as `pivot_commands` from `menus` inner join `role_link_menu` on `menus`.`id` = `role_link_menu`.`menu_id` where `role_link_menu`.`role_id` = 1

2020-12-11 10:36:30: select * from `menus` where `id` in (7, 8, 10, 18, 19, 20, 21, 22, 23, 33, 36, 37, 38, 39, 40, 46, 47, 48, 49, 52, 53, 54, 56, 58, 60, 63, 72, 73, 28, 29, 6, 12, 13, 16, 71, 70, 89, 90) and `is_type` = 0 order by `is_sort` asc

2020-12-11 10:36:30: select * from `menus` where `id` in (7, 8, 10, 18, 19, 20, 21, 22, 23, 33, 36, 37, 38, 39, 40, 46, 47, 48, 49, 52, 53, 54, 56, 58, 60, 63, 72, 73, 28, 29, 6, 12, 13, 16, 71, 70, 89, 90) and `is_type` = 0 and `id` in (7, 8, 10, 18, 19, 20, 21, 22, 23, 33, 36, 37, 38, 39, 40, 46, 47, 48, 49, 52, 53, 54, 56, 58, 60, 63, 72, 73, 28, 29, 6, 12, 13, 16, 71, 70, 89, 90) order by `is_sort` asc

2020-12-11 10:36:30: select * from `users` where `id` = 1 limit 1

2020-12-11 10:36:30: select * from `users` where `id` = 1 limit 1

2020-12-11 10:36:31: select * from `users` where `id` = 1 limit 1

2020-12-11 10:36:31: select `roles`.*, `user_link_role`.`user_id` as `pivot_user_id`, `user_link_role`.`role_id` as `pivot_role_id` from `roles` inner join `user_link_role` on `roles`.`id` = `user_link_role`.`role_id` where `user_link_role`.`user_id` in (1)

2020-12-11 10:36:31: select * from `roles` where `id` = 1 limit 1

2020-12-11 10:36:31: select `hooks`.*, `role_link_hook`.`role_id` as `pivot_role_id`, `role_link_hook`.`hook_id` as `pivot_hook_id` from `hooks` inner join `role_link_hook` on `hooks`.`id` = `role_link_hook`.`hook_id` where `role_link_hook`.`role_id` in (1)

2020-12-11 10:36:31: select * from `config`

2020-12-11 10:36:34: select * from `users` where `id` = 1 limit 1

2020-12-11 10:36:34: select * from `users` where `id` = 1 limit 1

2020-12-11 10:36:34: select * from `users` where `id` = 1 limit 1

2020-12-11 10:36:34: select `roles`.*, `user_link_role`.`user_id` as `pivot_user_id`, `user_link_role`.`role_id` as `pivot_role_id` from `roles` inner join `user_link_role` on `roles`.`id` = `user_link_role`.`role_id` where `user_link_role`.`user_id` in (1)

2020-12-11 10:36:34: select * from `roles` where `id` = 1 limit 1

2020-12-11 10:36:34: select `hooks`.*, `role_link_hook`.`role_id` as `pivot_role_id`, `role_link_hook`.`hook_id` as `pivot_hook_id` from `hooks` inner join `role_link_hook` on `hooks`.`id` = `role_link_hook`.`hook_id` where `role_link_hook`.`role_id` in (1)

2020-12-11 10:45:55: select * from `users` where `id` = 1 limit 1

2020-12-11 10:45:55: select * from `users` where `id` = 1 limit 1

2020-12-11 10:45:55: select * from `users` where `id` = 1 limit 1

2020-12-11 10:45:55: select * from `users` where `id` = 1 limit 1

2020-12-11 10:45:55: select * from `users` where `id` = 1 limit 1

2020-12-11 10:45:55: select * from `users` where `id` = 1 limit 1

2020-12-11 10:45:55: select * from `users` where `id` = 1 limit 1

2020-12-11 10:45:56: select `roles`.*, `user_link_role`.`user_id` as `pivot_user_id`, `user_link_role`.`role_id` as `pivot_role_id` from `roles` inner join `user_link_role` on `roles`.`id` = `user_link_role`.`role_id` where `user_link_role`.`user_id` in (1)

2020-12-11 10:45:56: select `roles`.*, `user_link_role`.`user_id` as `pivot_user_id`, `user_link_role`.`role_id` as `pivot_role_id` from `roles` inner join `user_link_role` on `roles`.`id` = `user_link_role`.`role_id` where `user_link_role`.`user_id` in (1)

2020-12-11 10:45:56: select * from `roles` where `id` = 1 limit 1

2020-12-11 10:45:56: select * from `roles` where `id` = 1 limit 1

2020-12-11 10:45:56: select `hooks`.*, `role_link_hook`.`role_id` as `pivot_role_id`, `role_link_hook`.`hook_id` as `pivot_hook_id` from `hooks` inner join `role_link_hook` on `hooks`.`id` = `role_link_hook`.`hook_id` where `role_link_hook`.`role_id` in (1)

2020-12-11 10:45:56: select `hooks`.*, `role_link_hook`.`role_id` as `pivot_role_id`, `role_link_hook`.`hook_id` as `pivot_hook_id` from `hooks` inner join `role_link_hook` on `hooks`.`id` = `role_link_hook`.`hook_id` where `role_link_hook`.`role_id` in (1)

2020-12-11 10:45:56: select * from `users` where `users`.`id` = 1 limit 1

2020-12-11 10:45:56: select `roles`.*, `user_link_role`.`user_id` as `pivot_user_id`, `user_link_role`.`role_id` as `pivot_role_id` from `roles` inner join `user_link_role` on `roles`.`id` = `user_link_role`.`role_id` where `user_link_role`.`user_id` = 1

2020-12-11 10:45:56: select * from `roles` where `id` in (1)

2020-12-11 10:45:56: select `menus`.*, `role_link_menu`.`role_id` as `pivot_role_id`, `role_link_menu`.`menu_id` as `pivot_menu_id`, `role_link_menu`.`commands` as `pivot_commands` from `menus` inner join `role_link_menu` on `menus`.`id` = `role_link_menu`.`menu_id` where `role_link_menu`.`role_id` = 1

2020-12-11 10:45:56: select * from `menus` where `id` in (7, 8, 10, 18, 19, 20, 21, 22, 23, 33, 36, 37, 38, 39, 40, 46, 47, 48, 49, 52, 53, 54, 56, 58, 60, 63, 72, 73, 28, 29, 6, 12, 13, 16, 71, 70, 89, 90) and `is_type` = 0 order by `is_sort` asc

2020-12-11 10:45:56: select * from `menus` where `id` in (7, 8, 10, 18, 19, 20, 21, 22, 23, 33, 36, 37, 38, 39, 40, 46, 47, 48, 49, 52, 53, 54, 56, 58, 60, 63, 72, 73, 28, 29, 6, 12, 13, 16, 71, 70, 89, 90) and `is_type` = 0 and `id` in (7, 8, 10, 18, 19, 20, 21, 22, 23, 33, 36, 37, 38, 39, 40, 46, 47, 48, 49, 52, 53, 54, 56, 58, 60, 63, 72, 73, 28, 29, 6, 12, 13, 16, 71, 70, 89, 90) order by `is_sort` asc

2020-12-11 10:45:59: select * from `users` where `id` = 1 limit 1

2020-12-11 10:45:59: SELECT 1

2020-12-11 10:46:00: SELECT 1

2020-12-11 10:46:06: select * from `users` where `id` = 1 limit 1

2020-12-11 10:46:06: SELECT 1

2020-12-11 10:46:07: SELECT 1

2020-12-11 10:47:00: select * from `users` where `id` = 1 limit 1

2020-12-11 10:47:00: select * from `users` where `id` = 1 limit 1

2020-12-11 10:47:00: select * from `users` where `id` = 1 limit 1

2020-12-11 10:47:00: select * from `users` where `id` = 1 limit 1

2020-12-11 10:47:00: select * from `users` where `id` = 1 limit 1

2020-12-11 10:47:00: select * from `users` where `id` = 1 limit 1

2020-12-11 10:47:00: select * from `users` where `id` = 1 limit 1

2020-12-11 10:47:00: select * from `users` where `id` = 1 limit 1

2020-12-11 10:47:00: select * from `users` where `id` = 1 limit 1

2020-12-11 10:47:00: select `roles`.*, `user_link_role`.`user_id` as `pivot_user_id`, `user_link_role`.`role_id` as `pivot_role_id` from `roles` inner join `user_link_role` on `roles`.`id` = `user_link_role`.`role_id` where `user_link_role`.`user_id` in (1)

2020-12-11 10:47:00: select `roles`.*, `user_link_role`.`user_id` as `pivot_user_id`, `user_link_role`.`role_id` as `pivot_role_id` from `roles` inner join `user_link_role` on `roles`.`id` = `user_link_role`.`role_id` where `user_link_role`.`user_id` in (1)

2020-12-11 10:47:00: select `roles`.*, `user_link_role`.`user_id` as `pivot_user_id`, `user_link_role`.`role_id` as `pivot_role_id` from `roles` inner join `user_link_role` on `roles`.`id` = `user_link_role`.`role_id` where `user_link_role`.`user_id` in (1)

2020-12-11 10:47:00: select * from `roles` where `id` = 1 limit 1

2020-12-11 10:47:00: select * from `roles` where `id` = 1 limit 1

2020-12-11 10:47:00: select * from `roles` where `id` = 1 limit 1

2020-12-11 10:47:01: select `hooks`.*, `role_link_hook`.`role_id` as `pivot_role_id`, `role_link_hook`.`hook_id` as `pivot_hook_id` from `hooks` inner join `role_link_hook` on `hooks`.`id` = `role_link_hook`.`hook_id` where `role_link_hook`.`role_id` in (1)

2020-12-11 10:47:01: select `hooks`.*, `role_link_hook`.`role_id` as `pivot_role_id`, `role_link_hook`.`hook_id` as `pivot_hook_id` from `hooks` inner join `role_link_hook` on `hooks`.`id` = `role_link_hook`.`hook_id` where `role_link_hook`.`role_id` in (1)

2020-12-11 10:47:01: select * from `users` where `users`.`id` = 1 limit 1

2020-12-11 10:47:01: select `roles`.*, `user_link_role`.`user_id` as `pivot_user_id`, `user_link_role`.`role_id` as `pivot_role_id` from `roles` inner join `user_link_role` on `roles`.`id` = `user_link_role`.`role_id` where `user_link_role`.`user_id` = 1

2020-12-11 10:47:02: select * from `roles` where `id` in (1)

2020-12-11 10:47:02: select `menus`.*, `role_link_menu`.`role_id` as `pivot_role_id`, `role_link_menu`.`menu_id` as `pivot_menu_id`, `role_link_menu`.`commands` as `pivot_commands` from `menus` inner join `role_link_menu` on `menus`.`id` = `role_link_menu`.`menu_id` where `role_link_menu`.`role_id` = 1

2020-12-11 10:47:02: select * from `menus` where `id` in (7, 8, 10, 18, 19, 20, 21, 22, 23, 33, 36, 37, 38, 39, 40, 46, 47, 48, 49, 52, 53, 54, 56, 58, 60, 63, 72, 73, 28, 29, 6, 12, 13, 16, 71, 70, 89, 90) and `is_type` = 0 order by `is_sort` asc

2020-12-11 10:47:02: select * from `menus` where `id` in (7, 8, 10, 18, 19, 20, 21, 22, 23, 33, 36, 37, 38, 39, 40, 46, 47, 48, 49, 52, 53, 54, 56, 58, 60, 63, 72, 73, 28, 29, 6, 12, 13, 16, 71, 70, 89, 90) and `is_type` = 0 and `id` in (7, 8, 10, 18, 19, 20, 21, 22, 23, 33, 36, 37, 38, 39, 40, 46, 47, 48, 49, 52, 53, 54, 56, 58, 60, 63, 72, 73, 28, 29, 6, 12, 13, 16, 71, 70, 89, 90) order by `is_sort` asc

2020-12-11 10:47:03: select * from `users` where `id` = 1 limit 1

2020-12-11 10:47:03: select * from `users` where `id` = 1 limit 1

2020-12-11 10:47:03: select * from `users` where `id` = 1 limit 1

2020-12-11 10:47:03: select `roles`.*, `user_link_role`.`user_id` as `pivot_user_id`, `user_link_role`.`role_id` as `pivot_role_id` from `roles` inner join `user_link_role` on `roles`.`id` = `user_link_role`.`role_id` where `user_link_role`.`user_id` in (1)

2020-12-11 10:47:03: select * from `roles` where `id` = 1 limit 1

2020-12-11 10:47:04: select `hooks`.*, `role_link_hook`.`role_id` as `pivot_role_id`, `role_link_hook`.`hook_id` as `pivot_hook_id` from `hooks` inner join `role_link_hook` on `hooks`.`id` = `role_link_hook`.`hook_id` where `role_link_hook`.`role_id` in (1)

2020-12-11 10:47:04: select * from `config`

2020-12-11 10:47:13: select * from `users` where `id` = 1 limit 1

2020-12-11 10:47:13: select * from `users` where `id` = 1 limit 1

2020-12-11 10:47:13: select * from `users` where `id` = 1 limit 1

2020-12-11 10:47:13: select `roles`.*, `user_link_role`.`user_id` as `pivot_user_id`, `user_link_role`.`role_id` as `pivot_role_id` from `roles` inner join `user_link_role` on `roles`.`id` = `user_link_role`.`role_id` where `user_link_role`.`user_id` in (1)

2020-12-11 10:47:13: select * from `roles` where `id` = 1 limit 1

2020-12-11 10:47:13: select `hooks`.*, `role_link_hook`.`role_id` as `pivot_role_id`, `role_link_hook`.`hook_id` as `pivot_hook_id` from `hooks` inner join `role_link_hook` on `hooks`.`id` = `role_link_hook`.`hook_id` where `role_link_hook`.`role_id` in (1)

2020-12-11 16:26:19: select * from `users` where `id` = 1 limit 1

2020-12-11 16:26:19: select * from `users` where `id` = 1 limit 1

2020-12-11 16:26:19: select * from `users` where `id` = 1 limit 1

2020-12-11 16:26:19: select * from `users` where `id` = 1 limit 1

2020-12-11 16:26:19: select * from `users` where `id` = 1 limit 1

2020-12-11 16:26:19: select * from `users` where `id` = 1 limit 1

2020-12-11 16:26:19: select `roles`.*, `user_link_role`.`user_id` as `pivot_user_id`, `user_link_role`.`role_id` as `pivot_role_id` from `roles` inner join `user_link_role` on `roles`.`id` = `user_link_role`.`role_id` where `user_link_role`.`user_id` in (1)

2020-12-11 16:26:19: select `roles`.*, `user_link_role`.`user_id` as `pivot_user_id`, `user_link_role`.`role_id` as `pivot_role_id` from `roles` inner join `user_link_role` on `roles`.`id` = `user_link_role`.`role_id` where `user_link_role`.`user_id` in (1)

2020-12-11 16:26:19: select * from `roles` where `id` = 1 limit 1

2020-12-11 16:26:19: select * from `roles` where `id` = 1 limit 1

2020-12-11 16:26:19: select `hooks`.*, `role_link_hook`.`role_id` as `pivot_role_id`, `role_link_hook`.`hook_id` as `pivot_hook_id` from `hooks` inner join `role_link_hook` on `hooks`.`id` = `role_link_hook`.`hook_id` where `role_link_hook`.`role_id` in (1)

2020-12-11 16:26:19: select `hooks`.*, `role_link_hook`.`role_id` as `pivot_role_id`, `role_link_hook`.`hook_id` as `pivot_hook_id` from `hooks` inner join `role_link_hook` on `hooks`.`id` = `role_link_hook`.`hook_id` where `role_link_hook`.`role_id` in (1)

2020-12-11 16:26:20: select * from `users` where `id` = 1 limit 1

2020-12-11 16:26:20: select * from `users` where `id` = 1 limit 1

2020-12-11 16:26:20: select * from `users` where `id` = 1 limit 1

2020-12-11 16:26:20: select `roles`.*, `user_link_role`.`user_id` as `pivot_user_id`, `user_link_role`.`role_id` as `pivot_role_id` from `roles` inner join `user_link_role` on `roles`.`id` = `user_link_role`.`role_id` where `user_link_role`.`user_id` in (1)

2020-12-11 16:26:20: select * from `roles` where `id` = 1 limit 1

2020-12-11 16:26:20: select `hooks`.*, `role_link_hook`.`role_id` as `pivot_role_id`, `role_link_hook`.`hook_id` as `pivot_hook_id` from `hooks` inner join `role_link_hook` on `hooks`.`id` = `role_link_hook`.`hook_id` where `role_link_hook`.`role_id` in (1)

2020-12-11 16:26:20: select * from `users` where `users`.`id` = 1 limit 1

2020-12-11 16:26:20: select `roles`.*, `user_link_role`.`user_id` as `pivot_user_id`, `user_link_role`.`role_id` as `pivot_role_id` from `roles` inner join `user_link_role` on `roles`.`id` = `user_link_role`.`role_id` where `user_link_role`.`user_id` = 1

2020-12-11 16:26:20: select * from `roles` where `id` in (1)

2020-12-11 16:26:20: select `menus`.*, `role_link_menu`.`role_id` as `pivot_role_id`, `role_link_menu`.`menu_id` as `pivot_menu_id`, `role_link_menu`.`commands` as `pivot_commands` from `menus` inner join `role_link_menu` on `menus`.`id` = `role_link_menu`.`menu_id` where `role_link_menu`.`role_id` = 1

2020-12-11 16:26:20: select * from `menus` where `id` in (7, 8, 10, 18, 19, 20, 21, 22, 23, 33, 36, 37, 38, 39, 40, 46, 47, 48, 49, 52, 53, 54, 56, 58, 60, 63, 72, 73, 28, 29, 6, 12, 13, 16, 71, 70, 89, 90) and `is_type` = 0 order by `is_sort` asc

2020-12-11 16:26:21: select * from `menus` where `id` in (7, 8, 10, 18, 19, 20, 21, 22, 23, 33, 36, 37, 38, 39, 40, 46, 47, 48, 49, 52, 53, 54, 56, 58, 60, 63, 72, 73, 28, 29, 6, 12, 13, 16, 71, 70, 89, 90) and `is_type` = 0 and `id` in (7, 8, 10, 18, 19, 20, 21, 22, 23, 33, 36, 37, 38, 39, 40, 46, 47, 48, 49, 52, 53, 54, 56, 58, 60, 63, 72, 73, 28, 29, 6, 12, 13, 16, 71, 70, 89, 90) order by `is_sort` asc

2020-12-11 16:26:27: select * from `users` where `id` = 1 limit 1

2020-12-11 16:26:28: select * from `users` where `id` = 1 limit 1

2020-12-11 16:26:28: select * from `users` where `id` = 1 limit 1

2020-12-11 16:26:28: select `roles`.*, `user_link_role`.`user_id` as `pivot_user_id`, `user_link_role`.`role_id` as `pivot_role_id` from `roles` inner join `user_link_role` on `roles`.`id` = `user_link_role`.`role_id` where `user_link_role`.`user_id` in (1)

2020-12-11 16:26:28: select * from `roles` where `id` = 1 limit 1

2020-12-11 16:26:28: select `hooks`.*, `role_link_hook`.`role_id` as `pivot_role_id`, `role_link_hook`.`hook_id` as `pivot_hook_id` from `hooks` inner join `role_link_hook` on `hooks`.`id` = `role_link_hook`.`hook_id` where `role_link_hook`.`role_id` in (1)

2020-12-11 16:26:28: select * from `config`

2020-12-11 16:26:32: select * from `users` where `id` = 1 limit 1

2020-12-11 16:26:32: select * from `users` where `id` = 1 limit 1

2020-12-11 16:26:32: select * from `users` where `id` = 1 limit 1

2020-12-11 16:26:32: select `roles`.*, `user_link_role`.`user_id` as `pivot_user_id`, `user_link_role`.`role_id` as `pivot_role_id` from `roles` inner join `user_link_role` on `roles`.`id` = `user_link_role`.`role_id` where `user_link_role`.`user_id` in (1)

2020-12-11 16:26:32: select * from `roles` where `id` = 1 limit 1

2020-12-11 16:26:32: select `hooks`.*, `role_link_hook`.`role_id` as `pivot_role_id`, `role_link_hook`.`hook_id` as `pivot_hook_id` from `hooks` inner join `role_link_hook` on `hooks`.`id` = `role_link_hook`.`hook_id` where `role_link_hook`.`role_id` in (1)

2020-12-11 16:28:19: select * from `users` where `id` = 1 limit 1

2020-12-11 16:28:19: select * from `users` where `id` = 1 limit 1

2020-12-11 16:28:19: select * from `users` where `id` = 1 limit 1

2020-12-11 16:28:19: select * from `users` where `id` = 1 limit 1

2020-12-11 16:28:19: select * from `users` where `id` = 1 limit 1

2020-12-11 16:28:19: select * from `users` where `id` = 1 limit 1

2020-12-11 16:28:19: select * from `users` where `id` = 1 limit 1

2020-12-11 16:28:19: select * from `users` where `id` = 1 limit 1

2020-12-11 16:28:19: select * from `users` where `id` = 1 limit 1

2020-12-11 16:28:19: select `roles`.*, `user_link_role`.`user_id` as `pivot_user_id`, `user_link_role`.`role_id` as `pivot_role_id` from `roles` inner join `user_link_role` on `roles`.`id` = `user_link_role`.`role_id` where `user_link_role`.`user_id` in (1)

2020-12-11 16:28:19: select `roles`.*, `user_link_role`.`user_id` as `pivot_user_id`, `user_link_role`.`role_id` as `pivot_role_id` from `roles` inner join `user_link_role` on `roles`.`id` = `user_link_role`.`role_id` where `user_link_role`.`user_id` in (1)

2020-12-11 16:28:20: select `roles`.*, `user_link_role`.`user_id` as `pivot_user_id`, `user_link_role`.`role_id` as `pivot_role_id` from `roles` inner join `user_link_role` on `roles`.`id` = `user_link_role`.`role_id` where `user_link_role`.`user_id` in (1)

2020-12-11 16:28:20: select * from `roles` where `id` = 1 limit 1

2020-12-11 16:28:20: select * from `roles` where `id` = 1 limit 1

2020-12-11 16:28:20: select * from `roles` where `id` = 1 limit 1

2020-12-11 16:28:20: select `hooks`.*, `role_link_hook`.`role_id` as `pivot_role_id`, `role_link_hook`.`hook_id` as `pivot_hook_id` from `hooks` inner join `role_link_hook` on `hooks`.`id` = `role_link_hook`.`hook_id` where `role_link_hook`.`role_id` in (1)

2020-12-11 16:28:20: select `hooks`.*, `role_link_hook`.`role_id` as `pivot_role_id`, `role_link_hook`.`hook_id` as `pivot_hook_id` from `hooks` inner join `role_link_hook` on `hooks`.`id` = `role_link_hook`.`hook_id` where `role_link_hook`.`role_id` in (1)

2020-12-11 16:28:20: select `hooks`.*, `role_link_hook`.`role_id` as `pivot_role_id`, `role_link_hook`.`hook_id` as `pivot_hook_id` from `hooks` inner join `role_link_hook` on `hooks`.`id` = `role_link_hook`.`hook_id` where `role_link_hook`.`role_id` in (1)

2020-12-11 16:28:20: select * from `users` where `users`.`id` = 1 limit 1

2020-12-11 16:28:20: select `roles`.*, `user_link_role`.`user_id` as `pivot_user_id`, `user_link_role`.`role_id` as `pivot_role_id` from `roles` inner join `user_link_role` on `roles`.`id` = `user_link_role`.`role_id` where `user_link_role`.`user_id` = 1

2020-12-11 16:28:20: select * from `roles` where `id` in (1)

2020-12-11 16:28:20: select `menus`.*, `role_link_menu`.`role_id` as `pivot_role_id`, `role_link_menu`.`menu_id` as `pivot_menu_id`, `role_link_menu`.`commands` as `pivot_commands` from `menus` inner join `role_link_menu` on `menus`.`id` = `role_link_menu`.`menu_id` where `role_link_menu`.`role_id` = 1

2020-12-11 16:28:20: select * from `menus` where `id` in (7, 8, 10, 18, 19, 20, 21, 22, 23, 33, 36, 37, 38, 39, 40, 46, 47, 48, 49, 52, 53, 54, 56, 58, 60, 63, 72, 73, 28, 29, 6, 12, 13, 16, 71, 70, 89, 90) and `is_type` = 0 order by `is_sort` asc

2020-12-11 16:28:20: select * from `menus` where `id` in (7, 8, 10, 18, 19, 20, 21, 22, 23, 33, 36, 37, 38, 39, 40, 46, 47, 48, 49, 52, 53, 54, 56, 58, 60, 63, 72, 73, 28, 29, 6, 12, 13, 16, 71, 70, 89, 90) and `is_type` = 0 and `id` in (7, 8, 10, 18, 19, 20, 21, 22, 23, 33, 36, 37, 38, 39, 40, 46, 47, 48, 49, 52, 53, 54, 56, 58, 60, 63, 72, 73, 28, 29, 6, 12, 13, 16, 71, 70, 89, 90) order by `is_sort` asc

2020-12-11 16:28:24: select * from `users` where `id` = 1 limit 1

2020-12-11 16:28:24: select * from `users` where `id` = 1 limit 1

2020-12-11 16:28:24: select * from `users` where `id` = 1 limit 1

2020-12-11 16:28:24: select `roles`.*, `user_link_role`.`user_id` as `pivot_user_id`, `user_link_role`.`role_id` as `pivot_role_id` from `roles` inner join `user_link_role` on `roles`.`id` = `user_link_role`.`role_id` where `user_link_role`.`user_id` in (1)

2020-12-11 16:28:24: select * from `roles` where `id` = 1 limit 1

2020-12-11 16:28:24: select `hooks`.*, `role_link_hook`.`role_id` as `pivot_role_id`, `role_link_hook`.`hook_id` as `pivot_hook_id` from `hooks` inner join `role_link_hook` on `hooks`.`id` = `role_link_hook`.`hook_id` where `role_link_hook`.`role_id` in (1)

2020-12-11 16:28:25: select * from `config`

2020-12-11 16:28:26: select * from `users` where `id` = 1 limit 1

2020-12-11 16:28:27: select * from `users` where `id` = 1 limit 1

2020-12-11 16:28:27: select * from `users` where `id` = 1 limit 1

2020-12-11 16:28:27: select `roles`.*, `user_link_role`.`user_id` as `pivot_user_id`, `user_link_role`.`role_id` as `pivot_role_id` from `roles` inner join `user_link_role` on `roles`.`id` = `user_link_role`.`role_id` where `user_link_role`.`user_id` in (1)

2020-12-11 16:28:27: select * from `roles` where `id` = 1 limit 1

2020-12-11 16:28:27: select `hooks`.*, `role_link_hook`.`role_id` as `pivot_role_id`, `role_link_hook`.`hook_id` as `pivot_hook_id` from `hooks` inner join `role_link_hook` on `hooks`.`id` = `role_link_hook`.`hook_id` where `role_link_hook`.`role_id` in (1)

2020-12-11 16:30:46: select * from `users` where `id` = 1 limit 1

2020-12-11 16:30:46: select * from `users` where `id` = 1 limit 1

2020-12-11 16:30:46: select * from `users` where `id` = 1 limit 1

2020-12-11 16:30:46: select * from `users` where `id` = 1 limit 1

2020-12-11 16:30:46: select * from `users` where `id` = 1 limit 1

2020-12-11 16:30:46: select * from `users` where `id` = 1 limit 1

2020-12-11 16:30:46: select * from `users` where `id` = 1 limit 1

2020-12-11 16:30:46: select * from `users` where `id` = 1 limit 1

2020-12-11 16:30:46: select * from `users` where `id` = 1 limit 1

2020-12-11 16:30:46: select `roles`.*, `user_link_role`.`user_id` as `pivot_user_id`, `user_link_role`.`role_id` as `pivot_role_id` from `roles` inner join `user_link_role` on `roles`.`id` = `user_link_role`.`role_id` where `user_link_role`.`user_id` in (1)

2020-12-11 16:30:46: select `roles`.*, `user_link_role`.`user_id` as `pivot_user_id`, `user_link_role`.`role_id` as `pivot_role_id` from `roles` inner join `user_link_role` on `roles`.`id` = `user_link_role`.`role_id` where `user_link_role`.`user_id` in (1)

2020-12-11 16:30:46: select `roles`.*, `user_link_role`.`user_id` as `pivot_user_id`, `user_link_role`.`role_id` as `pivot_role_id` from `roles` inner join `user_link_role` on `roles`.`id` = `user_link_role`.`role_id` where `user_link_role`.`user_id` in (1)

2020-12-11 16:30:46: select * from `roles` where `id` = 1 limit 1

2020-12-11 16:30:46: select * from `roles` where `id` = 1 limit 1

2020-12-11 16:30:46: select * from `roles` where `id` = 1 limit 1

2020-12-11 16:30:46: select `hooks`.*, `role_link_hook`.`role_id` as `pivot_role_id`, `role_link_hook`.`hook_id` as `pivot_hook_id` from `hooks` inner join `role_link_hook` on `hooks`.`id` = `role_link_hook`.`hook_id` where `role_link_hook`.`role_id` in (1)

2020-12-11 16:30:47: select * from `users` where `users`.`id` = 1 limit 1

2020-12-11 16:30:47: select `roles`.*, `user_link_role`.`user_id` as `pivot_user_id`, `user_link_role`.`role_id` as `pivot_role_id` from `roles` inner join `user_link_role` on `roles`.`id` = `user_link_role`.`role_id` where `user_link_role`.`user_id` = 1

2020-12-11 16:30:47: select * from `roles` where `id` in (1)

2020-12-11 16:30:47: select `menus`.*, `role_link_menu`.`role_id` as `pivot_role_id`, `role_link_menu`.`menu_id` as `pivot_menu_id`, `role_link_menu`.`commands` as `pivot_commands` from `menus` inner join `role_link_menu` on `menus`.`id` = `role_link_menu`.`menu_id` where `role_link_menu`.`role_id` = 1

2020-12-11 16:30:47: select * from `menus` where `id` in (7, 8, 10, 18, 19, 20, 21, 22, 23, 33, 36, 37, 38, 39, 40, 46, 47, 48, 49, 52, 53, 54, 56, 58, 60, 63, 72, 73, 28, 29, 6, 12, 13, 16, 71, 70, 89, 90) and `is_type` = 0 order by `is_sort` asc

2020-12-11 16:30:47: select * from `menus` where `id` in (7, 8, 10, 18, 19, 20, 21, 22, 23, 33, 36, 37, 38, 39, 40, 46, 47, 48, 49, 52, 53, 54, 56, 58, 60, 63, 72, 73, 28, 29, 6, 12, 13, 16, 71, 70, 89, 90) and `is_type` = 0 and `id` in (7, 8, 10, 18, 19, 20, 21, 22, 23, 33, 36, 37, 38, 39, 40, 46, 47, 48, 49, 52, 53, 54, 56, 58, 60, 63, 72, 73, 28, 29, 6, 12, 13, 16, 71, 70, 89, 90) order by `is_sort` asc

2020-12-11 16:30:48: select * from `users` where `id` = 1 limit 1

2020-12-11 16:30:49: select * from `users` where `id` = 1 limit 1

2020-12-11 16:30:49: select * from `users` where `id` = 1 limit 1

2020-12-11 16:30:49: select `roles`.*, `user_link_role`.`user_id` as `pivot_user_id`, `user_link_role`.`role_id` as `pivot_role_id` from `roles` inner join `user_link_role` on `roles`.`id` = `user_link_role`.`role_id` where `user_link_role`.`user_id` in (1)

2020-12-11 16:30:49: select * from `roles` where `id` = 1 limit 1

2020-12-11 16:30:49: select `hooks`.*, `role_link_hook`.`role_id` as `pivot_role_id`, `role_link_hook`.`hook_id` as `pivot_hook_id` from `hooks` inner join `role_link_hook` on `hooks`.`id` = `role_link_hook`.`hook_id` where `role_link_hook`.`role_id` in (1)

2020-12-11 16:30:49: select * from `config`

2020-12-11 16:30:51: select * from `users` where `id` = 1 limit 1

2020-12-11 16:30:51: select * from `users` where `id` = 1 limit 1

2020-12-11 16:30:51: select * from `users` where `id` = 1 limit 1

2020-12-11 16:30:52: select `roles`.*, `user_link_role`.`user_id` as `pivot_user_id`, `user_link_role`.`role_id` as `pivot_role_id` from `roles` inner join `user_link_role` on `roles`.`id` = `user_link_role`.`role_id` where `user_link_role`.`user_id` in (1)

2020-12-11 16:30:52: select * from `roles` where `id` = 1 limit 1

2020-12-11 16:30:52: select `hooks`.*, `role_link_hook`.`role_id` as `pivot_role_id`, `role_link_hook`.`hook_id` as `pivot_hook_id` from `hooks` inner join `role_link_hook` on `hooks`.`id` = `role_link_hook`.`hook_id` where `role_link_hook`.`role_id` in (1)

2020-12-11 16:39:48: select * from `users` where `id` = 1 limit 1

2020-12-11 16:39:48: select * from `users` where `id` = 1 limit 1

2020-12-11 16:39:48: select * from `users` where `id` = 1 limit 1

2020-12-11 16:39:48: select * from `users` where `id` = 1 limit 1

2020-12-11 16:39:48: select * from `users` where `id` = 1 limit 1

2020-12-11 16:39:48: select `roles`.*, `user_link_role`.`user_id` as `pivot_user_id`, `user_link_role`.`role_id` as `pivot_role_id` from `roles` inner join `user_link_role` on `roles`.`id` = `user_link_role`.`role_id` where `user_link_role`.`user_id` in (1)

2020-12-11 16:39:48: select * from `users` where `id` = 1 limit 1

2020-12-11 16:39:48: select * from `roles` where `id` = 1 limit 1

2020-12-11 16:39:48: select `roles`.*, `user_link_role`.`user_id` as `pivot_user_id`, `user_link_role`.`role_id` as `pivot_role_id` from `roles` inner join `user_link_role` on `roles`.`id` = `user_link_role`.`role_id` where `user_link_role`.`user_id` in (1)

2020-12-11 16:39:48: select * from `roles` where `id` = 1 limit 1

2020-12-11 16:39:48: select `hooks`.*, `role_link_hook`.`role_id` as `pivot_role_id`, `role_link_hook`.`hook_id` as `pivot_hook_id` from `hooks` inner join `role_link_hook` on `hooks`.`id` = `role_link_hook`.`hook_id` where `role_link_hook`.`role_id` in (1)

2020-12-11 16:39:49: select `hooks`.*, `role_link_hook`.`role_id` as `pivot_role_id`, `role_link_hook`.`hook_id` as `pivot_hook_id` from `hooks` inner join `role_link_hook` on `hooks`.`id` = `role_link_hook`.`hook_id` where `role_link_hook`.`role_id` in (1)

2020-12-11 16:39:49: select * from `users` where `users`.`id` = 1 limit 1

2020-12-11 16:39:49: select `roles`.*, `user_link_role`.`user_id` as `pivot_user_id`, `user_link_role`.`role_id` as `pivot_role_id` from `roles` inner join `user_link_role` on `roles`.`id` = `user_link_role`.`role_id` where `user_link_role`.`user_id` = 1

2020-12-11 16:39:49: select * from `roles` where `id` in (1)

2020-12-11 16:39:49: select `menus`.*, `role_link_menu`.`role_id` as `pivot_role_id`, `role_link_menu`.`menu_id` as `pivot_menu_id`, `role_link_menu`.`commands` as `pivot_commands` from `menus` inner join `role_link_menu` on `menus`.`id` = `role_link_menu`.`menu_id` where `role_link_menu`.`role_id` = 1

2020-12-11 16:39:49: select * from `menus` where `id` in (7, 8, 10, 18, 19, 20, 21, 22, 23, 33, 36, 37, 38, 39, 40, 46, 47, 48, 49, 52, 53, 54, 56, 58, 60, 63, 72, 73, 28, 29, 6, 12, 13, 16, 71, 70, 89, 90) and `is_type` = 0 order by `is_sort` asc

2020-12-11 16:39:49: select * from `menus` where `id` in (7, 8, 10, 18, 19, 20, 21, 22, 23, 33, 36, 37, 38, 39, 40, 46, 47, 48, 49, 52, 53, 54, 56, 58, 60, 63, 72, 73, 28, 29, 6, 12, 13, 16, 71, 70, 89, 90) and `is_type` = 0 and `id` in (7, 8, 10, 18, 19, 20, 21, 22, 23, 33, 36, 37, 38, 39, 40, 46, 47, 48, 49, 52, 53, 54, 56, 58, 60, 63, 72, 73, 28, 29, 6, 12, 13, 16, 71, 70, 89, 90) order by `is_sort` asc

2020-12-11 16:39:51: select * from `users` where `id` = 1 limit 1

2020-12-11 16:39:51: select * from `users` where `id` = 1 limit 1

2020-12-11 16:39:51: select * from `users` where `id` = 1 limit 1

2020-12-11 16:39:52: select `roles`.*, `user_link_role`.`user_id` as `pivot_user_id`, `user_link_role`.`role_id` as `pivot_role_id` from `roles` inner join `user_link_role` on `roles`.`id` = `user_link_role`.`role_id` where `user_link_role`.`user_id` in (1)

2020-12-11 16:39:52: select * from `roles` where `id` = 1 limit 1

2020-12-11 16:39:52: select `hooks`.*, `role_link_hook`.`role_id` as `pivot_role_id`, `role_link_hook`.`hook_id` as `pivot_hook_id` from `hooks` inner join `role_link_hook` on `hooks`.`id` = `role_link_hook`.`hook_id` where `role_link_hook`.`role_id` in (1)

2020-12-11 16:39:53: select * from `users` where `id` = 1 limit 1

2020-12-11 16:39:53: select * from `users` where `id` = 1 limit 1

2020-12-11 16:39:53: select * from `users` where `id` = 1 limit 1

2020-12-11 16:39:53: select `roles`.*, `user_link_role`.`user_id` as `pivot_user_id`, `user_link_role`.`role_id` as `pivot_role_id` from `roles` inner join `user_link_role` on `roles`.`id` = `user_link_role`.`role_id` where `user_link_role`.`user_id` in (1)

2020-12-11 16:39:53: select * from `roles` where `id` = 1 limit 1

2020-12-11 16:39:53: select `hooks`.*, `role_link_hook`.`role_id` as `pivot_role_id`, `role_link_hook`.`hook_id` as `pivot_hook_id` from `hooks` inner join `role_link_hook` on `hooks`.`id` = `role_link_hook`.`hook_id` where `role_link_hook`.`role_id` in (1)

2020-12-11 16:39:53: select * from `config`

2020-12-11 16:39:57: select * from `users` where `id` = 1 limit 1

2020-12-11 16:39:57: select * from `users` where `id` = 1 limit 1

2020-12-11 16:39:57: select * from `users` where `id` = 1 limit 1

2020-12-11 16:39:57: select `roles`.*, `user_link_role`.`user_id` as `pivot_user_id`, `user_link_role`.`role_id` as `pivot_role_id` from `roles` inner join `user_link_role` on `roles`.`id` = `user_link_role`.`role_id` where `user_link_role`.`user_id` in (1)

2020-12-11 16:39:57: select * from `roles` where `id` = 1 limit 1

2020-12-11 16:39:58: select `hooks`.*, `role_link_hook`.`role_id` as `pivot_role_id`, `role_link_hook`.`hook_id` as `pivot_hook_id` from `hooks` inner join `role_link_hook` on `hooks`.`id` = `role_link_hook`.`hook_id` where `role_link_hook`.`role_id` in (1)

2020-12-11 16:42:53: select * from `users` where `id` = 1 limit 1

2020-12-11 16:42:53: select * from `users` where `id` = 1 limit 1

2020-12-11 16:42:53: select * from `users` where `id` = 1 limit 1

2020-12-11 16:42:53: select * from `users` where `id` = 1 limit 1

2020-12-11 16:42:53: select * from `users` where `id` = 1 limit 1

2020-12-11 16:42:53: select * from `users` where `id` = 1 limit 1

2020-12-11 16:42:54: select * from `users` where `id` = 1 limit 1

2020-12-11 16:42:54: select * from `users` where `id` = 1 limit 1

2020-12-11 16:42:54: select * from `users` where `id` = 1 limit 1

2020-12-11 16:42:54: select `roles`.*, `user_link_role`.`user_id` as `pivot_user_id`, `user_link_role`.`role_id` as `pivot_role_id` from `roles` inner join `user_link_role` on `roles`.`id` = `user_link_role`.`role_id` where `user_link_role`.`user_id` in (1)

2020-12-11 16:42:54: select `roles`.*, `user_link_role`.`user_id` as `pivot_user_id`, `user_link_role`.`role_id` as `pivot_role_id` from `roles` inner join `user_link_role` on `roles`.`id` = `user_link_role`.`role_id` where `user_link_role`.`user_id` in (1)

2020-12-11 16:42:54: select * from `roles` where `id` = 1 limit 1

2020-12-11 16:42:54: select * from `roles` where `id` = 1 limit 1

2020-12-11 16:42:54: select * from `roles` where `id` = 1 limit 1

2020-12-11 16:42:55: select `hooks`.*, `role_link_hook`.`role_id` as `pivot_role_id`, `role_link_hook`.`hook_id` as `pivot_hook_id` from `hooks` inner join `role_link_hook` on `hooks`.`id` = `role_link_hook`.`hook_id` where `role_link_hook`.`role_id` in (1)

2020-12-11 16:42:55: select `hooks`.*, `role_link_hook`.`role_id` as `pivot_role_id`, `role_link_hook`.`hook_id` as `pivot_hook_id` from `hooks` inner join `role_link_hook` on `hooks`.`id` = `role_link_hook`.`hook_id` where `role_link_hook`.`role_id` in (1)

2020-12-11 16:42:55: select `hooks`.*, `role_link_hook`.`role_id` as `pivot_role_id`, `role_link_hook`.`hook_id` as `pivot_hook_id` from `hooks` inner join `role_link_hook` on `hooks`.`id` = `role_link_hook`.`hook_id` where `role_link_hook`.`role_id` in (1)

2020-12-11 16:42:55: select * from `users` where `users`.`id` = 1 limit 1

2020-12-11 16:42:55: select `roles`.*, `user_link_role`.`user_id` as `pivot_user_id`, `user_link_role`.`role_id` as `pivot_role_id` from `roles` inner join `user_link_role` on `roles`.`id` = `user_link_role`.`role_id` where `user_link_role`.`user_id` = 1

2020-12-11 16:42:55: select * from `roles` where `id` in (1)

2020-12-11 16:42:55: select `menus`.*, `role_link_menu`.`role_id` as `pivot_role_id`, `role_link_menu`.`menu_id` as `pivot_menu_id`, `role_link_menu`.`commands` as `pivot_commands` from `menus` inner join `role_link_menu` on `menus`.`id` = `role_link_menu`.`menu_id` where `role_link_menu`.`role_id` = 1

2020-12-11 16:42:56: select * from `menus` where `id` in (7, 8, 10, 18, 19, 20, 21, 22, 23, 33, 36, 37, 38, 39, 40, 46, 47, 48, 49, 52, 53, 54, 56, 58, 60, 63, 72, 73, 28, 29, 6, 12, 13, 16, 71, 70, 89, 90) and `is_type` = 0 order by `is_sort` asc

2020-12-11 16:42:56: select * from `menus` where `id` in (7, 8, 10, 18, 19, 20, 21, 22, 23, 33, 36, 37, 38, 39, 40, 46, 47, 48, 49, 52, 53, 54, 56, 58, 60, 63, 72, 73, 28, 29, 6, 12, 13, 16, 71, 70, 89, 90) and `is_type` = 0 and `id` in (7, 8, 10, 18, 19, 20, 21, 22, 23, 33, 36, 37, 38, 39, 40, 46, 47, 48, 49, 52, 53, 54, 56, 58, 60, 63, 72, 73, 28, 29, 6, 12, 13, 16, 71, 70, 89, 90) order by `is_sort` asc

2020-12-11 16:42:56: select * from `users` where `id` = 1 limit 1

2020-12-11 16:42:56: select * from `users` where `id` = 1 limit 1

2020-12-11 16:42:56: select * from `users` where `id` = 1 limit 1

2020-12-11 16:42:56: select `roles`.*, `user_link_role`.`user_id` as `pivot_user_id`, `user_link_role`.`role_id` as `pivot_role_id` from `roles` inner join `user_link_role` on `roles`.`id` = `user_link_role`.`role_id` where `user_link_role`.`user_id` in (1)

2020-12-11 16:42:56: select * from `roles` where `id` = 1 limit 1

2020-12-11 16:42:56: select `hooks`.*, `role_link_hook`.`role_id` as `pivot_role_id`, `role_link_hook`.`hook_id` as `pivot_hook_id` from `hooks` inner join `role_link_hook` on `hooks`.`id` = `role_link_hook`.`hook_id` where `role_link_hook`.`role_id` in (1)

2020-12-11 16:42:57: select * from `config`

2020-12-11 16:42:59: select * from `users` where `id` = 1 limit 1

2020-12-11 16:42:59: select * from `users` where `id` = 1 limit 1

2020-12-11 16:42:59: select * from `users` where `id` = 1 limit 1

2020-12-11 16:42:59: select `roles`.*, `user_link_role`.`user_id` as `pivot_user_id`, `user_link_role`.`role_id` as `pivot_role_id` from `roles` inner join `user_link_role` on `roles`.`id` = `user_link_role`.`role_id` where `user_link_role`.`user_id` in (1)

2020-12-11 16:42:59: select * from `roles` where `id` = 1 limit 1

2020-12-11 16:42:59: select `hooks`.*, `role_link_hook`.`role_id` as `pivot_role_id`, `role_link_hook`.`hook_id` as `pivot_hook_id` from `hooks` inner join `role_link_hook` on `hooks`.`id` = `role_link_hook`.`hook_id` where `role_link_hook`.`role_id` in (1)

2020-12-11 22:00:25: select * from `users` where `id` = 1 limit 1

2020-12-11 22:00:26: select * from `users` where `id` = 1 limit 1

2020-12-11 22:00:26: select * from `users` where `id` = 1 limit 1

2020-12-11 22:00:26: select * from `users` where `id` = 1 limit 1

2020-12-11 22:00:26: select * from `users` where `id` = 1 limit 1

2020-12-11 22:00:26: select * from `users` where `id` = 1 limit 1

2020-12-11 22:00:26: select * from `users` where `id` = 1 limit 1

2020-12-11 22:00:26: select `roles`.*, `user_link_role`.`user_id` as `pivot_user_id`, `user_link_role`.`role_id` as `pivot_role_id` from `roles` inner join `user_link_role` on `roles`.`id` = `user_link_role`.`role_id` where `user_link_role`.`user_id` in (1)

2020-12-11 22:00:26: select `roles`.*, `user_link_role`.`user_id` as `pivot_user_id`, `user_link_role`.`role_id` as `pivot_role_id` from `roles` inner join `user_link_role` on `roles`.`id` = `user_link_role`.`role_id` where `user_link_role`.`user_id` in (1)

2020-12-11 22:00:26: select * from `roles` where `id` = 1 limit 1

2020-12-11 22:00:26: select * from `roles` where `id` = 1 limit 1

2020-12-11 22:00:26: select `hooks`.*, `role_link_hook`.`role_id` as `pivot_role_id`, `role_link_hook`.`hook_id` as `pivot_hook_id` from `hooks` inner join `role_link_hook` on `hooks`.`id` = `role_link_hook`.`hook_id` where `role_link_hook`.`role_id` in (1)

2020-12-11 22:00:26: select `hooks`.*, `role_link_hook`.`role_id` as `pivot_role_id`, `role_link_hook`.`hook_id` as `pivot_hook_id` from `hooks` inner join `role_link_hook` on `hooks`.`id` = `role_link_hook`.`hook_id` where `role_link_hook`.`role_id` in (1)

2020-12-11 22:00:26: select `hooks`.*, `role_link_hook`.`role_id` as `pivot_role_id`, `role_link_hook`.`hook_id` as `pivot_hook_id` from `hooks` inner join `role_link_hook` on `hooks`.`id` = `role_link_hook`.`hook_id` where `role_link_hook`.`role_id` in (1)

2020-12-11 22:00:26: select * from `users` where `users`.`id` = 1 limit 1

2020-12-11 22:00:26: select `roles`.*, `user_link_role`.`user_id` as `pivot_user_id`, `user_link_role`.`role_id` as `pivot_role_id` from `roles` inner join `user_link_role` on `roles`.`id` = `user_link_role`.`role_id` where `user_link_role`.`user_id` = 1

2020-12-11 22:00:26: select * from `roles` where `id` in (1)

2020-12-11 22:00:26: select `menus`.*, `role_link_menu`.`role_id` as `pivot_role_id`, `role_link_menu`.`menu_id` as `pivot_menu_id`, `role_link_menu`.`commands` as `pivot_commands` from `menus` inner join `role_link_menu` on `menus`.`id` = `role_link_menu`.`menu_id` where `role_link_menu`.`role_id` = 1

2020-12-11 22:00:26: select * from `menus` where `id` in (7, 8, 10, 18, 19, 20, 21, 22, 23, 33, 36, 37, 38, 39, 40, 46, 47, 48, 49, 52, 53, 54, 56, 58, 60, 63, 72, 73, 28, 29, 6, 12, 13, 16, 71, 70, 89, 90) and `is_type` = 0 order by `is_sort` asc

2020-12-11 22:00:27: select * from `menus` where `id` in (7, 8, 10, 18, 19, 20, 21, 22, 23, 33, 36, 37, 38, 39, 40, 46, 47, 48, 49, 52, 53, 54, 56, 58, 60, 63, 72, 73, 28, 29, 6, 12, 13, 16, 71, 70, 89, 90) and `is_type` = 0 and `id` in (7, 8, 10, 18, 19, 20, 21, 22, 23, 33, 36, 37, 38, 39, 40, 46, 47, 48, 49, 52, 53, 54, 56, 58, 60, 63, 72, 73, 28, 29, 6, 12, 13, 16, 71, 70, 89, 90) order by `is_sort` asc

