2020-12-13 13:44:40: select * from `users` where `id` = 1 limit 1

2020-12-13 13:44:41: select * from `users` where `id` = 1 limit 1

2020-12-13 13:44:41: select * from `users` where `id` = 1 limit 1

2020-12-13 13:44:41: select * from `users` where `id` = 1 limit 1

2020-12-13 13:44:41: select `roles`.*, `user_link_role`.`user_id` as `pivot_user_id`, `user_link_role`.`role_id` as `pivot_role_id` from `roles` inner join `user_link_role` on `roles`.`id` = `user_link_role`.`role_id` where `user_link_role`.`user_id` in (1)

2020-12-13 13:44:41: select * from `roles` where `id` = 1 limit 1

2020-12-13 13:44:41: select * from `users` where `id` = 1 limit 1

2020-12-13 13:44:41: select `hooks`.*, `role_link_hook`.`role_id` as `pivot_role_id`, `role_link_hook`.`hook_id` as `pivot_hook_id` from `hooks` inner join `role_link_hook` on `hooks`.`id` = `role_link_hook`.`hook_id` where `role_link_hook`.`role_id` in (1)

2020-12-13 13:44:41: select * from `users` where `id` = 1 limit 1

2020-12-13 13:44:41: select * from `users` where `id` = 1 limit 1

2020-12-13 13:44:41: select `roles`.*, `user_link_role`.`user_id` as `pivot_user_id`, `user_link_role`.`role_id` as `pivot_role_id` from `roles` inner join `user_link_role` on `roles`.`id` = `user_link_role`.`role_id` where `user_link_role`.`user_id` in (1)

2020-12-13 13:44:41: select * from `roles` where `id` = 1 limit 1

2020-12-13 13:44:41: select `hooks`.*, `role_link_hook`.`role_id` as `pivot_role_id`, `role_link_hook`.`hook_id` as `pivot_hook_id` from `hooks` inner join `role_link_hook` on `hooks`.`id` = `role_link_hook`.`hook_id` where `role_link_hook`.`role_id` in (1)

2020-12-13 13:44:41: select * from `users` where `users`.`id` = 1 limit 1

2020-12-13 13:44:41: select `roles`.*, `user_link_role`.`user_id` as `pivot_user_id`, `user_link_role`.`role_id` as `pivot_role_id` from `roles` inner join `user_link_role` on `roles`.`id` = `user_link_role`.`role_id` where `user_link_role`.`user_id` = 1

2020-12-13 13:44:41: select * from `roles` where `id` in (1)

2020-12-13 13:44:41: select `menus`.*, `role_link_menu`.`role_id` as `pivot_role_id`, `role_link_menu`.`menu_id` as `pivot_menu_id`, `role_link_menu`.`commands` as `pivot_commands` from `menus` inner join `role_link_menu` on `menus`.`id` = `role_link_menu`.`menu_id` where `role_link_menu`.`role_id` = 1

2020-12-13 13:44:41: select * from `menus` where `id` in (7, 8, 10, 18, 19, 20, 21, 22, 23, 33, 36, 37, 38, 39, 40, 46, 47, 48, 49, 52, 53, 54, 56, 58, 60, 63, 72, 73, 28, 29, 6, 12, 13, 16, 71, 70, 89, 90) and `is_type` = 0 order by `is_sort` asc

2020-12-13 13:44:41: select * from `menus` where `id` in (7, 8, 10, 18, 19, 20, 21, 22, 23, 33, 36, 37, 38, 39, 40, 46, 47, 48, 49, 52, 53, 54, 56, 58, 60, 63, 72, 73, 28, 29, 6, 12, 13, 16, 71, 70, 89, 90) and `is_type` = 0 and `id` in (7, 8, 10, 18, 19, 20, 21, 22, 23, 33, 36, 37, 38, 39, 40, 46, 47, 48, 49, 52, 53, 54, 56, 58, 60, 63, 72, 73, 28, 29, 6, 12, 13, 16, 71, 70, 89, 90) order by `is_sort` asc

2020-12-13 13:44:41: select * from `users` where `id` = 1 limit 1

2020-12-13 13:44:42: select * from `users` where `id` = 1 limit 1

2020-12-13 13:44:42: select * from `users` where `id` = 1 limit 1

2020-12-13 13:44:42: select `roles`.*, `user_link_role`.`user_id` as `pivot_user_id`, `user_link_role`.`role_id` as `pivot_role_id` from `roles` inner join `user_link_role` on `roles`.`id` = `user_link_role`.`role_id` where `user_link_role`.`user_id` in (1)

2020-12-13 13:44:42: select * from `roles` where `id` = 1 limit 1

2020-12-13 13:44:42: select `hooks`.*, `role_link_hook`.`role_id` as `pivot_role_id`, `role_link_hook`.`hook_id` as `pivot_hook_id` from `hooks` inner join `role_link_hook` on `hooks`.`id` = `role_link_hook`.`hook_id` where `role_link_hook`.`role_id` in (1)

2020-12-13 13:44:42: select sum(`total_price`) as aggregate from `orders`

2020-12-13 13:44:42: select sum(`total_price`) as aggregate from `orders` where `pay_time` > 1607788800 and `pay_time` < 1607875199

2020-12-13 13:44:42: select count(*) as aggregate from `orders` where (`pay_status` = 0 and `order_status` < 2 and `refund_status` = 0)

2020-12-13 13:44:42: select count(*) as aggregate from `orders` where (`pay_status` = 1 and `delivery_status` = 0 and `refund_status` = 0)

2020-12-13 13:44:42: select count(*) as aggregate from `orders` where (`pay_status` = 1 and `delivery_status` = 1 and `comment_status` = 1 and `order_status` = 1 and `refund_status` = 0)

2020-12-13 13:44:42: select `users`, `format_time` from `crontab_day` where `format_time` in ('2020-12-06', '2020-12-07', '2020-12-08', '2020-12-09', '2020-12-10', '2020-12-11', '2020-12-12') group by `format_time` order by `id` asc

2020-12-13 13:44:42: select `users`, `format_time` from `crontab_day` where `format_time` in ('2020-11-30', '2020-12-01', '2020-12-02', '2020-12-03', '2020-12-04', '2020-12-05', '2020-12-06') group by `format_time` order by `id` asc

2020-12-13 13:44:42: select `price`, `format_time` from `crontab_month` where `format_time` in ('2020-01-01', '2020-02-01', '2020-03-01', '2020-04-01', '2020-05-01', '2020-06-01', '2020-07-01', '2020-08-01', '2020-09-01', '2020-10-01', '2020-11-01', '2020-12-01') group by `format_time` order by `id` asc

2020-12-13 13:44:42: select (select sum(price) from crontab_day as B where B.user_id = crontab_day.user_id) as sum_total,crontab_day.user_id from `crontab_day` group by `user_id` order by `sum_total` desc limit 6

2020-12-13 13:44:42: select * from `store` where `user_id` = 1 limit 1

2020-12-13 13:47:22: select * from `users` where `id` = 1 limit 1

2020-12-13 13:47:22: select * from `users` where `id` = 1 limit 1

2020-12-13 13:47:22: select * from `users` where `id` = 1 limit 1

2020-12-13 13:47:22: select `roles`.*, `user_link_role`.`user_id` as `pivot_user_id`, `user_link_role`.`role_id` as `pivot_role_id` from `roles` inner join `user_link_role` on `roles`.`id` = `user_link_role`.`role_id` where `user_link_role`.`user_id` in (1)

2020-12-13 13:47:22: select * from `roles` where `id` = 1 limit 1

2020-12-13 13:47:22: select `hooks`.*, `role_link_hook`.`role_id` as `pivot_role_id`, `role_link_hook`.`hook_id` as `pivot_hook_id` from `hooks` inner join `role_link_hook` on `hooks`.`id` = `role_link_hook`.`hook_id` where `role_link_hook`.`role_id` in (1)

2020-12-13 13:47:22: select * from `menus` where `url` = '/Admin/store/index' limit 1

2020-12-13 13:47:22: select * from `menus` where `id` = 22 limit 1

2020-12-13 13:47:22: select * from `users` where `id` = 1 limit 1

2020-12-13 13:47:22: select * from `users` where `id` = 1 limit 1

2020-12-13 13:47:22: select * from `users` where `id` = 1 limit 1

2020-12-13 13:47:22: select `roles`.*, `user_link_role`.`user_id` as `pivot_user_id`, `user_link_role`.`role_id` as `pivot_role_id` from `roles` inner join `user_link_role` on `roles`.`id` = `user_link_role`.`role_id` where `user_link_role`.`user_id` in (1)

2020-12-13 13:47:22: select * from `roles` where `id` = 1 limit 1

2020-12-13 13:47:22: select `hooks`.*, `role_link_hook`.`role_id` as `pivot_role_id`, `role_link_hook`.`hook_id` as `pivot_hook_id` from `hooks` inner join `role_link_hook` on `hooks`.`id` = `role_link_hook`.`hook_id` where `role_link_hook`.`role_id` in (1)

2020-12-13 13:47:22: select count(*) as aggregate from `store` where (`store_verify` = 1)

2020-12-13 13:47:22: select * from `store` where (`store_verify` = 1) order by `id` desc limit 20 offset 0

2020-12-13 13:50:42: select * from `users` where `id` = 1 limit 1

2020-12-13 13:50:42: select * from `users` where `id` = 1 limit 1

2020-12-13 13:50:42: select * from `users` where `id` = 1 limit 1

2020-12-13 13:50:42: select `roles`.*, `user_link_role`.`user_id` as `pivot_user_id`, `user_link_role`.`role_id` as `pivot_role_id` from `roles` inner join `user_link_role` on `roles`.`id` = `user_link_role`.`role_id` where `user_link_role`.`user_id` in (1)

2020-12-13 13:50:42: select * from `roles` where `id` = 1 limit 1

2020-12-13 13:50:42: select `hooks`.*, `role_link_hook`.`role_id` as `pivot_role_id`, `role_link_hook`.`hook_id` as `pivot_hook_id` from `hooks` inner join `role_link_hook` on `hooks`.`id` = `role_link_hook`.`hook_id` where `role_link_hook`.`role_id` in (1)

2020-12-13 13:50:42: select * from `menus` where `url` = '/Admin/users/index' limit 1

2020-12-13 13:50:42: select * from `menus` where `id` = 7 limit 1

2020-12-13 13:50:43: select * from `users` where `id` = 1 limit 1

2020-12-13 13:50:43: select * from `users` where `id` = 1 limit 1

2020-12-13 13:50:43: select * from `users` where `id` = 1 limit 1

2020-12-13 13:50:43: select `roles`.*, `user_link_role`.`user_id` as `pivot_user_id`, `user_link_role`.`role_id` as `pivot_role_id` from `roles` inner join `user_link_role` on `roles`.`id` = `user_link_role`.`role_id` where `user_link_role`.`user_id` in (1)

2020-12-13 13:50:43: select * from `roles` where `id` = 1 limit 1

2020-12-13 13:50:43: select `hooks`.*, `role_link_hook`.`role_id` as `pivot_role_id`, `role_link_hook`.`hook_id` as `pivot_hook_id` from `hooks` inner join `role_link_hook` on `hooks`.`id` = `role_link_hook`.`hook_id` where `role_link_hook`.`role_id` in (1)

2020-12-13 13:50:43: select count(*) as aggregate from `users`

2020-12-13 13:50:43: select * from `users` order by `id` desc limit 20 offset 0

2020-12-13 13:50:43: select `roles`.*, `user_link_role`.`user_id` as `pivot_user_id`, `user_link_role`.`role_id` as `pivot_role_id` from `roles` inner join `user_link_role` on `roles`.`id` = `user_link_role`.`role_id` where `user_link_role`.`user_id` in (1, 99, 100, 101, 102, 104, 105, 106, 107, 108, 109, 110, 111, 114, 115)

2020-12-13 13:50:43: select `name` from `goods_class` where `id` in ('')

2020-12-13 13:50:43: select `name` from `goods_class` where `id` in ('1', '3')

2020-12-13 13:50:43: select `name` from `goods_class` where `id` in ('')

2020-12-13 13:50:43: select `name` from `goods_class` where `id` in ('')

2020-12-13 13:50:43: select `name` from `goods_class` where `id` in ('')

2020-12-13 13:50:43: select `name` from `goods_class` where `id` in ('')

2020-12-13 13:50:43: select `name` from `goods_class` where `id` in ('')

2020-12-13 13:50:43: select `name` from `goods_class` where `id` in ('')

2020-12-13 13:50:43: select `name` from `goods_class` where `id` in ('')

2020-12-13 13:50:43: select `name` from `goods_class` where `id` in ('')

2020-12-13 13:50:43: select `name` from `goods_class` where `id` in ('')

2020-12-13 13:50:43: select `name` from `goods_class` where `id` in ('1', '4', '2')

2020-12-13 13:50:43: select `name` from `goods_class` where `id` in ('')

2020-12-13 13:50:43: select `name` from `goods_class` where `id` in ('1', '67', '68')

2020-12-13 13:50:43: select `name` from `goods_class` where `id` in ('')

2020-12-13 13:50:44: select * from `users` where `id` = 1 limit 1

2020-12-13 13:50:44: select * from `users` where `id` = 1 limit 1

2020-12-13 13:50:44: select * from `users` where `id` = 1 limit 1

2020-12-13 13:50:44: select `roles`.*, `user_link_role`.`user_id` as `pivot_user_id`, `user_link_role`.`role_id` as `pivot_role_id` from `roles` inner join `user_link_role` on `roles`.`id` = `user_link_role`.`role_id` where `user_link_role`.`user_id` in (1)

2020-12-13 13:50:44: select * from `roles` where `id` = 1 limit 1

2020-12-13 13:50:44: select `hooks`.*, `role_link_hook`.`role_id` as `pivot_role_id`, `role_link_hook`.`hook_id` as `pivot_hook_id` from `hooks` inner join `role_link_hook` on `hooks`.`id` = `role_link_hook`.`hook_id` where `role_link_hook`.`role_id` in (1)

2020-12-13 13:50:44: select * from `menus` where `url` = '/Admin/roles/index' limit 1

2020-12-13 13:50:44: select * from `menus` where `id` = 7 limit 1

2020-12-13 13:50:45: select * from `users` where `id` = 1 limit 1

2020-12-13 13:50:45: select * from `users` where `id` = 1 limit 1

2020-12-13 13:50:45: select * from `users` where `id` = 1 limit 1

2020-12-13 13:50:45: select `roles`.*, `user_link_role`.`user_id` as `pivot_user_id`, `user_link_role`.`role_id` as `pivot_role_id` from `roles` inner join `user_link_role` on `roles`.`id` = `user_link_role`.`role_id` where `user_link_role`.`user_id` in (1)

2020-12-13 13:50:45: select * from `roles` where `id` = 1 limit 1

2020-12-13 13:50:45: select `hooks`.*, `role_link_hook`.`role_id` as `pivot_role_id`, `role_link_hook`.`hook_id` as `pivot_hook_id` from `hooks` inner join `role_link_hook` on `hooks`.`id` = `role_link_hook`.`hook_id` where `role_link_hook`.`role_id` in (1)

2020-12-13 13:50:45: select count(*) as aggregate from `roles`

2020-12-13 13:50:45: select * from `roles` order by `id` desc limit 20 offset 0

2020-12-13 13:50:46: select * from `users` where `id` = 1 limit 1

2020-12-13 13:50:46: select * from `users` where `id` = 1 limit 1

2020-12-13 13:50:46: select * from `users` where `id` = 1 limit 1

2020-12-13 13:50:46: select `roles`.*, `user_link_role`.`user_id` as `pivot_user_id`, `user_link_role`.`role_id` as `pivot_role_id` from `roles` inner join `user_link_role` on `roles`.`id` = `user_link_role`.`role_id` where `user_link_role`.`user_id` in (1)

2020-12-13 13:50:46: select * from `roles` where `id` = 1 limit 1

2020-12-13 13:50:46: select `hooks`.*, `role_link_hook`.`role_id` as `pivot_role_id`, `role_link_hook`.`hook_id` as `pivot_hook_id` from `hooks` inner join `role_link_hook` on `hooks`.`id` = `role_link_hook`.`hook_id` where `role_link_hook`.`role_id` in (1)

2020-12-13 13:50:46: select * from `menus` where `url` = '/Admin/index' limit 1

2020-12-13 13:50:46: select * from `users` where `id` = 1 limit 1

2020-12-13 13:50:46: select * from `users` where `id` = 1 limit 1

2020-12-13 13:50:46: select * from `users` where `id` = 1 limit 1

2020-12-13 13:50:46: select `roles`.*, `user_link_role`.`user_id` as `pivot_user_id`, `user_link_role`.`role_id` as `pivot_role_id` from `roles` inner join `user_link_role` on `roles`.`id` = `user_link_role`.`role_id` where `user_link_role`.`user_id` in (1)

2020-12-13 13:50:46: select * from `roles` where `id` = 1 limit 1

2020-12-13 13:50:46: select `hooks`.*, `role_link_hook`.`role_id` as `pivot_role_id`, `role_link_hook`.`hook_id` as `pivot_hook_id` from `hooks` inner join `role_link_hook` on `hooks`.`id` = `role_link_hook`.`hook_id` where `role_link_hook`.`role_id` in (1)

2020-12-13 13:50:46: select sum(`total_price`) as aggregate from `orders`

2020-12-13 13:50:46: select sum(`total_price`) as aggregate from `orders` where `pay_time` > 1607788800 and `pay_time` < 1607875199

2020-12-13 13:50:46: select count(*) as aggregate from `orders` where (`pay_status` = 0 and `order_status` < 2 and `refund_status` = 0)

2020-12-13 13:50:46: select count(*) as aggregate from `orders` where (`pay_status` = 1 and `delivery_status` = 0 and `refund_status` = 0)

2020-12-13 13:50:46: select count(*) as aggregate from `orders` where (`pay_status` = 1 and `delivery_status` = 1 and `comment_status` = 1 and `order_status` = 1 and `refund_status` = 0)

2020-12-13 13:50:46: select `users`, `format_time` from `crontab_day` where `format_time` in ('2020-12-06', '2020-12-07', '2020-12-08', '2020-12-09', '2020-12-10', '2020-12-11', '2020-12-12') group by `format_time` order by `id` asc

2020-12-13 13:50:46: select `users`, `format_time` from `crontab_day` where `format_time` in ('2020-11-30', '2020-12-01', '2020-12-02', '2020-12-03', '2020-12-04', '2020-12-05', '2020-12-06') group by `format_time` order by `id` asc

2020-12-13 13:50:46: select `price`, `format_time` from `crontab_month` where `format_time` in ('2020-01-01', '2020-02-01', '2020-03-01', '2020-04-01', '2020-05-01', '2020-06-01', '2020-07-01', '2020-08-01', '2020-09-01', '2020-10-01', '2020-11-01', '2020-12-01') group by `format_time` order by `id` asc

2020-12-13 13:50:46: select (select sum(price) from crontab_day as B where B.user_id = crontab_day.user_id) as sum_total,crontab_day.user_id from `crontab_day` group by `user_id` order by `sum_total` desc limit 6

2020-12-13 13:50:46: select * from `store` where `user_id` = 1 limit 1

2020-12-13 13:50:48: select * from `users` where `id` = 1 limit 1

2020-12-13 13:50:48: select * from `users` where `id` = 1 limit 1

2020-12-13 13:50:48: select * from `users` where `id` = 1 limit 1

2020-12-13 13:50:48: select `roles`.*, `user_link_role`.`user_id` as `pivot_user_id`, `user_link_role`.`role_id` as `pivot_role_id` from `roles` inner join `user_link_role` on `roles`.`id` = `user_link_role`.`role_id` where `user_link_role`.`user_id` in (1)

2020-12-13 13:50:48: select * from `roles` where `id` = 1 limit 1

2020-12-13 13:50:48: select `hooks`.*, `role_link_hook`.`role_id` as `pivot_role_id`, `role_link_hook`.`hook_id` as `pivot_hook_id` from `hooks` inner join `role_link_hook` on `hooks`.`id` = `role_link_hook`.`hook_id` where `role_link_hook`.`role_id` in (1)

2020-12-13 13:50:48: select * from `menus` where `url` = '/Admin/roles/index' limit 1

2020-12-13 13:50:48: select * from `menus` where `id` = 7 limit 1

2020-12-13 13:50:48: select * from `users` where `id` = 1 limit 1

2020-12-13 13:50:48: select * from `users` where `id` = 1 limit 1

2020-12-13 13:50:48: select * from `users` where `id` = 1 limit 1

2020-12-13 13:50:48: select `roles`.*, `user_link_role`.`user_id` as `pivot_user_id`, `user_link_role`.`role_id` as `pivot_role_id` from `roles` inner join `user_link_role` on `roles`.`id` = `user_link_role`.`role_id` where `user_link_role`.`user_id` in (1)

2020-12-13 13:50:48: select * from `roles` where `id` = 1 limit 1

2020-12-13 13:50:48: select `hooks`.*, `role_link_hook`.`role_id` as `pivot_role_id`, `role_link_hook`.`hook_id` as `pivot_hook_id` from `hooks` inner join `role_link_hook` on `hooks`.`id` = `role_link_hook`.`hook_id` where `role_link_hook`.`role_id` in (1)

2020-12-13 13:50:48: select count(*) as aggregate from `roles`

2020-12-13 13:50:48: select * from `roles` order by `id` desc limit 20 offset 0

2020-12-13 13:50:51: select * from `users` where `id` = 1 limit 1

2020-12-13 13:50:51: select * from `users` where `id` = 1 limit 1

2020-12-13 13:50:51: select * from `users` where `id` = 1 limit 1

2020-12-13 13:50:51: select `roles`.*, `user_link_role`.`user_id` as `pivot_user_id`, `user_link_role`.`role_id` as `pivot_role_id` from `roles` inner join `user_link_role` on `roles`.`id` = `user_link_role`.`role_id` where `user_link_role`.`user_id` in (1)

2020-12-13 13:50:51: select * from `roles` where `id` = 1 limit 1

2020-12-13 13:50:51: select `hooks`.*, `role_link_hook`.`role_id` as `pivot_role_id`, `role_link_hook`.`hook_id` as `pivot_hook_id` from `hooks` inner join `role_link_hook` on `hooks`.`id` = `role_link_hook`.`hook_id` where `role_link_hook`.`role_id` in (1)

2020-12-13 13:50:51: select * from `menus` where `url` = '/Admin/roles/form' limit 1

2020-12-13 13:50:51: select * from `users` where `id` = 1 limit 1

2020-12-13 13:50:51: select * from `users` where `id` = 1 limit 1

2020-12-13 13:50:51: select * from `users` where `id` = 1 limit 1

2020-12-13 13:50:51: select `roles`.*, `user_link_role`.`user_id` as `pivot_user_id`, `user_link_role`.`role_id` as `pivot_role_id` from `roles` inner join `user_link_role` on `roles`.`id` = `user_link_role`.`role_id` where `user_link_role`.`user_id` in (1)

2020-12-13 13:50:51: select * from `roles` where `id` = 1 limit 1

2020-12-13 13:50:51: select `hooks`.*, `role_link_hook`.`role_id` as `pivot_role_id`, `role_link_hook`.`hook_id` as `pivot_hook_id` from `hooks` inner join `role_link_hook` on `hooks`.`id` = `role_link_hook`.`hook_id` where `role_link_hook`.`role_id` in (1)

2020-12-13 13:50:51: select * from `roles` where `roles`.`id` = '1' limit 1

2020-12-13 13:50:51: select `menus`.*, `role_link_menu`.`role_id` as `pivot_role_id`, `role_link_menu`.`menu_id` as `pivot_menu_id`, `role_link_menu`.`commands` as `pivot_commands` from `menus` inner join `role_link_menu` on `menus`.`id` = `role_link_menu`.`menu_id` where `role_link_menu`.`role_id` in (1)

2020-12-13 13:50:51: select `hooks`.*, `role_link_hook`.`role_id` as `pivot_role_id`, `role_link_hook`.`hook_id` as `pivot_hook_id` from `hooks` inner join `role_link_hook` on `hooks`.`id` = `role_link_hook`.`hook_id` where `role_link_hook`.`role_id` in (1)

2020-12-13 13:50:51: select * from `menus` order by `is_type` asc

2020-12-13 13:50:51: select * from `hooks`

2020-12-13 15:27:20: select * from `users` where `id` = 1 limit 1

2020-12-13 15:27:20: select * from `users` where `id` = 1 limit 1

2020-12-13 15:27:20: select * from `users` where `id` = 1 limit 1

2020-12-13 15:27:20: select `roles`.*, `user_link_role`.`user_id` as `pivot_user_id`, `user_link_role`.`role_id` as `pivot_role_id` from `roles` inner join `user_link_role` on `roles`.`id` = `user_link_role`.`role_id` where `user_link_role`.`user_id` in (1)

2020-12-13 15:27:20: select * from `roles` where `id` = 1 limit 1

2020-12-13 15:27:20: select `hooks`.*, `role_link_hook`.`role_id` as `pivot_role_id`, `role_link_hook`.`hook_id` as `pivot_hook_id` from `hooks` inner join `role_link_hook` on `hooks`.`id` = `role_link_hook`.`hook_id` where `role_link_hook`.`role_id` in (1)

2020-12-13 15:27:20: select * from `menus` where `url` = '/Admin/index' limit 1

2020-12-13 15:27:21: select * from `users` where `id` = 1 limit 1

2020-12-13 15:27:21: select * from `users` where `id` = 1 limit 1

2020-12-13 15:27:21: select * from `users` where `id` = 1 limit 1

2020-12-13 15:27:21: select `roles`.*, `user_link_role`.`user_id` as `pivot_user_id`, `user_link_role`.`role_id` as `pivot_role_id` from `roles` inner join `user_link_role` on `roles`.`id` = `user_link_role`.`role_id` where `user_link_role`.`user_id` in (1)

2020-12-13 15:27:21: select * from `roles` where `id` = 1 limit 1

2020-12-13 15:27:21: select `hooks`.*, `role_link_hook`.`role_id` as `pivot_role_id`, `role_link_hook`.`hook_id` as `pivot_hook_id` from `hooks` inner join `role_link_hook` on `hooks`.`id` = `role_link_hook`.`hook_id` where `role_link_hook`.`role_id` in (1)

2020-12-13 15:27:21: select sum(`total_price`) as aggregate from `orders`

2020-12-13 15:27:21: select sum(`total_price`) as aggregate from `orders` where `pay_time` > 1607788800 and `pay_time` < 1607875199

2020-12-13 15:27:21: select count(*) as aggregate from `orders` where (`pay_status` = 0 and `order_status` < 2 and `refund_status` = 0)

2020-12-13 15:27:21: select count(*) as aggregate from `orders` where (`pay_status` = 1 and `delivery_status` = 0 and `refund_status` = 0)

2020-12-13 15:27:21: select count(*) as aggregate from `orders` where (`pay_status` = 1 and `delivery_status` = 1 and `comment_status` = 1 and `order_status` = 1 and `refund_status` = 0)

2020-12-13 15:27:21: select `users`, `format_time` from `crontab_day` where `format_time` in ('2020-12-06', '2020-12-07', '2020-12-08', '2020-12-09', '2020-12-10', '2020-12-11', '2020-12-12') group by `format_time` order by `id` asc

2020-12-13 15:27:21: select `users`, `format_time` from `crontab_day` where `format_time` in ('2020-11-30', '2020-12-01', '2020-12-02', '2020-12-03', '2020-12-04', '2020-12-05', '2020-12-06') group by `format_time` order by `id` asc

2020-12-13 15:27:21: select `price`, `format_time` from `crontab_month` where `format_time` in ('2020-01-01', '2020-02-01', '2020-03-01', '2020-04-01', '2020-05-01', '2020-06-01', '2020-07-01', '2020-08-01', '2020-09-01', '2020-10-01', '2020-11-01', '2020-12-01') group by `format_time` order by `id` asc

2020-12-13 15:27:21: select (select sum(price) from crontab_day as B where B.user_id = crontab_day.user_id) as sum_total,crontab_day.user_id from `crontab_day` group by `user_id` order by `sum_total` desc limit 6

2020-12-13 15:27:21: select * from `store` where `user_id` = 1 limit 1

2020-12-13 15:27:28: select * from `users` where `id` = 1 limit 1

2020-12-13 15:27:28: select * from `users` where `id` = 1 limit 1

2020-12-13 15:27:28: select * from `users` where `id` = 1 limit 1

2020-12-13 15:27:28: select `roles`.*, `user_link_role`.`user_id` as `pivot_user_id`, `user_link_role`.`role_id` as `pivot_role_id` from `roles` inner join `user_link_role` on `roles`.`id` = `user_link_role`.`role_id` where `user_link_role`.`user_id` in (1)

2020-12-13 15:27:28: select * from `roles` where `id` = 1 limit 1

2020-12-13 15:27:28: select `hooks`.*, `role_link_hook`.`role_id` as `pivot_role_id`, `role_link_hook`.`hook_id` as `pivot_hook_id` from `hooks` inner join `role_link_hook` on `hooks`.`id` = `role_link_hook`.`hook_id` where `role_link_hook`.`role_id` in (1)

2020-12-13 15:27:28: select * from `users` where `id` = 1 limit 1

2020-12-13 15:27:28: select * from `users` where `id` = 1 limit 1

2020-12-13 15:27:28: select * from `users` where `id` = 1 limit 1

2020-12-13 15:27:28: select `roles`.*, `user_link_role`.`user_id` as `pivot_user_id`, `user_link_role`.`role_id` as `pivot_role_id` from `roles` inner join `user_link_role` on `roles`.`id` = `user_link_role`.`role_id` where `user_link_role`.`user_id` in (1)

2020-12-13 15:27:28: select * from `roles` where `id` = 1 limit 1

2020-12-13 15:27:28: select * from `users` where `id` = 1 limit 1

`pivot_role_id`, `role_link_hook`.`hook_id` as `pivot_hook_id` from `hooks` inner join `role_link_hook` on `hooks`.`id` = `role_link_hook`.`hook_id` where `role_link_hook`.`role_id` in (1)

2020-12-13 15:27:28: select * from `users` where `id` = 1 limit 1

2020-12-13 15:27:28: select * from `users` where `id` = 1 limit 1

2020-12-13 15:27:28: select `roles`.*, `user_link_role`.`user_id` as `pivot_user_id`, `user_link_role`.`role_id` as `pivot_role_id` from `roles` inner join `user_link_role` on `roles`.`id` = `user_link_role`.`role_id` where `user_link_role`.`user_id` in (1)

2020-12-13 15:27:28: select * from `roles` where `id` = 1 limit 1

2020-12-13 15:27:28: select `hooks`.*, `role_link_hook`.`role_id` as `pivot_role_id`, `role_link_hook`.`hook_id` as `pivot_hook_id` from `hooks` inner join `role_link_hook` on `hooks`.`id` = `role_link_hook`.`hook_id` where `role_link_hook`.`role_id` in (1)

2020-12-13 15:27:28: select * from `users` where `users`.`id` = 1 limit 1

2020-12-13 15:27:28: select `roles`.*, `user_link_role`.`user_id` as `pivot_user_id`, `user_link_role`.`role_id` as `pivot_role_id` from `roles` inner join `user_link_role` on `roles`.`id` = `user_link_role`.`role_id` where `user_link_role`.`user_id` = 1

2020-12-13 15:27:28: select * from `roles` where `id` in (1)

2020-12-13 15:27:28: select `menus`.*, `role_link_menu`.`role_id` as `pivot_role_id`, `role_link_menu`.`menu_id` as `pivot_menu_id`, `role_link_menu`.`commands` as `pivot_commands` from `menus` inner join `role_link_menu` on `menus`.`id` = `role_link_menu`.`menu_id` where `role_link_menu`.`role_id` = 1

2020-12-13 15:27:28: select count(*) as aggregate from `goods_brand`

2020-12-13 15:27:28: select * from `menus` where `id` in (7, 8, 10, 18, 19, 20, 21, 22, 23, 33, 36, 37, 38, 39, 40, 46, 47, 48, 49, 52, 53, 54, 56, 58, 60, 63, 72, 73, 28, 29, 6, 12, 13, 16, 71, 70, 89, 90) and `is_type` = 0 order by `is_sort` asc

2020-12-13 15:27:28: select * from `goods_brand` order by `is_sort` desc limit 20 offset 0

2020-12-13 15:27:28: select * from `menus` where `id` in (7, 8, 10, 18, 19, 20, 21, 22, 23, 33, 36, 37, 38, 39, 40, 46, 47, 48, 49, 52, 53, 54, 56, 58, 60, 63, 72, 73, 28, 29, 6, 12, 13, 16, 71, 70, 89, 90) and `is_type` = 0 and `id` in (7, 8, 10, 18, 19, 20, 21, 22, 23, 33, 36, 37, 38, 39, 40, 46, 47, 48, 49, 52, 53, 54, 56, 58, 60, 63, 72, 73, 28, 29, 6, 12, 13, 16, 71, 70, 89, 90) order by `is_sort` asc

2020-12-13 15:27:46: select * from `users` where `id` = 1 limit 1

2020-12-13 15:27:46: select * from `users` where `id` = 1 limit 1

2020-12-13 15:27:46: select * from `users` where `id` = 1 limit 1

2020-12-13 15:27:46: select `roles`.*, `user_link_role`.`user_id` as `pivot_user_id`, `user_link_role`.`role_id` as `pivot_role_id` from `roles` inner join `user_link_role` on `roles`.`id` = `user_link_role`.`role_id` where `user_link_role`.`user_id` in (1)

2020-12-13 15:27:46: select * from `roles` where `id` = 1 limit 1

2020-12-13 15:27:46: select `hooks`.*, `role_link_hook`.`role_id` as `pivot_role_id`, `role_link_hook`.`hook_id` as `pivot_hook_id` from `hooks` inner join `role_link_hook` on `hooks`.`id` = `role_link_hook`.`hook_id` where `role_link_hook`.`role_id` in (1)

2020-12-13 15:27:46: select * from `menus` where `url` = '/Admin/users/index' limit 1

2020-12-13 15:27:46: select * from `menus` where `id` = 7 limit 1

2020-12-13 15:27:46: select * from `users` where `id` = 1 limit 1

2020-12-13 15:27:46: select * from `users` where `id` = 1 limit 1

2020-12-13 15:27:46: select * from `users` where `id` = 1 limit 1

2020-12-13 15:27:46: select `roles`.*, `user_link_role`.`user_id` as `pivot_user_id`, `user_link_role`.`role_id` as `pivot_role_id` from `roles` inner join `user_link_role` on `roles`.`id` = `user_link_role`.`role_id` where `user_link_role`.`user_id` in (1)

2020-12-13 15:27:46: select * from `roles` where `id` = 1 limit 1

2020-12-13 15:27:46: select `hooks`.*, `role_link_hook`.`role_id` as `pivot_role_id`, `role_link_hook`.`hook_id` as `pivot_hook_id` from `hooks` inner join `role_link_hook` on `hooks`.`id` = `role_link_hook`.`hook_id` where `role_link_hook`.`role_id` in (1)

2020-12-13 15:27:46: select count(*) as aggregate from `users`

2020-12-13 15:27:46: select * from `users` order by `id` desc limit 20 offset 0

2020-12-13 15:27:46: select `roles`.*, `user_link_role`.`user_id` as `pivot_user_id`, `user_link_role`.`role_id` as `pivot_role_id` from `roles` inner join `user_link_role` on `roles`.`id` = `user_link_role`.`role_id` where `user_link_role`.`user_id` in (1, 99, 100, 101, 102, 104, 105, 106, 107, 108, 109, 110, 111, 114, 115)

2020-12-13 15:27:46: select `name` from `goods_class` where `id` in ('')

2020-12-13 15:27:46: select `name` from `goods_class` where `id` in ('1', '3')

2020-12-13 15:27:46: select `name` from `goods_class` where `id` in ('')

2020-12-13 15:27:46: select `name` from `goods_class` where `id` in ('')

2020-12-13 15:27:46: select `name` from `goods_class` where `id` in ('')

2020-12-13 15:27:46: select `name` from `goods_class` where `id` in ('')

2020-12-13 15:27:46: select `name` from `goods_class` where `id` in ('')

2020-12-13 15:27:46: select `name` from `goods_class` where `id` in ('')

2020-12-13 15:27:46: select `name` from `goods_class` where `id` in ('')

2020-12-13 15:27:46: select `name` from `goods_class` where `id` in ('')

2020-12-13 15:27:46: select `name` from `goods_class` where `id` in ('')

2020-12-13 15:27:46: select `name` from `goods_class` where `id` in ('1', '4', '2')

2020-12-13 15:27:46: select `name` from `goods_class` where `id` in ('')

2020-12-13 15:27:46: select `name` from `goods_class` where `id` in ('1', '67', '68')

2020-12-13 15:27:46: select `name` from `goods_class` where `id` in ('')

2020-12-13 15:27:58: select * from `users` where `id` = 1 limit 1

2020-12-13 15:27:58: select * from `users` where `id` = 1 limit 1

2020-12-13 15:27:58: select * from `users` where `id` = 1 limit 1

2020-12-13 15:27:58: select `roles`.*, `user_link_role`.`user_id` as `pivot_user_id`, `user_link_role`.`role_id` as `pivot_role_id` from `roles` inner join `user_link_role` on `roles`.`id` = `user_link_role`.`role_id` where `user_link_role`.`user_id` in (1)

2020-12-13 15:27:58: select * from `roles` where `id` = 1 limit 1

2020-12-13 15:27:58: select `hooks`.*, `role_link_hook`.`role_id` as `pivot_role_id`, `role_link_hook`.`hook_id` as `pivot_hook_id` from `hooks` inner join `role_link_hook` on `hooks`.`id` = `role_link_hook`.`hook_id` where `role_link_hook`.`role_id` in (1)

2020-12-13 15:27:58: select * from `menus` where `url` = '/Admin/roles/index' limit 1

2020-12-13 15:27:58: select * from `menus` where `id` = 7 limit 1

2020-12-13 15:27:59: select * from `users` where `id` = 1 limit 1

2020-12-13 15:27:59: select * from `users` where `id` = 1 limit 1

2020-12-13 15:27:59: select * from `users` where `id` = 1 limit 1

2020-12-13 15:27:59: select `roles`.*, `user_link_role`.`user_id` as `pivot_user_id`, `user_link_role`.`role_id` as `pivot_role_id` from `roles` inner join `user_link_role` on `roles`.`id` = `user_link_role`.`role_id` where `user_link_role`.`user_id` in (1)

2020-12-13 15:27:59: select * from `roles` where `id` = 1 limit 1

2020-12-13 15:27:59: select `hooks`.*, `role_link_hook`.`role_id` as `pivot_role_id`, `role_link_hook`.`hook_id` as `pivot_hook_id` from `hooks` inner join `role_link_hook` on `hooks`.`id` = `role_link_hook`.`hook_id` where `role_link_hook`.`role_id` in (1)

2020-12-13 15:27:59: select count(*) as aggregate from `roles`

2020-12-13 15:27:59: select * from `roles` order by `id` desc limit 20 offset 0

2020-12-13 15:28:20: select * from `users` where `id` = 1 limit 1

2020-12-13 15:28:20: select * from `users` where `id` = 1 limit 1

2020-12-13 15:28:20: select * from `users` where `id` = 1 limit 1

2020-12-13 15:28:20: select `roles`.*, `user_link_role`.`user_id` as `pivot_user_id`, `user_link_role`.`role_id` as `pivot_role_id` from `roles` inner join `user_link_role` on `roles`.`id` = `user_link_role`.`role_id` where `user_link_role`.`user_id` in (1)

2020-12-13 15:28:20: select * from `roles` where `id` = 1 limit 1

2020-12-13 15:28:20: select `hooks`.*, `role_link_hook`.`role_id` as `pivot_role_id`, `role_link_hook`.`hook_id` as `pivot_hook_id` from `hooks` inner join `role_link_hook` on `hooks`.`id` = `role_link_hook`.`hook_id` where `role_link_hook`.`role_id` in (1)

2020-12-13 15:28:20: select * from `menus` where `url` = '/Admin/config/web_config' limit 1

2020-12-13 15:28:20: select * from `menus` where `id` = 6 limit 1

2020-12-13 15:28:20: select * from `users` where `id` = 1 limit 1

2020-12-13 15:28:21: select * from `users` where `id` = 1 limit 1

2020-12-13 15:28:21: select * from `users` where `id` = 1 limit 1

2020-12-13 15:28:21: select `roles`.*, `user_link_role`.`user_id` as `pivot_user_id`, `user_link_role`.`role_id` as `pivot_role_id` from `roles` inner join `user_link_role` on `roles`.`id` = `user_link_role`.`role_id` where `user_link_role`.`user_id` in (1)

2020-12-13 15:28:21: select * from `roles` where `id` = 1 limit 1

2020-12-13 15:28:21: select `hooks`.*, `role_link_hook`.`role_id` as `pivot_role_id`, `role_link_hook`.`hook_id` as `pivot_hook_id` from `hooks` inner join `role_link_hook` on `hooks`.`id` = `role_link_hook`.`hook_id` where `role_link_hook`.`role_id` in (1)

2020-12-13 15:28:21: select * from `config`

2020-12-13 15:28:24: select * from `users` where `id` = 1 limit 1

2020-12-13 15:28:24: select * from `users` where `id` = 1 limit 1

2020-12-13 15:28:24: select * from `users` where `id` = 1 limit 1

2020-12-13 15:28:24: select `roles`.*, `user_link_role`.`user_id` as `pivot_user_id`, `user_link_role`.`role_id` as `pivot_role_id` from `roles` inner join `user_link_role` on `roles`.`id` = `user_link_role`.`role_id` where `user_link_role`.`user_id` in (1)

2020-12-13 15:28:24: select * from `roles` where `id` = 1 limit 1

2020-12-13 15:28:24: select `hooks`.*, `role_link_hook`.`role_id` as `pivot_role_id`, `role_link_hook`.`hook_id` as `pivot_hook_id` from `hooks` inner join `role_link_hook` on `hooks`.`id` = `role_link_hook`.`hook_id` where `role_link_hook`.`role_id` in (1)

2020-12-13 15:28:24: select * from `menus` where `url` = '/Admin/config/upload_config' limit 1

2020-12-13 15:28:24: select * from `menus` where `id` = 6 limit 1

2020-12-13 15:28:25: select * from `users` where `id` = 1 limit 1

2020-12-13 15:28:25: select * from `users` where `id` = 1 limit 1

2020-12-13 15:28:25: select * from `users` where `id` = 1 limit 1

2020-12-13 15:28:25: select `roles`.*, `user_link_role`.`user_id` as `pivot_user_id`, `user_link_role`.`role_id` as `pivot_role_id` from `roles` inner join `user_link_role` on `roles`.`id` = `user_link_role`.`role_id` where `user_link_role`.`user_id` in (1)

2020-12-13 15:28:25: select * from `roles` where `id` = 1 limit 1

2020-12-13 15:28:25: select `hooks`.*, `role_link_hook`.`role_id` as `pivot_role_id`, `role_link_hook`.`hook_id` as `pivot_hook_id` from `hooks` inner join `role_link_hook` on `hooks`.`id` = `role_link_hook`.`hook_id` where `role_link_hook`.`role_id` in (1)

2020-12-13 15:28:25: select * from `config`

2020-12-13 15:28:27: select * from `users` where `id` = 1 limit 1

2020-12-13 15:28:27: select * from `users` where `id` = 1 limit 1

2020-12-13 15:28:27: select * from `users` where `id` = 1 limit 1

2020-12-13 15:28:27: select `roles`.*, `user_link_role`.`user_id` as `pivot_user_id`, `user_link_role`.`role_id` as `pivot_role_id` from `roles` inner join `user_link_role` on `roles`.`id` = `user_link_role`.`role_id` where `user_link_role`.`user_id` in (1)

2020-12-13 15:28:27: select * from `roles` where `id` = 1 limit 1

2020-12-13 15:28:27: select `hooks`.*, `role_link_hook`.`role_id` as `pivot_role_id`, `role_link_hook`.`hook_id` as `pivot_hook_id` from `hooks` inner join `role_link_hook` on `hooks`.`id` = `role_link_hook`.`hook_id` where `role_link_hook`.`role_id` in (1)

2020-12-13 15:28:27: select * from `menus` where `url` = '/Admin/config/alisms_config' limit 1

2020-12-13 15:28:27: select * from `menus` where `id` = 6 limit 1

2020-12-13 15:28:27: select * from `users` where `id` = 1 limit 1

2020-12-13 15:28:27: select * from `users` where `id` = 1 limit 1

2020-12-13 15:28:27: select * from `users` where `id` = 1 limit 1

2020-12-13 15:28:27: select `roles`.*, `user_link_role`.`user_id` as `pivot_user_id`, `user_link_role`.`role_id` as `pivot_role_id` from `roles` inner join `user_link_role` on `roles`.`id` = `user_link_role`.`role_id` where `user_link_role`.`user_id` in (1)

2020-12-13 15:28:27: select * from `roles` where `id` = 1 limit 1

2020-12-13 15:28:27: select `hooks`.*, `role_link_hook`.`role_id` as `pivot_role_id`, `role_link_hook`.`hook_id` as `pivot_hook_id` from `hooks` inner join `role_link_hook` on `hooks`.`id` = `role_link_hook`.`hook_id` where `role_link_hook`.`role_id` in (1)

2020-12-13 15:28:27: select * from `config`

2020-12-13 15:28:29: select * from `users` where `id` = 1 limit 1

2020-12-13 15:28:29: select * from `users` where `id` = 1 limit 1

2020-12-13 15:28:29: select * from `users` where `id` = 1 limit 1

2020-12-13 15:28:29: select `roles`.*, `user_link_role`.`user_id` as `pivot_user_id`, `user_link_role`.`role_id` as `pivot_role_id` from `roles` inner join `user_link_role` on `roles`.`id` = `user_link_role`.`role_id` where `user_link_role`.`user_id` in (1)

2020-12-13 15:28:29: select * from `roles` where `id` = 1 limit 1

2020-12-13 15:28:29: select `hooks`.*, `role_link_hook`.`role_id` as `pivot_role_id`, `role_link_hook`.`hook_id` as `pivot_hook_id` from `hooks` inner join `role_link_hook` on `hooks`.`id` = `role_link_hook`.`hook_id` where `role_link_hook`.`role_id` in (1)

2020-12-13 15:28:29: select * from `menus` where `url` = '/Admin/goods_brand/index' limit 1

2020-12-13 15:28:29: select * from `menus` where `id` = 72 limit 1

2020-12-13 15:28:29: select * from `users` where `id` = 1 limit 1

2020-12-13 15:28:29: select * from `users` where `id` = 1 limit 1

2020-12-13 15:28:29: select * from `users` where `id` = 1 limit 1

2020-12-13 15:28:29: select `roles`.*, `user_link_role`.`user_id` as `pivot_user_id`, `user_link_role`.`role_id` as `pivot_role_id` from `roles` inner join `user_link_role` on `roles`.`id` = `user_link_role`.`role_id` where `user_link_role`.`user_id` in (1)

2020-12-13 15:28:29: select * from `roles` where `id` = 1 limit 1

2020-12-13 15:28:29: select `hooks`.*, `role_link_hook`.`role_id` as `pivot_role_id`, `role_link_hook`.`hook_id` as `pivot_hook_id` from `hooks` inner join `role_link_hook` on `hooks`.`id` = `role_link_hook`.`hook_id` where `role_link_hook`.`role_id` in (1)

2020-12-13 15:28:29: select count(*) as aggregate from `goods_brand`

2020-12-13 15:28:29: select * from `goods_brand` order by `is_sort` desc limit 20 offset 0

2020-12-13 15:28:31: select * from `users` where `id` = 1 limit 1

2020-12-13 15:28:31: select * from `users` where `id` = 1 limit 1

2020-12-13 15:28:31: select * from `users` where `id` = 1 limit 1

2020-12-13 15:28:31: select `roles`.*, `user_link_role`.`user_id` as `pivot_user_id`, `user_link_role`.`role_id` as `pivot_role_id` from `roles` inner join `user_link_role` on `roles`.`id` = `user_link_role`.`role_id` where `user_link_role`.`user_id` in (1)

2020-12-13 15:28:31: select * from `roles` where `id` = 1 limit 1

2020-12-13 15:28:31: select `hooks`.*, `role_link_hook`.`role_id` as `pivot_role_id`, `role_link_hook`.`hook_id` as `pivot_hook_id` from `hooks` inner join `role_link_hook` on `hooks`.`id` = `role_link_hook`.`hook_id` where `role_link_hook`.`role_id` in (1)

2020-12-13 15:28:31: select * from `menus` where `url` = '/Admin/seckill/index' limit 1

2020-12-13 15:28:31: select * from `menus` where `id` = 73 limit 1

2020-12-13 15:28:32: select * from `users` where `id` = 1 limit 1

2020-12-13 15:28:32: select * from `users` where `id` = 1 limit 1

2020-12-13 15:28:32: select * from `users` where `id` = 1 limit 1

2020-12-13 15:28:32: select `roles`.*, `user_link_role`.`user_id` as `pivot_user_id`, `user_link_role`.`role_id` as `pivot_role_id` from `roles` inner join `user_link_role` on `roles`.`id` = `user_link_role`.`role_id` where `user_link_role`.`user_id` in (1)

2020-12-13 15:28:32: select * from `roles` where `id` = 1 limit 1

2020-12-13 15:28:32: select `hooks`.*, `role_link_hook`.`role_id` as `pivot_role_id`, `role_link_hook`.`hook_id` as `pivot_hook_id` from `hooks` inner join `role_link_hook` on `hooks`.`id` = `role_link_hook`.`hook_id` where `role_link_hook`.`role_id` in (1)

2020-12-13 15:28:32: select count(*) as aggregate from `seckill`

2020-12-13 15:28:32: select * from `seckill` order by `id` desc limit 20 offset 0

2020-12-13 15:28:39: select * from `users` where `id` = 1 limit 1

2020-12-13 15:28:39: select * from `users` where `id` = 1 limit 1

2020-12-13 15:28:39: select * from `users` where `id` = 1 limit 1

2020-12-13 15:28:39: select `roles`.*, `user_link_role`.`user_id` as `pivot_user_id`, `user_link_role`.`role_id` as `pivot_role_id` from `roles` inner join `user_link_role` on `roles`.`id` = `user_link_role`.`role_id` where `user_link_role`.`user_id` in (1)

2020-12-13 15:28:39: select * from `roles` where `id` = 1 limit 1

2020-12-13 15:28:39: select `hooks`.*, `role_link_hook`.`role_id` as `pivot_role_id`, `role_link_hook`.`hook_id` as `pivot_hook_id` from `hooks` inner join `role_link_hook` on `hooks`.`id` = `role_link_hook`.`hook_id` where `role_link_hook`.`role_id` in (1)

2020-12-13 15:28:39: select * from `menus` where `url` = '/Admin/goods_class/index' limit 1

2020-12-13 15:28:39: select * from `menus` where `id` = 18 limit 1

2020-12-13 15:28:39: select * from `users` where `id` = 1 limit 1

2020-12-13 15:28:39: select * from `users` where `id` = 1 limit 1

2020-12-13 15:28:39: select * from `users` where `id` = 1 limit 1

2020-12-13 15:28:39: select `roles`.*, `user_link_role`.`user_id` as `pivot_user_id`, `user_link_role`.`role_id` as `pivot_role_id` from `roles` inner join `user_link_role` on `roles`.`id` = `user_link_role`.`role_id` where `user_link_role`.`user_id` in (1)

2020-12-13 15:28:39: select * from `roles` where `id` = 1 limit 1

2020-12-13 15:28:39: select `hooks`.*, `role_link_hook`.`role_id` as `pivot_role_id`, `role_link_hook`.`hook_id` as `pivot_hook_id` from `hooks` inner join `role_link_hook` on `hooks`.`id` = `role_link_hook`.`hook_id` where `role_link_hook`.`role_id` in (1)

2020-12-13 15:28:39: select * from `goods_class` order by `is_sort` asc

2020-12-13 15:28:41: select * from `users` where `id` = 1 limit 1

2020-12-13 15:28:41: select * from `users` where `id` = 1 limit 1

2020-12-13 15:28:41: select * from `users` where `id` = 1 limit 1

2020-12-13 15:28:41: select `roles`.*, `user_link_role`.`user_id` as `pivot_user_id`, `user_link_role`.`role_id` as `pivot_role_id` from `roles` inner join `user_link_role` on `roles`.`id` = `user_link_role`.`role_id` where `user_link_role`.`user_id` in (1)

2020-12-13 15:28:41: select * from `roles` where `id` = 1 limit 1

2020-12-13 15:28:41: select `hooks`.*, `role_link_hook`.`role_id` as `pivot_role_id`, `role_link_hook`.`hook_id` as `pivot_hook_id` from `hooks` inner join `role_link_hook` on `hooks`.`id` = `role_link_hook`.`hook_id` where `role_link_hook`.`role_id` in (1)

2020-12-13 15:28:41: select * from `menus` where `url` = '/Admin/goods/index' limit 1

2020-12-13 15:28:41: select * from `menus` where `id` = 18 limit 1

2020-12-13 15:28:42: select * from `users` where `id` = 1 limit 1

2020-12-13 15:28:42: select * from `users` where `id` = 1 limit 1

2020-12-13 15:28:42: select * from `users` where `id` = 1 limit 1

2020-12-13 15:28:42: select `roles`.*, `user_link_role`.`user_id` as `pivot_user_id`, `user_link_role`.`role_id` as `pivot_role_id` from `roles` inner join `user_link_role` on `roles`.`id` = `user_link_role`.`role_id` where `user_link_role`.`user_id` in (1)

2020-12-13 15:28:42: select * from `roles` where `id` = 1 limit 1

2020-12-13 15:28:42: select `hooks`.*, `role_link_hook`.`role_id` as `pivot_role_id`, `role_link_hook`.`hook_id` as `pivot_hook_id` from `hooks` inner join `role_link_hook` on `hooks`.`id` = `role_link_hook`.`hook_id` where `role_link_hook`.`role_id` in (1)

2020-12-13 15:28:42: select count(*) as aggregate from `goods`

2020-12-13 15:28:42: select * from `goods` order by `id` desc limit 20 offset 0

2020-12-13 15:28:42: select * from `goods_spec` where `goods_spec`.`goods_id` in (44138, 44139, 44140, 44141, 44142, 44143, 44144, 44145, 44146, 44147, 44148, 44149, 44150, 44151, 44152, 44153, 44154, 44155, 44156, 44157)

2020-12-13 15:28:43: select * from `users` where `id` = 1 limit 1

2020-12-13 15:28:43: select * from `users` where `id` = 1 limit 1

2020-12-13 15:28:43: select * from `users` where `id` = 1 limit 1

2020-12-13 15:28:43: select `roles`.*, `user_link_role`.`user_id` as `pivot_user_id`, `user_link_role`.`role_id` as `pivot_role_id` from `roles` inner join `user_link_role` on `roles`.`id` = `user_link_role`.`role_id` where `user_link_role`.`user_id` in (1)

2020-12-13 15:28:43: select * from `roles` where `id` = 1 limit 1

2020-12-13 15:28:43: select `hooks`.*, `role_link_hook`.`role_id` as `pivot_role_id`, `role_link_hook`.`hook_id` as `pivot_hook_id` from `hooks` inner join `role_link_hook` on `hooks`.`id` = `role_link_hook`.`hook_id` where `role_link_hook`.`role_id` in (1)

2020-12-13 15:28:43: select count(*) as aggregate from `goods` where `goods_verify` = 2

2020-12-13 15:28:47: select * from `users` where `id` = 1 limit 1

2020-12-13 15:28:47: select * from `users` where `id` = 1 limit 1

2020-12-13 15:28:47: select * from `users` where `id` = 1 limit 1

2020-12-13 15:28:47: select `roles`.*, `user_link_role`.`user_id` as `pivot_user_id`, `user_link_role`.`role_id` as `pivot_role_id` from `roles` inner join `user_link_role` on `roles`.`id` = `user_link_role`.`role_id` where `user_link_role`.`user_id` in (1)

2020-12-13 15:28:47: select * from `roles` where `id` = 1 limit 1

2020-12-13 15:28:47: select `hooks`.*, `role_link_hook`.`role_id` as `pivot_role_id`, `role_link_hook`.`hook_id` as `pivot_hook_id` from `hooks` inner join `role_link_hook` on `hooks`.`id` = `role_link_hook`.`hook_id` where `role_link_hook`.`role_id` in (1)

2020-12-13 15:28:47: select * from `menus` where `url` = '/Admin/store/index' limit 1

2020-12-13 15:28:47: select * from `menus` where `id` = 22 limit 1

2020-12-13 15:28:47: select * from `users` where `id` = 1 limit 1

2020-12-13 15:28:47: select * from `users` where `id` = 1 limit 1

2020-12-13 15:28:47: select * from `users` where `id` = 1 limit 1

2020-12-13 15:28:47: select `roles`.*, `user_link_role`.`user_id` as `pivot_user_id`, `user_link_role`.`role_id` as `pivot_role_id` from `roles` inner join `user_link_role` on `roles`.`id` = `user_link_role`.`role_id` where `user_link_role`.`user_id` in (1)

2020-12-13 15:28:47: select * from `roles` where `id` = 1 limit 1

2020-12-13 15:28:47: select `hooks`.*, `role_link_hook`.`role_id` as `pivot_role_id`, `role_link_hook`.`hook_id` as `pivot_hook_id` from `hooks` inner join `role_link_hook` on `hooks`.`id` = `role_link_hook`.`hook_id` where `role_link_hook`.`role_id` in (1)

2020-12-13 15:28:47: select count(*) as aggregate from `store` where (`store_verify` = 1)

2020-12-13 15:28:47: select * from `store` where (`store_verify` = 1) order by `id` desc limit 20 offset 0

2020-12-13 15:28:50: select * from `users` where `id` = 1 limit 1

2020-12-13 15:28:50: select * from `users` where `id` = 1 limit 1

2020-12-13 15:28:50: select * from `users` where `id` = 1 limit 1

2020-12-13 15:28:50: select `roles`.*, `user_link_role`.`user_id` as `pivot_user_id`, `user_link_role`.`role_id` as `pivot_role_id` from `roles` inner join `user_link_role` on `roles`.`id` = `user_link_role`.`role_id` where `user_link_role`.`user_id` in (1)

2020-12-13 15:28:50: select * from `roles` where `id` = 1 limit 1

2020-12-13 15:28:50: select `hooks`.*, `role_link_hook`.`role_id` as `pivot_role_id`, `role_link_hook`.`hook_id` as `pivot_hook_id` from `hooks` inner join `role_link_hook` on `hooks`.`id` = `role_link_hook`.`hook_id` where `role_link_hook`.`role_id` in (1)

2020-12-13 15:28:50: select * from `menus` where `url` = '/Admin/integral/index' limit 1

2020-12-13 15:28:50: select * from `menus` where `id` = 28 limit 1

2020-12-13 15:28:50: select * from `users` where `id` = 1 limit 1

2020-12-13 15:28:50: select * from `users` where `id` = 1 limit 1

2020-12-13 15:28:50: select * from `users` where `id` = 1 limit 1

2020-12-13 15:28:50: select `roles`.*, `user_link_role`.`user_id` as `pivot_user_id`, `user_link_role`.`role_id` as `pivot_role_id` from `roles` inner join `user_link_role` on `roles`.`id` = `user_link_role`.`role_id` where `user_link_role`.`user_id` in (1)

2020-12-13 15:28:50: select * from `roles` where `id` = 1 limit 1

2020-12-13 15:28:50: select `hooks`.*, `role_link_hook`.`role_id` as `pivot_role_id`, `role_link_hook`.`hook_id` as `pivot_hook_id` from `hooks` inner join `role_link_hook` on `hooks`.`id` = `role_link_hook`.`hook_id` where `role_link_hook`.`role_id` in (1)

2020-12-13 15:28:50: select count(*) as aggregate from `integral_goods`

2020-12-13 15:28:50: select * from `integral_goods` order by `id` desc limit 20 offset 0

2020-12-13 15:28:52: select * from `users` where `id` = 1 limit 1

2020-12-13 15:28:52: select * from `users` where `id` = 1 limit 1

2020-12-13 15:28:52: select * from `users` where `id` = 1 limit 1

2020-12-13 15:28:52: select `roles`.*, `user_link_role`.`user_id` as `pivot_user_id`, `user_link_role`.`role_id` as `pivot_role_id` from `roles` inner join `user_link_role` on `roles`.`id` = `user_link_role`.`role_id` where `user_link_role`.`user_id` in (1)

2020-12-13 15:28:52: select * from `roles` where `id` = 1 limit 1

2020-12-13 15:28:52: select `hooks`.*, `role_link_hook`.`role_id` as `pivot_role_id`, `role_link_hook`.`hook_id` as `pivot_hook_id` from `hooks` inner join `role_link_hook` on `hooks`.`id` = `role_link_hook`.`hook_id` where `role_link_hook`.`role_id` in (1)

2020-12-13 15:28:52: select * from `menus` where `url` = '/Admin/integral/add_live_video_s' limit 1

2020-12-13 15:28:52: select * from `menus` where `id` = 28 limit 1

2020-12-13 15:28:52: select * from `users` where `id` = 1 limit 1

2020-12-13 15:28:52: select * from `users` where `id` = 1 limit 1

2020-12-13 15:28:52: select * from `users` where `id` = 1 limit 1

2020-12-13 15:28:52: select `roles`.*, `user_link_role`.`user_id` as `pivot_user_id`, `user_link_role`.`role_id` as `pivot_role_id` from `roles` inner join `user_link_role` on `roles`.`id` = `user_link_role`.`role_id` where `user_link_role`.`user_id` in (1)

2020-12-13 15:28:52: select * from `roles` where `id` = 1 limit 1

2020-12-13 15:28:52: select `hooks`.*, `role_link_hook`.`role_id` as `pivot_role_id`, `role_link_hook`.`hook_id` as `pivot_hook_id` from `hooks` inner join `role_link_hook` on `hooks`.`id` = `role_link_hook`.`hook_id` where `role_link_hook`.`role_id` in (1)

2020-12-13 15:28:52: select * from `integral_class`

2020-12-13 15:28:55: select * from `users` where `id` = 1 limit 1

2020-12-13 15:28:55: select * from `users` where `id` = 1 limit 1

2020-12-13 15:28:55: select * from `users` where `id` = 1 limit 1

2020-12-13 15:28:55: select `roles`.*, `user_link_role`.`user_id` as `pivot_user_id`, `user_link_role`.`role_id` as `pivot_role_id` from `roles` inner join `user_link_role` on `roles`.`id` = `user_link_role`.`role_id` where `user_link_role`.`user_id` in (1)

2020-12-13 15:28:55: select * from `roles` where `id` = 1 limit 1

2020-12-13 15:28:55: select `hooks`.*, `role_link_hook`.`role_id` as `pivot_role_id`, `role_link_hook`.`hook_id` as `pivot_hook_id` from `hooks` inner join `role_link_hook` on `hooks`.`id` = `role_link_hook`.`hook_id` where `role_link_hook`.`role_id` in (1)

2020-12-13 15:28:55: select * from `menus` where `url` = '/Admin/adv_position/index' limit 1

2020-12-13 15:28:55: select * from `menus` where `id` = 36 limit 1

2020-12-13 15:28:55: select * from `users` where `id` = 1 limit 1

2020-12-13 15:28:55: select * from `users` where `id` = 1 limit 1

2020-12-13 15:28:55: select * from `users` where `id` = 1 limit 1

2020-12-13 15:28:55: select `roles`.*, `user_link_role`.`user_id` as `pivot_user_id`, `user_link_role`.`role_id` as `pivot_role_id` from `roles` inner join `user_link_role` on `roles`.`id` = `user_link_role`.`role_id` where `user_link_role`.`user_id` in (1)

2020-12-13 15:28:55: select * from `roles` where `id` = 1 limit 1

2020-12-13 15:28:55: select `hooks`.*, `role_link_hook`.`role_id` as `pivot_role_id`, `role_link_hook`.`hook_id` as `pivot_hook_id` from `hooks` inner join `role_link_hook` on `hooks`.`id` = `role_link_hook`.`hook_id` where `role_link_hook`.`role_id` in (1)

2020-12-13 15:28:55: select count(*) as aggregate from `adv_position`

2020-12-13 15:28:55: select * from `adv_position` limit 20 offset 0

2020-12-13 15:28:58: select * from `users` where `id` = 1 limit 1

2020-12-13 15:28:58: select * from `users` where `id` = 1 limit 1

2020-12-13 15:28:58: select * from `users` where `id` = 1 limit 1

2020-12-13 15:28:58: select `roles`.*, `user_link_role`.`user_id` as `pivot_user_id`, `user_link_role`.`role_id` as `pivot_role_id` from `roles` inner join `user_link_role` on `roles`.`id` = `user_link_role`.`role_id` where `user_link_role`.`user_id` in (1)

2020-12-13 15:28:58: select * from `roles` where `id` = 1 limit 1

2020-12-13 15:28:58: select `hooks`.*, `role_link_hook`.`role_id` as `pivot_role_id`, `role_link_hook`.`hook_id` as `pivot_hook_id` from `hooks` inner join `role_link_hook` on `hooks`.`id` = `role_link_hook`.`hook_id` where `role_link_hook`.`role_id` in (1)

2020-12-13 15:28:58: select * from `menus` where `url` = '/Admin/adv/index' limit 1

2020-12-13 15:28:58: select * from `menus` where `id` = 36 limit 1

2020-12-13 15:28:58: select * from `users` where `id` = 1 limit 1

2020-12-13 15:28:58: select * from `users` where `id` = 1 limit 1

2020-12-13 15:28:58: select * from `users` where `id` = 1 limit 1

2020-12-13 15:28:58: select `roles`.*, `user_link_role`.`user_id` as `pivot_user_id`, `user_link_role`.`role_id` as `pivot_role_id` from `roles` inner join `user_link_role` on `roles`.`id` = `user_link_role`.`role_id` where `user_link_role`.`user_id` in (1)

2020-12-13 15:28:58: select * from `roles` where `id` = 1 limit 1

2020-12-13 15:28:58: select `hooks`.*, `role_link_hook`.`role_id` as `pivot_role_id`, `role_link_hook`.`hook_id` as `pivot_hook_id` from `hooks` inner join `role_link_hook` on `hooks`.`id` = `role_link_hook`.`hook_id` where `role_link_hook`.`role_id` in (1)

2020-12-13 15:28:58: select count(*) as aggregate from `adv`

2020-12-13 15:28:58: select * from `adv` order by `adv_sort` asc limit 20 offset 0

2020-12-13 15:28:58: select * from `adv_position` where `adv_position`.`id` in (1, 14)

2020-12-13 15:29:07: select * from `users` where `id` = 1 limit 1

2020-12-13 15:29:07: select * from `users` where `id` = 1 limit 1

2020-12-13 15:29:07: select * from `users` where `id` = 1 limit 1

2020-12-13 15:29:07: select `roles`.*, `user_link_role`.`user_id` as `pivot_user_id`, `user_link_role`.`role_id` as `pivot_role_id` from `roles` inner join `user_link_role` on `roles`.`id` = `user_link_role`.`role_id` where `user_link_role`.`user_id` in (1)

2020-12-13 15:29:07: select * from `roles` where `id` = 1 limit 1

2020-12-13 15:29:07: select `hooks`.*, `role_link_hook`.`role_id` as `pivot_role_id`, `role_link_hook`.`hook_id` as `pivot_hook_id` from `hooks` inner join `role_link_hook` on `hooks`.`id` = `role_link_hook`.`hook_id` where `role_link_hook`.`role_id` in (1)

2020-12-13 15:29:07: select * from `menus` where `url` = '/Admin/users/index' limit 1

2020-12-13 15:29:07: select * from `menus` where `id` = 7 limit 1

2020-12-13 15:29:08: select * from `users` where `id` = 1 limit 1

2020-12-13 15:29:08: select * from `users` where `id` = 1 limit 1

2020-12-13 15:29:08: select * from `users` where `id` = 1 limit 1

2020-12-13 15:29:08: select `roles`.*, `user_link_role`.`user_id` as `pivot_user_id`, `user_link_role`.`role_id` as `pivot_role_id` from `roles` inner join `user_link_role` on `roles`.`id` = `user_link_role`.`role_id` where `user_link_role`.`user_id` in (1)

2020-12-13 15:29:08: select * from `roles` where `id` = 1 limit 1

2020-12-13 15:29:08: select `hooks`.*, `role_link_hook`.`role_id` as `pivot_role_id`, `role_link_hook`.`hook_id` as `pivot_hook_id` from `hooks` inner join `role_link_hook` on `hooks`.`id` = `role_link_hook`.`hook_id` where `role_link_hook`.`role_id` in (1)

2020-12-13 15:29:08: select count(*) as aggregate from `users`

2020-12-13 15:29:08: select * from `users` order by `id` desc limit 20 offset 0

2020-12-13 15:29:08: select `roles`.*, `user_link_role`.`user_id` as `pivot_user_id`, `user_link_role`.`role_id` as `pivot_role_id` from `roles` inner join `user_link_role` on `roles`.`id` = `user_link_role`.`role_id` where `user_link_role`.`user_id` in (1, 99, 100, 101, 102, 104, 105, 106, 107, 108, 109, 110, 111, 114, 115)

2020-12-13 15:29:08: select `name` from `goods_class` where `id` in ('')

2020-12-13 15:29:08: select `name` from `goods_class` where `id` in ('1', '3')

2020-12-13 15:29:08: select `name` from `goods_class` where `id` in ('')

2020-12-13 15:29:08: select `name` from `goods_class` where `id` in ('')

2020-12-13 15:29:08: select `name` from `goods_class` where `id` in ('')

2020-12-13 15:29:08: select `name` from `goods_class` where `id` in ('')

2020-12-13 15:29:08: select `name` from `goods_class` where `id` in ('')

2020-12-13 15:29:08: select `name` from `goods_class` where `id` in ('')

2020-12-13 15:29:08: select `name` from `goods_class` where `id` in ('')

2020-12-13 15:29:08: select `name` from `goods_class` where `id` in ('')

2020-12-13 15:29:08: select `name` from `goods_class` where `id` in ('')

2020-12-13 15:29:08: select `name` from `goods_class` where `id` in ('1', '4', '2')

2020-12-13 15:29:08: select `name` from `goods_class` where `id` in ('')

2020-12-13 15:29:08: select `name` from `goods_class` where `id` in ('1', '67', '68')

2020-12-13 15:29:08: select `name` from `goods_class` where `id` in ('')

2020-12-13 15:29:09: select * from `users` where `id` = 1 limit 1

2020-12-13 15:29:09: select * from `users` where `id` = 1 limit 1

2020-12-13 15:29:09: select * from `users` where `id` = 1 limit 1

2020-12-13 15:29:09: select `roles`.*, `user_link_role`.`user_id` as `pivot_user_id`, `user_link_role`.`role_id` as `pivot_role_id` from `roles` inner join `user_link_role` on `roles`.`id` = `user_link_role`.`role_id` where `user_link_role`.`user_id` in (1)

2020-12-13 15:29:09: select * from `roles` where `id` = 1 limit 1

2020-12-13 15:29:09: select `hooks`.*, `role_link_hook`.`role_id` as `pivot_role_id`, `role_link_hook`.`hook_id` as `pivot_hook_id` from `hooks` inner join `role_link_hook` on `hooks`.`id` = `role_link_hook`.`hook_id` where `role_link_hook`.`role_id` in (1)

2020-12-13 15:29:09: select * from `menus` where `url` = '/Admin/roles/index' limit 1

2020-12-13 15:29:09: select * from `menus` where `id` = 7 limit 1

2020-12-13 15:29:09: select * from `users` where `id` = 1 limit 1

2020-12-13 15:29:09: select * from `users` where `id` = 1 limit 1

2020-12-13 15:29:09: select * from `users` where `id` = 1 limit 1

2020-12-13 15:29:09: select `roles`.*, `user_link_role`.`user_id` as `pivot_user_id`, `user_link_role`.`role_id` as `pivot_role_id` from `roles` inner join `user_link_role` on `roles`.`id` = `user_link_role`.`role_id` where `user_link_role`.`user_id` in (1)

2020-12-13 15:29:09: select * from `roles` where `id` = 1 limit 1

2020-12-13 15:29:09: select `hooks`.*, `role_link_hook`.`role_id` as `pivot_role_id`, `role_link_hook`.`hook_id` as `pivot_hook_id` from `hooks` inner join `role_link_hook` on `hooks`.`id` = `role_link_hook`.`hook_id` where `role_link_hook`.`role_id` in (1)

2020-12-13 15:29:09: select count(*) as aggregate from `roles`

2020-12-13 15:29:09: select * from `roles` order by `id` desc limit 20 offset 0

2020-12-13 15:29:15: select * from `users` where `id` = 1 limit 1

2020-12-13 15:29:15: select * from `users` where `id` = 1 limit 1

2020-12-13 15:29:15: select * from `users` where `id` = 1 limit 1

2020-12-13 15:29:15: select `roles`.*, `user_link_role`.`user_id` as `pivot_user_id`, `user_link_role`.`role_id` as `pivot_role_id` from `roles` inner join `user_link_role` on `roles`.`id` = `user_link_role`.`role_id` where `user_link_role`.`user_id` in (1)

2020-12-13 15:29:15: select * from `roles` where `id` = 1 limit 1

2020-12-13 15:29:15: select `hooks`.*, `role_link_hook`.`role_id` as `pivot_role_id`, `role_link_hook`.`hook_id` as `pivot_hook_id` from `hooks` inner join `role_link_hook` on `hooks`.`id` = `role_link_hook`.`hook_id` where `role_link_hook`.`role_id` in (1)

2020-12-13 15:29:15: select * from `menus` where `url` = '/Admin/index' limit 1

2020-12-13 15:29:16: select * from `users` where `id` = 1 limit 1

2020-12-13 15:29:16: select * from `users` where `id` = 1 limit 1

2020-12-13 15:29:16: select * from `users` where `id` = 1 limit 1

2020-12-13 15:29:16: select `roles`.*, `user_link_role`.`user_id` as `pivot_user_id`, `user_link_role`.`role_id` as `pivot_role_id` from `roles` inner join `user_link_role` on `roles`.`id` = `user_link_role`.`role_id` where `user_link_role`.`user_id` in (1)

2020-12-13 15:29:16: select * from `roles` where `id` = 1 limit 1

2020-12-13 15:29:16: select `hooks`.*, `role_link_hook`.`role_id` as `pivot_role_id`, `role_link_hook`.`hook_id` as `pivot_hook_id` from `hooks` inner join `role_link_hook` on `hooks`.`id` = `role_link_hook`.`hook_id` where `role_link_hook`.`role_id` in (1)

2020-12-13 15:29:16: select sum(`total_price`) as aggregate from `orders`

2020-12-13 15:29:16: select sum(`total_price`) as aggregate from `orders` where `pay_time` > 1607788800 and `pay_time` < 1607875199

2020-12-13 15:29:16: select count(*) as aggregate from `orders` where (`pay_status` = 0 and `order_status` < 2 and `refund_status` = 0)

2020-12-13 15:29:16: select count(*) as aggregate from `orders` where (`pay_status` = 1 and `delivery_status` = 0 and `refund_status` = 0)

2020-12-13 15:29:16: select count(*) as aggregate from `orders` where (`pay_status` = 1 and `delivery_status` = 1 and `comment_status` = 1 and `order_status` = 1 and `refund_status` = 0)

2020-12-13 15:29:16: select `users`, `format_time` from `crontab_day` where `format_time` in ('2020-12-06', '2020-12-07', '2020-12-08', '2020-12-09', '2020-12-10', '2020-12-11', '2020-12-12') group by `format_time` order by `id` asc

2020-12-13 15:29:16: select `users`, `format_time` from `crontab_day` where `format_time` in ('2020-11-30', '2020-12-01', '2020-12-02', '2020-12-03', '2020-12-04', '2020-12-05', '2020-12-06') group by `format_time` order by `id` asc

2020-12-13 15:29:16: select `price`, `format_time` from `crontab_month` where `format_time` in ('2020-01-01', '2020-02-01', '2020-03-01', '2020-04-01', '2020-05-01', '2020-06-01', '2020-07-01', '2020-08-01', '2020-09-01', '2020-10-01', '2020-11-01', '2020-12-01') group by `format_time` order by `id` asc

2020-12-13 15:29:16: select (select sum(price) from crontab_day as B where B.user_id = crontab_day.user_id) as sum_total,crontab_day.user_id from `crontab_day` group by `user_id` order by `sum_total` desc limit 6

2020-12-13 15:29:16: select * from `store` where `user_id` = 1 limit 1

2020-12-13 15:29:22: select * from `users` where `id` = 1 limit 1

2020-12-13 15:29:22: select * from `users` where `id` = 1 limit 1

2020-12-13 15:29:22: select * from `users` where `id` = 1 limit 1

2020-12-13 15:29:22: select `roles`.*, `user_link_role`.`user_id` as `pivot_user_id`, `user_link_role`.`role_id` as `pivot_role_id` from `roles` inner join `user_link_role` on `roles`.`id` = `user_link_role`.`role_id` where `user_link_role`.`user_id` in (1)

2020-12-13 15:29:22: select * from `roles` where `id` = 1 limit 1

2020-12-13 15:29:22: select `hooks`.*, `role_link_hook`.`role_id` as `pivot_role_id`, `role_link_hook`.`hook_id` as `pivot_hook_id` from `hooks` inner join `role_link_hook` on `hooks`.`id` = `role_link_hook`.`hook_id` where `role_link_hook`.`role_id` in (1)

2020-12-13 15:29:22: select * from `menus` where `url` = '/Admin/users/index' limit 1

2020-12-13 15:29:22: select * from `menus` where `id` = 7 limit 1

2020-12-13 15:29:22: select * from `users` where `id` = 1 limit 1

2020-12-13 15:29:22: select * from `users` where `id` = 1 limit 1

2020-12-13 15:29:22: select * from `users` where `id` = 1 limit 1

2020-12-13 15:29:22: select `roles`.*, `user_link_role`.`user_id` as `pivot_user_id`, `user_link_role`.`role_id` as `pivot_role_id` from `roles` inner join `user_link_role` on `roles`.`id` = `user_link_role`.`role_id` where `user_link_role`.`user_id` in (1)

2020-12-13 15:29:22: select * from `roles` where `id` = 1 limit 1

2020-12-13 15:29:22: select `hooks`.*, `role_link_hook`.`role_id` as `pivot_role_id`, `role_link_hook`.`hook_id` as `pivot_hook_id` from `hooks` inner join `role_link_hook` on `hooks`.`id` = `role_link_hook`.`hook_id` where `role_link_hook`.`role_id` in (1)

2020-12-13 15:29:22: select count(*) as aggregate from `users`

2020-12-13 15:29:22: select * from `users` order by `id` desc limit 20 offset 0

2020-12-13 15:29:22: select `roles`.*, `user_link_role`.`user_id` as `pivot_user_id`, `user_link_role`.`role_id` as `pivot_role_id` from `roles` inner join `user_link_role` on `roles`.`id` = `user_link_role`.`role_id` where `user_link_role`.`user_id` in (1, 99, 100, 101, 102, 104, 105, 106, 107, 108, 109, 110, 111, 114, 115)

2020-12-13 15:29:22: select `name` from `goods_class` where `id` in ('')

2020-12-13 15:29:22: select `name` from `goods_class` where `id` in ('1', '3')

2020-12-13 15:29:22: select `name` from `goods_class` where `id` in ('')

2020-12-13 15:29:22: select `name` from `goods_class` where `id` in ('')

2020-12-13 15:29:22: select `name` from `goods_class` where `id` in ('')

2020-12-13 15:29:22: select `name` from `goods_class` where `id` in ('')

2020-12-13 15:29:22: select `name` from `goods_class` where `id` in ('')

2020-12-13 15:29:22: select `name` from `goods_class` where `id` in ('')

2020-12-13 15:29:22: select `name` from `goods_class` where `id` in ('')

2020-12-13 15:29:22: select `name` from `goods_class` where `id` in ('')

2020-12-13 15:29:22: select `name` from `goods_class` where `id` in ('')

2020-12-13 15:29:22: select `name` from `goods_class` where `id` in ('1', '4', '2')

2020-12-13 15:29:22: select `name` from `goods_class` where `id` in ('')

2020-12-13 15:29:22: select `name` from `goods_class` where `id` in ('1', '67', '68')

2020-12-13 15:29:22: select `name` from `goods_class` where `id` in ('')

2020-12-13 15:29:25: select * from `users` where `id` = 1 limit 1

2020-12-13 15:29:25: select * from `users` where `id` = 1 limit 1

2020-12-13 15:29:25: select * from `users` where `id` = 1 limit 1

2020-12-13 15:29:25: select `roles`.*, `user_link_role`.`user_id` as `pivot_user_id`, `user_link_role`.`role_id` as `pivot_role_id` from `roles` inner join `user_link_role` on `roles`.`id` = `user_link_role`.`role_id` where `user_link_role`.`user_id` in (1)

2020-12-13 15:29:25: select * from `roles` where `id` = 1 limit 1

2020-12-13 15:29:25: select `hooks`.*, `role_link_hook`.`role_id` as `pivot_role_id`, `role_link_hook`.`hook_id` as `pivot_hook_id` from `hooks` inner join `role_link_hook` on `hooks`.`id` = `role_link_hook`.`hook_id` where `role_link_hook`.`role_id` in (1)

2020-12-13 15:29:25: select * from `menus` where `url` = '/Admin/roles/index' limit 1

2020-12-13 15:29:25: select * from `menus` where `id` = 7 limit 1

2020-12-13 15:29:25: select * from `users` where `id` = 1 limit 1

2020-12-13 15:29:25: select * from `users` where `id` = 1 limit 1

2020-12-13 15:29:25: select * from `users` where `id` = 1 limit 1

2020-12-13 15:29:25: select `roles`.*, `user_link_role`.`user_id` as `pivot_user_id`, `user_link_role`.`role_id` as `pivot_role_id` from `roles` inner join `user_link_role` on `roles`.`id` = `user_link_role`.`role_id` where `user_link_role`.`user_id` in (1)

2020-12-13 15:29:25: select * from `roles` where `id` = 1 limit 1

2020-12-13 15:29:25: select `hooks`.*, `role_link_hook`.`role_id` as `pivot_role_id`, `role_link_hook`.`hook_id` as `pivot_hook_id` from `hooks` inner join `role_link_hook` on `hooks`.`id` = `role_link_hook`.`hook_id` where `role_link_hook`.`role_id` in (1)

2020-12-13 15:29:25: select count(*) as aggregate from `roles`

2020-12-13 15:29:25: select * from `roles` order by `id` desc limit 20 offset 0

2020-12-13 15:29:31: select * from `users` where `id` = 1 limit 1

2020-12-13 15:29:31: select * from `users` where `id` = 1 limit 1

2020-12-13 15:29:31: select * from `users` where `id` = 1 limit 1

2020-12-13 15:29:31: select `roles`.*, `user_link_role`.`user_id` as `pivot_user_id`, `user_link_role`.`role_id` as `pivot_role_id` from `roles` inner join `user_link_role` on `roles`.`id` = `user_link_role`.`role_id` where `user_link_role`.`user_id` in (1)

2020-12-13 15:29:31: select * from `roles` where `id` = 1 limit 1

2020-12-13 15:29:31: select `hooks`.*, `role_link_hook`.`role_id` as `pivot_role_id`, `role_link_hook`.`hook_id` as `pivot_hook_id` from `hooks` inner join `role_link_hook` on `hooks`.`id` = `role_link_hook`.`hook_id` where `role_link_hook`.`role_id` in (1)

2020-12-13 15:29:31: select * from `menus` where `url` = '/Admin/index' limit 1

2020-12-13 15:29:32: select * from `users` where `id` = 1 limit 1

2020-12-13 15:29:32: select * from `users` where `id` = 1 limit 1

2020-12-13 15:29:32: select * from `users` where `id` = 1 limit 1

2020-12-13 15:29:32: select `roles`.*, `user_link_role`.`user_id` as `pivot_user_id`, `user_link_role`.`role_id` as `pivot_role_id` from `roles` inner join `user_link_role` on `roles`.`id` = `user_link_role`.`role_id` where `user_link_role`.`user_id` in (1)

2020-12-13 15:29:32: select * from `roles` where `id` = 1 limit 1

2020-12-13 15:29:32: select `hooks`.*, `role_link_hook`.`role_id` as `pivot_role_id`, `role_link_hook`.`hook_id` as `pivot_hook_id` from `hooks` inner join `role_link_hook` on `hooks`.`id` = `role_link_hook`.`hook_id` where `role_link_hook`.`role_id` in (1)

2020-12-13 15:29:32: select sum(`total_price`) as aggregate from `orders`

2020-12-13 15:29:32: select sum(`total_price`) as aggregate from `orders` where `pay_time` > 1607788800 and `pay_time` < 1607875199

2020-12-13 15:29:32: select count(*) as aggregate from `orders` where (`pay_status` = 0 and `order_status` < 2 and `refund_status` = 0)

2020-12-13 15:29:32: select count(*) as aggregate from `orders` where (`pay_status` = 1 and `delivery_status` = 0 and `refund_status` = 0)

2020-12-13 15:29:32: select count(*) as aggregate from `orders` where (`pay_status` = 1 and `delivery_status` = 1 and `comment_status` = 1 and `order_status` = 1 and `refund_status` = 0)

2020-12-13 15:29:32: select `users`, `format_time` from `crontab_day` where `format_time` in ('2020-12-06', '2020-12-07', '2020-12-08', '2020-12-09', '2020-12-10', '2020-12-11', '2020-12-12') group by `format_time` order by `id` asc

2020-12-13 15:29:32: select `users`, `format_time` from `crontab_day` where `format_time` in ('2020-11-30', '2020-12-01', '2020-12-02', '2020-12-03', '2020-12-04', '2020-12-05', '2020-12-06') group by `format_time` order by `id` asc

2020-12-13 15:29:32: select `price`, `format_time` from `crontab_month` where `format_time` in ('2020-01-01', '2020-02-01', '2020-03-01', '2020-04-01', '2020-05-01', '2020-06-01', '2020-07-01', '2020-08-01', '2020-09-01', '2020-10-01', '2020-11-01', '2020-12-01') group by `format_time` order by `id` asc

2020-12-13 15:29:32: select (select sum(price) from crontab_day as B where B.user_id = crontab_day.user_id) as sum_total,crontab_day.user_id from `crontab_day` group by `user_id` order by `sum_total` desc limit 6

2020-12-13 15:29:32: select * from `store` where `user_id` = 1 limit 1

2020-12-13 15:29:34: select * from `users` where `id` = 1 limit 1

2020-12-13 15:29:34: select * from `users` where `id` = 1 limit 1

2020-12-13 15:29:34: select * from `users` where `id` = 1 limit 1

2020-12-13 15:29:34: select `roles`.*, `user_link_role`.`user_id` as `pivot_user_id`, `user_link_role`.`role_id` as `pivot_role_id` from `roles` inner join `user_link_role` on `roles`.`id` = `user_link_role`.`role_id` where `user_link_role`.`user_id` in (1)

2020-12-13 15:29:34: select * from `roles` where `id` = 1 limit 1

2020-12-13 15:29:34: select `hooks`.*, `role_link_hook`.`role_id` as `pivot_role_id`, `role_link_hook`.`hook_id` as `pivot_hook_id` from `hooks` inner join `role_link_hook` on `hooks`.`id` = `role_link_hook`.`hook_id` where `role_link_hook`.`role_id` in (1)

2020-12-13 15:29:34: select * from `users` where `id` = 1 limit 1

2020-12-13 15:29:34: select * from `users` where `id` = 1 limit 1

2020-12-13 15:29:34: select * from `users` where `id` = 1 limit 1

2020-12-13 15:29:34: select * from `users` where `id` = 1 limit 1

2020-12-13 15:29:34: select `roles`.*, `user_link_role`.`user_id` as `pivot_user_id`, `user_link_role`.`role_id` as `pivot_role_id` from `roles` inner join `user_link_role` on `roles`.`id` = `user_link_role`.`role_id` where `user_link_role`.`user_id` in (1)

2020-12-13 15:29:34: select * from `users` where `id` = 1 limit 1

2020-12-13 15:29:34: select * from `roles` where `id` = 1 limit 1

2020-12-13 15:29:34: select * from `users` where `id` = 1 limit 1

2020-12-13 15:29:34: select `hooks`.*, `role_link_hook`.`role_id` as `pivot_role_id`, `role_link_hook`.`hook_id` as `pivot_hook_id` from `hooks` inner join `role_link_hook` on `hooks`.`id` = `role_link_hook`.`hook_id` where `role_link_hook`.`role_id` in (1)

2020-12-13 15:29:34: select `roles`.*, `user_link_role`.`user_id` as `pivot_user_id`, `user_link_role`.`role_id` as `pivot_role_id` from `roles` inner join `user_link_role` on `roles`.`id` = `user_link_role`.`role_id` where `user_link_role`.`user_id` in (1)

2020-12-13 15:29:34: select * from `roles` where `id` = 1 limit 1

2020-12-13 15:29:34: select `hooks`.*, `role_link_hook`.`role_id` as `pivot_role_id`, `role_link_hook`.`hook_id` as `pivot_hook_id` from `hooks` inner join `role_link_hook` on `hooks`.`id` = `role_link_hook`.`hook_id` where `role_link_hook`.`role_id` in (1)

2020-12-13 15:29:34: select count(*) as aggregate from `goods_brand`

2020-12-13 15:29:34: select * from `goods_brand` order by `is_sort` desc limit 20 offset 0

2020-12-13 15:29:34: select * from `users` where `users`.`id` = 1 limit 1

2020-12-13 15:29:34: select `roles`.*, `user_link_role`.`user_id` as `pivot_user_id`, `user_link_role`.`role_id` as `pivot_role_id` from `roles` inner join `user_link_role` on `roles`.`id` = `user_link_role`.`role_id` where `user_link_role`.`user_id` = 1

2020-12-13 15:29:34: select * from `roles` where `id` in (1)

2020-12-13 15:29:34: select `menus`.*, `role_link_menu`.`role_id` as `pivot_role_id`, `role_link_menu`.`menu_id` as `pivot_menu_id`, `role_link_menu`.`commands` as `pivot_commands` from `menus` inner join `role_link_menu` on `menus`.`id` = `role_link_menu`.`menu_id` where `role_link_menu`.`role_id` = 1

2020-12-13 15:29:34: select * from `menus` where `id` in (7, 8, 10, 18, 19, 20, 21, 22, 23, 33, 36, 37, 38, 39, 40, 46, 47, 48, 49, 52, 53, 54, 56, 58, 60, 63, 72, 73, 28, 29, 6, 12, 13, 16, 71, 70, 89, 90) and `is_type` = 0 order by `is_sort` asc

2020-12-13 15:29:34: select * from `menus` where `id` in (7, 8, 10, 18, 19, 20, 21, 22, 23, 33, 36, 37, 38, 39, 40, 46, 47, 48, 49, 52, 53, 54, 56, 58, 60, 63, 72, 73, 28, 29, 6, 12, 13, 16, 71, 70, 89, 90) and `is_type` = 0 and `id` in (7, 8, 10, 18, 19, 20, 21, 22, 23, 33, 36, 37, 38, 39, 40, 46, 47, 48, 49, 52, 53, 54, 56, 58, 60, 63, 72, 73, 28, 29, 6, 12, 13, 16, 71, 70, 89, 90) order by `is_sort` asc

2020-12-13 15:29:35: select * from `users` where `id` = 1 limit 1

2020-12-13 15:29:35: select * from `users` where `id` = 1 limit 1

2020-12-13 15:29:35: select * from `adv_position` where `ap_isuse` = 1 and `ap_name` = 'PC_' limit 1

2020-12-13 15:29:35: select * from `integral_goods` where (`goods_status` = 1) order by `live_status` desc, `is_hot` desc, `id` desc limit 5

2020-12-13 15:29:35: select * from `integral_class`

2020-12-13 15:29:35: select * from `integral_goods` where (`cid` = 2 and `goods_status` = 1)

2020-12-13 15:29:39: select * from `users` where `id` = 1 limit 1

2020-12-13 15:29:39: select * from `seckill` where `enable` = 1 order by `is_index` desc, `id` desc limit 1

2020-12-13 15:29:39: select count(*) as aggregate from `seckill_goods` where `sid` = 67 and exists (select * from `store` where `seckill_goods`.`goods_id` = `store`.`id`)

2020-12-13 15:29:39: select * from `goods_brand` where `id` in ('') order by `is_sort` desc

2020-12-13 15:29:43: select * from `users` where `id` = 1 limit 1

2020-12-13 15:29:43: select * from `adv_position` where `ap_isuse` = 1 and `ap_name` = 'PC_' limit 1

2020-12-13 15:29:43: select * from `integral_goods` where (`goods_status` = 1) order by `live_status` desc, `is_hot` desc, `id` desc limit 5

2020-12-13 15:29:43: select * from `integral_class`

2020-12-13 15:29:43: select * from `integral_goods` where (`cid` = 2 and `goods_status` = 1)

2020-12-13 15:29:50: select * from `users` where `id` = 1 limit 1

2020-12-13 15:29:50: select * from `seckill` where `enable` = 1 order by `is_index` desc, `id` desc limit 1

2020-12-13 15:29:50: select count(*) as aggregate from `seckill_goods` where `sid` = 67 and exists (select * from `store` where `seckill_goods`.`goods_id` = `store`.`id`)

2020-12-13 15:29:50: select * from `goods_brand` where `id` in ('') order by `is_sort` desc

2020-12-13 15:29:54: select * from `users` where `id` = 1 limit 1

2020-12-13 15:29:54: select count(*) as aggregate from `seckill` where `enable` = 1

2020-12-13 15:29:54: select * from `seckill` where `enable` = 1 order by `is_index` desc, `id` desc limit 30 offset 0

2020-12-13 15:29:59: select * from `users` where `id` = 1 limit 1

2020-12-13 15:29:59: select count(*) as aggregate from `integral_goods`

2020-12-13 15:29:59: select * from `integral_goods` order by `live_status` desc, `is_hot` desc, `id` desc limit 40 offset 0

2020-12-13 15:30:07: select * from `users` where `id` = 1 limit 1

2020-12-13 15:30:07: select count(*) as aggregate from `seckill` where `enable` = 1

2020-12-13 15:30:07: select * from `seckill` where `enable` = 1 order by `is_index` desc, `id` desc limit 30 offset 0

2020-12-13 15:30:08: select * from `users` where `id` = 1 limit 1

2020-12-13 15:30:08: select * from `seckill` where `enable` = 1 order by `is_index` desc, `id` desc limit 1

2020-12-13 15:30:08: select count(*) as aggregate from `seckill_goods` where `sid` = 67 and exists (select * from `store` where `seckill_goods`.`goods_id` = `store`.`id`)

2020-12-13 15:30:08: select * from `goods_brand` where `id` in ('') order by `is_sort` desc

2020-12-13 15:30:09: select * from `users` where `id` = 1 limit 1

2020-12-13 15:30:10: select * from `users` where `id` = 1 limit 1

2020-12-13 15:30:10: select * from `adv_position` where `ap_isuse` = 1 and `ap_name` = 'PC_' limit 1

2020-12-13 15:30:10: select * from `integral_goods` where (`goods_status` = 1) order by `live_status` desc, `is_hot` desc, `id` desc limit 5

2020-12-13 15:30:10: select * from `integral_class`

2020-12-13 15:30:10: select * from `integral_goods` where (`cid` = 2 and `goods_status` = 1)

2020-12-13 15:30:14: select * from `users` where `id` = 1 limit 1

2020-12-13 15:30:14: select * from `seckill` where `enable` = 1 order by `is_index` desc, `id` desc limit 1

2020-12-13 15:30:14: select count(*) as aggregate from `seckill_goods` where `sid` = 67 and exists (select * from `store` where `seckill_goods`.`goods_id` = `store`.`id`)

2020-12-13 15:30:14: select * from `goods_brand` where `id` in ('') order by `is_sort` desc

2020-12-13 15:30:15: select * from `users` where `id` = 1 limit 1

2020-12-13 15:30:15: select count(*) as aggregate from `seckill` where `enable` = 1

2020-12-13 15:30:15: select * from `seckill` where `enable` = 1 order by `is_index` desc, `id` desc limit 30 offset 0

2020-12-13 15:30:15: select * from `users` where `id` = 1 limit 1

2020-12-13 15:30:15: select count(*) as aggregate from `integral_goods`

2020-12-13 15:30:15: select * from `integral_goods` order by `live_status` desc, `is_hot` desc, `id` desc limit 40 offset 0

2020-12-13 15:30:15: select * from `users` where `id` = 1 limit 1

2020-12-13 15:30:15: select count(*) as aggregate from `seckill` where `enable` = 1

2020-12-13 15:30:15: select * from `seckill` where `enable` = 1 order by `is_index` desc, `id` desc limit 30 offset 0

2020-12-13 15:30:16: select * from `users` where `id` = 1 limit 1

2020-12-13 15:30:16: select * from `seckill` where `enable` = 1 order by `is_index` desc, `id` desc limit 1

2020-12-13 15:30:16: select count(*) as aggregate from `seckill_goods` where `sid` = 67 and exists (select * from `store` where `seckill_goods`.`goods_id` = `store`.`id`)

2020-12-13 15:30:16: select * from `goods_brand` where `id` in ('') order by `is_sort` desc

2020-12-13 15:30:17: select * from `users` where `id` = 1 limit 1

2020-12-13 15:30:18: select * from `users` where `id` = 1 limit 1

2020-12-13 15:30:18: select * from `adv_position` where `ap_isuse` = 1 and `ap_name` = 'PC_' limit 1

2020-12-13 15:30:18: select * from `integral_goods` where (`goods_status` = 1) order by `live_status` desc, `is_hot` desc, `id` desc limit 5

2020-12-13 15:30:18: select * from `integral_class`

2020-12-13 15:30:18: select * from `integral_goods` where (`cid` = 2 and `goods_status` = 1)

2020-12-13 15:30:18: select * from `users` where `id` = 1 limit 1

2020-12-13 15:30:18: select * from `seckill` where `enable` = 1 order by `is_index` desc, `id` desc limit 1

2020-12-13 15:30:18: select count(*) as aggregate from `seckill_goods` where `sid` = 67 and exists (select * from `store` where `seckill_goods`.`goods_id` = `store`.`id`)

2020-12-13 15:30:18: select * from `goods_brand` where `id` in ('') order by `is_sort` desc

2020-12-13 15:30:20: select * from `users` where `id` = 1 limit 1

2020-12-13 15:30:21: select * from `users` where `id` = 1 limit 1

2020-12-13 15:30:21: select * from `users` where `id` = 1 limit 1

2020-12-13 15:30:21: select * from `users` where `id` = 1 limit 1

2020-12-13 15:30:21: select `roles`.*, `user_link_role`.`user_id` as `pivot_user_id`, `user_link_role`.`role_id` as `pivot_role_id` from `roles` inner join `user_link_role` on `roles`.`id` = `user_link_role`.`role_id` where `user_link_role`.`user_id` in (1)

2020-12-13 15:30:21: select * from `roles` where `id` = 1 limit 1

2020-12-13 15:30:21: select `hooks`.*, `role_link_hook`.`role_id` as `pivot_role_id`, `role_link_hook`.`hook_id` as `pivot_hook_id` from `hooks` inner join `role_link_hook` on `hooks`.`id` = `role_link_hook`.`hook_id` where `role_link_hook`.`role_id` in (1)

2020-12-13 15:30:21: select * from `users` where `users`.`id` = 1 limit 1

2020-12-13 15:30:21: select `roles`.*, `user_link_role`.`user_id` as `pivot_user_id`, `user_link_role`.`role_id` as `pivot_role_id` from `roles` inner join `user_link_role` on `roles`.`id` = `user_link_role`.`role_id` where `user_link_role`.`user_id` = 1

2020-12-13 15:30:21: select * from `roles` where `id` in (1)

2020-12-13 15:30:21: select `menus`.*, `role_link_menu`.`role_id` as `pivot_role_id`, `role_link_menu`.`menu_id` as `pivot_menu_id`, `role_link_menu`.`commands` as `pivot_commands` from `menus` inner join `role_link_menu` on `menus`.`id` = `role_link_menu`.`menu_id` where `role_link_menu`.`role_id` = 1

2020-12-13 15:30:21: select * from `menus` where `id` in (7, 8, 10, 18, 19, 20, 21, 22, 23, 33, 36, 37, 38, 39, 40, 46, 47, 48, 49, 52, 53, 54, 56, 58, 60, 63, 72, 73, 28, 29, 6, 12, 13, 16, 71, 70, 89, 90) and `is_type` = 0 order by `is_sort` asc

2020-12-13 15:30:21: select * from `menus` where `id` in (7, 8, 10, 18, 19, 20, 21, 22, 23, 33, 36, 37, 38, 39, 40, 46, 47, 48, 49, 52, 53, 54, 56, 58, 60, 63, 72, 73, 28, 29, 6, 12, 13, 16, 71, 70, 89, 90) and `is_type` = 0 and `id` in (7, 8, 10, 18, 19, 20, 21, 22, 23, 33, 36, 37, 38, 39, 40, 46, 47, 48, 49, 52, 53, 54, 56, 58, 60, 63, 72, 73, 28, 29, 6, 12, 13, 16, 71, 70, 89, 90) order by `is_sort` asc

2020-12-13 15:30:21: select * from `users` where `id` = 1 limit 1

2020-12-13 15:30:21: select * from `adv_position` where `ap_isuse` = 1 and `ap_name` = 'PC_' limit 1

2020-12-13 15:30:21: select * from `integral_goods` where (`goods_status` = 1) order by `live_status` desc, `is_hot` desc, `id` desc limit 5

2020-12-13 15:30:21: select * from `integral_class`

2020-12-13 15:30:21: select * from `integral_goods` where (`cid` = 2 and `goods_status` = 1)

2020-12-13 15:30:22: select * from `users` where `id` = 1 limit 1

2020-12-13 15:30:22: select * from `users` where `id` = 1 limit 1

2020-12-13 15:30:22: select * from `users` where `id` = 1 limit 1

2020-12-13 15:30:22: select `roles`.*, `user_link_role`.`user_id` as `pivot_user_id`, `user_link_role`.`role_id` as `pivot_role_id` from `roles` inner join `user_link_role` on `roles`.`id` = `user_link_role`.`role_id` where `user_link_role`.`user_id` in (1)

2020-12-13 15:30:22: select * from `roles` where `id` = 1 limit 1

2020-12-13 15:30:22: select `hooks`.*, `role_link_hook`.`role_id` as `pivot_role_id`, `role_link_hook`.`hook_id` as `pivot_hook_id` from `hooks` inner join `role_link_hook` on `hooks`.`id` = `role_link_hook`.`hook_id` where `role_link_hook`.`role_id` in (1)

2020-12-13 15:30:22: select * from `users` where `id` = 1 limit 1

2020-12-13 15:30:22: select * from `users` where `id` = 1 limit 1

2020-12-13 15:30:22: select * from `users` where `id` = 1 limit 1

2020-12-13 15:30:22: select `roles`.*, `user_link_role`.`user_id` as `pivot_user_id`, `user_link_role`.`role_id` as `pivot_role_id` from `roles` inner join `user_link_role` on `roles`.`id` = `user_link_role`.`role_id` where `user_link_role`.`user_id` in (1)

2020-12-13 15:30:22: select * from `roles` where `id` = 1 limit 1

2020-12-13 15:30:22: select `hooks`.*, `role_link_hook`.`role_id` as `pivot_role_id`, `role_link_hook`.`hook_id` as `pivot_hook_id` from `hooks` inner join `role_link_hook` on `hooks`.`id` = `role_link_hook`.`hook_id` where `role_link_hook`.`role_id` in (1)

2020-12-13 15:30:22: select count(*) as aggregate from `goods_brand`

2020-12-13 15:30:22: select * from `goods_brand` order by `is_sort` desc limit 20 offset 0

2020-12-13 23:26:55: select * from `users` where `id` = 1 limit 1

2020-12-13 23:26:56: select * from `users` where `id` = 1 limit 1

2020-12-13 23:26:56: select * from `adv_position` where `ap_isuse` = 1 and `ap_name` = 'PC_' limit 1

2020-12-13 23:26:56: select * from `integral_goods` where (`goods_status` = 1) order by `live_status` desc, `is_hot` desc, `id` desc limit 5

2020-12-13 23:26:56: select * from `integral_class`

2020-12-13 23:26:56: select * from `integral_goods` where (`cid` = 2 and `goods_status` = 1)

2020-12-13 23:27:08: select * from `users` where `id` = 1 limit 1

2020-12-13 23:27:08: select * from `users` where `id` = 1 limit 1

2020-12-13 23:27:08: select * from `users` where `id` = 1 limit 1

2020-12-13 23:27:08: select * from `users` where `id` = 1 limit 1

2020-12-13 23:27:08: select `roles`.*, `user_link_role`.`user_id` as `pivot_user_id`, `user_link_role`.`role_id` as `pivot_role_id` from `roles` inner join `user_link_role` on `roles`.`id` = `user_link_role`.`role_id` where `user_link_role`.`user_id` in (1)

2020-12-13 23:27:08: select * from `roles` where `id` = 1 limit 1

2020-12-13 23:27:08: select `hooks`.*, `role_link_hook`.`role_id` as `pivot_role_id`, `role_link_hook`.`hook_id` as `pivot_hook_id` from `hooks` inner join `role_link_hook` on `hooks`.`id` = `role_link_hook`.`hook_id` where `role_link_hook`.`role_id` in (1)

2020-12-13 23:27:08: select * from `users` where `users`.`id` = 1 limit 1

2020-12-13 23:27:08: select `roles`.*, `user_link_role`.`user_id` as `pivot_user_id`, `user_link_role`.`role_id` as `pivot_role_id` from `roles` inner join `user_link_role` on `roles`.`id` = `user_link_role`.`role_id` where `user_link_role`.`user_id` = 1

2020-12-13 23:27:08: select * from `roles` where `id` in (1)

2020-12-13 23:27:08: select `menus`.*, `role_link_menu`.`role_id` as `pivot_role_id`, `role_link_menu`.`menu_id` as `pivot_menu_id`, `role_link_menu`.`commands` as `pivot_commands` from `menus` inner join `role_link_menu` on `menus`.`id` = `role_link_menu`.`menu_id` where `role_link_menu`.`role_id` = 1

2020-12-13 23:27:08: select * from `menus` where `id` in (7, 8, 10, 18, 19, 20, 21, 22, 23, 33, 36, 37, 38, 39, 40, 46, 47, 48, 49, 52, 53, 54, 56, 58, 60, 63, 72, 73, 28, 29, 6, 12, 13, 16, 71, 70, 89, 90) and `is_type` = 0 order by `is_sort` asc

2020-12-13 23:27:08: select * from `menus` where `id` in (7, 8, 10, 18, 19, 20, 21, 22, 23, 33, 36, 37, 38, 39, 40, 46, 47, 48, 49, 52, 53, 54, 56, 58, 60, 63, 72, 73, 28, 29, 6, 12, 13, 16, 71, 70, 89, 90) and `is_type` = 0 and `id` in (7, 8, 10, 18, 19, 20, 21, 22, 23, 33, 36, 37, 38, 39, 40, 46, 47, 48, 49, 52, 53, 54, 56, 58, 60, 63, 72, 73, 28, 29, 6, 12, 13, 16, 71, 70, 89, 90) order by `is_sort` asc

2020-12-13 23:27:09: select * from `users` where `id` = 1 limit 1

2020-12-13 23:27:09: select * from `users` where `id` = 1 limit 1

2020-12-13 23:27:09: select * from `users` where `id` = 1 limit 1

2020-12-13 23:27:09: select `roles`.*, `user_link_role`.`user_id` as `pivot_user_id`, `user_link_role`.`role_id` as `pivot_role_id` from `roles` inner join `user_link_role` on `roles`.`id` = `user_link_role`.`role_id` where `user_link_role`.`user_id` in (1)

2020-12-13 23:27:09: select * from `roles` where `id` = 1 limit 1

2020-12-13 23:27:09: select `hooks`.*, `role_link_hook`.`role_id` as `pivot_role_id`, `role_link_hook`.`hook_id` as `pivot_hook_id` from `hooks` inner join `role_link_hook` on `hooks`.`id` = `role_link_hook`.`hook_id` where `role_link_hook`.`role_id` in (1)

2020-12-13 23:27:09: select * from `users` where `id` = 1 limit 1

2020-12-13 23:27:09: select * from `users` where `id` = 1 limit 1

2020-12-13 23:27:09: select * from `users` where `id` = 1 limit 1

2020-12-13 23:27:09: select `roles`.*, `user_link_role`.`user_id` as `pivot_user_id`, `user_link_role`.`role_id` as `pivot_role_id` from `roles` inner join `user_link_role` on `roles`.`id` = `user_link_role`.`role_id` where `user_link_role`.`user_id` in (1)

2020-12-13 23:27:09: select * from `roles` where `id` = 1 limit 1

2020-12-13 23:27:09: select `hooks`.*, `role_link_hook`.`role_id` as `pivot_role_id`, `role_link_hook`.`hook_id` as `pivot_hook_id` from `hooks` inner join `role_link_hook` on `hooks`.`id` = `role_link_hook`.`hook_id` where `role_link_hook`.`role_id` in (1)

2020-12-13 23:27:09: select sum(`total_price`) as aggregate from `orders`

2020-12-13 23:27:09: select sum(`total_price`) as aggregate from `orders` where `pay_time` > 1607788800 and `pay_time` < 1607875199

2020-12-13 23:27:09: select count(*) as aggregate from `orders` where (`pay_status` = 0 and `order_status` < 2 and `refund_status` = 0)

2020-12-13 23:27:09: select count(*) as aggregate from `orders` where (`pay_status` = 1 and `delivery_status` = 0 and `refund_status` = 0)

2020-12-13 23:27:09: select count(*) as aggregate from `orders` where (`pay_status` = 1 and `delivery_status` = 1 and `comment_status` = 1 and `order_status` = 1 and `refund_status` = 0)

2020-12-13 23:27:09: select `users`, `format_time` from `crontab_day` where `format_time` in ('2020-12-06', '2020-12-07', '2020-12-08', '2020-12-09', '2020-12-10', '2020-12-11', '2020-12-12') group by `format_time` order by `id` asc

2020-12-13 23:27:09: select `users`, `format_time` from `crontab_day` where `format_time` in ('2020-11-30', '2020-12-01', '2020-12-02', '2020-12-03', '2020-12-04', '2020-12-05', '2020-12-06') group by `format_time` order by `id` asc

2020-12-13 23:27:09: select `price`, `format_time` from `crontab_month` where `format_time` in ('2020-01-01', '2020-02-01', '2020-03-01', '2020-04-01', '2020-05-01', '2020-06-01', '2020-07-01', '2020-08-01', '2020-09-01', '2020-10-01', '2020-11-01', '2020-12-01') group by `format_time` order by `id` asc

2020-12-13 23:27:09: select (select sum(price) from crontab_day as B where B.user_id = crontab_day.user_id) as sum_total,crontab_day.user_id from `crontab_day` group by `user_id` order by `sum_total` desc limit 6

2020-12-13 23:27:09: select * from `store` where `user_id` = 1 limit 1

2020-12-13 23:27:15: select * from `users` where `id` = 1 limit 1

2020-12-13 23:27:15: select * from `users` where `id` = 1 limit 1

2020-12-13 23:27:15: select * from `users` where `id` = 1 limit 1

2020-12-13 23:27:15: select `roles`.*, `user_link_role`.`user_id` as `pivot_user_id`, `user_link_role`.`role_id` as `pivot_role_id` from `roles` inner join `user_link_role` on `roles`.`id` = `user_link_role`.`role_id` where `user_link_role`.`user_id` in (1)

2020-12-13 23:27:15: select * from `roles` where `id` = 1 limit 1

2020-12-13 23:27:15: select `hooks`.*, `role_link_hook`.`role_id` as `pivot_role_id`, `role_link_hook`.`hook_id` as `pivot_hook_id` from `hooks` inner join `role_link_hook` on `hooks`.`id` = `role_link_hook`.`hook_id` where `role_link_hook`.`role_id` in (1)

2020-12-13 23:27:15: select * from `menus` where `url` = '/Admin/goods_brand/index' limit 1

2020-12-13 23:27:15: select * from `menus` where `id` = 72 limit 1

2020-12-13 23:27:15: select * from `users` where `id` = 1 limit 1

2020-12-13 23:27:15: select * from `users` where `id` = 1 limit 1

2020-12-13 23:27:15: select * from `users` where `id` = 1 limit 1

2020-12-13 23:27:15: select `roles`.*, `user_link_role`.`user_id` as `pivot_user_id`, `user_link_role`.`role_id` as `pivot_role_id` from `roles` inner join `user_link_role` on `roles`.`id` = `user_link_role`.`role_id` where `user_link_role`.`user_id` in (1)

2020-12-13 23:27:15: select * from `roles` where `id` = 1 limit 1

2020-12-13 23:27:15: select `hooks`.*, `role_link_hook`.`role_id` as `pivot_role_id`, `role_link_hook`.`hook_id` as `pivot_hook_id` from `hooks` inner join `role_link_hook` on `hooks`.`id` = `role_link_hook`.`hook_id` where `role_link_hook`.`role_id` in (1)

2020-12-13 23:27:15: select count(*) as aggregate from `goods_brand`

2020-12-13 23:27:15: select * from `goods_brand` order by `is_sort` desc limit 20 offset 0

2020-12-13 23:27:19: select * from `users` where `id` = 1 limit 1

2020-12-13 23:27:19: select * from `users` where `id` = 1 limit 1

2020-12-13 23:27:19: select * from `users` where `id` = 1 limit 1

2020-12-13 23:27:19: select `roles`.*, `user_link_role`.`user_id` as `pivot_user_id`, `user_link_role`.`role_id` as `pivot_role_id` from `roles` inner join `user_link_role` on `roles`.`id` = `user_link_role`.`role_id` where `user_link_role`.`user_id` in (1)

2020-12-13 23:27:19: select * from `roles` where `id` = 1 limit 1

2020-12-13 23:27:19: select `hooks`.*, `role_link_hook`.`role_id` as `pivot_role_id`, `role_link_hook`.`hook_id` as `pivot_hook_id` from `hooks` inner join `role_link_hook` on `hooks`.`id` = `role_link_hook`.`hook_id` where `role_link_hook`.`role_id` in (1)

2020-12-13 23:27:19: select * from `menus` where `url` = '/Admin/seckill/index' limit 1

2020-12-13 23:27:19: select * from `menus` where `id` = 73 limit 1

2020-12-13 23:27:19: select * from `users` where `id` = 1 limit 1

2020-12-13 23:27:19: select * from `users` where `id` = 1 limit 1

2020-12-13 23:27:19: select * from `users` where `id` = 1 limit 1

2020-12-13 23:27:19: select `roles`.*, `user_link_role`.`user_id` as `pivot_user_id`, `user_link_role`.`role_id` as `pivot_role_id` from `roles` inner join `user_link_role` on `roles`.`id` = `user_link_role`.`role_id` where `user_link_role`.`user_id` in (1)

2020-12-13 23:27:19: select * from `roles` where `id` = 1 limit 1

2020-12-13 23:27:19: select `hooks`.*, `role_link_hook`.`role_id` as `pivot_role_id`, `role_link_hook`.`hook_id` as `pivot_hook_id` from `hooks` inner join `role_link_hook` on `hooks`.`id` = `role_link_hook`.`hook_id` where `role_link_hook`.`role_id` in (1)

2020-12-13 23:27:19: select count(*) as aggregate from `seckill`

2020-12-13 23:27:19: select * from `seckill` order by `id` desc limit 20 offset 0

2020-12-13 23:27:25: select * from `users` where `id` = 1 limit 1

2020-12-13 23:27:25: select * from `users` where `id` = 1 limit 1

2020-12-13 23:27:25: select * from `users` where `id` = 1 limit 1

2020-12-13 23:27:25: select `roles`.*, `user_link_role`.`user_id` as `pivot_user_id`, `user_link_role`.`role_id` as `pivot_role_id` from `roles` inner join `user_link_role` on `roles`.`id` = `user_link_role`.`role_id` where `user_link_role`.`user_id` in (1)

2020-12-13 23:27:25: select * from `roles` where `id` = 1 limit 1

2020-12-13 23:27:25: select `hooks`.*, `role_link_hook`.`role_id` as `pivot_role_id`, `role_link_hook`.`hook_id` as `pivot_hook_id` from `hooks` inner join `role_link_hook` on `hooks`.`id` = `role_link_hook`.`hook_id` where `role_link_hook`.`role_id` in (1)

2020-12-13 23:27:25: select * from `menus` where `url` = '/Admin/store/index' limit 1

2020-12-13 23:27:25: select * from `menus` where `id` = 22 limit 1

2020-12-13 23:27:25: select * from `users` where `id` = 1 limit 1

2020-12-13 23:27:25: select * from `users` where `id` = 1 limit 1

2020-12-13 23:27:25: select * from `users` where `id` = 1 limit 1

2020-12-13 23:27:25: select `roles`.*, `user_link_role`.`user_id` as `pivot_user_id`, `user_link_role`.`role_id` as `pivot_role_id` from `roles` inner join `user_link_role` on `roles`.`id` = `user_link_role`.`role_id` where `user_link_role`.`user_id` in (1)

2020-12-13 23:27:25: select * from `roles` where `id` = 1 limit 1

2020-12-13 23:27:25: select `hooks`.*, `role_link_hook`.`role_id` as `pivot_role_id`, `role_link_hook`.`hook_id` as `pivot_hook_id` from `hooks` inner join `role_link_hook` on `hooks`.`id` = `role_link_hook`.`hook_id` where `role_link_hook`.`role_id` in (1)

2020-12-13 23:27:25: select count(*) as aggregate from `store` where (`store_verify` = 1)

2020-12-13 23:27:25: select * from `store` where (`store_verify` = 1) order by `id` desc limit 20 offset 0

