2021-03-26 11:59:17: select * from `users` where `id` = 1 limit 1

2021-03-26 11:59:17: select * from `users` where `id` = 1 limit 1

2021-03-26 11:59:17: select * from `users` where `id` = 1 limit 1

2021-03-26 11:59:17: select `roles`.*, `user_link_role`.`user_id` as `pivot_user_id`, `user_link_role`.`role_id` as `pivot_role_id` from `roles` inner join `user_link_role` on `roles`.`id` = `user_link_role`.`role_id` where `user_link_role`.`user_id` in (1)

2021-03-26 11:59:17: select * from `roles` where `id` = 1 limit 1

2021-03-26 11:59:17: select `hooks`.*, `role_link_hook`.`role_id` as `pivot_role_id`, `role_link_hook`.`hook_id` as `pivot_hook_id` from `hooks` inner join `role_link_hook` on `hooks`.`id` = `role_link_hook`.`hook_id` where `role_link_hook`.`role_id` in (1)

2021-03-26 11:59:17: select * from `users` where `users`.`id` = 1 limit 1

2021-03-26 11:59:17: select `roles`.*, `user_link_role`.`user_id` as `pivot_user_id`, `user_link_role`.`role_id` as `pivot_role_id` from `roles` inner join `user_link_role` on `roles`.`id` = `user_link_role`.`role_id` where `user_link_role`.`user_id` = 1

2021-03-26 11:59:17: select * from `roles` where `id` in (1)

2021-03-26 11:59:17: select `menus`.*, `role_link_menu`.`role_id` as `pivot_role_id`, `role_link_menu`.`menu_id` as `pivot_menu_id`, `role_link_menu`.`commands` as `pivot_commands` from `menus` inner join `role_link_menu` on `menus`.`id` = `role_link_menu`.`menu_id` where `role_link_menu`.`role_id` = 1

2021-03-26 11:59:17: select * from `menus` where `id` in (7, 8, 10, 18, 19, 20, 21, 22, 23, 33, 36, 37, 38, 39, 40, 46, 47, 48, 49, 52, 53, 54, 56, 58, 60, 63, 72, 73, 28, 29, 6, 12, 13, 16, 71, 70, 89, 90, 91) and `is_type` = 0 order by `is_sort` asc

2021-03-26 11:59:17: select * from `menus` where `id` in (7, 8, 10, 18, 19, 20, 21, 22, 23, 33, 36, 37, 38, 39, 40, 46, 47, 48, 49, 52, 53, 54, 56, 58, 60, 63, 72, 73, 28, 29, 6, 12, 13, 16, 71, 70, 89, 90, 91) and `is_type` = 0 and `id` in (7, 8, 10, 18, 19, 20, 21, 22, 23, 33, 36, 37, 38, 39, 40, 46, 47, 48, 49, 52, 53, 54, 56, 58, 60, 63, 72, 73, 28, 29, 6, 12, 13, 16, 71, 70, 89, 90, 91) order by `is_sort` asc

2021-03-26 11:59:18: select * from `users` where `id` = 1 limit 1

2021-03-26 11:59:18: select * from `users` where `id` = 1 limit 1

2021-03-26 11:59:18: select * from `users` where `id` = 1 limit 1

2021-03-26 11:59:18: select `roles`.*, `user_link_role`.`user_id` as `pivot_user_id`, `user_link_role`.`role_id` as `pivot_role_id` from `roles` inner join `user_link_role` on `roles`.`id` = `user_link_role`.`role_id` where `user_link_role`.`user_id` in (1)

2021-03-26 11:59:18: select * from `roles` where `id` = 1 limit 1

2021-03-26 11:59:18: select `hooks`.*, `role_link_hook`.`role_id` as `pivot_role_id`, `role_link_hook`.`hook_id` as `pivot_hook_id` from `hooks` inner join `role_link_hook` on `hooks`.`id` = `role_link_hook`.`hook_id` where `role_link_hook`.`role_id` in (1)

2021-03-26 11:59:18: select * from `users` where `id` = 1 limit 1

2021-03-26 11:59:18: select * from `users` where `id` = 1 limit 1

2021-03-26 11:59:18: select * from `users` where `id` = 1 limit 1

2021-03-26 11:59:18: select * from `users` where `id` = 1 limit 1

2021-03-26 11:59:18: select * from `config`

2021-03-26 11:59:18: select * from `users` where `id` = 1 limit 1

2021-03-26 11:59:18: select * from `users` where `id` = 1 limit 1

2021-03-26 11:59:18: select `roles`.*, `user_link_role`.`user_id` as `pivot_user_id`, `user_link_role`.`role_id` as `pivot_role_id` from `roles` inner join `user_link_role` on `roles`.`id` = `user_link_role`.`role_id` where `user_link_role`.`user_id` in (1)

2021-03-26 11:59:18: select * from `roles` where `id` = 1 limit 1

2021-03-26 11:59:18: select `roles`.*, `user_link_role`.`user_id` as `pivot_user_id`, `user_link_role`.`role_id` as `pivot_role_id` from `roles` inner join `user_link_role` on `roles`.`id` = `user_link_role`.`role_id` where `user_link_role`.`user_id` in (1)

2021-03-26 11:59:18: select `hooks`.*, `role_link_hook`.`role_id` as `pivot_role_id`, `role_link_hook`.`hook_id` as `pivot_hook_id` from `hooks` inner join `role_link_hook` on `hooks`.`id` = `role_link_hook`.`hook_id` where `role_link_hook`.`role_id` in (1)

2021-03-26 11:59:18: select * from `roles` where `id` = 1 limit 1

2021-03-26 11:59:18: select `hooks`.*, `role_link_hook`.`role_id` as `pivot_role_id`, `role_link_hook`.`hook_id` as `pivot_hook_id` from `hooks` inner join `role_link_hook` on `hooks`.`id` = `role_link_hook`.`hook_id` where `role_link_hook`.`role_id` in (1)

2021-03-26 11:59:18: select * from `config`

2021-03-26 11:59:21: select * from `users` where `id` = 1 limit 1

2021-03-26 11:59:21: select * from `users` where `id` = 1 limit 1

2021-03-26 11:59:21: select * from `users` where `id` = 1 limit 1

2021-03-26 11:59:21: select * from `users` where `id` = 1 limit 1

2021-03-26 11:59:22: select `roles`.*, `user_link_role`.`user_id` as `pivot_user_id`, `user_link_role`.`role_id` as `pivot_role_id` from `roles` inner join `user_link_role` on `roles`.`id` = `user_link_role`.`role_id` where `user_link_role`.`user_id` in (1)

2021-03-26 11:59:22: select * from `users` where `id` = 1 limit 1

2021-03-26 11:59:22: select * from `roles` where `id` = 1 limit 1

2021-03-26 11:59:22: select * from `users` where `id` = 1 limit 1

2021-03-26 11:59:22: select `hooks`.*, `role_link_hook`.`role_id` as `pivot_role_id`, `role_link_hook`.`hook_id` as `pivot_hook_id` from `hooks` inner join `role_link_hook` on `hooks`.`id` = `role_link_hook`.`hook_id` where `role_link_hook`.`role_id` in (1)

2021-03-26 11:59:22: select `roles`.*, `user_link_role`.`user_id` as `pivot_user_id`, `user_link_role`.`role_id` as `pivot_role_id` from `roles` inner join `user_link_role` on `roles`.`id` = `user_link_role`.`role_id` where `user_link_role`.`user_id` in (1)

2021-03-26 11:59:22: select * from `roles` where `id` = 1 limit 1

2021-03-26 11:59:22: select `hooks`.*, `role_link_hook`.`role_id` as `pivot_role_id`, `role_link_hook`.`hook_id` as `pivot_hook_id` from `hooks` inner join `role_link_hook` on `hooks`.`id` = `role_link_hook`.`hook_id` where `role_link_hook`.`role_id` in (1)

2021-03-26 11:59:22: select * from `users` where `users`.`id` = 1 limit 1

2021-03-26 11:59:22: select `roles`.*, `user_link_role`.`user_id` as `pivot_user_id`, `user_link_role`.`role_id` as `pivot_role_id` from `roles` inner join `user_link_role` on `roles`.`id` = `user_link_role`.`role_id` where `user_link_role`.`user_id` = 1

2021-03-26 11:59:22: select * from `roles` where `id` in (1)

2021-03-26 11:59:22: select `menus`.*, `role_link_menu`.`role_id` as `pivot_role_id`, `role_link_menu`.`menu_id` as `pivot_menu_id`, `role_link_menu`.`commands` as `pivot_commands` from `menus` inner join `role_link_menu` on `menus`.`id` = `role_link_menu`.`menu_id` where `role_link_menu`.`role_id` = 1

2021-03-26 11:59:22: select * from `menus` where `id` in (7, 8, 10, 18, 19, 20, 21, 22, 23, 33, 36, 37, 38, 39, 40, 46, 47, 48, 49, 52, 53, 54, 56, 58, 60, 63, 72, 73, 28, 29, 6, 12, 13, 16, 71, 70, 89, 90, 91) and `is_type` = 0 order by `is_sort` asc

2021-03-26 11:59:22: select * from `menus` where `id` in (7, 8, 10, 18, 19, 20, 21, 22, 23, 33, 36, 37, 38, 39, 40, 46, 47, 48, 49, 52, 53, 54, 56, 58, 60, 63, 72, 73, 28, 29, 6, 12, 13, 16, 71, 70, 89, 90, 91) and `is_type` = 0 and `id` in (7, 8, 10, 18, 19, 20, 21, 22, 23, 33, 36, 37, 38, 39, 40, 46, 47, 48, 49, 52, 53, 54, 56, 58, 60, 63, 72, 73, 28, 29, 6, 12, 13, 16, 71, 70, 89, 90, 91) order by `is_sort` asc

2021-03-26 11:59:22: select * from `users` where `id` = 1 limit 1

2021-03-26 11:59:22: select * from `users` where `id` = 1 limit 1

2021-03-26 11:59:22: select * from `users` where `id` = 1 limit 1

2021-03-26 11:59:22: select * from `users` where `id` = 1 limit 1

2021-03-26 11:59:22: select * from `users` where `id` = 1 limit 1

2021-03-26 11:59:22: select `roles`.*, `user_link_role`.`user_id` as `pivot_user_id`, `user_link_role`.`role_id` as `pivot_role_id` from `roles` inner join `user_link_role` on `roles`.`id` = `user_link_role`.`role_id` where `user_link_role`.`user_id` in (1)

2021-03-26 11:59:22: select * from `users` where `id` = 1 limit 1

2021-03-26 11:59:22: select * from `roles` where `id` = 1 limit 1

2021-03-26 11:59:22: select `hooks`.*, `role_link_hook`.`role_id` as `pivot_role_id`, `role_link_hook`.`hook_id` as `pivot_hook_id` from `hooks` inner join `role_link_hook` on `hooks`.`id` = `role_link_hook`.`hook_id` where `role_link_hook`.`role_id` in (1)

2021-03-26 11:59:22: select `roles`.*, `user_link_role`.`user_id` as `pivot_user_id`, `user_link_role`.`role_id` as `pivot_role_id` from `roles` inner join `user_link_role` on `roles`.`id` = `user_link_role`.`role_id` where `user_link_role`.`user_id` in (1)

2021-03-26 11:59:22: select * from `config`

2021-03-26 11:59:22: select * from `roles` where `id` = 1 limit 1

2021-03-26 11:59:22: select `hooks`.*, `role_link_hook`.`role_id` as `pivot_role_id`, `role_link_hook`.`hook_id` as `pivot_hook_id` from `hooks` inner join `role_link_hook` on `hooks`.`id` = `role_link_hook`.`hook_id` where `role_link_hook`.`role_id` in (1)

2021-03-26 11:59:22: select * from `config`

2021-03-26 12:00:17: select * from `users` where `id` = 1 limit 1

2021-03-26 12:00:17: select * from `users` where `id` = 1 limit 1

2021-03-26 12:00:17: select * from `users` where `id` = 1 limit 1

2021-03-26 12:00:17: select `roles`.*, `user_link_role`.`user_id` as `pivot_user_id`, `user_link_role`.`role_id` as `pivot_role_id` from `roles` inner join `user_link_role` on `roles`.`id` = `user_link_role`.`role_id` where `user_link_role`.`user_id` in (1)

2021-03-26 12:00:17: select * from `roles` where `id` = 1 limit 1

2021-03-26 12:00:17: select `hooks`.*, `role_link_hook`.`role_id` as `pivot_role_id`, `role_link_hook`.`hook_id` as `pivot_hook_id` from `hooks` inner join `role_link_hook` on `hooks`.`id` = `role_link_hook`.`hook_id` where `role_link_hook`.`role_id` in (1)

2021-03-26 12:00:17: select * from `config`

2021-03-26 12:00:37: select * from `users` where `id` = 1 limit 1

2021-03-26 12:00:37: select * from `users` where `id` = 1 limit 1

2021-03-26 12:00:37: select * from `users` where `id` = 1 limit 1

2021-03-26 12:00:37: select `roles`.*, `user_link_role`.`user_id` as `pivot_user_id`, `user_link_role`.`role_id` as `pivot_role_id` from `roles` inner join `user_link_role` on `roles`.`id` = `user_link_role`.`role_id` where `user_link_role`.`user_id` in (1)

2021-03-26 12:00:37: select * from `roles` where `id` = 1 limit 1

2021-03-26 12:00:37: select `hooks`.*, `role_link_hook`.`role_id` as `pivot_role_id`, `role_link_hook`.`hook_id` as `pivot_hook_id` from `hooks` inner join `role_link_hook` on `hooks`.`id` = `role_link_hook`.`hook_id` where `role_link_hook`.`role_id` in (1)

2021-03-26 12:00:37: select * from `config`

2021-03-26 12:01:21: select * from `users` where `id` = 1 limit 1

2021-03-26 12:01:21: select * from `users` where `id` = 1 limit 1

2021-03-26 12:01:21: select * from `users` where `id` = 1 limit 1

2021-03-26 12:01:21: select `roles`.*, `user_link_role`.`user_id` as `pivot_user_id`, `user_link_role`.`role_id` as `pivot_role_id` from `roles` inner join `user_link_role` on `roles`.`id` = `user_link_role`.`role_id` where `user_link_role`.`user_id` in (1)

2021-03-26 12:01:21: select * from `roles` where `id` = 1 limit 1

2021-03-26 12:01:21: select `hooks`.*, `role_link_hook`.`role_id` as `pivot_role_id`, `role_link_hook`.`hook_id` as `pivot_hook_id` from `hooks` inner join `role_link_hook` on `hooks`.`id` = `role_link_hook`.`hook_id` where `role_link_hook`.`role_id` in (1)

2021-03-26 12:01:21: select * from `users` where `users`.`id` = 1 limit 1

2021-03-26 12:01:21: select `roles`.*, `user_link_role`.`user_id` as `pivot_user_id`, `user_link_role`.`role_id` as `pivot_role_id` from `roles` inner join `user_link_role` on `roles`.`id` = `user_link_role`.`role_id` where `user_link_role`.`user_id` = 1

2021-03-26 12:01:21: select * from `roles` where `id` in (1)

2021-03-26 12:01:21: select `menus`.*, `role_link_menu`.`role_id` as `pivot_role_id`, `role_link_menu`.`menu_id` as `pivot_menu_id`, `role_link_menu`.`commands` as `pivot_commands` from `menus` inner join `role_link_menu` on `menus`.`id` = `role_link_menu`.`menu_id` where `role_link_menu`.`role_id` = 1

2021-03-26 12:01:21: select * from `menus` where `id` in (7, 8, 10, 18, 19, 20, 21, 22, 23, 33, 36, 37, 38, 39, 40, 46, 47, 48, 49, 52, 53, 54, 56, 58, 60, 63, 72, 73, 28, 29, 6, 12, 13, 16, 71, 70, 89, 90, 91) and `is_type` = 0 order by `is_sort` asc

2021-03-26 12:01:21: select * from `menus` where `id` in (7, 8, 10, 18, 19, 20, 21, 22, 23, 33, 36, 37, 38, 39, 40, 46, 47, 48, 49, 52, 53, 54, 56, 58, 60, 63, 72, 73, 28, 29, 6, 12, 13, 16, 71, 70, 89, 90, 91) and `is_type` = 0 and `id` in (7, 8, 10, 18, 19, 20, 21, 22, 23, 33, 36, 37, 38, 39, 40, 46, 47, 48, 49, 52, 53, 54, 56, 58, 60, 63, 72, 73, 28, 29, 6, 12, 13, 16, 71, 70, 89, 90, 91) order by `is_sort` asc

2021-03-26 12:01:22: select * from `users` where `id` = 1 limit 1

2021-03-26 12:01:22: select * from `users` where `id` = 1 limit 1

2021-03-26 12:01:22: select * from `users` where `id` = 1 limit 1

2021-03-26 12:01:22: select `roles`.*, `user_link_role`.`user_id` as `pivot_user_id`, `user_link_role`.`role_id` as `pivot_role_id` from `roles` inner join `user_link_role` on `roles`.`id` = `user_link_role`.`role_id` where `user_link_role`.`user_id` in (1)

2021-03-26 12:01:22: select * from `roles` where `id` = 1 limit 1

2021-03-26 12:01:22: select `hooks`.*, `role_link_hook`.`role_id` as `pivot_role_id`, `role_link_hook`.`hook_id` as `pivot_hook_id` from `hooks` inner join `role_link_hook` on `hooks`.`id` = `role_link_hook`.`hook_id` where `role_link_hook`.`role_id` in (1)

2021-03-26 12:01:22: select * from `users` where `id` = 1 limit 1

2021-03-26 12:01:22: select * from `users` where `id` = 1 limit 1

2021-03-26 12:01:22: select * from `users` where `id` = 1 limit 1

2021-03-26 12:01:22: select * from `users` where `id` = 1 limit 1

2021-03-26 12:01:22: select `roles`.*, `user_link_role`.`user_id` as `pivot_user_id`, `user_link_role`.`role_id` as `pivot_role_id` from `roles` inner join `user_link_role` on `roles`.`id` = `user_link_role`.`role_id` where `user_link_role`.`user_id` in (1)

2021-03-26 12:01:22: select * from `roles` where `id` = 1 limit 1

2021-03-26 12:01:22: select * from `users` where `id` = 1 limit 1

2021-03-26 12:01:22: select * from `users` where `id` = 1 limit 1

2021-03-26 12:01:22: select `hooks`.*, `role_link_hook`.`role_id` as `pivot_role_id`, `role_link_hook`.`hook_id` as `pivot_hook_id` from `hooks` inner join `role_link_hook` on `hooks`.`id` = `role_link_hook`.`hook_id` where `role_link_hook`.`role_id` in (1)

2021-03-26 12:01:22: select `roles`.*, `user_link_role`.`user_id` as `pivot_user_id`, `user_link_role`.`role_id` as `pivot_role_id` from `roles` inner join `user_link_role` on `roles`.`id` = `user_link_role`.`role_id` where `user_link_role`.`user_id` in (1)

2021-03-26 12:01:22: select * from `config`

2021-03-26 12:01:22: select * from `roles` where `id` = 1 limit 1

2021-03-26 12:01:22: select `hooks`.*, `role_link_hook`.`role_id` as `pivot_role_id`, `role_link_hook`.`hook_id` as `pivot_hook_id` from `hooks` inner join `role_link_hook` on `hooks`.`id` = `role_link_hook`.`hook_id` where `role_link_hook`.`role_id` in (1)

2021-03-26 12:01:22: select * from `config`

2021-03-26 12:01:32: select * from `users` where `id` = 1 limit 1

2021-03-26 12:01:32: select * from `users` where `id` = 1 limit 1

2021-03-26 12:01:32: select * from `users` where `id` = 1 limit 1

2021-03-26 12:01:32: select `roles`.*, `user_link_role`.`user_id` as `pivot_user_id`, `user_link_role`.`role_id` as `pivot_role_id` from `roles` inner join `user_link_role` on `roles`.`id` = `user_link_role`.`role_id` where `user_link_role`.`user_id` in (1)

2021-03-26 12:01:32: select * from `roles` where `id` = 1 limit 1

2021-03-26 12:01:32: select `hooks`.*, `role_link_hook`.`role_id` as `pivot_role_id`, `role_link_hook`.`hook_id` as `pivot_hook_id` from `hooks` inner join `role_link_hook` on `hooks`.`id` = `role_link_hook`.`hook_id` where `role_link_hook`.`role_id` in (1)

2021-03-26 12:01:32: select * from `menus` where `url` = '/Admin/config/web_config' limit 1

2021-03-26 12:01:32: select * from `menus` where `id` = 6 limit 1

2021-03-26 12:01:32: select * from `users` where `id` = 1 limit 1

2021-03-26 12:01:32: select * from `users` where `id` = 1 limit 1

2021-03-26 12:01:32: select * from `users` where `id` = 1 limit 1

2021-03-26 12:01:32: select `roles`.*, `user_link_role`.`user_id` as `pivot_user_id`, `user_link_role`.`role_id` as `pivot_role_id` from `roles` inner join `user_link_role` on `roles`.`id` = `user_link_role`.`role_id` where `user_link_role`.`user_id` in (1)

2021-03-26 12:01:32: select * from `roles` where `id` = 1 limit 1

2021-03-26 12:01:32: select `hooks`.*, `role_link_hook`.`role_id` as `pivot_role_id`, `role_link_hook`.`hook_id` as `pivot_hook_id` from `hooks` inner join `role_link_hook` on `hooks`.`id` = `role_link_hook`.`hook_id` where `role_link_hook`.`role_id` in (1)

2021-03-26 12:01:32: select * from `config`

2021-03-26 12:01:38: select * from `users` where `id` = 1 limit 1

2021-03-26 12:01:38: select * from `users` where `id` = 1 limit 1

2021-03-26 12:01:38: select * from `users` where `id` = 1 limit 1

2021-03-26 12:01:38: select `roles`.*, `user_link_role`.`user_id` as `pivot_user_id`, `user_link_role`.`role_id` as `pivot_role_id` from `roles` inner join `user_link_role` on `roles`.`id` = `user_link_role`.`role_id` where `user_link_role`.`user_id` in (1)

2021-03-26 12:01:38: select * from `roles` where `id` = 1 limit 1

2021-03-26 12:01:38: select `hooks`.*, `role_link_hook`.`role_id` as `pivot_role_id`, `role_link_hook`.`hook_id` as `pivot_hook_id` from `hooks` inner join `role_link_hook` on `hooks`.`id` = `role_link_hook`.`hook_id` where `role_link_hook`.`role_id` in (1)

2021-03-26 12:01:38: select * from `config`

2021-03-26 12:01:38: update `config` set `val` = '书云展' where `name` = 'web_name'

2021-03-26 12:01:38: update `config` set `val` = 'https://ysz.gxxhsd.com:51515/' where `name` = 'web_url'

2021-03-26 12:01:38: update `config` set `val` = '云书展' where `name` = 'keywords'

2021-03-26 12:01:38: update `config` set `val` = '云书展' where `name` = 'description'

2021-03-26 12:01:38: update `config` set `val` = 'https://ysz.gxxhsd.com:51515//Uploads/2020_12_14/16079275529188.png' where `name` = 'logo'

2021-03-26 12:01:38: update `config` set `val` = '13877226155' where `name` = 'mobile'

2021-03-26 12:01:38: update `config` set `val` = '364825702@qq.com' where `name` = 'email'

2021-03-26 12:01:38: update `config` set `val` = 'icpxxxs' where `name` = 'icp'

2021-03-26 12:01:38: update `config` set `val` = '1' where `name` = 'web_status'

2021-03-26 12:01:38: update `config` set `val` = '0' where `name` = 'goods_verify'

2021-03-26 12:01:38: update `config` set `val` = '' where `name` = 'web_close_info'

2021-03-26 12:01:38: update `config` set `val` = '1000' where `name` = 'cash_rate'

2021-03-26 12:01:38: select * from `users` where `id` = 1 limit 1

2021-03-26 12:01:38: select * from `users` where `id` = 1 limit 1

2021-03-26 12:01:38: select * from `users` where `id` = 1 limit 1

2021-03-26 12:01:38: select `roles`.*, `user_link_role`.`user_id` as `pivot_user_id`, `user_link_role`.`role_id` as `pivot_role_id` from `roles` inner join `user_link_role` on `roles`.`id` = `user_link_role`.`role_id` where `user_link_role`.`user_id` in (1)

2021-03-26 12:01:38: select * from `roles` where `id` = 1 limit 1

2021-03-26 12:01:38: select `hooks`.*, `role_link_hook`.`role_id` as `pivot_role_id`, `role_link_hook`.`hook_id` as `pivot_hook_id` from `hooks` inner join `role_link_hook` on `hooks`.`id` = `role_link_hook`.`hook_id` where `role_link_hook`.`role_id` in (1)

2021-03-26 12:01:38: select * from `config`

2021-03-26 12:01:42: select * from `users` where `id` = 1 limit 1

2021-03-26 12:01:42: select * from `users` where `id` = 1 limit 1

2021-03-26 12:01:42: select * from `users` where `id` = 1 limit 1

2021-03-26 12:01:42: select `roles`.*, `user_link_role`.`user_id` as `pivot_user_id`, `user_link_role`.`role_id` as `pivot_role_id` from `roles` inner join `user_link_role` on `roles`.`id` = `user_link_role`.`role_id` where `user_link_role`.`user_id` in (1)

2021-03-26 12:01:42: select * from `roles` where `id` = 1 limit 1

2021-03-26 12:01:42: select `hooks`.*, `role_link_hook`.`role_id` as `pivot_role_id`, `role_link_hook`.`hook_id` as `pivot_hook_id` from `hooks` inner join `role_link_hook` on `hooks`.`id` = `role_link_hook`.`hook_id` where `role_link_hook`.`role_id` in (1)

2021-03-26 12:01:42: select * from `users` where `users`.`id` = 1 limit 1

2021-03-26 12:01:42: select `roles`.*, `user_link_role`.`user_id` as `pivot_user_id`, `user_link_role`.`role_id` as `pivot_role_id` from `roles` inner join `user_link_role` on `roles`.`id` = `user_link_role`.`role_id` where `user_link_role`.`user_id` = 1

2021-03-26 12:01:42: select * from `roles` where `id` in (1)

2021-03-26 12:01:42: select `menus`.*, `role_link_menu`.`role_id` as `pivot_role_id`, `role_link_menu`.`menu_id` as `pivot_menu_id`, `role_link_menu`.`commands` as `pivot_commands` from `menus` inner join `role_link_menu` on `menus`.`id` = `role_link_menu`.`menu_id` where `role_link_menu`.`role_id` = 1

2021-03-26 12:01:42: select * from `menus` where `id` in (7, 8, 10, 18, 19, 20, 21, 22, 23, 33, 36, 37, 38, 39, 40, 46, 47, 48, 49, 52, 53, 54, 56, 58, 60, 63, 72, 73, 28, 29, 6, 12, 13, 16, 71, 70, 89, 90, 91) and `is_type` = 0 order by `is_sort` asc

2021-03-26 12:01:42: select * from `menus` where `id` in (7, 8, 10, 18, 19, 20, 21, 22, 23, 33, 36, 37, 38, 39, 40, 46, 47, 48, 49, 52, 53, 54, 56, 58, 60, 63, 72, 73, 28, 29, 6, 12, 13, 16, 71, 70, 89, 90, 91) and `is_type` = 0 and `id` in (7, 8, 10, 18, 19, 20, 21, 22, 23, 33, 36, 37, 38, 39, 40, 46, 47, 48, 49, 52, 53, 54, 56, 58, 60, 63, 72, 73, 28, 29, 6, 12, 13, 16, 71, 70, 89, 90, 91) order by `is_sort` asc

2021-03-26 12:01:43: select * from `users` where `id` = 1 limit 1

2021-03-26 12:01:43: select * from `users` where `id` = 1 limit 1

2021-03-26 12:01:43: select * from `users` where `id` = 1 limit 1

2021-03-26 12:01:43: select `roles`.*, `user_link_role`.`user_id` as `pivot_user_id`, `user_link_role`.`role_id` as `pivot_role_id` from `roles` inner join `user_link_role` on `roles`.`id` = `user_link_role`.`role_id` where `user_link_role`.`user_id` in (1)

2021-03-26 12:01:43: select * from `roles` where `id` = 1 limit 1

2021-03-26 12:01:43: select `hooks`.*, `role_link_hook`.`role_id` as `pivot_role_id`, `role_link_hook`.`hook_id` as `pivot_hook_id` from `hooks` inner join `role_link_hook` on `hooks`.`id` = `role_link_hook`.`hook_id` where `role_link_hook`.`role_id` in (1)

2021-03-26 12:01:43: select * from `users` where `id` = 1 limit 1

2021-03-26 12:01:43: select * from `users` where `id` = 1 limit 1

2021-03-26 12:01:43: select * from `users` where `id` = 1 limit 1

2021-03-26 12:01:43: select `roles`.*, `user_link_role`.`user_id` as `pivot_user_id`, `user_link_role`.`role_id` as `pivot_role_id` from `roles` inner join `user_link_role` on `roles`.`id` = `user_link_role`.`role_id` where `user_link_role`.`user_id` in (1)

2021-03-26 12:01:43: select * from `roles` where `id` = 1 limit 1

2021-03-26 12:01:43: select `hooks`.*, `role_link_hook`.`role_id` as `pivot_role_id`, `role_link_hook`.`hook_id` as `pivot_hook_id` from `hooks` inner join `role_link_hook` on `hooks`.`id` = `role_link_hook`.`hook_id` where `role_link_hook`.`role_id` in (1)

2021-03-26 12:01:43: select * from `config`

2021-03-26 12:01:48: select * from `users` where `id` = 1 limit 1

2021-03-26 12:01:48: select * from `users` where `id` = 1 limit 1

2021-03-26 12:01:48: select * from `users` where `id` = 1 limit 1

2021-03-26 12:01:48: select `roles`.*, `user_link_role`.`user_id` as `pivot_user_id`, `user_link_role`.`role_id` as `pivot_role_id` from `roles` inner join `user_link_role` on `roles`.`id` = `user_link_role`.`role_id` where `user_link_role`.`user_id` in (1)

2021-03-26 12:01:48: select * from `roles` where `id` = 1 limit 1

2021-03-26 12:01:48: select `hooks`.*, `role_link_hook`.`role_id` as `pivot_role_id`, `role_link_hook`.`hook_id` as `pivot_hook_id` from `hooks` inner join `role_link_hook` on `hooks`.`id` = `role_link_hook`.`hook_id` where `role_link_hook`.`role_id` in (1)

2021-03-26 12:01:48: select * from `menus` where `url` = '/Admin/goods_brand/statistics' limit 1

2021-03-26 12:01:48: select * from `menus` where `id` = 72 limit 1

2021-03-26 12:01:48: select * from `users` where `id` = 1 limit 1

2021-03-26 12:01:48: select * from `users` where `id` = 1 limit 1

2021-03-26 12:01:48: select * from `users` where `id` = 1 limit 1

2021-03-26 12:01:48: select * from `users` where `id` = 1 limit 1

2021-03-26 12:01:48: select * from `users` where `id` = 1 limit 1

2021-03-26 12:01:48: select * from `users` where `id` = 1 limit 1

2021-03-26 12:01:48: select `roles`.*, `user_link_role`.`user_id` as `pivot_user_id`, `user_link_role`.`role_id` as `pivot_role_id` from `roles` inner join `user_link_role` on `roles`.`id` = `user_link_role`.`role_id` where `user_link_role`.`user_id` in (1)

2021-03-26 12:01:48: select * from `roles` where `id` = 1 limit 1

2021-03-26 12:01:48: select `roles`.*, `user_link_role`.`user_id` as `pivot_user_id`, `user_link_role`.`role_id` as `pivot_role_id` from `roles` inner join `user_link_role` on `roles`.`id` = `user_link_role`.`role_id` where `user_link_role`.`user_id` in (1)

2021-03-26 12:01:48: select `hooks`.*, `role_link_hook`.`role_id` as `pivot_role_id`, `role_link_hook`.`hook_id` as `pivot_hook_id` from `hooks` inner join `role_link_hook` on `hooks`.`id` = `role_link_hook`.`hook_id` where `role_link_hook`.`role_id` in (1)

2021-03-26 12:01:48: select * from `roles` where `id` = 1 limit 1

2021-03-26 12:01:48: select `hooks`.*, `role_link_hook`.`role_id` as `pivot_role_id`, `role_link_hook`.`hook_id` as `pivot_hook_id` from `hooks` inner join `role_link_hook` on `hooks`.`id` = `role_link_hook`.`hook_id` where `role_link_hook`.`role_id` in (1)

2021-03-26 12:01:48: select * from `config`

2021-03-26 12:01:48: select * from `config`

2021-03-26 12:02:18: select * from `users` where `id` = 1 limit 1

2021-03-26 12:02:18: select * from `users` where `id` = 1 limit 1

2021-03-26 12:02:18: select * from `users` where `id` = 1 limit 1

2021-03-26 12:02:18: select `roles`.*, `user_link_role`.`user_id` as `pivot_user_id`, `user_link_role`.`role_id` as `pivot_role_id` from `roles` inner join `user_link_role` on `roles`.`id` = `user_link_role`.`role_id` where `user_link_role`.`user_id` in (1)

2021-03-26 12:02:18: select * from `roles` where `id` = 1 limit 1

2021-03-26 12:02:18: select `hooks`.*, `role_link_hook`.`role_id` as `pivot_role_id`, `role_link_hook`.`hook_id` as `pivot_hook_id` from `hooks` inner join `role_link_hook` on `hooks`.`id` = `role_link_hook`.`hook_id` where `role_link_hook`.`role_id` in (1)

2021-03-26 12:02:18: select * from `menus` where `url` = '/Admin/config/web_config' limit 1

2021-03-26 12:02:18: select * from `menus` where `id` = 6 limit 1

2021-03-26 12:02:18: select * from `users` where `id` = 1 limit 1

2021-03-26 12:02:18: select * from `users` where `id` = 1 limit 1

2021-03-26 12:02:18: select * from `users` where `id` = 1 limit 1

2021-03-26 12:02:18: select `roles`.*, `user_link_role`.`user_id` as `pivot_user_id`, `user_link_role`.`role_id` as `pivot_role_id` from `roles` inner join `user_link_role` on `roles`.`id` = `user_link_role`.`role_id` where `user_link_role`.`user_id` in (1)

2021-03-26 12:02:18: select * from `roles` where `id` = 1 limit 1

2021-03-26 12:02:18: select `hooks`.*, `role_link_hook`.`role_id` as `pivot_role_id`, `role_link_hook`.`hook_id` as `pivot_hook_id` from `hooks` inner join `role_link_hook` on `hooks`.`id` = `role_link_hook`.`hook_id` where `role_link_hook`.`role_id` in (1)

2021-03-26 12:02:18: select * from `config`

2021-03-26 12:02:23: select * from `users` where `id` = 1 limit 1

2021-03-26 12:02:23: select * from `users` where `id` = 1 limit 1

2021-03-26 12:02:23: select * from `users` where `id` = 1 limit 1

2021-03-26 12:02:23: select `roles`.*, `user_link_role`.`user_id` as `pivot_user_id`, `user_link_role`.`role_id` as `pivot_role_id` from `roles` inner join `user_link_role` on `roles`.`id` = `user_link_role`.`role_id` where `user_link_role`.`user_id` in (1)

2021-03-26 12:02:23: select * from `roles` where `id` = 1 limit 1

2021-03-26 12:02:23: select `hooks`.*, `role_link_hook`.`role_id` as `pivot_role_id`, `role_link_hook`.`hook_id` as `pivot_hook_id` from `hooks` inner join `role_link_hook` on `hooks`.`id` = `role_link_hook`.`hook_id` where `role_link_hook`.`role_id` in (1)

2021-03-26 12:02:23: select * from `config`

2021-03-26 12:02:23: update `config` set `val` = '书云展' where `name` = 'web_name'

2021-03-26 12:02:23: update `config` set `val` = 'https://ysz.gxxhsd.com:51515/' where `name` = 'web_url'

2021-03-26 12:02:23: update `config` set `val` = '云书展' where `name` = 'keywords'

2021-03-26 12:02:23: update `config` set `val` = '云书展' where `name` = 'description'

2021-03-26 12:02:23: update `config` set `val` = 'https://ysz.gxxhsd.com:51515//Uploads/2020_12_14/16079275529188.png' where `name` = 'logo'

2021-03-26 12:02:23: update `config` set `val` = '13877226155' where `name` = 'mobile'

2021-03-26 12:02:23: update `config` set `val` = '364825702@qq.com' where `name` = 'email'

2021-03-26 12:02:23: update `config` set `val` = 'icpxxxs' where `name` = 'icp'

2021-03-26 12:02:23: update `config` set `val` = '1' where `name` = 'web_status'

2021-03-26 12:02:23: update `config` set `val` = '0' where `name` = 'goods_verify'

2021-03-26 12:02:23: update `config` set `val` = '' where `name` = 'web_close_info'

2021-03-26 12:02:23: update `config` set `val` = '1056' where `name` = 'cash_rate'

2021-03-26 12:02:23: select * from `users` where `id` = 1 limit 1

2021-03-26 12:02:23: select * from `users` where `id` = 1 limit 1

2021-03-26 12:02:23: select * from `users` where `id` = 1 limit 1

2021-03-26 12:02:23: select `roles`.*, `user_link_role`.`user_id` as `pivot_user_id`, `user_link_role`.`role_id` as `pivot_role_id` from `roles` inner join `user_link_role` on `roles`.`id` = `user_link_role`.`role_id` where `user_link_role`.`user_id` in (1)

2021-03-26 12:02:23: select * from `roles` where `id` = 1 limit 1

2021-03-26 12:02:23: select `hooks`.*, `role_link_hook`.`role_id` as `pivot_role_id`, `role_link_hook`.`hook_id` as `pivot_hook_id` from `hooks` inner join `role_link_hook` on `hooks`.`id` = `role_link_hook`.`hook_id` where `role_link_hook`.`role_id` in (1)

2021-03-26 12:02:23: select * from `config`

2021-03-26 12:02:26: select * from `users` where `id` = 1 limit 1

2021-03-26 12:02:26: select * from `users` where `id` = 1 limit 1

2021-03-26 12:02:26: select * from `users` where `id` = 1 limit 1

2021-03-26 12:02:26: select `roles`.*, `user_link_role`.`user_id` as `pivot_user_id`, `user_link_role`.`role_id` as `pivot_role_id` from `roles` inner join `user_link_role` on `roles`.`id` = `user_link_role`.`role_id` where `user_link_role`.`user_id` in (1)

2021-03-26 12:02:26: select * from `roles` where `id` = 1 limit 1

2021-03-26 12:02:26: select `hooks`.*, `role_link_hook`.`role_id` as `pivot_role_id`, `role_link_hook`.`hook_id` as `pivot_hook_id` from `hooks` inner join `role_link_hook` on `hooks`.`id` = `role_link_hook`.`hook_id` where `role_link_hook`.`role_id` in (1)

2021-03-26 12:02:26: select * from `menus` where `url` = '/Admin/goods_brand/statistics' limit 1

2021-03-26 12:02:26: select * from `menus` where `id` = 72 limit 1

2021-03-26 12:02:27: select * from `users` where `id` = 1 limit 1

2021-03-26 12:02:27: select * from `users` where `id` = 1 limit 1

2021-03-26 12:02:27: select * from `users` where `id` = 1 limit 1

2021-03-26 12:02:27: select `roles`.*, `user_link_role`.`user_id` as `pivot_user_id`, `user_link_role`.`role_id` as `pivot_role_id` from `roles` inner join `user_link_role` on `roles`.`id` = `user_link_role`.`role_id` where `user_link_role`.`user_id` in (1)

2021-03-26 12:02:27: select * from `roles` where `id` = 1 limit 1

2021-03-26 12:02:27: select `hooks`.*, `role_link_hook`.`role_id` as `pivot_role_id`, `role_link_hook`.`hook_id` as `pivot_hook_id` from `hooks` inner join `role_link_hook` on `hooks`.`id` = `role_link_hook`.`hook_id` where `role_link_hook`.`role_id` in (1)

2021-03-26 12:02:27: select * from `config`

2021-03-26 12:02:28: select * from `users` where `id` = 1 limit 1

2021-03-26 12:02:28: select * from `users` where `id` = 1 limit 1

2021-03-26 12:02:28: select * from `users` where `id` = 1 limit 1

2021-03-26 12:02:28: select `roles`.*, `user_link_role`.`user_id` as `pivot_user_id`, `user_link_role`.`role_id` as `pivot_role_id` from `roles` inner join `user_link_role` on `roles`.`id` = `user_link_role`.`role_id` where `user_link_role`.`user_id` in (1)

2021-03-26 12:02:28: select * from `roles` where `id` = 1 limit 1

2021-03-26 12:02:28: select `hooks`.*, `role_link_hook`.`role_id` as `pivot_role_id`, `role_link_hook`.`hook_id` as `pivot_hook_id` from `hooks` inner join `role_link_hook` on `hooks`.`id` = `role_link_hook`.`hook_id` where `role_link_hook`.`role_id` in (1)

2021-03-26 12:02:28: select * from `config`

