2021-04-06 16:06:52: select * from `users` where `id` = 1 limit 1

2021-04-06 16:06:53: select * from `users` where `id` = 1 limit 1

2021-04-06 16:06:53: select * from `adv_position` where `ap_isuse` = 1 and `ap_name` = 'PC_积分商城首页' limit 1

2021-04-06 16:06:53: select * from `integral_goods` where (`goods_status` = 1) order by `live_status` desc, `is_hot` desc, `id` desc limit 5

2021-04-06 16:06:53: select * from `integral_class`

2021-04-06 16:06:53: select * from `integral_goods` where (`cid` = 2 and `goods_status` = 1)

2021-04-06 16:07:33: select * from `users` limit 1

2021-04-06 16:07:33: select * from `address` limit 1

2021-04-06 16:07:33: select * from `adv` limit 1

2021-04-06 16:07:33: select * from `adv_position` limit 1

2021-04-06 16:07:33: select * from `agreement` limit 1

2021-04-06 16:07:33: select * from `area` limit 1

2021-04-06 16:07:33: select * from `attr_spec` limit 1

2021-04-06 16:07:33: select * from `cart` limit 1

2021-04-06 16:07:33: select * from `cash_log` limit 1

2021-04-06 16:07:33: select * from `chat_friend` limit 1

2021-04-06 16:07:33: select * from `chat_msg` limit 1

2021-04-06 16:07:33: select * from `commission_order` limit 1

2021-04-06 16:07:33: select * from `config` limit 1

2021-04-06 16:07:33: select * from `crontab_day` limit 1

2021-04-06 16:07:33: select * from `crontab_month` limit 1

2021-04-06 16:07:33: select * from `crontab_week` limit 1

2021-04-06 16:07:33: select * from `favorites` limit 1

2021-04-06 16:07:33: select * from `freight_template` limit 1

2021-04-06 16:07:33: select * from `goods` limit 1

2021-04-06 16:07:33: select * from `goods_brand` limit 1

2021-04-06 16:07:33: select * from `goods_class` limit 1

2021-04-06 16:07:33: select * from `goods_spec` limit 1

2021-04-06 16:07:33: select * from `groupbuy` limit 1

2021-04-06 16:07:33: select * from `groupbuy_user` limit 1

2021-04-06 16:07:33: select * from `hooks` limit 1

2021-04-06 16:07:33: select * from `integral_class` limit 1

2021-04-06 16:07:33: select * from `integral_goods` limit 1

2021-04-06 16:07:33: select * from `integral_order` limit 1

2021-04-06 16:07:33: select * from `integral_order_goods` limit 1

2021-04-06 16:07:33: select * from `menus` limit 1

2021-04-06 16:07:33: select * from `money_log` limit 1

2021-04-06 16:07:33: select * from `orders` limit 1

2021-04-06 16:07:33: select * from `order_goods` limit 1

2021-04-06 16:07:34: select * from `role_link_hook` limit 1

2021-04-06 16:07:34: select * from `role_link_menu` limit 1

2021-04-06 16:07:34: select * from `roles` limit 1

2021-04-06 16:07:34: select * from `seckill` limit 1

2021-04-06 16:07:34: select * from `seckill_goods` limit 1

2021-04-06 16:07:34: select * from `shopping` limit 1

2021-04-06 16:07:34: select * from `sms_log` limit 1

2021-04-06 16:07:34: select * from `store` limit 1

2021-04-06 16:07:34: select * from `store_adv` limit 1

2021-04-06 16:07:34: select * from `store_class` limit 1

2021-04-06 16:07:34: select * from `store_comment` limit 1

2021-04-06 16:07:34: select * from `store_goods_class` limit 1

2021-04-06 16:07:34: select * from `Store_User` limit 1

2021-04-06 16:07:34: select * from `user_check` limit 1

2021-04-06 16:07:34: select * from `user_link_role` limit 1

2021-04-06 16:07:34: select * from `users` limit 1

2021-04-06 16:07:34: select * from `vip_phone` limit 1

2021-04-06 16:07:34: select * from `wechat_users` limit 1

