2021-11-12 20:33:09: select * from `users` where `id` = 1 limit 1

2021-11-12 20:33:09: select * from `users` where `id` = 1 limit 1

2021-11-12 20:33:09: select * from `adv_position` where `ap_isuse` = 1 and `ap_name` = 'PC_积分商城首页' limit 1

2021-11-12 20:33:09: select * from `integral_goods` where (`goods_status` = 1) order by `live_status` desc, `is_hot` desc, `id` desc limit 5

2021-11-12 20:33:09: select * from `integral_class`

2021-11-12 20:33:09: select * from `integral_goods` where (`cid` = 2 and `goods_status` = 1)

2021-11-12 20:33:16: select * from `users` where `id` = 1 limit 1

2021-11-12 20:33:16: select * from `users` where `id` = 1 limit 1

2021-11-12 20:33:16: select * from `users` where `id` = 1 limit 1

2021-11-12 20:33:16: select `roles`.*, `user_link_role`.`user_id` as `pivot_user_id`, `user_link_role`.`role_id` as `pivot_role_id` from `roles` inner join `user_link_role` on `roles`.`id` = `user_link_role`.`role_id` where `user_link_role`.`user_id` in (1)

2021-11-12 20:33:16: select * from `roles` where `id` = 1 limit 1

2021-11-12 20:33:16: select `hooks`.*, `role_link_hook`.`role_id` as `pivot_role_id`, `role_link_hook`.`hook_id` as `pivot_hook_id` from `hooks` inner join `role_link_hook` on `hooks`.`id` = `role_link_hook`.`hook_id` where `role_link_hook`.`role_id` in (1)

2021-11-12 20:33:17: select * from `users` where `id` = 1 limit 1

2021-11-12 20:33:17: select * from `users` where `id` = 1 limit 1

2021-11-12 20:33:17: select * from `users` where `id` = 1 limit 1

2021-11-12 20:33:17: select `roles`.*, `user_link_role`.`user_id` as `pivot_user_id`, `user_link_role`.`role_id` as `pivot_role_id` from `roles` inner join `user_link_role` on `roles`.`id` = `user_link_role`.`role_id` where `user_link_role`.`user_id` in (1)

2021-11-12 20:33:17: select * from `roles` where `id` = 1 limit 1

2021-11-12 20:33:17: select `hooks`.*, `role_link_hook`.`role_id` as `pivot_role_id`, `role_link_hook`.`hook_id` as `pivot_hook_id` from `hooks` inner join `role_link_hook` on `hooks`.`id` = `role_link_hook`.`hook_id` where `role_link_hook`.`role_id` in (1)

2021-11-12 20:33:17: select * from `users` where `users`.`id` = 1 limit 1

2021-11-12 20:33:17: select `roles`.*, `user_link_role`.`user_id` as `pivot_user_id`, `user_link_role`.`role_id` as `pivot_role_id` from `roles` inner join `user_link_role` on `roles`.`id` = `user_link_role`.`role_id` where `user_link_role`.`user_id` = 1

2021-11-12 20:33:17: select * from `roles` where `id` in (1)

2021-11-12 20:33:17: select `menus`.*, `role_link_menu`.`role_id` as `pivot_role_id`, `role_link_menu`.`menu_id` as `pivot_menu_id`, `role_link_menu`.`commands` as `pivot_commands` from `menus` inner join `role_link_menu` on `menus`.`id` = `role_link_menu`.`menu_id` where `role_link_menu`.`role_id` = 1

2021-11-12 20:33:17: select * from `menus` where `id` in (7, 8, 10, 18, 19, 20, 21, 22, 23, 33, 36, 37, 38, 39, 40, 46, 47, 48, 49, 52, 53, 54, 56, 58, 60, 63, 72, 73, 28, 29, 6, 12, 13, 16, 71, 70, 89, 90, 91) and `is_type` = 0 order by `is_sort` asc

2021-11-12 20:33:17: select * from `menus` where `id` in (7, 8, 10, 18, 19, 20, 21, 22, 23, 33, 36, 37, 38, 39, 40, 46, 47, 48, 49, 52, 53, 54, 56, 58, 60, 63, 72, 73, 28, 29, 6, 12, 13, 16, 71, 70, 89, 90, 91) and `is_type` = 0 and `id` in (7, 8, 10, 18, 19, 20, 21, 22, 23, 33, 36, 37, 38, 39, 40, 46, 47, 48, 49, 52, 53, 54, 56, 58, 60, 63, 72, 73, 28, 29, 6, 12, 13, 16, 71, 70, 89, 90, 91) order by `is_sort` asc

2021-11-12 20:33:21: select * from `users` where `id` = 1 limit 1

2021-11-12 20:33:21: select * from `users` where `id` = 1 limit 1

2021-11-12 20:33:21: select * from `users` where `id` = 1 limit 1

2021-11-12 20:33:21: select `roles`.*, `user_link_role`.`user_id` as `pivot_user_id`, `user_link_role`.`role_id` as `pivot_role_id` from `roles` inner join `user_link_role` on `roles`.`id` = `user_link_role`.`role_id` where `user_link_role`.`user_id` in (1)

2021-11-12 20:33:21: select * from `roles` where `id` = 1 limit 1

2021-11-12 20:33:21: select `hooks`.*, `role_link_hook`.`role_id` as `pivot_role_id`, `role_link_hook`.`hook_id` as `pivot_hook_id` from `hooks` inner join `role_link_hook` on `hooks`.`id` = `role_link_hook`.`hook_id` where `role_link_hook`.`role_id` in (1)

2021-11-12 20:33:21: select * from `menus` where `url` = '/Admin/goods_class/index' limit 1

2021-11-12 20:33:21: select * from `menus` where `id` = 18 limit 1

2021-11-12 20:33:22: select * from `users` where `id` = 1 limit 1

2021-11-12 20:33:22: select * from `users` where `id` = 1 limit 1

2021-11-12 20:33:22: select * from `users` where `id` = 1 limit 1

2021-11-12 20:33:22: select `roles`.*, `user_link_role`.`user_id` as `pivot_user_id`, `user_link_role`.`role_id` as `pivot_role_id` from `roles` inner join `user_link_role` on `roles`.`id` = `user_link_role`.`role_id` where `user_link_role`.`user_id` in (1)

2021-11-12 20:33:22: select * from `roles` where `id` = 1 limit 1

2021-11-12 20:33:22: select `hooks`.*, `role_link_hook`.`role_id` as `pivot_role_id`, `role_link_hook`.`hook_id` as `pivot_hook_id` from `hooks` inner join `role_link_hook` on `hooks`.`id` = `role_link_hook`.`hook_id` where `role_link_hook`.`role_id` in (1)

2021-11-12 20:33:22: select * from `menus` where `url` = '/Admin/goods/index' limit 1

2021-11-12 20:33:22: select * from `menus` where `id` = 18 limit 1

2021-11-12 20:33:22: select * from `users` where `id` = 1 limit 1

2021-11-12 20:33:22: select * from `users` where `id` = 1 limit 1

2021-11-12 20:33:22: select * from `users` where `id` = 1 limit 1

2021-11-12 20:33:22: select `roles`.*, `user_link_role`.`user_id` as `pivot_user_id`, `user_link_role`.`role_id` as `pivot_role_id` from `roles` inner join `user_link_role` on `roles`.`id` = `user_link_role`.`role_id` where `user_link_role`.`user_id` in (1)

2021-11-12 20:33:22: select * from `roles` where `id` = 1 limit 1

2021-11-12 20:33:22: select * from `users` where `id` = 1 limit 1

2021-11-12 20:33:22: select `hooks`.*, `role_link_hook`.`role_id` as `pivot_role_id`, `role_link_hook`.`hook_id` as `pivot_hook_id` from `hooks` inner join `role_link_hook` on `hooks`.`id` = `role_link_hook`.`hook_id` where `role_link_hook`.`role_id` in (1)

2021-11-12 20:33:22: select * from `users` where `id` = 1 limit 1

2021-11-12 20:33:22: select * from `users` where `id` = 1 limit 1

2021-11-12 20:33:22: select * from `goods_class` order by `is_sort` asc

2021-11-12 20:33:22: select `roles`.*, `user_link_role`.`user_id` as `pivot_user_id`, `user_link_role`.`role_id` as `pivot_role_id` from `roles` inner join `user_link_role` on `roles`.`id` = `user_link_role`.`role_id` where `user_link_role`.`user_id` in (1)

2021-11-12 20:33:22: select * from `roles` where `id` = 1 limit 1

2021-11-12 20:33:22: select `hooks`.*, `role_link_hook`.`role_id` as `pivot_role_id`, `role_link_hook`.`hook_id` as `pivot_hook_id` from `hooks` inner join `role_link_hook` on `hooks`.`id` = `role_link_hook`.`hook_id` where `role_link_hook`.`role_id` in (1)

2021-11-12 20:33:22: select count(*) as aggregate from `goods`

2021-11-12 20:33:22: select * from `goods` order by `id` desc limit 20 offset 0

2021-11-12 20:33:22: select * from `goods_spec` where `goods_spec`.`goods_id` in (44138, 44139, 44140, 44141, 44142, 44143, 44144, 44145, 44146, 44147, 44148, 44149, 44150, 44151, 44152, 44153, 44154, 44155, 44156, 44157)

2021-11-12 20:33:23: select * from `users` where `id` = 1 limit 1

2021-11-12 20:33:23: select * from `users` where `id` = 1 limit 1

2021-11-12 20:33:23: select * from `users` where `id` = 1 limit 1

2021-11-12 20:33:23: select * from `users` where `id` = 1 limit 1

2021-11-12 20:33:23: select * from `users` where `id` = 1 limit 1

2021-11-12 20:33:23: select * from `users` where `id` = 1 limit 1

2021-11-12 20:33:23: select `roles`.*, `user_link_role`.`user_id` as `pivot_user_id`, `user_link_role`.`role_id` as `pivot_role_id` from `roles` inner join `user_link_role` on `roles`.`id` = `user_link_role`.`role_id` where `user_link_role`.`user_id` in (1)

2021-11-12 20:33:23: select `roles`.*, `user_link_role`.`user_id` as `pivot_user_id`, `user_link_role`.`role_id` as `pivot_role_id` from `roles` inner join `user_link_role` on `roles`.`id` = `user_link_role`.`role_id` where `user_link_role`.`user_id` in (1)

2021-11-12 20:33:23: select * from `roles` where `id` = 1 limit 1

2021-11-12 20:33:23: select `hooks`.*, `role_link_hook`.`role_id` as `pivot_role_id`, `role_link_hook`.`hook_id` as `pivot_hook_id` from `hooks` inner join `role_link_hook` on `hooks`.`id` = `role_link_hook`.`hook_id` where `role_link_hook`.`role_id` in (1)

2021-11-12 20:33:23: select `hooks`.*, `role_link_hook`.`role_id` as `pivot_role_id`, `role_link_hook`.`hook_id` as `pivot_hook_id` from `hooks` inner join `role_link_hook` on `hooks`.`id` = `role_link_hook`.`hook_id` where `role_link_hook`.`role_id` in (1)

2021-11-12 20:33:23: select * from `menus` where `url` = '/Admin/attr_spec/index' limit 1

2021-11-12 20:33:23: select * from `menus` where `id` = 18 limit 1

2021-11-12 20:33:23: select * from `users` where `id` = 1 limit 1

2021-11-12 20:33:23: select * from `users` where `id` = 1 limit 1

2021-11-12 20:33:23: select * from `users` where `id` = 1 limit 1

2021-11-12 20:33:23: select `roles`.*, `user_link_role`.`user_id` as `pivot_user_id`, `user_link_role`.`role_id` as `pivot_role_id` from `roles` inner join `user_link_role` on `roles`.`id` = `user_link_role`.`role_id` where `user_link_role`.`user_id` in (1)

2021-11-12 20:33:23: select * from `roles` where `id` = 1 limit 1

2021-11-12 20:33:23: select `hooks`.*, `role_link_hook`.`role_id` as `pivot_role_id`, `role_link_hook`.`hook_id` as `pivot_hook_id` from `hooks` inner join `role_link_hook` on `hooks`.`id` = `role_link_hook`.`hook_id` where `role_link_hook`.`role_id` in (1)

2021-11-12 20:33:23: select count(*) as aggregate from `goods` where `goods_verify` = 2

2021-11-12 20:33:23: select count(*) as aggregate from `attr_spec` where `user_id` = 1

2021-11-12 20:33:23: select * from `attr_spec` where `user_id` = 1 order by `is_hot` desc, `id` desc limit 20 offset 0

2021-11-12 20:33:23: select * from `users` where `id` = 1 limit 1

2021-11-12 20:33:23: select * from `users` where `id` = 1 limit 1

2021-11-12 20:33:23: select * from `users` where `id` = 1 limit 1

2021-11-12 20:33:23: select `roles`.*, `user_link_role`.`user_id` as `pivot_user_id`, `user_link_role`.`role_id` as `pivot_role_id` from `roles` inner join `user_link_role` on `roles`.`id` = `user_link_role`.`role_id` where `user_link_role`.`user_id` in (1)

2021-11-12 20:33:23: select * from `roles` where `id` = 1 limit 1

2021-11-12 20:33:23: select `hooks`.*, `role_link_hook`.`role_id` as `pivot_role_id`, `role_link_hook`.`hook_id` as `pivot_hook_id` from `hooks` inner join `role_link_hook` on `hooks`.`id` = `role_link_hook`.`hook_id` where `role_link_hook`.`role_id` in (1)

2021-11-12 20:33:23: select * from `menus` where `url` = '/Admin/goods/uploadings' limit 1

2021-11-12 20:33:23: select * from `menus` where `id` = 18 limit 1

2021-11-12 20:33:23: select * from `users` where `id` = 1 limit 1

2021-11-12 20:33:23: select * from `users` where `id` = 1 limit 1

2021-11-12 20:33:23: select * from `users` where `id` = 1 limit 1

2021-11-12 20:33:23: select `roles`.*, `user_link_role`.`user_id` as `pivot_user_id`, `user_link_role`.`role_id` as `pivot_role_id` from `roles` inner join `user_link_role` on `roles`.`id` = `user_link_role`.`role_id` where `user_link_role`.`user_id` in (1)

2021-11-12 20:33:23: select * from `roles` where `id` = 1 limit 1

2021-11-12 20:33:23: select `hooks`.*, `role_link_hook`.`role_id` as `pivot_role_id`, `role_link_hook`.`hook_id` as `pivot_hook_id` from `hooks` inner join `role_link_hook` on `hooks`.`id` = `role_link_hook`.`hook_id` where `role_link_hook`.`role_id` in (1)

2021-11-12 20:33:25: select * from `users` where `id` = 1 limit 1

2021-11-12 20:33:25: select * from `users` where `id` = 1 limit 1

2021-11-12 20:33:25: select * from `users` where `id` = 1 limit 1

2021-11-12 20:33:25: select `roles`.*, `user_link_role`.`user_id` as `pivot_user_id`, `user_link_role`.`role_id` as `pivot_role_id` from `roles` inner join `user_link_role` on `roles`.`id` = `user_link_role`.`role_id` where `user_link_role`.`user_id` in (1)

2021-11-12 20:33:25: select * from `roles` where `id` = 1 limit 1

2021-11-12 20:33:25: select `hooks`.*, `role_link_hook`.`role_id` as `pivot_role_id`, `role_link_hook`.`hook_id` as `pivot_hook_id` from `hooks` inner join `role_link_hook` on `hooks`.`id` = `role_link_hook`.`hook_id` where `role_link_hook`.`role_id` in (1)

2021-11-12 20:33:25: select * from `menus` where `url` = '/Admin/seckill/index' limit 1

2021-11-12 20:33:25: select * from `menus` where `id` = 73 limit 1

2021-11-12 20:33:25: select * from `users` where `id` = 1 limit 1

2021-11-12 20:33:25: select * from `users` where `id` = 1 limit 1

2021-11-12 20:33:25: select * from `users` where `id` = 1 limit 1

2021-11-12 20:33:25: select `roles`.*, `user_link_role`.`user_id` as `pivot_user_id`, `user_link_role`.`role_id` as `pivot_role_id` from `roles` inner join `user_link_role` on `roles`.`id` = `user_link_role`.`role_id` where `user_link_role`.`user_id` in (1)

2021-11-12 20:33:25: select * from `roles` where `id` = 1 limit 1

2021-11-12 20:33:25: select `hooks`.*, `role_link_hook`.`role_id` as `pivot_role_id`, `role_link_hook`.`hook_id` as `pivot_hook_id` from `hooks` inner join `role_link_hook` on `hooks`.`id` = `role_link_hook`.`hook_id` where `role_link_hook`.`role_id` in (1)

2021-11-12 20:33:25: select count(*) as aggregate from `seckill`

2021-11-12 20:33:25: select * from `seckill` order by `id` desc limit 20 offset 0

2021-11-12 20:33:26: select * from `users` where `id` = 1 limit 1

2021-11-12 20:33:26: select * from `users` where `id` = 1 limit 1

2021-11-12 20:33:26: select * from `users` where `id` = 1 limit 1

2021-11-12 20:33:26: select `roles`.*, `user_link_role`.`user_id` as `pivot_user_id`, `user_link_role`.`role_id` as `pivot_role_id` from `roles` inner join `user_link_role` on `roles`.`id` = `user_link_role`.`role_id` where `user_link_role`.`user_id` in (1)

2021-11-12 20:33:26: select * from `roles` where `id` = 1 limit 1

2021-11-12 20:33:26: select `hooks`.*, `role_link_hook`.`role_id` as `pivot_role_id`, `role_link_hook`.`hook_id` as `pivot_hook_id` from `hooks` inner join `role_link_hook` on `hooks`.`id` = `role_link_hook`.`hook_id` where `role_link_hook`.`role_id` in (1)

2021-11-12 20:33:26: select * from `menus` where `url` = '/Admin/goods_brand/statistics' limit 1

2021-11-12 20:33:26: select * from `menus` where `id` = 72 limit 1

2021-11-12 20:33:26: select * from `users` where `id` = 1 limit 1

2021-11-12 20:33:26: select * from `users` where `id` = 1 limit 1

2021-11-12 20:33:26: select * from `users` where `id` = 1 limit 1

2021-11-12 20:33:26: select * from `users` where `id` = 1 limit 1

2021-11-12 20:33:26: select * from `users` where `id` = 1 limit 1

2021-11-12 20:33:26: select `roles`.*, `user_link_role`.`user_id` as `pivot_user_id`, `user_link_role`.`role_id` as `pivot_role_id` from `roles` inner join `user_link_role` on `roles`.`id` = `user_link_role`.`role_id` where `user_link_role`.`user_id` in (1)

2021-11-12 20:33:26: select * from `users` where `id` = 1 limit 1

2021-11-12 20:33:26: select * from `roles` where `id` = 1 limit 1

2021-11-12 20:33:26: select `hooks`.*, `role_link_hook`.`role_id` as `pivot_role_id`, `role_link_hook`.`hook_id` as `pivot_hook_id` from `hooks` inner join `role_link_hook` on `hooks`.`id` = `role_link_hook`.`hook_id` where `role_link_hook`.`role_id` in (1)

2021-11-12 20:33:26: select `roles`.*, `user_link_role`.`user_id` as `pivot_user_id`, `user_link_role`.`role_id` as `pivot_role_id` from `roles` inner join `user_link_role` on `roles`.`id` = `user_link_role`.`role_id` where `user_link_role`.`user_id` in (1)

2021-11-12 20:33:26: select * from `roles` where `id` = 1 limit 1

2021-11-12 20:33:26: select `hooks`.*, `role_link_hook`.`role_id` as `pivot_role_id`, `role_link_hook`.`hook_id` as `pivot_hook_id` from `hooks` inner join `role_link_hook` on `hooks`.`id` = `role_link_hook`.`hook_id` where `role_link_hook`.`role_id` in (1)

2021-11-12 20:33:26: select * from `config`

2021-11-12 20:33:26: select * from `config`

2021-11-12 20:37:02: select * from `users` where `id` = 1 limit 1

2021-11-12 20:37:02: select * from `users` where `id` = 1 limit 1

2021-11-12 20:37:02: select * from `users` where `id` = 1 limit 1

2021-11-12 20:37:02: select `roles`.*, `user_link_role`.`user_id` as `pivot_user_id`, `user_link_role`.`role_id` as `pivot_role_id` from `roles` inner join `user_link_role` on `roles`.`id` = `user_link_role`.`role_id` where `user_link_role`.`user_id` in (1)

2021-11-12 20:37:02: select * from `roles` where `id` = 1 limit 1

2021-11-12 20:37:02: select `hooks`.*, `role_link_hook`.`role_id` as `pivot_role_id`, `role_link_hook`.`hook_id` as `pivot_hook_id` from `hooks` inner join `role_link_hook` on `hooks`.`id` = `role_link_hook`.`hook_id` where `role_link_hook`.`role_id` in (1)

2021-11-12 20:37:02: select * from `users` where `users`.`id` = 1 limit 1

2021-11-12 20:37:02: select `roles`.*, `user_link_role`.`user_id` as `pivot_user_id`, `user_link_role`.`role_id` as `pivot_role_id` from `roles` inner join `user_link_role` on `roles`.`id` = `user_link_role`.`role_id` where `user_link_role`.`user_id` = 1

2021-11-12 20:37:02: select * from `roles` where `id` in (1)

2021-11-12 20:37:02: select `menus`.*, `role_link_menu`.`role_id` as `pivot_role_id`, `role_link_menu`.`menu_id` as `pivot_menu_id`, `role_link_menu`.`commands` as `pivot_commands` from `menus` inner join `role_link_menu` on `menus`.`id` = `role_link_menu`.`menu_id` where `role_link_menu`.`role_id` = 1

2021-11-12 20:37:02: select * from `menus` where `id` in (7, 8, 10, 18, 19, 20, 21, 22, 23, 33, 36, 37, 38, 39, 40, 46, 47, 48, 49, 52, 53, 54, 56, 58, 60, 63, 72, 73, 28, 29, 6, 12, 13, 16, 71, 70, 89, 90, 91) and `is_type` = 0 order by `is_sort` asc

2021-11-12 20:37:02: select * from `menus` where `id` in (7, 8, 10, 18, 19, 20, 21, 22, 23, 33, 36, 37, 38, 39, 40, 46, 47, 48, 49, 52, 53, 54, 56, 58, 60, 63, 72, 73, 28, 29, 6, 12, 13, 16, 71, 70, 89, 90, 91) and `is_type` = 0 and `id` in (7, 8, 10, 18, 19, 20, 21, 22, 23, 33, 36, 37, 38, 39, 40, 46, 47, 48, 49, 52, 53, 54, 56, 58, 60, 63, 72, 73, 28, 29, 6, 12, 13, 16, 71, 70, 89, 90, 91) order by `is_sort` asc

2021-11-12 20:37:03: select * from `users` where `id` = 1 limit 1

2021-11-12 20:37:03: select * from `users` where `id` = 1 limit 1

2021-11-12 20:37:03: select * from `users` where `id` = 1 limit 1

2021-11-12 20:37:03: select `roles`.*, `user_link_role`.`user_id` as `pivot_user_id`, `user_link_role`.`role_id` as `pivot_role_id` from `roles` inner join `user_link_role` on `roles`.`id` = `user_link_role`.`role_id` where `user_link_role`.`user_id` in (1)

2021-11-12 20:37:03: select * from `roles` where `id` = 1 limit 1

2021-11-12 20:37:03: select `hooks`.*, `role_link_hook`.`role_id` as `pivot_role_id`, `role_link_hook`.`hook_id` as `pivot_hook_id` from `hooks` inner join `role_link_hook` on `hooks`.`id` = `role_link_hook`.`hook_id` where `role_link_hook`.`role_id` in (1)

2021-11-12 20:37:03: select * from `users` where `id` = 1 limit 1

2021-11-12 20:37:03: select * from `users` where `id` = 1 limit 1

2021-11-12 20:37:03: select * from `users` where `id` = 1 limit 1

2021-11-12 20:37:03: select `roles`.*, `user_link_role`.`user_id` as `pivot_user_id`, `user_link_role`.`role_id` as `pivot_role_id` from `roles` inner join `user_link_role` on `roles`.`id` = `user_link_role`.`role_id` where `user_link_role`.`user_id` in (1)

2021-11-12 20:37:03: select * from `roles` where `id` = 1 limit 1

2021-11-12 20:37:03: select `hooks`.*, `role_link_hook`.`role_id` as `pivot_role_id`, `role_link_hook`.`hook_id` as `pivot_hook_id` from `hooks` inner join `role_link_hook` on `hooks`.`id` = `role_link_hook`.`hook_id` where `role_link_hook`.`role_id` in (1)

2021-11-12 20:37:03: select sum(`total_price`) as aggregate from `orders`

2021-11-12 20:37:03: select sum(`total_price`) as aggregate from `orders` where `pay_time` > 1636646400 and `pay_time` < 1636732799

2021-11-12 20:37:03: select count(*) as aggregate from `orders` where (`pay_status` = 0 and `order_status` < 2 and `refund_status` = 0)

2021-11-12 20:37:03: select count(*) as aggregate from `orders` where (`pay_status` = 1 and `delivery_status` = 0 and `refund_status` = 0)

2021-11-12 20:37:03: select count(*) as aggregate from `orders` where (`pay_status` = 1 and `delivery_status` = 1 and `comment_status` = 1 and `order_status` = 1 and `refund_status` = 0)

2021-11-12 20:37:03: select `users`, `format_time` from `crontab_day` where `format_time` in ('2021-11-07', '2021-11-08', '2021-11-09', '2021-11-10', '2021-11-11', '2021-11-12', '2021-11-13') group by `format_time` order by `id` asc

2021-11-12 20:37:03: select `users`, `format_time` from `crontab_day` where `format_time` in ('2021-11-01', '2021-11-02', '2021-11-03', '2021-11-04', '2021-11-05', '2021-11-06', '2021-11-07') group by `format_time` order by `id` asc

2021-11-12 20:37:03: select `price`, `format_time` from `crontab_month` where `format_time` in ('2021-01-01', '2021-02-01', '2021-03-01', '2021-04-01', '2021-05-01', '2021-06-01', '2021-07-01', '2021-08-01', '2021-09-01', '2021-10-01', '2021-11-01', '2021-12-01') group by `format_time` order by `id` asc

2021-11-12 20:37:03: select (select sum(price) from crontab_day as B where B.user_id = crontab_day.user_id) as sum_total,crontab_day.user_id from `crontab_day` group by `user_id` order by `sum_total` desc limit 6

2021-11-12 20:37:03: select * from `store` where `user_id` = 1 limit 1

2021-11-12 20:37:07: select * from `users` where `id` = 1 limit 1

2021-11-12 20:37:07: select * from `users` where `id` = 1 limit 1

2021-11-12 20:37:07: select * from `users` where `id` = 1 limit 1

2021-11-12 20:37:07: select `roles`.*, `user_link_role`.`user_id` as `pivot_user_id`, `user_link_role`.`role_id` as `pivot_role_id` from `roles` inner join `user_link_role` on `roles`.`id` = `user_link_role`.`role_id` where `user_link_role`.`user_id` in (1)

2021-11-12 20:37:07: select * from `roles` where `id` = 1 limit 1

2021-11-12 20:37:07: select `hooks`.*, `role_link_hook`.`role_id` as `pivot_role_id`, `role_link_hook`.`hook_id` as `pivot_hook_id` from `hooks` inner join `role_link_hook` on `hooks`.`id` = `role_link_hook`.`hook_id` where `role_link_hook`.`role_id` in (1)

2021-11-12 20:37:07: select * from `menus` where `url` = '/Admin/goods_brand/statistics' limit 1

2021-11-12 20:37:07: select * from `menus` where `id` = 72 limit 1

2021-11-12 20:37:07: select * from `users` where `id` = 1 limit 1

2021-11-12 20:37:07: select * from `users` where `id` = 1 limit 1

2021-11-12 20:37:07: select * from `users` where `id` = 1 limit 1

2021-11-12 20:37:07: select `roles`.*, `user_link_role`.`user_id` as `pivot_user_id`, `user_link_role`.`role_id` as `pivot_role_id` from `roles` inner join `user_link_role` on `roles`.`id` = `user_link_role`.`role_id` where `user_link_role`.`user_id` in (1)

2021-11-12 20:37:07: select * from `roles` where `id` = 1 limit 1

2021-11-12 20:37:07: select `hooks`.*, `role_link_hook`.`role_id` as `pivot_role_id`, `role_link_hook`.`hook_id` as `pivot_hook_id` from `hooks` inner join `role_link_hook` on `hooks`.`id` = `role_link_hook`.`hook_id` where `role_link_hook`.`role_id` in (1)

2021-11-12 20:37:07: select * from `config`

2021-11-12 20:37:08: select * from `users` where `id` = 1 limit 1

2021-11-12 20:37:08: select * from `users` where `id` = 1 limit 1

2021-11-12 20:37:08: select * from `users` where `id` = 1 limit 1

2021-11-12 20:37:08: select `roles`.*, `user_link_role`.`user_id` as `pivot_user_id`, `user_link_role`.`role_id` as `pivot_role_id` from `roles` inner join `user_link_role` on `roles`.`id` = `user_link_role`.`role_id` where `user_link_role`.`user_id` in (1)

2021-11-12 20:37:08: select * from `roles` where `id` = 1 limit 1

2021-11-12 20:37:08: select `hooks`.*, `role_link_hook`.`role_id` as `pivot_role_id`, `role_link_hook`.`hook_id` as `pivot_hook_id` from `hooks` inner join `role_link_hook` on `hooks`.`id` = `role_link_hook`.`hook_id` where `role_link_hook`.`role_id` in (1)

2021-11-12 20:37:08: select * from `config`

2021-11-12 20:37:11: select * from `users` where `id` = 1 limit 1

2021-11-12 20:37:11: select * from `users` where `id` = 1 limit 1

2021-11-12 20:37:11: select * from `users` where `id` = 1 limit 1

2021-11-12 20:37:11: select `roles`.*, `user_link_role`.`user_id` as `pivot_user_id`, `user_link_role`.`role_id` as `pivot_role_id` from `roles` inner join `user_link_role` on `roles`.`id` = `user_link_role`.`role_id` where `user_link_role`.`user_id` in (1)

2021-11-12 20:37:11: select * from `roles` where `id` = 1 limit 1

2021-11-12 20:37:11: select `hooks`.*, `role_link_hook`.`role_id` as `pivot_role_id`, `role_link_hook`.`hook_id` as `pivot_hook_id` from `hooks` inner join `role_link_hook` on `hooks`.`id` = `role_link_hook`.`hook_id` where `role_link_hook`.`role_id` in (1)

2021-11-12 20:37:11: select * from `menus` where `url` = '/Admin/seckill/index' limit 1

2021-11-12 20:37:11: select * from `menus` where `id` = 73 limit 1

2021-11-12 20:37:11: select * from `users` where `id` = 1 limit 1

2021-11-12 20:37:11: select * from `users` where `id` = 1 limit 1

2021-11-12 20:37:11: select * from `users` where `id` = 1 limit 1

2021-11-12 20:37:11: select `roles`.*, `user_link_role`.`user_id` as `pivot_user_id`, `user_link_role`.`role_id` as `pivot_role_id` from `roles` inner join `user_link_role` on `roles`.`id` = `user_link_role`.`role_id` where `user_link_role`.`user_id` in (1)

2021-11-12 20:37:11: select * from `roles` where `id` = 1 limit 1

2021-11-12 20:37:11: select `hooks`.*, `role_link_hook`.`role_id` as `pivot_role_id`, `role_link_hook`.`hook_id` as `pivot_hook_id` from `hooks` inner join `role_link_hook` on `hooks`.`id` = `role_link_hook`.`hook_id` where `role_link_hook`.`role_id` in (1)

2021-11-12 20:37:11: select count(*) as aggregate from `seckill`

2021-11-12 20:37:11: select * from `seckill` order by `id` desc limit 20 offset 0

2021-11-12 20:37:13: select * from `users` where `id` = 1 limit 1

2021-11-12 20:37:13: select * from `users` where `id` = 1 limit 1

2021-11-12 20:37:13: select * from `users` where `id` = 1 limit 1

2021-11-12 20:37:13: select `roles`.*, `user_link_role`.`user_id` as `pivot_user_id`, `user_link_role`.`role_id` as `pivot_role_id` from `roles` inner join `user_link_role` on `roles`.`id` = `user_link_role`.`role_id` where `user_link_role`.`user_id` in (1)

2021-11-12 20:37:13: select * from `roles` where `id` = 1 limit 1

2021-11-12 20:37:13: select `hooks`.*, `role_link_hook`.`role_id` as `pivot_role_id`, `role_link_hook`.`hook_id` as `pivot_hook_id` from `hooks` inner join `role_link_hook` on `hooks`.`id` = `role_link_hook`.`hook_id` where `role_link_hook`.`role_id` in (1)

2021-11-12 20:37:13: select * from `menus` where `url` = '/Admin/goods_brand/statistics' limit 1

2021-11-12 20:37:13: select * from `menus` where `id` = 72 limit 1

2021-11-12 20:37:13: select * from `users` where `id` = 1 limit 1

2021-11-12 20:37:13: select * from `users` where `id` = 1 limit 1

2021-11-12 20:37:13: select * from `users` where `id` = 1 limit 1

2021-11-12 20:37:13: select `roles`.*, `user_link_role`.`user_id` as `pivot_user_id`, `user_link_role`.`role_id` as `pivot_role_id` from `roles` inner join `user_link_role` on `roles`.`id` = `user_link_role`.`role_id` where `user_link_role`.`user_id` in (1)

2021-11-12 20:37:13: select * from `roles` where `id` = 1 limit 1

2021-11-12 20:37:13: select `hooks`.*, `role_link_hook`.`role_id` as `pivot_role_id`, `role_link_hook`.`hook_id` as `pivot_hook_id` from `hooks` inner join `role_link_hook` on `hooks`.`id` = `role_link_hook`.`hook_id` where `role_link_hook`.`role_id` in (1)

2021-11-12 20:37:13: select * from `config`

2021-11-12 20:37:14: select * from `users` where `id` = 1 limit 1

2021-11-12 20:37:14: select * from `users` where `id` = 1 limit 1

2021-11-12 20:37:14: select * from `users` where `id` = 1 limit 1

2021-11-12 20:37:14: select `roles`.*, `user_link_role`.`user_id` as `pivot_user_id`, `user_link_role`.`role_id` as `pivot_role_id` from `roles` inner join `user_link_role` on `roles`.`id` = `user_link_role`.`role_id` where `user_link_role`.`user_id` in (1)

2021-11-12 20:37:14: select * from `roles` where `id` = 1 limit 1

2021-11-12 20:37:14: select `hooks`.*, `role_link_hook`.`role_id` as `pivot_role_id`, `role_link_hook`.`hook_id` as `pivot_hook_id` from `hooks` inner join `role_link_hook` on `hooks`.`id` = `role_link_hook`.`hook_id` where `role_link_hook`.`role_id` in (1)

2021-11-12 20:37:14: select * from `config`

2021-11-12 20:37:43: select * from `users` where `id` = 1 limit 1

2021-11-12 20:37:43: select * from `users` where `id` = 1 limit 1

2021-11-12 20:37:43: select * from `adv_position` where `ap_isuse` = 1 and `ap_name` = 'PC_积分商城首页' limit 1

2021-11-12 20:37:43: select * from `integral_goods` where (`goods_status` = 1) order by `live_status` desc, `is_hot` desc, `id` desc limit 5

2021-11-12 20:37:43: select * from `integral_class`

2021-11-12 20:37:43: select * from `integral_goods` where (`cid` = 2 and `goods_status` = 1)

2021-11-12 20:37:45: select * from `users` where `id` = 1 limit 1

2021-11-12 20:37:45: select * from `seckill` where `enable` = 1 order by `is_index` desc, `id` desc limit 1

2021-11-12 20:37:45: select count(*) as aggregate from `seckill_goods` where `sid` = 67 and exists (select * from `store` where `seckill_goods`.`goods_id` = `store`.`id`)

2021-11-12 20:37:45: select * from `goods_brand` where `id` in ('') order by `is_sort` desc

2021-11-12 20:37:46: select * from `users` where `id` = 1 limit 1

2021-11-12 20:37:46: select * from `users` where `id` = 1 limit 1

2021-11-12 20:37:46: select * from `adv_position` where `ap_isuse` = 1 and `ap_name` = 'PC_积分商城首页' limit 1

2021-11-12 20:37:46: select * from `integral_goods` where (`goods_status` = 1) order by `live_status` desc, `is_hot` desc, `id` desc limit 5

2021-11-12 20:37:46: select * from `integral_class`

2021-11-12 20:37:46: select * from `integral_goods` where (`cid` = 2 and `goods_status` = 1)

2021-11-12 21:42:25: select * from `users` where `id` = 1 limit 1

2021-11-12 21:42:26: select * from `users` where `id` = 1 limit 1

2021-11-12 21:42:26: select * from `adv_position` where `ap_isuse` = 1 and `ap_name` = 'PC_积分商城首页' limit 1

2021-11-12 21:42:26: select * from `integral_goods` where (`goods_status` = 1) order by `live_status` desc, `is_hot` desc, `id` desc limit 5

2021-11-12 21:42:26: select * from `integral_class`

2021-11-12 21:42:26: select * from `integral_goods` where (`cid` = 2 and `goods_status` = 1)

